{"meta": {"format": 3, "version": "7.13.3", "timestamp": "2026-02-17T18:18:01.356174", "branch_coverage": false, "show_contexts": false}, "files": {"backend/app.py": {"executed_lines": [5, 6, 7, 10, 12, 15, 18, 19, 20, 21, 23, 24, 33, 38, 39, 41, 42, 43, 48, 49, 50, 51, 52, 55, 57, 60, 62, 65, 66, 67, 70, 71, 74, 77, 78, 79, 84, 87, 88, 91, 92, 93, 94, 99, 100, 103, 104, 105, 106, 111, 112, 117, 118, 119, 120, 121, 127, 133, 138, 139, 142, 143, 144, 145, 146, 147, 149, 150, 151, 153, 154, 156, 157, 161, 162, 165, 166, 167, 168, 170, 171, 172, 173, 177, 178, 183, 184, 187, 188, 192, 193, 221, 222, 226], "summary": {"covered_lines": 94, "num_statements": 134, "percent_covered": 70.14925373134328, "percent_covered_display": "70", "missing_lines": 40, "excluded_lines": 0, "percent_statements_covered": 70.14925373134328, "percent_statements_covered_display": "70"}, "missing_lines": [27, 28, 29, 30, 35, 80, 81, 96, 101, 102, 108, 122, 123, 124, 125, 135, 158, 160, 179, 180, 189, 195, 196, 197, 199, 200, 201, 202, 203, 205, 206, 207, 208, 210, 215, 217, 218, 219, 227, 228], "excluded_lines": [], "functions": {"get_langfuse_handler": {"executed_lines": [], "summary": {"covered_lines": 0, "num_statements": 1, "percent_covered": 0.0, "percent_covered_display": "0", "missing_lines": 1, "excluded_lines": 0, "percent_statements_covered": 0.0, "percent_statements_covered_display": "0"}, "missing_lines": [35], "excluded_lines": [], "start_line": 33}, "create_app": {"executed_lines": [62, 65, 66, 67, 70, 71, 74, 77, 78, 79, 84, 87, 88, 91, 92, 93, 94, 99, 100, 103, 104, 105, 106, 111, 112, 117, 118, 119, 120, 121, 127, 133, 138, 139, 142, 143, 144, 145, 146, 147, 149, 150, 151, 153, 154, 156, 157, 161, 162, 165, 166, 167, 168, 170, 171, 172, 173, 177, 178, 183, 184, 187, 188, 192, 193, 221, 222], "summary": {"covered_lines": 67, "num_statements": 99, "percent_covered": 67.67676767676768, "percent_covered_display": "68", "missing_lines": 32, "excluded_lines": 0, "percent_statements_covered": 67.67676767676768, "percent_statements_covered_display": "68"}, "missing_lines": [80, 81, 96, 101, 102, 108, 122, 123, 124, 125, 135, 158, 160, 179, 180, 195, 196, 197, 199, 200, 201, 202, 203, 205, 206, 207, 208, 210, 215, 217, 218, 219], "excluded_lines": [], "start_line": 60}, "create_app.health_check": {"executed_lines": [], "summary": {"covered_lines": 0, "num_statements": 1, "percent_covered": 0.0, "percent_covered_display": "0", "missing_lines": 1, "excluded_lines": 0, "percent_statements_covered": 0.0, "percent_statements_covered_display": "0"}, "missing_lines": [189], "excluded_lines": [], "start_line": 188}, "": {"executed_lines": [5, 6, 7, 10, 12, 15, 18, 19, 20, 21, 23, 24, 33, 38, 39, 41, 42, 43, 48, 49, 50, 51, 52, 55, 57, 60, 226], "summary": {"covered_lines": 27, "num_statements": 33, "percent_covered": 81.81818181818181, "percent_covered_display": "82", "missing_lines": 6, "excluded_lines": 0, "percent_statements_covered": 81.81818181818181, "percent_statements_covered_display": "82"}, "missing_lines": [27, 28, 29, 30, 227, 228], "excluded_lines": [], "start_line": 1}}, "classes": {"": {"executed_lines": [5, 6, 7, 10, 12, 15, 18, 19, 20, 21, 23, 24, 33, 38, 39, 41, 42, 43, 48, 49, 50, 51, 52, 55, 57, 60, 62, 65, 66, 67, 70, 71, 74, 77, 78, 79, 84, 87, 88, 91, 92, 93, 94, 99, 100, 103, 104, 105, 106, 111, 112, 117, 118, 119, 120, 121, 127, 133, 138, 139, 142, 143, 144, 145, 146, 147, 149, 150, 151, 153, 154, 156, 157, 161, 162, 165, 166, 167, 168, 170, 171, 172, 173, 177, 178, 183, 184, 187, 188, 192, 193, 221, 222, 226], "summary": {"covered_lines": 94, "num_statements": 134, "percent_covered": 70.14925373134328, "percent_covered_display": "70", "missing_lines": 40, "excluded_lines": 0, "percent_statements_covered": 70.14925373134328, "percent_statements_covered_display": "70"}, "missing_lines": [27, 28, 29, 30, 35, 80, 81, 96, 101, 102, 108, 122, 123, 124, 125, 135, 158, 160, 179, 180, 189, 195, 196, 197, 199, 200, 201, 202, 203, 205, 206, 207, 208, 210, 215, 217, 218, 219, 227, 228], "excluded_lines": [], "start_line": 1}}}, "backend/routes/__init__.py": {"executed_lines": [4, 5, 6, 7, 8, 9, 10, 11, 12, 13, 14, 15, 16, 19, 21, 22, 23, 24, 25, 26, 27, 28, 29, 30, 31, 32, 33], "summary": {"covered_lines": 27, "num_statements": 27, "percent_covered": 100.0, "percent_covered_display": "100", "missing_lines": 0, "excluded_lines": 0, "percent_statements_covered": 100.0, "percent_statements_covered_display": "100"}, "missing_lines": [], "excluded_lines": [], "functions": {"register_all_blueprints": {"executed_lines": [21, 22, 23, 24, 25, 26, 27, 28, 29, 30, 31, 32, 33], "summary": {"covered_lines": 13, "num_statements": 13, "percent_covered": 100.0, "percent_covered_display": "100", "missing_lines": 0, "excluded_lines": 0, "percent_statements_covered": 100.0, "percent_statements_covered_display": "100"}, "missing_lines": [], "excluded_lines": [], "start_line": 19}, "": {"executed_lines": [4, 5, 6, 7, 8, 9, 10, 11, 12, 13, 14, 15, 16, 19], "summary": {"covered_lines": 14, "num_statements": 14, "percent_covered": 100.0, "percent_covered_display": "100", "missing_lines": 0, "excluded_lines": 0, "percent_statements_covered": 100.0, "percent_statements_covered_display": "100"}, "missing_lines": [], "excluded_lines": [], "start_line": 1}}, "classes": {"": {"executed_lines": [4, 5, 6, 7, 8, 9, 10, 11, 12, 13, 14, 15, 16, 19, 21, 22, 23, 24, 25, 26, 27, 28, 29, 30, 31, 32, 33], "summary": {"covered_lines": 27, "num_statements": 27, "percent_covered": 100.0, "percent_covered_display": "100", "missing_lines": 0, "excluded_lines": 0, "percent_statements_covered": 100.0, "percent_statements_covered_display": "100"}, "missing_lines": [], "excluded_lines": [], "start_line": 1}}}, "backend/routes/blog_routes.py": {"executed_lines": [5, 6, 7, 8, 10, 12, 17, 18, 19, 21, 23, 26, 55, 57, 58, 59, 60, 61, 65, 66, 67, 68, 69, 74, 75, 77, 78, 79, 81, 82, 85, 86, 87, 88, 90, 92, 93, 94, 95, 97, 98, 100, 111, 112, 120, 122, 123, 124, 125, 127, 128, 132, 134, 138, 139, 140, 142, 144, 145, 146, 147, 149, 150, 151, 152, 153, 155, 156, 157, 161, 167, 168, 170, 182, 183, 185, 186, 188, 189, 191, 192, 194, 209, 210, 212, 213, 215, 216, 218, 219, 220, 222, 224, 227, 228, 241, 242, 338, 339, 397, 398, 400, 401, 403, 404, 406, 407, 408, 410, 411, 412, 413, 415, 416, 419, 427, 429, 430, 431, 434, 435, 437, 438, 439, 440, 442, 443, 444, 446, 447, 450, 452, 458, 459, 460, 463, 464, 466, 467, 468, 469, 471, 472, 474, 475, 477, 478, 479, 481, 482, 483, 485, 492, 493, 495, 498, 499, 501, 502, 503, 504, 505, 507, 508, 511, 512, 513, 515, 517, 522, 523, 524], "summary": {"covered_lines": 172, "num_statements": 292, "percent_covered": 58.9041095890411, "percent_covered_display": "59", "missing_lines": 120, "excluded_lines": 0, "percent_statements_covered": 58.9041095890411, "percent_statements_covered_display": "59"}, "missing_lines": [29, 30, 31, 32, 33, 34, 35, 38, 49, 50, 51, 52, 63, 70, 71, 83, 101, 102, 103, 104, 105, 106, 129, 130, 135, 136, 158, 159, 163, 164, 165, 177, 178, 179, 230, 231, 232, 234, 244, 245, 247, 248, 250, 251, 252, 254, 255, 256, 257, 258, 259, 260, 261, 262, 263, 264, 265, 266, 268, 269, 270, 271, 272, 273, 274, 275, 277, 279, 280, 281, 283, 284, 285, 286, 287, 288, 289, 290, 291, 292, 293, 298, 300, 301, 303, 305, 326, 333, 334, 335, 341, 342, 344, 345, 347, 348, 349, 351, 352, 353, 354, 355, 357, 359, 360, 361, 363, 364, 366, 368, 386, 392, 393, 394, 417, 448, 487, 488, 489, 509], "excluded_lines": [], "functions": {"_record_task_to_queue": {"executed_lines": [], "summary": {"covered_lines": 0, "num_statements": 12, "percent_covered": 0.0, "percent_covered_display": "0", "missing_lines": 12, "excluded_lines": 0, "percent_statements_covered": 0.0, "percent_statements_covered_display": "0"}, "missing_lines": [29, 30, 31, 32, 33, 34, 35, 38, 49, 50, 51, 52], "excluded_lines": [], "start_line": 26}, "init_blog_services": {"executed_lines": [57, 58, 59, 60, 61, 65, 66, 67, 68, 69], "summary": {"covered_lines": 10, "num_statements": 13, "percent_covered": 76.92307692307692, "percent_covered_display": "77", "missing_lines": 3, "excluded_lines": 0, "percent_statements_covered": 76.92307692307692, "percent_statements_covered_display": "77"}, "missing_lines": [63, 70, 71], "excluded_lines": [], "start_line": 55}, "upload_document": {"executed_lines": [77, 78, 79, 81, 82, 85, 86, 87, 88, 90, 92, 93, 94, 95, 97, 98, 100, 111, 112, 120, 122, 167, 168, 170], "summary": {"covered_lines": 24, "num_statements": 34, "percent_covered": 70.58823529411765, "percent_covered_display": "71", "missing_lines": 10, "excluded_lines": 0, "percent_statements_covered": 70.58823529411765, "percent_statements_covered_display": "71"}, "missing_lines": [83, 101, 102, 103, 104, 105, 106, 177, 178, 179], "excluded_lines": [], "start_line": 75}, "upload_document.parse_async": {"executed_lines": [123, 124, 125, 127, 128, 132, 134, 138, 139, 140, 142, 144, 145, 146, 147, 149, 150, 151, 152, 153, 155, 156, 157, 161], "summary": {"covered_lines": 24, "num_statements": 33, "percent_covered": 72.72727272727273, "percent_covered_display": "73", "missing_lines": 9, "excluded_lines": 0, "percent_statements_covered": 72.72727272727273, "percent_statements_covered_display": "73"}, "missing_lines": [129, 130, 135, 136, 158, 159, 163, 164, 165], "excluded_lines": [], "start_line": 122}, "get_document_status": {"executed_lines": [185, 186, 188, 189, 191, 192, 194], "summary": {"covered_lines": 7, "num_statements": 7, "percent_covered": 100.0, "percent_covered_display": "100", "missing_lines": 0, "excluded_lines": 0, "percent_statements_covered": 100.0, "percent_statements_covered_display": "100"}, "missing_lines": [], "excluded_lines": [], "start_line": 183}, "delete_document": {"executed_lines": [212, 213, 215, 216, 218, 219, 220, 222, 224], "summary": {"covered_lines": 9, "num_statements": 9, "percent_covered": 100.0, "percent_covered_display": "100", "missing_lines": 0, "excluded_lines": 0, "percent_statements_covered": 100.0, "percent_statements_covered_display": "100"}, "missing_lines": [], "excluded_lines": [], "start_line": 210}, "list_documents": {"executed_lines": [], "summary": {"covered_lines": 0, "num_statements": 4, "percent_covered": 0.0, "percent_covered_display": "0", "missing_lines": 4, "excluded_lines": 0, "percent_statements_covered": 0.0, "percent_statements_covered_display": "0"}, "missing_lines": [230, 231, 232, 234], "excluded_lines": [], "start_line": 228}, "generate_blog": {"executed_lines": [], "summary": {"covered_lines": 0, "num_statements": 52, "percent_covered": 0.0, "percent_covered_display": "0", "missing_lines": 52, "excluded_lines": 0, "percent_statements_covered": 0.0, "percent_statements_covered_display": "0"}, "missing_lines": [244, 245, 247, 248, 250, 251, 252, 254, 255, 256, 257, 258, 259, 260, 261, 262, 263, 264, 265, 266, 268, 269, 270, 271, 272, 273, 274, 275, 277, 279, 280, 281, 283, 284, 285, 286, 287, 288, 289, 290, 291, 292, 293, 298, 300, 301, 303, 305, 326, 333, 334, 335], "excluded_lines": [], "start_line": 242}, "generate_blog_mini": {"executed_lines": [], "summary": {"covered_lines": 0, "num_statements": 24, "percent_covered": 0.0, "percent_covered_display": "0", "missing_lines": 24, "excluded_lines": 0, "percent_statements_covered": 0.0, "percent_statements_covered_display": "0"}, "missing_lines": [341, 342, 344, 345, 347, 348, 349, 351, 352, 353, 354, 355, 357, 359, 360, 361, 363, 364, 366, 368, 386, 392, 393, 394], "excluded_lines": [], "start_line": 339}, "generate_blog_sync": {"executed_lines": [400, 401, 403, 404, 406, 407, 408, 410, 411, 412, 413, 415, 416, 419, 427, 429, 430, 431], "summary": {"covered_lines": 18, "num_statements": 19, "percent_covered": 94.73684210526316, "percent_covered_display": "95", "missing_lines": 1, "excluded_lines": 0, "percent_statements_covered": 94.73684210526316, "percent_statements_covered_display": "95"}, "missing_lines": [417], "excluded_lines": [], "start_line": 398}, "enhance_topic": {"executed_lines": [437, 438, 439, 440, 442, 443, 444, 446, 447, 450, 452, 458, 459, 460], "summary": {"covered_lines": 14, "num_statements": 15, "percent_covered": 93.33333333333333, "percent_covered_display": "93", "missing_lines": 1, "excluded_lines": 0, "percent_statements_covered": 93.33333333333333, "percent_statements_covered_display": "93"}, "missing_lines": [448], "excluded_lines": [], "start_line": 435}, "resume_task": {"executed_lines": [466, 467, 468, 469, 471, 472, 474, 475, 477, 478, 479, 481, 482, 483, 485], "summary": {"covered_lines": 15, "num_statements": 18, "percent_covered": 83.33333333333333, "percent_covered_display": "83", "missing_lines": 3, "excluded_lines": 0, "percent_statements_covered": 83.33333333333333, "percent_statements_covered_display": "83"}, "missing_lines": [487, 488, 489], "excluded_lines": [], "start_line": 464}, "confirm_outline": {"executed_lines": [495], "summary": {"covered_lines": 1, "num_statements": 1, "percent_covered": 100.0, "percent_covered_display": "100", "missing_lines": 0, "excluded_lines": 0, "percent_statements_covered": 100.0, "percent_statements_covered_display": "100"}, "missing_lines": [], "excluded_lines": [], "start_line": 493}, "evaluate_article": {"executed_lines": [501, 502, 503, 504, 505, 507, 508, 511, 512, 513, 515, 517, 522, 523, 524], "summary": {"covered_lines": 15, "num_statements": 16, "percent_covered": 93.75, "percent_covered_display": "94", "missing_lines": 1, "excluded_lines": 0, "percent_statements_covered": 93.75, "percent_statements_covered_display": "94"}, "missing_lines": [509], "excluded_lines": [], "start_line": 499}, "": {"executed_lines": [5, 6, 7, 8, 10, 12, 17, 18, 19, 21, 23, 26, 55, 74, 75, 182, 183, 209, 210, 227, 228, 241, 242, 338, 339, 397, 398, 434, 435, 463, 464, 492, 493, 498, 499], "summary": {"covered_lines": 35, "num_statements": 35, "percent_covered": 100.0, "percent_covered_display": "100", "missing_lines": 0, "excluded_lines": 0, "percent_statements_covered": 100.0, "percent_statements_covered_display": "100"}, "missing_lines": [], "excluded_lines": [], "start_line": 1}}, "classes": {"": {"executed_lines": [5, 6, 7, 8, 10, 12, 17, 18, 19, 21, 23, 26, 55, 57, 58, 59, 60, 61, 65, 66, 67, 68, 69, 74, 75, 77, 78, 79, 81, 82, 85, 86, 87, 88, 90, 92, 93, 94, 95, 97, 98, 100, 111, 112, 120, 122, 123, 124, 125, 127, 128, 132, 134, 138, 139, 140, 142, 144, 145, 146, 147, 149, 150, 151, 152, 153, 155, 156, 157, 161, 167, 168, 170, 182, 183, 185, 186, 188, 189, 191, 192, 194, 209, 210, 212, 213, 215, 216, 218, 219, 220, 222, 224, 227, 228, 241, 242, 338, 339, 397, 398, 400, 401, 403, 404, 406, 407, 408, 410, 411, 412, 413, 415, 416, 419, 427, 429, 430, 431, 434, 435, 437, 438, 439, 440, 442, 443, 444, 446, 447, 450, 452, 458, 459, 460, 463, 464, 466, 467, 468, 469, 471, 472, 474, 475, 477, 478, 479, 481, 482, 483, 485, 492, 493, 495, 498, 499, 501, 502, 503, 504, 505, 507, 508, 511, 512, 513, 515, 517, 522, 523, 524], "summary": {"covered_lines": 172, "num_statements": 292, "percent_covered": 58.9041095890411, "percent_covered_display": "59", "missing_lines": 120, "excluded_lines": 0, "percent_statements_covered": 58.9041095890411, "percent_statements_covered_display": "59"}, "missing_lines": [29, 30, 31, 32, 33, 34, 35, 38, 49, 50, 51, 52, 63, 70, 71, 83, 101, 102, 103, 104, 105, 106, 129, 130, 135, 136, 158, 159, 163, 164, 165, 177, 178, 179, 230, 231, 232, 234, 244, 245, 247, 248, 250, 251, 252, 254, 255, 256, 257, 258, 259, 260, 261, 262, 263, 264, 265, 266, 268, 269, 270, 271, 272, 273, 274, 275, 277, 279, 280, 281, 283, 284, 285, 286, 287, 288, 289, 290, 291, 292, 293, 298, 300, 301, 303, 305, 326, 333, 334, 335, 341, 342, 344, 345, 347, 348, 349, 351, 352, 353, 354, 355, 357, 359, 360, 361, 363, 364, 366, 368, 386, 392, 393, 394, 417, 448, 487, 488, 489, 509], "excluded_lines": [], "start_line": 1}}}, "backend/routes/book_routes.py": {"executed_lines": [5, 6, 8, 10, 11, 13, 15, 18, 19, 45, 46, 69, 70, 92, 93, 113, 114, 134, 135, 158, 159, 181, 182, 201, 202, 217, 218, 245, 246, 271, 272], "summary": {"covered_lines": 31, "num_statements": 170, "percent_covered": 18.235294117647058, "percent_covered_display": "18", "missing_lines": 139, "excluded_lines": 0, "percent_statements_covered": 18.235294117647058, "percent_statements_covered_display": "18"}, "missing_lines": [21, 22, 23, 24, 26, 28, 29, 30, 31, 32, 33, 35, 40, 41, 42, 48, 49, 50, 52, 53, 55, 56, 57, 58, 59, 61, 63, 64, 65, 66, 72, 73, 74, 76, 77, 79, 87, 88, 89, 95, 96, 98, 99, 101, 102, 104, 108, 109, 110, 116, 117, 119, 120, 122, 123, 125, 129, 130, 131, 137, 138, 140, 141, 143, 144, 146, 147, 152, 153, 154, 155, 161, 162, 164, 166, 167, 169, 170, 175, 176, 177, 178, 184, 185, 187, 189, 190, 192, 196, 197, 198, 204, 205, 206, 208, 209, 211, 212, 213, 214, 220, 221, 222, 224, 225, 226, 228, 229, 231, 233, 234, 239, 240, 241, 242, 248, 249, 251, 252, 253, 255, 257, 259, 260, 265, 266, 267, 268, 274, 275, 276, 277, 278, 280, 281, 283, 290, 291, 292], "excluded_lines": [], "functions": {"list_books": {"executed_lines": [], "summary": {"covered_lines": 0, "num_statements": 15, "percent_covered": 0.0, "percent_covered_display": "0", "missing_lines": 15, "excluded_lines": 0, "percent_statements_covered": 0.0, "percent_statements_covered_display": "0"}, "missing_lines": [21, 22, 23, 24, 26, 28, 29, 30, 31, 32, 33, 35, 40, 41, 42], "excluded_lines": [], "start_line": 19}, "get_book": {"executed_lines": [], "summary": {"covered_lines": 0, "num_statements": 15, "percent_covered": 0.0, "percent_covered_display": "0", "missing_lines": 15, "excluded_lines": 0, "percent_statements_covered": 0.0, "percent_statements_covered_display": "0"}, "missing_lines": [48, 49, 50, 52, 53, 55, 56, 57, 58, 59, 61, 63, 64, 65, 66], "excluded_lines": [], "start_line": 46}, "get_book_chapter": {"executed_lines": [], "summary": {"covered_lines": 0, "num_statements": 9, "percent_covered": 0.0, "percent_covered_display": "0", "missing_lines": 9, "excluded_lines": 0, "percent_statements_covered": 0.0, "percent_statements_covered_display": "0"}, "missing_lines": [72, 73, 74, 76, 77, 79, 87, 88, 89], "excluded_lines": [], "start_line": 70}, "regenerate_books": {"executed_lines": [], "summary": {"covered_lines": 0, "num_statements": 10, "percent_covered": 0.0, "percent_covered_display": "0", "missing_lines": 10, "excluded_lines": 0, "percent_statements_covered": 0.0, "percent_statements_covered_display": "0"}, "missing_lines": [95, 96, 98, 99, 101, 102, 104, 108, 109, 110], "excluded_lines": [], "start_line": 93}, "rescan_book": {"executed_lines": [], "summary": {"covered_lines": 0, "num_statements": 10, "percent_covered": 0.0, "percent_covered_display": "0", "missing_lines": 10, "excluded_lines": 0, "percent_statements_covered": 0.0, "percent_statements_covered_display": "0"}, "missing_lines": [116, 117, 119, 120, 122, 123, 125, 129, 130, 131], "excluded_lines": [], "start_line": 114}, "generate_book_intro": {"executed_lines": [], "summary": {"covered_lines": 0, "num_statements": 12, "percent_covered": 0.0, "percent_covered_display": "0", "missing_lines": 12, "excluded_lines": 0, "percent_statements_covered": 0.0, "percent_statements_covered_display": "0"}, "missing_lines": [137, 138, 140, 141, 143, 144, 146, 147, 152, 153, 154, 155], "excluded_lines": [], "start_line": 135}, "generate_book_cover": {"executed_lines": [], "summary": {"covered_lines": 0, "num_statements": 11, "percent_covered": 0.0, "percent_covered_display": "0", "missing_lines": 11, "excluded_lines": 0, "percent_statements_covered": 0.0, "percent_statements_covered_display": "0"}, "missing_lines": [161, 162, 164, 166, 167, 169, 170, 175, 176, 177, 178], "excluded_lines": [], "start_line": 159}, "generate_all_book_covers": {"executed_lines": [], "summary": {"covered_lines": 0, "num_statements": 9, "percent_covered": 0.0, "percent_covered_display": "0", "missing_lines": 9, "excluded_lines": 0, "percent_statements_covered": 0.0, "percent_statements_covered_display": "0"}, "missing_lines": [184, 185, 187, 189, 190, 192, 196, 197, 198], "excluded_lines": [], "start_line": 182}, "delete_book": {"executed_lines": [], "summary": {"covered_lines": 0, "num_statements": 9, "percent_covered": 0.0, "percent_covered_display": "0", "missing_lines": 9, "excluded_lines": 0, "percent_statements_covered": 0.0, "percent_statements_covered_display": "0"}, "missing_lines": [204, 205, 206, 208, 209, 211, 212, 213, 214], "excluded_lines": [], "start_line": 202}, "generate_book_homepage": {"executed_lines": [], "summary": {"covered_lines": 0, "num_statements": 15, "percent_covered": 0.0, "percent_covered_display": "0", "missing_lines": 15, "excluded_lines": 0, "percent_statements_covered": 0.0, "percent_statements_covered_display": "0"}, "missing_lines": [220, 221, 222, 224, 225, 226, 228, 229, 231, 233, 234, 239, 240, 241, 242], "excluded_lines": [], "start_line": 218}, "expand_book_outline": {"executed_lines": [], "summary": {"covered_lines": 0, "num_statements": 13, "percent_covered": 0.0, "percent_covered_display": "0", "missing_lines": 13, "excluded_lines": 0, "percent_statements_covered": 0.0, "percent_statements_covered_display": "0"}, "missing_lines": [248, 249, 251, 252, 253, 255, 257, 259, 260, 265, 266, 267, 268], "excluded_lines": [], "start_line": 246}, "list_blogs_with_book_info": {"executed_lines": [], "summary": {"covered_lines": 0, "num_statements": 11, "percent_covered": 0.0, "percent_covered_display": "0", "missing_lines": 11, "excluded_lines": 0, "percent_statements_covered": 0.0, "percent_statements_covered_display": "0"}, "missing_lines": [274, 275, 276, 277, 278, 280, 281, 283, 290, 291, 292], "excluded_lines": [], "start_line": 272}, "": {"executed_lines": [5, 6, 8, 10, 11, 13, 15, 18, 19, 45, 46, 69, 70, 92, 93, 113, 114, 134, 135, 158, 159, 181, 182, 201, 202, 217, 218, 245, 246, 271, 272], "summary": {"covered_lines": 31, "num_statements": 31, "percent_covered": 100.0, "percent_covered_display": "100", "missing_lines": 0, "excluded_lines": 0, "percent_statements_covered": 100.0, "percent_statements_covered_display": "100"}, "missing_lines": [], "excluded_lines": [], "start_line": 1}}, "classes": {"": {"executed_lines": [5, 6, 8, 10, 11, 13, 15, 18, 19, 45, 46, 69, 70, 92, 93, 113, 114, 134, 135, 158, 159, 181, 182, 201, 202, 217, 218, 245, 246, 271, 272], "summary": {"covered_lines": 31, "num_statements": 170, "percent_covered": 18.235294117647058, "percent_covered_display": "18", "missing_lines": 139, "excluded_lines": 0, "percent_statements_covered": 18.235294117647058, "percent_statements_covered_display": "18"}, "missing_lines": [21, 22, 23, 24, 26, 28, 29, 30, 31, 32, 33, 35, 40, 41, 42, 48, 49, 50, 52, 53, 55, 56, 57, 58, 59, 61, 63, 64, 65, 66, 72, 73, 74, 76, 77, 79, 87, 88, 89, 95, 96, 98, 99, 101, 102, 104, 108, 109, 110, 116, 117, 119, 120, 122, 123, 125, 129, 130, 131, 137, 138, 140, 141, 143, 144, 146, 147, 152, 153, 154, 155, 161, 162, 164, 166, 167, 169, 170, 175, 176, 177, 178, 184, 185, 187, 189, 190, 192, 196, 197, 198, 204, 205, 206, 208, 209, 211, 212, 213, 214, 220, 221, 222, 224, 225, 226, 228, 229, 231, 233, 234, 239, 240, 241, 242, 248, 249, 251, 252, 253, 255, 257, 259, 260, 265, 266, 267, 268, 274, 275, 276, 277, 278, 280, 281, 283, 290, 291, 292], "excluded_lines": [], "start_line": 1}}}, "backend/routes/chat_routes.py": {"executed_lines": [5, 6, 8, 10, 12, 13, 16, 18, 19, 22, 26, 27, 28, 29, 30, 33, 34, 35, 36, 37, 38, 43, 44, 45, 46, 47, 48, 49, 50, 52, 53, 57, 58, 59, 60, 61, 62, 63, 67, 68, 69, 70, 71, 72, 73, 78, 79, 80, 81, 82, 83, 84, 85, 87, 90, 91, 92, 93, 95, 96, 97, 102, 103, 104, 105, 107, 108, 109, 110, 112, 113, 116, 117, 118, 119, 121, 122, 123, 124, 125, 126, 131, 132, 133, 134, 136, 137, 138, 139, 140, 141, 144, 145, 146, 147, 148, 152, 153, 154, 155, 158, 159, 160, 161, 163, 164, 166, 168, 171, 172, 173, 174, 176, 177, 178, 180, 185, 186, 187, 188, 190, 191, 193, 196, 197, 198, 199, 201, 202, 204, 209, 210, 211, 212, 213, 214, 215, 216, 219, 220, 221, 222, 223, 224, 225, 228, 229, 230, 231, 233, 234, 235, 240, 241, 242, 243, 245, 246, 247, 250, 251, 252, 253, 254, 255, 256, 257, 258, 259, 260, 268, 275, 276, 284, 285], "summary": {"covered_lines": 175, "num_statements": 201, "percent_covered": 87.06467661691542, "percent_covered_display": "87", "missing_lines": 26, "excluded_lines": 0, "percent_statements_covered": 87.06467661691542, "percent_statements_covered_display": "87"}, "missing_lines": [94, 106, 120, 135, 142, 149, 150, 151, 162, 167, 175, 179, 189, 200, 232, 244, 277, 278, 279, 280, 281, 286, 287, 288, 289, 290], "excluded_lines": [], "functions": {"init_chat_service": {"executed_lines": [18, 19], "summary": {"covered_lines": 2, "num_statements": 2, "percent_covered": 100.0, "percent_covered_display": "100", "missing_lines": 0, "excluded_lines": 0, "percent_statements_covered": 100.0, "percent_statements_covered_display": "100"}, "missing_lines": [], "excluded_lines": [], "start_line": 16}, "_get_user_id": {"executed_lines": [26, 27, 28, 29, 30], "summary": {"covered_lines": 5, "num_statements": 5, "percent_covered": 100.0, "percent_covered_display": "100", "missing_lines": 0, "excluded_lines": 0, "percent_statements_covered": 100.0, "percent_statements_covered_display": "100"}, "missing_lines": [], "excluded_lines": [], "start_line": 22}, "_get_session_or_404": {"executed_lines": [34, 35, 36, 37, 38], "summary": {"covered_lines": 5, "num_statements": 5, "percent_covered": 100.0, "percent_covered_display": "100", "missing_lines": 0, "excluded_lines": 0, "percent_statements_covered": 100.0, "percent_statements_covered_display": "100"}, "missing_lines": [], "excluded_lines": [], "start_line": 33}, "create_session": {"executed_lines": [45, 46, 47, 48, 49, 50, 52, 53], "summary": {"covered_lines": 8, "num_statements": 8, "percent_covered": 100.0, "percent_covered_display": "100", "missing_lines": 0, "excluded_lines": 0, "percent_statements_covered": 100.0, "percent_statements_covered_display": "100"}, "missing_lines": [], "excluded_lines": [], "start_line": 44}, "list_sessions": {"executed_lines": [59, 60, 61, 62, 63], "summary": {"covered_lines": 5, "num_statements": 5, "percent_covered": 100.0, "percent_covered_display": "100", "missing_lines": 0, "excluded_lines": 0, "percent_statements_covered": 100.0, "percent_statements_covered_display": "100"}, "missing_lines": [], "excluded_lines": [], "start_line": 58}, "get_session": {"executed_lines": [69, 70, 71, 72, 73], "summary": {"covered_lines": 5, "num_statements": 5, "percent_covered": 100.0, "percent_covered_display": "100", "missing_lines": 0, "excluded_lines": 0, "percent_statements_covered": 100.0, "percent_statements_covered_display": "100"}, "missing_lines": [], "excluded_lines": [], "start_line": 68}, "do_search": {"executed_lines": [80, 81, 82, 83, 84, 85, 87], "summary": {"covered_lines": 7, "num_statements": 7, "percent_covered": 100.0, "percent_covered_display": "100", "missing_lines": 0, "excluded_lines": 0, "percent_statements_covered": 100.0, "percent_statements_covered_display": "100"}, "missing_lines": [], "excluded_lines": [], "start_line": 79}, "knowledge_gaps": {"executed_lines": [92, 93, 95, 96, 97], "summary": {"covered_lines": 5, "num_statements": 6, "percent_covered": 83.33333333333333, "percent_covered_display": "83", "missing_lines": 1, "excluded_lines": 0, "percent_statements_covered": 83.33333333333333, "percent_statements_covered_display": "83"}, "missing_lines": [94], "excluded_lines": [], "start_line": 91}, "generate_outline": {"executed_lines": [104, 105, 107, 108, 109, 110, 112, 113], "summary": {"covered_lines": 8, "num_statements": 9, "percent_covered": 88.88888888888889, "percent_covered_display": "89", "missing_lines": 1, "excluded_lines": 0, "percent_statements_covered": 88.88888888888889, "percent_statements_covered_display": "89"}, "missing_lines": [106], "excluded_lines": [], "start_line": 103}, "edit_outline": {"executed_lines": [118, 119, 121, 122, 123, 124, 125, 126], "summary": {"covered_lines": 8, "num_statements": 9, "percent_covered": 88.88888888888889, "percent_covered_display": "89", "missing_lines": 1, "excluded_lines": 0, "percent_statements_covered": 88.88888888888889, "percent_statements_covered_display": "89"}, "missing_lines": [120], "excluded_lines": [], "start_line": 117}, "write_section": {"executed_lines": [133, 134, 136, 137, 138, 139, 140, 141, 144, 145, 146, 147, 148, 152, 153, 154, 155], "summary": {"covered_lines": 17, "num_statements": 22, "percent_covered": 77.27272727272727, "percent_covered_display": "77", "missing_lines": 5, "excluded_lines": 0, "percent_statements_covered": 77.27272727272727, "percent_statements_covered_display": "77"}, "missing_lines": [135, 142, 149, 150, 151], "excluded_lines": [], "start_line": 132}, "edit_section": {"executed_lines": [160, 161, 163, 164, 166, 168], "summary": {"covered_lines": 6, "num_statements": 8, "percent_covered": 75.0, "percent_covered_display": "75", "missing_lines": 2, "excluded_lines": 0, "percent_statements_covered": 75.0, "percent_statements_covered_display": "75"}, "missing_lines": [162, 167], "excluded_lines": [], "start_line": 159}, "enhance_section": {"executed_lines": [173, 174, 176, 177, 178, 180], "summary": {"covered_lines": 6, "num_statements": 8, "percent_covered": 75.0, "percent_covered_display": "75", "missing_lines": 2, "excluded_lines": 0, "percent_statements_covered": 75.0, "percent_statements_covered_display": "75"}, "missing_lines": [175, 179], "excluded_lines": [], "start_line": 172}, "generate_code": {"executed_lines": [187, 188, 190, 191, 193], "summary": {"covered_lines": 5, "num_statements": 6, "percent_covered": 83.33333333333333, "percent_covered_display": "83", "missing_lines": 1, "excluded_lines": 0, "percent_statements_covered": 83.33333333333333, "percent_statements_covered_display": "83"}, "missing_lines": [189], "excluded_lines": [], "start_line": 186}, "generate_image": {"executed_lines": [198, 199, 201, 202, 204], "summary": {"covered_lines": 5, "num_statements": 6, "percent_covered": 83.33333333333333, "percent_covered_display": "83", "missing_lines": 1, "excluded_lines": 0, "percent_statements_covered": 83.33333333333333, "percent_statements_covered_display": "83"}, "missing_lines": [200], "excluded_lines": [], "start_line": 197}, "review": {"executed_lines": [211, 212, 213, 214, 215, 216], "summary": {"covered_lines": 6, "num_statements": 6, "percent_covered": 100.0, "percent_covered_display": "100", "missing_lines": 0, "excluded_lines": 0, "percent_statements_covered": 100.0, "percent_statements_covered_display": "100"}, "missing_lines": [], "excluded_lines": [], "start_line": 210}, "factcheck": {"executed_lines": [221, 222, 223, 224, 225], "summary": {"covered_lines": 5, "num_statements": 5, "percent_covered": 100.0, "percent_covered_display": "100", "missing_lines": 0, "excluded_lines": 0, "percent_statements_covered": 100.0, "percent_statements_covered_display": "100"}, "missing_lines": [], "excluded_lines": [], "start_line": 220}, "humanize": {"executed_lines": [230, 231, 233, 234, 235], "summary": {"covered_lines": 5, "num_statements": 6, "percent_covered": 83.33333333333333, "percent_covered_display": "83", "missing_lines": 1, "excluded_lines": 0, "percent_statements_covered": 83.33333333333333, "percent_statements_covered_display": "83"}, "missing_lines": [232], "excluded_lines": [], "start_line": 229}, "assemble": {"executed_lines": [242, 243, 245, 246, 247], "summary": {"covered_lines": 5, "num_statements": 6, "percent_covered": 83.33333333333333, "percent_covered_display": "83", "missing_lines": 1, "excluded_lines": 0, "percent_statements_covered": 83.33333333333333, "percent_statements_covered_display": "83"}, "missing_lines": [244], "excluded_lines": [], "start_line": 241}, "generate": {"executed_lines": [252, 253, 254, 255, 256, 257, 258, 259, 260, 268], "summary": {"covered_lines": 10, "num_statements": 10, "percent_covered": 100.0, "percent_covered_display": "100", "missing_lines": 0, "excluded_lines": 0, "percent_statements_covered": 100.0, "percent_statements_covered_display": "100"}, "missing_lines": [], "excluded_lines": [], "start_line": 251}, "publish": {"executed_lines": [], "summary": {"covered_lines": 0, "num_statements": 5, "percent_covered": 0.0, "percent_covered_display": "0", "missing_lines": 5, "excluded_lines": 0, "percent_statements_covered": 0.0, "percent_statements_covered_display": "0"}, "missing_lines": [277, 278, 279, 280, 281], "excluded_lines": [], "start_line": 276}, "preview": {"executed_lines": [], "summary": {"covered_lines": 0, "num_statements": 5, "percent_covered": 0.0, "percent_covered_display": "0", "missing_lines": 5, "excluded_lines": 0, "percent_statements_covered": 0.0, "percent_statements_covered_display": "0"}, "missing_lines": [286, 287, 288, 289, 290], "excluded_lines": [], "start_line": 285}, "": {"executed_lines": [5, 6, 8, 10, 12, 13, 16, 22, 33, 43, 44, 57, 58, 67, 68, 78, 79, 90, 91, 102, 103, 116, 117, 131, 132, 158, 159, 171, 172, 185, 186, 196, 197, 209, 210, 219, 220, 228, 229, 240, 241, 250, 251, 275, 276, 284, 285], "summary": {"covered_lines": 47, "num_statements": 47, "percent_covered": 100.0, "percent_covered_display": "100", "missing_lines": 0, "excluded_lines": 0, "percent_statements_covered": 100.0, "percent_statements_covered_display": "100"}, "missing_lines": [], "excluded_lines": [], "start_line": 1}}, "classes": {"": {"executed_lines": [5, 6, 8, 10, 12, 13, 16, 18, 19, 22, 26, 27, 28, 29, 30, 33, 34, 35, 36, 37, 38, 43, 44, 45, 46, 47, 48, 49, 50, 52, 53, 57, 58, 59, 60, 61, 62, 63, 67, 68, 69, 70, 71, 72, 73, 78, 79, 80, 81, 82, 83, 84, 85, 87, 90, 91, 92, 93, 95, 96, 97, 102, 103, 104, 105, 107, 108, 109, 110, 112, 113, 116, 117, 118, 119, 121, 122, 123, 124, 125, 126, 131, 132, 133, 134, 136, 137, 138, 139, 140, 141, 144, 145, 146, 147, 148, 152, 153, 154, 155, 158, 159, 160, 161, 163, 164, 166, 168, 171, 172, 173, 174, 176, 177, 178, 180, 185, 186, 187, 188, 190, 191, 193, 196, 197, 198, 199, 201, 202, 204, 209, 210, 211, 212, 213, 214, 215, 216, 219, 220, 221, 222, 223, 224, 225, 228, 229, 230, 231, 233, 234, 235, 240, 241, 242, 243, 245, 246, 247, 250, 251, 252, 253, 254, 255, 256, 257, 258, 259, 260, 268, 275, 276, 284, 285], "summary": {"covered_lines": 175, "num_statements": 201, "percent_covered": 87.06467661691542, "percent_covered_display": "87", "missing_lines": 26, "excluded_lines": 0, "percent_statements_covered": 87.06467661691542, "percent_statements_covered_display": "87"}, "missing_lines": [94, 106, 120, 135, 142, 149, 150, 151, 162, 167, 175, 179, 189, 200, 232, 244, 277, 278, 279, 280, 281, 286, 287, 288, 289, 290], "excluded_lines": [], "start_line": 1}}}, "backend/routes/feishu_routes.py": {"executed_lines": [14, 15, 16, 17, 18, 19, 20, 21, 22, 24, 25, 27, 29, 33, 34, 35, 36, 38, 41, 44, 55, 58, 82, 108, 134, 146, 167, 172, 177, 185, 216, 251, 342, 348, 359, 400, 419, 444, 449, 737, 738], "summary": {"covered_lines": 41, "num_statements": 325, "percent_covered": 12.615384615384615, "percent_covered_display": "13", "missing_lines": 284, "excluded_lines": 0, "percent_statements_covered": 12.615384615384615, "percent_statements_covered_display": "13"}, "missing_lines": [60, 61, 62, 64, 69, 70, 71, 72, 74, 75, 76, 77, 84, 85, 86, 87, 89, 103, 104, 105, 110, 111, 112, 113, 115, 127, 128, 129, 136, 155, 156, 157, 158, 169, 174, 179, 188, 189, 190, 191, 193, 194, 195, 197, 199, 211, 212, 213, 219, 220, 221, 222, 224, 225, 226, 228, 230, 244, 245, 246, 253, 254, 256, 257, 258, 259, 261, 262, 263, 265, 266, 267, 270, 271, 272, 282, 283, 284, 285, 293, 294, 295, 296, 297, 307, 311, 314, 315, 316, 323, 327, 330, 331, 334, 337, 344, 345, 350, 361, 364, 365, 366, 369, 370, 371, 373, 374, 376, 377, 379, 380, 382, 383, 385, 386, 388, 389, 391, 392, 394, 395, 397, 421, 422, 423, 424, 426, 427, 428, 430, 432, 433, 434, 435, 436, 437, 451, 452, 454, 455, 457, 458, 461, 462, 465, 467, 468, 485, 488, 489, 490, 491, 494, 495, 498, 501, 504, 505, 506, 509, 510, 511, 512, 513, 520, 523, 524, 526, 533, 539, 540, 553, 556, 560, 563, 564, 565, 567, 577, 578, 581, 582, 583, 586, 587, 590, 591, 592, 597, 598, 601, 602, 603, 606, 607, 610, 611, 612, 613, 616, 621, 623, 626, 629, 630, 631, 634, 635, 636, 637, 638, 640, 650, 651, 654, 655, 656, 659, 660, 661, 662, 663, 664, 669, 672, 673, 674, 677, 678, 679, 683, 684, 687, 688, 689, 690, 691, 696, 699, 700, 701, 703, 713, 715, 723, 725, 726, 727, 740, 743, 744, 747, 748, 749, 750, 751, 755, 756, 758, 760, 761, 762, 763, 764, 767, 768, 771, 772, 773, 776, 777, 778, 779, 780, 782, 783, 786, 787, 788, 790, 793, 799, 802, 803], "excluded_lines": [], "functions": {"_get_tenant_access_token": {"executed_lines": [], "summary": {"covered_lines": 0, "num_statements": 12, "percent_covered": 0.0, "percent_covered_display": "0", "missing_lines": 12, "excluded_lines": 0, "percent_statements_covered": 0.0, "percent_statements_covered_display": "0"}, "missing_lines": [60, 61, 62, 64, 69, 70, 71, 72, 74, 75, 76, 77], "excluded_lines": [], "start_line": 58}, "_send_feishu_message": {"executed_lines": [], "summary": {"covered_lines": 0, "num_statements": 8, "percent_covered": 0.0, "percent_covered_display": "0", "missing_lines": 8, "excluded_lines": 0, "percent_statements_covered": 0.0, "percent_statements_covered_display": "0"}, "missing_lines": [84, 85, 86, 87, 89, 103, 104, 105], "excluded_lines": [], "start_line": 82}, "_reply_feishu_message": {"executed_lines": [], "summary": {"covered_lines": 0, "num_statements": 8, "percent_covered": 0.0, "percent_covered_display": "0", "missing_lines": 8, "excluded_lines": 0, "percent_statements_covered": 0.0, "percent_statements_covered_display": "0"}, "missing_lines": [110, 111, 112, 113, 115, 127, 128, 129], "excluded_lines": [], "start_line": 108}, "_build_card": {"executed_lines": [], "summary": {"covered_lines": 0, "num_statements": 1, "percent_covered": 0.0, "percent_covered_display": "0", "missing_lines": 1, "excluded_lines": 0, "percent_statements_covered": 0.0, "percent_statements_covered_display": "0"}, "missing_lines": [136], "excluded_lines": [], "start_line": 134}, "_build_template_content": {"executed_lines": [], "summary": {"covered_lines": 0, "num_statements": 4, "percent_covered": 0.0, "percent_covered_display": "0", "missing_lines": 4, "excluded_lines": 0, "percent_statements_covered": 0.0, "percent_statements_covered_display": "0"}, "missing_lines": [155, 156, 157, 158], "excluded_lines": [], "start_line": 146}, "_md_element": {"executed_lines": [], "summary": {"covered_lines": 0, "num_statements": 1, "percent_covered": 0.0, "percent_covered_display": "0", "missing_lines": 1, "excluded_lines": 0, "percent_statements_covered": 0.0, "percent_statements_covered_display": "0"}, "missing_lines": [169], "excluded_lines": [], "start_line": 167}, "_hr_element": {"executed_lines": [], "summary": {"covered_lines": 0, "num_statements": 1, "percent_covered": 0.0, "percent_covered_display": "0", "missing_lines": 1, "excluded_lines": 0, "percent_statements_covered": 0.0, "percent_statements_covered_display": "0"}, "missing_lines": [174], "excluded_lines": [], "start_line": 172}, "_note_element": {"executed_lines": [], "summary": {"covered_lines": 0, "num_statements": 1, "percent_covered": 0.0, "percent_covered_display": "0", "missing_lines": 1, "excluded_lines": 0, "percent_statements_covered": 0.0, "percent_statements_covered_display": "0"}, "missing_lines": [179], "excluded_lines": [], "start_line": 177}, "_reply_card": {"executed_lines": [], "summary": {"covered_lines": 0, "num_statements": 12, "percent_covered": 0.0, "percent_covered_display": "0", "missing_lines": 12, "excluded_lines": 0, "percent_statements_covered": 0.0, "percent_statements_covered_display": "0"}, "missing_lines": [188, 189, 190, 191, 193, 194, 195, 197, 199, 211, 212, 213], "excluded_lines": [], "start_line": 185}, "_send_card": {"executed_lines": [], "summary": {"covered_lines": 0, "num_statements": 12, "percent_covered": 0.0, "percent_covered_display": "0", "missing_lines": 12, "excluded_lines": 0, "percent_statements_covered": 0.0, "percent_statements_covered_display": "0"}, "missing_lines": [219, 220, 221, 222, 224, 225, 226, 228, 230, 244, 245, 246], "excluded_lines": [], "start_line": 216}, "_poll_task_progress": {"executed_lines": [], "summary": {"covered_lines": 0, "num_statements": 35, "percent_covered": 0.0, "percent_covered_display": "0", "missing_lines": 35, "excluded_lines": 0, "percent_statements_covered": 0.0, "percent_statements_covered_display": "0"}, "missing_lines": [253, 254, 256, 257, 258, 259, 261, 262, 263, 265, 266, 267, 270, 271, 272, 282, 283, 284, 285, 293, 294, 295, 296, 297, 307, 311, 314, 315, 316, 323, 327, 330, 331, 334, 337], "excluded_lines": [], "start_line": 251}, "_progress_bar": {"executed_lines": [], "summary": {"covered_lines": 0, "num_statements": 2, "percent_covered": 0.0, "percent_covered_display": "0", "missing_lines": 2, "excluded_lines": 0, "percent_statements_covered": 0.0, "percent_statements_covered_display": "0"}, "missing_lines": [344, 345], "excluded_lines": [], "start_line": 342}, "_start_progress_watcher": {"executed_lines": [], "summary": {"covered_lines": 0, "num_statements": 1, "percent_covered": 0.0, "percent_covered_display": "0", "missing_lines": 1, "excluded_lines": 0, "percent_statements_covered": 0.0, "percent_statements_covered_display": "0"}, "missing_lines": [350], "excluded_lines": [], "start_line": 348}, "_parse_intent": {"executed_lines": [], "summary": {"covered_lines": 0, "num_statements": 24, "percent_covered": 0.0, "percent_covered_display": "0", "missing_lines": 24, "excluded_lines": 0, "percent_statements_covered": 0.0, "percent_statements_covered_display": "0"}, "missing_lines": [361, 364, 365, 366, 369, 370, 371, 373, 374, 376, 377, 379, 380, 382, 383, 385, 386, 388, 389, 391, 392, 394, 395, 397], "excluded_lines": [], "start_line": 359}, "_call_chat_api": {"executed_lines": [], "summary": {"covered_lines": 0, "num_statements": 14, "percent_covered": 0.0, "percent_covered_display": "0", "missing_lines": 14, "excluded_lines": 0, "percent_statements_covered": 0.0, "percent_statements_covered_display": "0"}, "missing_lines": [421, 422, 423, 424, 426, 427, 428, 430, 432, 433, 434, 435, 436, 437], "excluded_lines": [], "start_line": 419}, "_handle_message": {"executed_lines": [], "summary": {"covered_lines": 0, "num_statements": 109, "percent_covered": 0.0, "percent_covered_display": "0", "missing_lines": 109, "excluded_lines": 0, "percent_statements_covered": 0.0, "percent_statements_covered_display": "0"}, "missing_lines": [451, 452, 454, 457, 461, 465, 467, 468, 485, 488, 489, 490, 491, 494, 495, 498, 501, 504, 505, 506, 509, 510, 511, 512, 513, 520, 523, 524, 526, 533, 539, 540, 553, 556, 560, 563, 564, 565, 567, 577, 578, 581, 582, 583, 586, 587, 590, 591, 592, 597, 598, 601, 602, 603, 606, 607, 610, 611, 612, 613, 616, 621, 623, 626, 629, 630, 631, 634, 635, 636, 637, 638, 640, 650, 651, 654, 655, 656, 659, 660, 661, 662, 663, 664, 669, 672, 673, 674, 677, 678, 679, 683, 684, 687, 688, 689, 690, 691, 696, 699, 700, 701, 703, 713, 715, 723, 725, 726, 727], "excluded_lines": [], "start_line": 449}, "_handle_message.reply_text": {"executed_lines": [], "summary": {"covered_lines": 0, "num_statements": 1, "percent_covered": 0.0, "percent_covered_display": "0", "missing_lines": 1, "excluded_lines": 0, "percent_statements_covered": 0.0, "percent_statements_covered_display": "0"}, "missing_lines": [455], "excluded_lines": [], "start_line": 454}, "_handle_message.reply_card": {"executed_lines": [], "summary": {"covered_lines": 0, "num_statements": 1, "percent_covered": 0.0, "percent_covered_display": "0", "missing_lines": 1, "excluded_lines": 0, "percent_statements_covered": 0.0, "percent_statements_covered_display": "0"}, "missing_lines": [458], "excluded_lines": [], "start_line": 457}, "_handle_message.send_card": {"executed_lines": [], "summary": {"covered_lines": 0, "num_statements": 1, "percent_covered": 0.0, "percent_covered_display": "0", "missing_lines": 1, "excluded_lines": 0, "percent_statements_covered": 0.0, "percent_statements_covered_display": "0"}, "missing_lines": [462], "excluded_lines": [], "start_line": 461}, "feishu_webhook": {"executed_lines": [], "summary": {"covered_lines": 0, "num_statements": 36, "percent_covered": 0.0, "percent_covered_display": "0", "missing_lines": 36, "excluded_lines": 0, "percent_statements_covered": 0.0, "percent_statements_covered_display": "0"}, "missing_lines": [740, 743, 744, 747, 748, 749, 750, 751, 755, 756, 758, 760, 761, 762, 763, 764, 767, 768, 771, 772, 773, 776, 777, 778, 779, 780, 782, 783, 786, 787, 788, 790, 793, 799, 802, 803], "excluded_lines": [], "start_line": 738}, "": {"executed_lines": [14, 15, 16, 17, 18, 19, 20, 21, 22, 24, 25, 27, 29, 33, 34, 35, 36, 38, 41, 44, 55, 58, 82, 108, 134, 146, 167, 172, 177, 185, 216, 251, 342, 348, 359, 400, 419, 444, 449, 737, 738], "summary": {"covered_lines": 41, "num_statements": 41, "percent_covered": 100.0, "percent_covered_display": "100", "missing_lines": 0, "excluded_lines": 0, "percent_statements_covered": 100.0, "percent_statements_covered_display": "100"}, "missing_lines": [], "excluded_lines": [], "start_line": 1}}, "classes": {"": {"executed_lines": [14, 15, 16, 17, 18, 19, 20, 21, 22, 24, 25, 27, 29, 33, 34, 35, 36, 38, 41, 44, 55, 58, 82, 108, 134, 146, 167, 172, 177, 185, 216, 251, 342, 348, 359, 400, 419, 444, 449, 737, 738], "summary": {"covered_lines": 41, "num_statements": 325, "percent_covered": 12.615384615384615, "percent_covered_display": "13", "missing_lines": 284, "excluded_lines": 0, "percent_statements_covered": 12.615384615384615, "percent_statements_covered_display": "13"}, "missing_lines": [60, 61, 62, 64, 69, 70, 71, 72, 74, 75, 76, 77, 84, 85, 86, 87, 89, 103, 104, 105, 110, 111, 112, 113, 115, 127, 128, 129, 136, 155, 156, 157, 158, 169, 174, 179, 188, 189, 190, 191, 193, 194, 195, 197, 199, 211, 212, 213, 219, 220, 221, 222, 224, 225, 226, 228, 230, 244, 245, 246, 253, 254, 256, 257, 258, 259, 261, 262, 263, 265, 266, 267, 270, 271, 272, 282, 283, 284, 285, 293, 294, 295, 296, 297, 307, 311, 314, 315, 316, 323, 327, 330, 331, 334, 337, 344, 345, 350, 361, 364, 365, 366, 369, 370, 371, 373, 374, 376, 377, 379, 380, 382, 383, 385, 386, 388, 389, 391, 392, 394, 395, 397, 421, 422, 423, 424, 426, 427, 428, 430, 432, 433, 434, 435, 436, 437, 451, 452, 454, 455, 457, 458, 461, 462, 465, 467, 468, 485, 488, 489, 490, 491, 494, 495, 498, 501, 504, 505, 506, 509, 510, 511, 512, 513, 520, 523, 524, 526, 533, 539, 540, 553, 556, 560, 563, 564, 565, 567, 577, 578, 581, 582, 583, 586, 587, 590, 591, 592, 597, 598, 601, 602, 603, 606, 607, 610, 611, 612, 613, 616, 621, 623, 626, 629, 630, 631, 634, 635, 636, 637, 638, 640, 650, 651, 654, 655, 656, 659, 660, 661, 662, 663, 664, 669, 672, 673, 674, 677, 678, 679, 683, 684, 687, 688, 689, 690, 691, 696, 699, 700, 701, 703, 713, 715, 723, 725, 726, 727, 740, 743, 744, 747, 748, 749, 750, 751, 755, 756, 758, 760, 761, 762, 763, 764, 767, 768, 771, 772, 773, 776, 777, 778, 779, 780, 782, 783, 786, 787, 788, 790, 793, 799, 802, 803], "excluded_lines": [], "start_line": 1}}}, "backend/routes/history_routes.py": {"executed_lines": [5, 6, 7, 8, 9, 11, 12, 13, 15, 16, 17, 19, 21, 24, 25, 27, 28, 29, 30, 31, 33, 35, 36, 41, 43, 57, 58, 60, 61, 62, 63, 64, 66, 72, 73, 75, 76, 77, 78, 79, 81, 82, 83, 84, 87, 88, 166, 173, 196, 205, 206, 263, 264], "summary": {"covered_lines": 53, "num_statements": 224, "percent_covered": 23.660714285714285, "percent_covered_display": "24", "missing_lines": 171, "excluded_lines": 0, "percent_statements_covered": 23.660714285714285, "percent_statements_covered_display": "24"}, "missing_lines": [52, 53, 54, 67, 68, 69, 90, 91, 93, 94, 96, 97, 98, 99, 101, 102, 103, 105, 106, 107, 108, 109, 110, 111, 113, 114, 116, 117, 118, 120, 121, 122, 123, 125, 130, 131, 133, 134, 136, 138, 143, 144, 146, 147, 149, 150, 151, 153, 155, 161, 162, 163, 168, 169, 170, 175, 176, 178, 179, 180, 181, 183, 184, 185, 187, 188, 189, 190, 191, 192, 193, 198, 199, 200, 201, 202, 208, 209, 210, 211, 213, 214, 216, 218, 220, 221, 222, 223, 224, 226, 227, 228, 229, 230, 231, 232, 233, 234, 235, 237, 238, 240, 241, 242, 244, 246, 247, 248, 250, 258, 259, 260, 266, 267, 268, 269, 271, 272, 273, 275, 276, 277, 278, 279, 280, 282, 285, 286, 287, 288, 290, 291, 292, 293, 294, 297, 298, 299, 300, 301, 302, 303, 304, 305, 306, 307, 308, 309, 310, 311, 312, 313, 315, 316, 317, 318, 320, 321, 323, 326, 327, 328, 329, 330, 333, 334, 335, 337, 345, 346, 347], "excluded_lines": [], "functions": {"list_history": {"executed_lines": [27, 28, 29, 30, 31, 33, 35, 36, 41, 43], "summary": {"covered_lines": 10, "num_statements": 13, "percent_covered": 76.92307692307692, "percent_covered_display": "77", "missing_lines": 3, "excluded_lines": 0, "percent_statements_covered": 76.92307692307692, "percent_statements_covered_display": "77"}, "missing_lines": [52, 53, 54], "excluded_lines": [], "start_line": 25}, "get_history": {"executed_lines": [60, 61, 62, 63, 64, 66], "summary": {"covered_lines": 6, "num_statements": 9, "percent_covered": 66.66666666666667, "percent_covered_display": "67", "missing_lines": 3, "excluded_lines": 0, "percent_statements_covered": 66.66666666666667, "percent_statements_covered_display": "67"}, "missing_lines": [67, 68, 69], "excluded_lines": [], "start_line": 58}, "delete_history": {"executed_lines": [75, 76, 77, 78, 79, 81, 82, 83, 84], "summary": {"covered_lines": 9, "num_statements": 9, "percent_covered": 100.0, "percent_covered_display": "100", "missing_lines": 0, "excluded_lines": 0, "percent_statements_covered": 100.0, "percent_statements_covered_display": "100"}, "missing_lines": [], "excluded_lines": [], "start_line": 73}, "generate_video": {"executed_lines": [], "summary": {"covered_lines": 0, "num_statements": 46, "percent_covered": 0.0, "percent_covered_display": "0", "missing_lines": 46, "excluded_lines": 0, "percent_statements_covered": 0.0, "percent_statements_covered_display": "0"}, "missing_lines": [90, 91, 93, 94, 96, 97, 98, 99, 101, 102, 103, 105, 106, 107, 108, 109, 110, 111, 113, 114, 116, 117, 118, 120, 121, 122, 123, 125, 130, 131, 133, 134, 136, 138, 143, 144, 146, 147, 149, 150, 151, 153, 155, 161, 162, 163], "excluded_lines": [], "start_line": 88}, "_extract_image_urls": {"executed_lines": [], "summary": {"covered_lines": 0, "num_statements": 3, "percent_covered": 0.0, "percent_covered_display": "0", "missing_lines": 3, "excluded_lines": 0, "percent_statements_covered": 0.0, "percent_statements_covered_display": "0"}, "missing_lines": [168, 169, 170], "excluded_lines": [], "start_line": 166}, "_download_image": {"executed_lines": [], "summary": {"covered_lines": 0, "num_statements": 16, "percent_covered": 0.0, "percent_covered_display": "0", "missing_lines": 16, "excluded_lines": 0, "percent_statements_covered": 0.0, "percent_statements_covered_display": "0"}, "missing_lines": [175, 176, 178, 179, 180, 181, 183, 184, 185, 187, 188, 189, 190, 191, 192, 193], "excluded_lines": [], "start_line": 173}, "_get_image_filename": {"executed_lines": [], "summary": {"covered_lines": 0, "num_statements": 5, "percent_covered": 0.0, "percent_covered_display": "0", "missing_lines": 5, "excluded_lines": 0, "percent_statements_covered": 0.0, "percent_statements_covered_display": "0"}, "missing_lines": [198, 199, 200, 201, 202], "excluded_lines": [], "start_line": 196}, "export_markdown_with_images": {"executed_lines": [], "summary": {"covered_lines": 0, "num_statements": 36, "percent_covered": 0.0, "percent_covered_display": "0", "missing_lines": 36, "excluded_lines": 0, "percent_statements_covered": 0.0, "percent_statements_covered_display": "0"}, "missing_lines": [208, 209, 210, 211, 213, 214, 216, 218, 220, 221, 222, 223, 224, 226, 227, 228, 229, 230, 231, 232, 233, 234, 235, 237, 238, 240, 241, 242, 244, 246, 247, 248, 250, 258, 259, 260], "excluded_lines": [], "start_line": 206}, "export_word": {"executed_lines": [], "summary": {"covered_lines": 0, "num_statements": 59, "percent_covered": 0.0, "percent_covered_display": "0", "missing_lines": 59, "excluded_lines": 0, "percent_statements_covered": 0.0, "percent_statements_covered_display": "0"}, "missing_lines": [266, 267, 268, 269, 271, 272, 273, 275, 276, 277, 278, 279, 280, 282, 285, 286, 287, 288, 290, 291, 292, 293, 294, 297, 298, 299, 300, 301, 302, 303, 304, 305, 306, 307, 308, 309, 310, 311, 312, 313, 315, 316, 317, 318, 320, 321, 323, 326, 327, 328, 329, 330, 333, 334, 335, 337, 345, 346, 347], "excluded_lines": [], "start_line": 264}, "": {"executed_lines": [5, 6, 7, 8, 9, 11, 12, 13, 15, 16, 17, 19, 21, 24, 25, 57, 58, 72, 73, 87, 88, 166, 173, 196, 205, 206, 263, 264], "summary": {"covered_lines": 28, "num_statements": 28, "percent_covered": 100.0, "percent_covered_display": "100", "missing_lines": 0, "excluded_lines": 0, "percent_statements_covered": 100.0, "percent_statements_covered_display": "100"}, "missing_lines": [], "excluded_lines": [], "start_line": 1}}, "classes": {"": {"executed_lines": [5, 6, 7, 8, 9, 11, 12, 13, 15, 16, 17, 19, 21, 24, 25, 27, 28, 29, 30, 31, 33, 35, 36, 41, 43, 57, 58, 60, 61, 62, 63, 64, 66, 72, 73, 75, 76, 77, 78, 79, 81, 82, 83, 84, 87, 88, 166, 173, 196, 205, 206, 263, 264], "summary": {"covered_lines": 53, "num_statements": 224, "percent_covered": 23.660714285714285, "percent_covered_display": "24", "missing_lines": 171, "excluded_lines": 0, "percent_statements_covered": 23.660714285714285, "percent_statements_covered_display": "24"}, "missing_lines": [52, 53, 54, 67, 68, 69, 90, 91, 93, 94, 96, 97, 98, 99, 101, 102, 103, 105, 106, 107, 108, 109, 110, 111, 113, 114, 116, 117, 118, 120, 121, 122, 123, 125, 130, 131, 133, 134, 136, 138, 143, 144, 146, 147, 149, 150, 151, 153, 155, 161, 162, 163, 168, 169, 170, 175, 176, 178, 179, 180, 181, 183, 184, 185, 187, 188, 189, 190, 191, 192, 193, 198, 199, 200, 201, 202, 208, 209, 210, 211, 213, 214, 216, 218, 220, 221, 222, 223, 224, 226, 227, 228, 229, 230, 231, 232, 233, 234, 235, 237, 238, 240, 241, 242, 244, 246, 247, 248, 250, 258, 259, 260, 266, 267, 268, 269, 271, 272, 273, 275, 276, 277, 278, 279, 280, 282, 285, 286, 287, 288, 290, 291, 292, 293, 294, 297, 298, 299, 300, 301, 302, 303, 304, 305, 306, 307, 308, 309, 310, 311, 312, 313, 315, 316, 317, 318, 320, 321, 323, 326, 327, 328, 329, 330, 333, 334, 335, 337, 345, 346, 347], "excluded_lines": [], "start_line": 1}}}, "backend/routes/publish_routes.py": {"executed_lines": [5, 6, 7, 8, 10, 12, 13, 14, 15, 17, 19, 22, 23, 37, 38, 90, 91, 139, 140, 196, 197, 276, 277], "summary": {"covered_lines": 23, "num_statements": 215, "percent_covered": 10.69767441860465, "percent_covered_display": "11", "missing_lines": 192, "excluded_lines": 0, "percent_statements_covered": 10.69767441860465, "percent_statements_covered_display": "11"}, "missing_lines": [25, 26, 27, 28, 32, 33, 34, 40, 41, 42, 44, 45, 46, 47, 49, 50, 51, 52, 53, 54, 56, 57, 58, 60, 62, 63, 64, 65, 67, 79, 81, 83, 84, 85, 87, 93, 94, 95, 96, 98, 99, 100, 101, 103, 104, 105, 106, 107, 108, 110, 112, 113, 114, 115, 127, 129, 130, 132, 134, 135, 136, 142, 143, 144, 145, 147, 148, 150, 151, 152, 153, 155, 156, 158, 159, 161, 162, 164, 165, 167, 169, 170, 171, 172, 184, 186, 187, 189, 191, 192, 193, 199, 200, 201, 202, 203, 205, 206, 208, 209, 211, 212, 214, 215, 217, 218, 220, 221, 222, 224, 226, 228, 229, 230, 231, 239, 241, 243, 256, 258, 271, 272, 273, 279, 280, 281, 282, 283, 284, 285, 287, 288, 290, 291, 293, 294, 296, 301, 302, 304, 305, 306, 307, 308, 310, 311, 312, 313, 314, 321, 323, 324, 325, 331, 332, 333, 335, 336, 338, 339, 341, 342, 343, 344, 345, 347, 348, 349, 350, 358, 360, 361, 373, 383, 384, 385, 386, 387, 388, 398, 399, 400, 402, 403, 404, 406, 407, 409, 411, 416, 417, 418], "excluded_lines": [], "functions": {"get_publish_platforms": {"executed_lines": [], "summary": {"covered_lines": 0, "num_statements": 7, "percent_covered": 0.0, "percent_covered_display": "0", "missing_lines": 7, "excluded_lines": 0, "percent_statements_covered": 0.0, "percent_statements_covered_display": "0"}, "missing_lines": [25, 26, 27, 28, 32, 33, 34], "excluded_lines": [], "start_line": 23}, "publish_article_stream": {"executed_lines": [], "summary": {"covered_lines": 0, "num_statements": 15, "percent_covered": 0.0, "percent_covered_display": "0", "missing_lines": 15, "excluded_lines": 0, "percent_statements_covered": 0.0, "percent_statements_covered_display": "0"}, "missing_lines": [40, 41, 42, 44, 45, 46, 47, 49, 50, 51, 52, 53, 54, 56, 87], "excluded_lines": [], "start_line": 38}, "publish_article_stream.generate": {"executed_lines": [], "summary": {"covered_lines": 0, "num_statements": 13, "percent_covered": 0.0, "percent_covered_display": "0", "missing_lines": 13, "excluded_lines": 0, "percent_statements_covered": 0.0, "percent_statements_covered_display": "0"}, "missing_lines": [57, 58, 60, 62, 63, 64, 65, 67, 79, 81, 83, 84, 85], "excluded_lines": [], "start_line": 56}, "publish_article": {"executed_lines": [], "summary": {"covered_lines": 0, "num_statements": 26, "percent_covered": 0.0, "percent_covered_display": "0", "missing_lines": 26, "excluded_lines": 0, "percent_statements_covered": 0.0, "percent_statements_covered_display": "0"}, "missing_lines": [93, 94, 95, 96, 98, 99, 100, 101, 103, 104, 105, 106, 107, 108, 110, 112, 113, 114, 115, 127, 129, 130, 132, 134, 135, 136], "excluded_lines": [], "start_line": 91}, "publish_blog_to_platform": {"executed_lines": [], "summary": {"covered_lines": 0, "num_statements": 30, "percent_covered": 0.0, "percent_covered_display": "0", "missing_lines": 30, "excluded_lines": 0, "percent_statements_covered": 0.0, "percent_statements_covered_display": "0"}, "missing_lines": [142, 143, 144, 145, 147, 148, 150, 151, 152, 153, 155, 156, 158, 159, 161, 162, 164, 165, 167, 169, 170, 171, 172, 184, 186, 187, 189, 191, 192, 193], "excluded_lines": [], "start_line": 140}, "convert_blog_to_xhs": {"executed_lines": [], "summary": {"covered_lines": 0, "num_statements": 32, "percent_covered": 0.0, "percent_covered_display": "0", "missing_lines": 32, "excluded_lines": 0, "percent_statements_covered": 0.0, "percent_statements_covered_display": "0"}, "missing_lines": [199, 200, 201, 202, 203, 205, 206, 208, 209, 211, 212, 214, 215, 217, 218, 220, 221, 222, 224, 226, 228, 229, 230, 231, 239, 241, 243, 256, 258, 271, 272, 273], "excluded_lines": [], "start_line": 197}, "sync_publish": {"executed_lines": [], "summary": {"covered_lines": 0, "num_statements": 69, "percent_covered": 0.0, "percent_covered_display": "0", "missing_lines": 69, "excluded_lines": 0, "percent_statements_covered": 0.0, "percent_statements_covered_display": "0"}, "missing_lines": [279, 280, 281, 282, 283, 284, 285, 287, 288, 290, 291, 293, 294, 296, 301, 302, 304, 305, 306, 307, 308, 310, 311, 312, 313, 314, 321, 323, 324, 325, 331, 332, 333, 335, 336, 338, 339, 341, 342, 343, 344, 345, 347, 348, 349, 350, 358, 360, 361, 373, 383, 384, 385, 386, 387, 388, 398, 399, 400, 402, 403, 404, 406, 407, 409, 411, 416, 417, 418], "excluded_lines": [], "start_line": 277}, "": {"executed_lines": [5, 6, 7, 8, 10, 12, 13, 14, 15, 17, 19, 22, 23, 37, 38, 90, 91, 139, 140, 196, 197, 276, 277], "summary": {"covered_lines": 23, "num_statements": 23, "percent_covered": 100.0, "percent_covered_display": "100", "missing_lines": 0, "excluded_lines": 0, "percent_statements_covered": 100.0, "percent_statements_covered_display": "100"}, "missing_lines": [], "excluded_lines": [], "start_line": 1}}, "classes": {"": {"executed_lines": [5, 6, 7, 8, 10, 12, 13, 14, 15, 17, 19, 22, 23, 37, 38, 90, 91, 139, 140, 196, 197, 276, 277], "summary": {"covered_lines": 23, "num_statements": 215, "percent_covered": 10.69767441860465, "percent_covered_display": "11", "missing_lines": 192, "excluded_lines": 0, "percent_statements_covered": 10.69767441860465, "percent_statements_covered_display": "11"}, "missing_lines": [25, 26, 27, 28, 32, 33, 34, 40, 41, 42, 44, 45, 46, 47, 49, 50, 51, 52, 53, 54, 56, 57, 58, 60, 62, 63, 64, 65, 67, 79, 81, 83, 84, 85, 87, 93, 94, 95, 96, 98, 99, 100, 101, 103, 104, 105, 106, 107, 108, 110, 112, 113, 114, 115, 127, 129, 130, 132, 134, 135, 136, 142, 143, 144, 145, 147, 148, 150, 151, 152, 153, 155, 156, 158, 159, 161, 162, 164, 165, 167, 169, 170, 171, 172, 184, 186, 187, 189, 191, 192, 193, 199, 200, 201, 202, 203, 205, 206, 208, 209, 211, 212, 214, 215, 217, 218, 220, 221, 222, 224, 226, 228, 229, 230, 231, 239, 241, 243, 256, 258, 271, 272, 273, 279, 280, 281, 282, 283, 284, 285, 287, 288, 290, 291, 293, 294, 296, 301, 302, 304, 305, 306, 307, 308, 310, 311, 312, 313, 314, 321, 323, 324, 325, 331, 332, 333, 335, 336, 338, 339, 341, 342, 343, 344, 345, 347, 348, 349, 350, 358, 360, 361, 373, 383, 384, 385, 386, 387, 388, 398, 399, 400, 402, 403, 404, 406, 407, 409, 411, 416, 417, 418], "excluded_lines": [], "start_line": 1}}}, "backend/routes/queue_routes.py": {"executed_lines": [11, 12, 14, 16, 18, 21, 24, 26, 29, 34, 35, 77, 78, 86, 87, 97, 98, 108, 109], "summary": {"covered_lines": 19, "num_statements": 54, "percent_covered": 35.18518518518518, "percent_covered_display": "35", "missing_lines": 35, "excluded_lines": 0, "percent_statements_covered": 35.18518518518518, "percent_statements_covered_display": "35"}, "missing_lines": [31, 37, 38, 40, 41, 42, 44, 49, 55, 56, 59, 69, 70, 80, 81, 82, 83, 89, 90, 91, 92, 93, 94, 100, 101, 102, 103, 104, 105, 111, 112, 113, 114, 115, 118], "excluded_lines": [], "functions": {"init_queue_routes": {"executed_lines": [26], "summary": {"covered_lines": 1, "num_statements": 1, "percent_covered": 100.0, "percent_covered_display": "100", "missing_lines": 0, "excluded_lines": 0, "percent_statements_covered": 100.0, "percent_statements_covered_display": "100"}, "missing_lines": [], "excluded_lines": [], "start_line": 24}, "_run_async": {"executed_lines": [], "summary": {"covered_lines": 0, "num_statements": 1, "percent_covered": 0.0, "percent_covered_display": "0", "missing_lines": 1, "excluded_lines": 0, "percent_statements_covered": 0.0, "percent_statements_covered_display": "0"}, "missing_lines": [31], "excluded_lines": [], "start_line": 29}, "submit_task": {"executed_lines": [], "summary": {"covered_lines": 0, "num_statements": 12, "percent_covered": 0.0, "percent_covered_display": "0", "missing_lines": 12, "excluded_lines": 0, "percent_statements_covered": 0.0, "percent_statements_covered_display": "0"}, "missing_lines": [37, 38, 40, 41, 42, 44, 49, 55, 56, 59, 69, 70], "excluded_lines": [], "start_line": 35}, "get_queue_snapshot": {"executed_lines": [], "summary": {"covered_lines": 0, "num_statements": 4, "percent_covered": 0.0, "percent_covered_display": "0", "missing_lines": 4, "excluded_lines": 0, "percent_statements_covered": 0.0, "percent_statements_covered_display": "0"}, "missing_lines": [80, 81, 82, 83], "excluded_lines": [], "start_line": 78}, "get_task": {"executed_lines": [], "summary": {"covered_lines": 0, "num_statements": 6, "percent_covered": 0.0, "percent_covered_display": "0", "missing_lines": 6, "excluded_lines": 0, "percent_statements_covered": 0.0, "percent_statements_covered_display": "0"}, "missing_lines": [89, 90, 91, 92, 93, 94], "excluded_lines": [], "start_line": 87}, "cancel_task": {"executed_lines": [], "summary": {"covered_lines": 0, "num_statements": 6, "percent_covered": 0.0, "percent_covered_display": "0", "missing_lines": 6, "excluded_lines": 0, "percent_statements_covered": 0.0, "percent_statements_covered_display": "0"}, "missing_lines": [100, 101, 102, 103, 104, 105], "excluded_lines": [], "start_line": 98}, "get_history": {"executed_lines": [], "summary": {"covered_lines": 0, "num_statements": 6, "percent_covered": 0.0, "percent_covered_display": "0", "missing_lines": 6, "excluded_lines": 0, "percent_statements_covered": 0.0, "percent_statements_covered_display": "0"}, "missing_lines": [111, 112, 113, 114, 115, 118], "excluded_lines": [], "start_line": 109}, "": {"executed_lines": [11, 12, 14, 16, 18, 21, 24, 29, 34, 35, 77, 78, 86, 87, 97, 98, 108, 109], "summary": {"covered_lines": 18, "num_statements": 18, "percent_covered": 100.0, "percent_covered_display": "100", "missing_lines": 0, "excluded_lines": 0, "percent_statements_covered": 100.0, "percent_statements_covered_display": "100"}, "missing_lines": [], "excluded_lines": [], "start_line": 1}}, "classes": {"": {"executed_lines": [11, 12, 14, 16, 18, 21, 24, 26, 29, 34, 35, 77, 78, 86, 87, 97, 98, 108, 109], "summary": {"covered_lines": 19, "num_statements": 54, "percent_covered": 35.18518518518518, "percent_covered_display": "35", "missing_lines": 35, "excluded_lines": 0, "percent_statements_covered": 35.18518518518518, "percent_statements_covered_display": "35"}, "missing_lines": [31, 37, 38, 40, 41, 42, 44, 49, 55, 56, 59, 69, 70, 80, 81, 82, 83, 89, 90, 91, 92, 93, 94, 100, 101, 102, 103, 104, 105, 111, 112, 113, 114, 115, 118], "excluded_lines": [], "start_line": 1}}}, "backend/routes/scheduler_routes.py": {"executed_lines": [12, 14, 16, 18, 20, 24, 27, 32, 37, 38, 53, 54, 61, 62, 69, 70, 77, 78, 85, 86], "summary": {"covered_lines": 20, "num_statements": 55, "percent_covered": 36.36363636363637, "percent_covered_display": "36", "missing_lines": 35, "excluded_lines": 0, "percent_statements_covered": 36.36363636363637, "percent_statements_covered_display": "36"}, "missing_lines": [29, 33, 34, 39, 40, 41, 42, 43, 44, 45, 46, 47, 49, 50, 55, 56, 57, 58, 63, 64, 65, 66, 71, 72, 73, 74, 79, 80, 81, 82, 88, 89, 90, 91, 92], "excluded_lines": [], "functions": {"init_scheduler_routes": {"executed_lines": [], "summary": {"covered_lines": 0, "num_statements": 1, "percent_covered": 0.0, "percent_covered_display": "0", "missing_lines": 1, "excluded_lines": 0, "percent_statements_covered": 0.0, "percent_statements_covered_display": "0"}, "missing_lines": [29], "excluded_lines": [], "start_line": 27}, "_run_async": {"executed_lines": [], "summary": {"covered_lines": 0, "num_statements": 2, "percent_covered": 0.0, "percent_covered_display": "0", "missing_lines": 2, "excluded_lines": 0, "percent_statements_covered": 0.0, "percent_statements_covered_display": "0"}, "missing_lines": [33, 34], "excluded_lines": [], "start_line": 32}, "create_scheduled_task": {"executed_lines": [], "summary": {"covered_lines": 0, "num_statements": 11, "percent_covered": 0.0, "percent_covered_display": "0", "missing_lines": 11, "excluded_lines": 0, "percent_statements_covered": 0.0, "percent_statements_covered_display": "0"}, "missing_lines": [39, 40, 41, 42, 43, 44, 45, 46, 47, 49, 50], "excluded_lines": [], "start_line": 38}, "list_scheduled_tasks": {"executed_lines": [], "summary": {"covered_lines": 0, "num_statements": 4, "percent_covered": 0.0, "percent_covered_display": "0", "missing_lines": 4, "excluded_lines": 0, "percent_statements_covered": 0.0, "percent_statements_covered_display": "0"}, "missing_lines": [55, 56, 57, 58], "excluded_lines": [], "start_line": 54}, "delete_scheduled_task": {"executed_lines": [], "summary": {"covered_lines": 0, "num_statements": 4, "percent_covered": 0.0, "percent_covered_display": "0", "missing_lines": 4, "excluded_lines": 0, "percent_statements_covered": 0.0, "percent_statements_covered_display": "0"}, "missing_lines": [63, 64, 65, 66], "excluded_lines": [], "start_line": 62}, "pause_task": {"executed_lines": [], "summary": {"covered_lines": 0, "num_statements": 4, "percent_covered": 0.0, "percent_covered_display": "0", "missing_lines": 4, "excluded_lines": 0, "percent_statements_covered": 0.0, "percent_statements_covered_display": "0"}, "missing_lines": [71, 72, 73, 74], "excluded_lines": [], "start_line": 70}, "resume_task": {"executed_lines": [], "summary": {"covered_lines": 0, "num_statements": 4, "percent_covered": 0.0, "percent_covered_display": "0", "missing_lines": 4, "excluded_lines": 0, "percent_statements_covered": 0.0, "percent_statements_covered_display": "0"}, "missing_lines": [79, 80, 81, 82], "excluded_lines": [], "start_line": 78}, "parse_schedule_api": {"executed_lines": [], "summary": {"covered_lines": 0, "num_statements": 5, "percent_covered": 0.0, "percent_covered_display": "0", "missing_lines": 5, "excluded_lines": 0, "percent_statements_covered": 0.0, "percent_statements_covered_display": "0"}, "missing_lines": [88, 89, 90, 91, 92], "excluded_lines": [], "start_line": 86}, "": {"executed_lines": [12, 14, 16, 18, 20, 24, 27, 32, 37, 38, 53, 54, 61, 62, 69, 70, 77, 78, 85, 86], "summary": {"covered_lines": 20, "num_statements": 20, "percent_covered": 100.0, "percent_covered_display": "100", "missing_lines": 0, "excluded_lines": 0, "percent_statements_covered": 100.0, "percent_statements_covered_display": "100"}, "missing_lines": [], "excluded_lines": [], "start_line": 1}}, "classes": {"": {"executed_lines": [12, 14, 16, 18, 20, 24, 27, 32, 37, 38, 53, 54, 61, 62, 69, 70, 77, 78, 85, 86], "summary": {"covered_lines": 20, "num_statements": 55, "percent_covered": 36.36363636363637, "percent_covered_display": "36", "missing_lines": 35, "excluded_lines": 0, "percent_statements_covered": 36.36363636363637, "percent_statements_covered_display": "36"}, "missing_lines": [29, 33, 34, 39, 40, 41, 42, 43, 44, 45, 46, 47, 49, 50, 55, 56, 57, 58, 63, 64, 65, 66, 71, 72, 73, 74, 79, 80, 81, 82, 88, 89, 90, 91, 92], "excluded_lines": [], "start_line": 1}}}, "backend/routes/settings_routes.py": {"executed_lines": [8, 9, 11, 13, 15, 20, 155, 173, 174, 185, 186], "summary": {"covered_lines": 11, "num_statements": 66, "percent_covered": 16.666666666666668, "percent_covered_display": "17", "missing_lines": 55, "excluded_lines": 0, "percent_statements_covered": 16.666666666666668, "percent_statements_covered_display": "17"}, "missing_lines": [157, 158, 159, 161, 162, 163, 164, 165, 166, 167, 168, 170, 176, 177, 178, 182, 188, 189, 190, 192, 193, 195, 196, 197, 198, 200, 201, 204, 205, 206, 207, 208, 209, 210, 211, 212, 213, 214, 215, 216, 217, 218, 219, 220, 221, 222, 223, 224, 225, 227, 229, 231, 232, 233, 235], "excluded_lines": [], "functions": {"_get_current_value": {"executed_lines": [], "summary": {"covered_lines": 0, "num_statements": 12, "percent_covered": 0.0, "percent_covered_display": "0", "missing_lines": 12, "excluded_lines": 0, "percent_statements_covered": 0.0, "percent_statements_covered_display": "0"}, "missing_lines": [157, 158, 159, 161, 162, 163, 164, 165, 166, 167, 168, 170], "excluded_lines": [], "start_line": 155}, "get_settings": {"executed_lines": [], "summary": {"covered_lines": 0, "num_statements": 4, "percent_covered": 0.0, "percent_covered_display": "0", "missing_lines": 4, "excluded_lines": 0, "percent_statements_covered": 0.0, "percent_statements_covered_display": "0"}, "missing_lines": [176, 177, 178, 182], "excluded_lines": [], "start_line": 174}, "update_settings": {"executed_lines": [], "summary": {"covered_lines": 0, "num_statements": 39, "percent_covered": 0.0, "percent_covered_display": "0", "missing_lines": 39, "excluded_lines": 0, "percent_statements_covered": 0.0, "percent_statements_covered_display": "0"}, "missing_lines": [188, 189, 190, 192, 193, 195, 196, 197, 198, 200, 201, 204, 205, 206, 207, 208, 209, 210, 211, 212, 213, 214, 215, 216, 217, 218, 219, 220, 221, 222, 223, 224, 225, 227, 229, 231, 232, 233, 235], "excluded_lines": [], "start_line": 186}, "": {"executed_lines": [8, 9, 11, 13, 15, 20, 155, 173, 174, 185, 186], "summary": {"covered_lines": 11, "num_statements": 11, "percent_covered": 100.0, "percent_covered_display": "100", "missing_lines": 0, "excluded_lines": 0, "percent_statements_covered": 100.0, "percent_statements_covered_display": "100"}, "missing_lines": [], "excluded_lines": [], "start_line": 1}}, "classes": {"": {"executed_lines": [8, 9, 11, 13, 15, 20, 155, 173, 174, 185, 186], "summary": {"covered_lines": 11, "num_statements": 66, "percent_covered": 16.666666666666668, "percent_covered_display": "17", "missing_lines": 55, "excluded_lines": 0, "percent_statements_covered": 16.666666666666668, "percent_statements_covered_display": "17"}, "missing_lines": [157, 158, 159, 161, 162, 163, 164, 165, 166, 167, 168, 170, 176, 177, 178, 182, 188, 189, 190, 192, 193, 195, 196, 197, 198, 200, 201, 204, 205, 206, 207, 208, 209, 210, 211, 212, 213, 214, 215, 216, 217, 218, 219, 220, 221, 222, 223, 224, 225, 227, 229, 231, 232, 233, 235], "excluded_lines": [], "start_line": 1}}}, "backend/routes/static_routes.py": {"executed_lines": [5, 6, 7, 9, 11, 13, 15, 18, 19, 22, 23, 27, 28, 32, 33, 39, 40, 44, 45, 46, 87, 88, 89, 90, 91, 95, 96, 97, 102, 103, 108, 109, 114, 115, 172, 173], "summary": {"covered_lines": 36, "num_statements": 87, "percent_covered": 41.37931034482759, "percent_covered_display": "41", "missing_lines": 51, "excluded_lines": 0, "percent_statements_covered": 41.37931034482759, "percent_statements_covered_display": "41"}, "missing_lines": [24, 29, 34, 35, 36, 41, 47, 48, 49, 50, 51, 52, 53, 54, 55, 56, 57, 58, 59, 60, 61, 62, 63, 65, 66, 67, 68, 69, 70, 71, 73, 74, 75, 76, 77, 78, 79, 81, 82, 83, 84, 92, 98, 99, 104, 105, 110, 111, 116, 169, 175], "excluded_lines": [], "functions": {"index": {"executed_lines": [], "summary": {"covered_lines": 0, "num_statements": 1, "percent_covered": 0.0, "percent_covered_display": "0", "missing_lines": 1, "excluded_lines": 0, "percent_statements_covered": 0.0, "percent_statements_covered_display": "0"}, "missing_lines": [24], "excluded_lines": [], "start_line": 23}, "xhs_page": {"executed_lines": [], "summary": {"covered_lines": 0, "num_statements": 1, "percent_covered": 0.0, "percent_covered_display": "0", "missing_lines": 1, "excluded_lines": 0, "percent_statements_covered": 0.0, "percent_statements_covered_display": "0"}, "missing_lines": [29], "excluded_lines": [], "start_line": 28}, "reviewer_page": {"executed_lines": [], "summary": {"covered_lines": 0, "num_statements": 3, "percent_covered": 0.0, "percent_covered_display": "0", "missing_lines": 3, "excluded_lines": 0, "percent_statements_covered": 0.0, "percent_statements_covered_display": "0"}, "missing_lines": [34, 35, 36], "excluded_lines": [], "start_line": 33}, "book_reader_home": {"executed_lines": [], "summary": {"covered_lines": 0, "num_statements": 1, "percent_covered": 0.0, "percent_covered_display": "0", "missing_lines": 1, "excluded_lines": 0, "percent_statements_covered": 0.0, "percent_statements_covered_display": "0"}, "missing_lines": [41], "excluded_lines": [], "start_line": 40}, "book_reader_sidebar": {"executed_lines": [], "summary": {"covered_lines": 0, "num_statements": 35, "percent_covered": 0.0, "percent_covered_display": "0", "missing_lines": 35, "excluded_lines": 0, "percent_statements_covered": 0.0, "percent_statements_covered_display": "0"}, "missing_lines": [47, 48, 49, 50, 51, 52, 53, 54, 55, 56, 57, 58, 59, 60, 61, 62, 63, 65, 66, 67, 68, 69, 70, 71, 73, 74, 75, 76, 77, 78, 79, 81, 82, 83, 84], "excluded_lines": [], "start_line": 46}, "book_reader_chapter": {"executed_lines": [], "summary": {"covered_lines": 0, "num_statements": 1, "percent_covered": 0.0, "percent_covered_display": "0", "missing_lines": 1, "excluded_lines": 0, "percent_statements_covered": 0.0, "percent_statements_covered_display": "0"}, "missing_lines": [92], "excluded_lines": [], "start_line": 91}, "serve_output_image": {"executed_lines": [], "summary": {"covered_lines": 0, "num_statements": 2, "percent_covered": 0.0, "percent_covered_display": "0", "missing_lines": 2, "excluded_lines": 0, "percent_statements_covered": 0.0, "percent_statements_covered_display": "0"}, "missing_lines": [98, 99], "excluded_lines": [], "start_line": 97}, "serve_output_cover": {"executed_lines": [], "summary": {"covered_lines": 0, "num_statements": 2, "percent_covered": 0.0, "percent_covered_display": "0", "missing_lines": 2, "excluded_lines": 0, "percent_statements_covered": 0.0, "percent_statements_covered_display": "0"}, "missing_lines": [104, 105], "excluded_lines": [], "start_line": 103}, "serve_output_video": {"executed_lines": [], "summary": {"covered_lines": 0, "num_statements": 2, "percent_covered": 0.0, "percent_covered_display": "0", "missing_lines": 2, "excluded_lines": 0, "percent_statements_covered": 0.0, "percent_statements_covered_display": "0"}, "missing_lines": [110, 111], "excluded_lines": [], "start_line": 109}, "api_docs": {"executed_lines": [], "summary": {"covered_lines": 0, "num_statements": 2, "percent_covered": 0.0, "percent_covered_display": "0", "missing_lines": 2, "excluded_lines": 0, "percent_statements_covered": 0.0, "percent_statements_covered_display": "0"}, "missing_lines": [116, 169], "excluded_lines": [], "start_line": 115}, "get_frontend_config": {"executed_lines": [], "summary": {"covered_lines": 0, "num_statements": 1, "percent_covered": 0.0, "percent_covered_display": "0", "missing_lines": 1, "excluded_lines": 0, "percent_statements_covered": 0.0, "percent_statements_covered_display": "0"}, "missing_lines": [175], "excluded_lines": [], "start_line": 173}, "": {"executed_lines": [5, 6, 7, 9, 11, 13, 15, 18, 19, 22, 23, 27, 28, 32, 33, 39, 40, 44, 45, 46, 87, 88, 89, 90, 91, 95, 96, 97, 102, 103, 108, 109, 114, 115, 172, 173], "summary": {"covered_lines": 36, "num_statements": 36, "percent_covered": 100.0, "percent_covered_display": "100", "missing_lines": 0, "excluded_lines": 0, "percent_statements_covered": 100.0, "percent_statements_covered_display": "100"}, "missing_lines": [], "excluded_lines": [], "start_line": 1}}, "classes": {"": {"executed_lines": [5, 6, 7, 9, 11, 13, 15, 18, 19, 22, 23, 27, 28, 32, 33, 39, 40, 44, 45, 46, 87, 88, 89, 90, 91, 95, 96, 97, 102, 103, 108, 109, 114, 115, 172, 173], "summary": {"covered_lines": 36, "num_statements": 87, "percent_covered": 41.37931034482759, "percent_covered_display": "41", "missing_lines": 51, "excluded_lines": 0, "percent_statements_covered": 41.37931034482759, "percent_statements_covered_display": "41"}, "missing_lines": [24, 29, 34, 35, 36, 41, 47, 48, 49, 50, 51, 52, 53, 54, 55, 56, 57, 58, 59, 60, 61, 62, 63, 65, 66, 67, 68, 69, 70, 71, 73, 74, 75, 76, 77, 78, 79, 81, 82, 83, 84, 92, 98, 99, 104, 105, 110, 111, 116, 169, 175], "excluded_lines": [], "start_line": 1}}}, "backend/routes/task_routes.py": {"executed_lines": [5, 6, 7, 8, 10, 12, 17, 19, 22, 23, 79, 80, 82, 83, 85, 87, 88, 89, 90, 92, 94, 95, 96, 97, 101, 102, 103, 104, 105, 106, 108, 109, 111, 112, 113, 115, 116, 117, 120, 131, 133, 145, 146, 168, 169, 171, 173, 174, 180, 181, 183], "summary": {"covered_lines": 51, "num_statements": 95, "percent_covered": 53.68421052631579, "percent_covered_display": "54", "missing_lines": 44, "excluded_lines": 0, "percent_statements_covered": 53.68421052631579, "percent_statements_covered_display": "54"}, "missing_lines": [25, 26, 28, 29, 31, 32, 33, 35, 36, 37, 38, 39, 40, 42, 43, 44, 46, 47, 49, 50, 56, 68, 74, 75, 76, 98, 99, 107, 110, 118, 121, 122, 124, 125, 126, 127, 128, 129, 148, 149, 151, 152, 154, 182], "excluded_lines": [], "functions": {"generate_storybook": {"executed_lines": [], "summary": {"covered_lines": 0, "num_statements": 25, "percent_covered": 0.0, "percent_covered_display": "0", "missing_lines": 25, "excluded_lines": 0, "percent_statements_covered": 0.0, "percent_statements_covered_display": "0"}, "missing_lines": [25, 26, 28, 29, 31, 32, 33, 35, 36, 37, 38, 39, 40, 42, 43, 44, 46, 47, 49, 50, 56, 68, 74, 75, 76], "excluded_lines": [], "start_line": 23}, "stream_task_progress": {"executed_lines": [82, 133], "summary": {"covered_lines": 2, "num_statements": 2, "percent_covered": 100.0, "percent_covered_display": "100", "missing_lines": 0, "excluded_lines": 0, "percent_statements_covered": 100.0, "percent_statements_covered_display": "100"}, "missing_lines": [], "excluded_lines": [], "start_line": 80}, "stream_task_progress.generate": {"executed_lines": [83, 85, 87, 88, 89, 90, 92, 94, 95, 96, 97, 101, 102, 103, 
[...]
g_lines": 3, "excluded_lines": 0, "percent_statements_covered": 88.88888888888889, "percent_statements_covered_display": "89"}, "missing_lines": [57, 71, 72], "excluded_lines": [], "start_line": 36}, "": {"executed_lines": [14, 15, 16, 17, 19, 22, 25, 27, 28, 36, 39, 44, 45, 48, 62, 78, 86, 94, 104, 114, 128], "summary": {"covered_lines": 21, "num_statements": 26, "percent_covered": 80.76923076923077, "percent_covered_display": "81", "missing_lines": 5, "excluded_lines": 0, "percent_statements_covered": 80.76923076923077, "percent_statements_covered_display": "81"}, "missing_lines": [29, 30, 31, 32, 33], "excluded_lines": [], "start_line": 1}}}, "backend/utils/text_cleanup.py": {"executed_lines": [24, 25, 26, 28, 33, 49, 60, 71, 81, 92, 106, 119, 135, 136, 137, 138, 139, 140, 141, 144, 145, 146, 147, 148, 149, 150, 153, 154, 155, 156, 157, 158, 159, 162, 163, 164, 165, 166, 167, 168, 171, 172, 173, 174, 175, 176, 177, 179, 180, 181, 182, 183, 184, 185, 188, 189, 190, 191, 192, 193, 199, 202, 203, 204, 205, 206, 207, 208, 211, 212, 214, 215, 216, 217, 219, 220, 221, 223, 226, 227, 228, 229, 230, 231, 232, 233, 236, 243, 245, 246, 247, 248, 249, 250, 251, 252, 253, 254, 256, 257], "summary": {"covered_lines": 100, "num_statements": 105, "percent_covered": 95.23809523809524, "percent_covered_display": "95", "missing_lines": 5, "excluded_lines": 0, "percent_statements_covered": 95.23809523809524, "percent_statements_covered_display": "95"}, "missing_lines": [195, 196, 197, 198, 222], "excluded_lines": [], "functions": {"_step_fillers": {"executed_lines": [136, 137, 138, 139, 140, 141], "summary": {"covered_lines": 6, "num_statements": 6, "percent_covered": 100.0, "percent_covered_display": "100", "missing_lines": 0, "excluded_lines": 0, "percent_statements_covered": 100.0, "percent_statements_covered_display": "100"}, "missing_lines": [], "excluded_lines": [], "start_line": 135}, "_step_intensifiers": {"executed_lines": [145, 146, 147, 148, 149, 150], "summary": {"covered_lines": 6, "num_statements": 6, "percent_covered": 100.0, "percent_covered_display": "100", "missing_lines": 0, "excluded_lines": 0, "percent_statements_covered": 100.0, "percent_statements_covered_display": "100"}, "missing_lines": [], "excluded_lines": [], "start_line": 144}, "_step_synonyms": {"executed_lines": [154, 155, 156, 157, 158, 159], "summary": {"covered_lines": 6, "num_statements": 6, "percent_covered": 100.0, "percent_covered_display": "100", "missing_lines": 0, "excluded_lines": 0, "percent_statements_covered": 100.0, "percent_statements_covered_display": "100"}, "missing_lines": [], "excluded_lines": [], "start_line": 153}, "_step_meta": {"executed_lines": [163, 164, 165, 166, 167, 168], "summary": {"covered_lines": 6, "num_statements": 6, "percent_covered": 100.0, "percent_covered_display": "100", "missing_lines": 0, "excluded_lines": 0, "percent_statements_covered": 100.0, "percent_statements_covered_display": "100"}, "missing_lines": [], "excluded_lines": [], "start_line": 162}, "_step_verbose": {"executed_lines": [172, 173, 174, 175, 176, 177], "summary": {"covered_lines": 6, "num_statements": 6, "percent_covered": 100.0, "percent_covered_display": "100", "missing_lines": 0, "excluded_lines": 0, "percent_statements_covered": 100.0, "percent_statements_covered_display": "100"}, "missing_lines": [], "excluded_lines": [], "start_line": 171}, "_step_claims": {"executed_lines": [180, 181, 182, 183, 184, 185], "summary": {"covered_lines": 6, "num_statements": 6, "percent_covered": 100.0, "percent_covered_display": "100", "missing_lines": 0, "excluded_lines": 0, "percent_statements_covered": 100.0, "percent_statements_covered_display": "100"}, "missing_lines": [], "excluded_lines": [], "start_line": 179}, "_step_vocab_diversity": {"executed_lines": [189, 190, 191, 192, 193, 199], "summary": {"covered_lines": 6, "num_statements": 10, "percent_covered": 60.0, "percent_covered_display": "60", "missing_lines": 4, "excluded_lines": 0, "percent_statements_covered": 60.0, "percent_statements_covered_display": "60"}, "missing_lines": [195, 196, 197, 198], "excluded_lines": [], "start_line": 188}, "_step_time_hallucinations": {"executed_lines": [203, 204, 205, 206, 207, 208], "summary": {"covered_lines": 6, "num_statements": 6, "percent_covered": 100.0, "percent_covered_display": "100", "missing_lines": 0, "excluded_lines": 0, "percent_statements_covered": 100.0, "percent_statements_covered_display": "100"}, "missing_lines": [], "excluded_lines": [], "start_line": 202}, "_step_markdown": {"executed_lines": [212, 214, 215, 216, 217, 219, 220, 221, 223], "summary": {"covered_lines": 9, "num_statements": 10, "percent_covered": 90.0, "percent_covered_display": "90", "missing_lines": 1, "excluded_lines": 0, "percent_statements_covered": 90.0, "percent_statements_covered_display": "90"}, "missing_lines": [222], "excluded_lines": [], "start_line": 211}, "_step_whitespace": {"executed_lines": [227, 228, 229, 230, 231, 232, 233], "summary": {"covered_lines": 7, "num_statements": 7, "percent_covered": 100.0, "percent_covered_display": "100", "missing_lines": 0, "excluded_lines": 0, "percent_statements_covered": 100.0, "percent_statements_covered_display": "100"}, "missing_lines": [], "excluded_lines": [], "start_line": 226}, "apply_full_cleanup": {"executed_lines": [243, 245, 246, 247, 248, 249, 250, 251, 252, 253, 254, 256, 257], "summary": {"covered_lines": 13, "num_statements": 13, "percent_covered": 100.0, "percent_covered_display": "100", "missing_lines": 0, "excluded_lines": 0, "percent_statements_covered": 100.0, "percent_statements_covered_display": "100"}, "missing_lines": [], "excluded_lines": [], "start_line": 236}, "": {"executed_lines": [24, 25, 26, 28, 33, 49, 60, 71, 81, 92, 106, 119, 135, 144, 153, 162, 171, 179, 188, 202, 211, 226, 236], "summary": {"covered_lines": 23, "num_statements": 23, "percent_covered": 100.0, "percent_covered_display": "100", "missing_lines": 0, "excluded_lines": 0, "percent_statements_covered": 100.0, "percent_statements_covered_display": "100"}, "missing_lines": [], "excluded_lines": [], "start_line": 1}}, "classes": {"": {"executed_lines": [24, 25, 26, 28, 33, 49, 60, 71, 81, 92, 106, 119, 135, 136, 137, 138, 139, 140, 141, 144, 145, 146, 147, 148, 149, 150, 153, 154, 155, 156, 157, 158, 159, 162, 163, 164, 165, 166, 167, 168, 171, 172, 173, 174, 175, 176, 177, 179, 180, 181, 182, 183, 184, 185, 188, 189, 190, 191, 192, 193, 199, 202, 203, 204, 205, 206, 207, 208, 211, 212, 214, 215, 216, 217, 219, 220, 221, 223, 226, 227, 228, 229, 230, 231, 232, 233, 236, 243, 245, 246, 247, 248, 249, 250, 251, 252, 253, 254, 256, 257], "summary": {"covered_lines": 100, "num_statements": 105, "percent_covered": 95.23809523809524, "percent_covered_display": "95", "missing_lines": 5, "excluded_lines": 0, "percent_statements_covered": 95.23809523809524, "percent_statements_covered_display": "95"}, "missing_lines": [195, 196, 197, 198, 222], "excluded_lines": [], "start_line": 1}}}, "backend/utils/token_tracker.py": {"executed_lines": [9, 10, 11, 13, 18, 19, 21, 22, 23, 24, 25, 26, 28, 29, 30, 33, 34, 43, 44, 45, 46, 49, 52, 55, 57, 66, 67, 68, 69, 72, 73, 78, 79, 80, 81, 82, 83, 86, 87, 89, 95, 97, 107, 109, 121, 122, 123, 128, 129, 134, 139, 152, 154, 156, 157, 158, 159, 162, 163, 165, 166, 168, 169, 172, 173, 174, 175, 176, 177, 178, 180, 181, 183, 189, 199, 201, 202, 203, 204, 205, 206, 212, 215, 217, 218, 219, 220, 222, 223, 224, 225], "summary": {"covered_lines": 91, "num_statements": 91, "percent_covered": 100.0, "percent_covered_display": "100", "missing_lines": 0, "excluded_lines": 0, "percent_statements_covered": 100.0, "percent_statements_covered_display": "100"}, "missing_lines": [], "excluded_lines": [], "functions": {"TokenUsage.total_tokens": {"executed_lines": [30], "summary": {"covered_lines": 1, "num_statements": 1, "percent_covered": 100.0, "percent_covered_display": "100", "missing_lines": 0, "excluded_lines": 0, "percent_statements_covered": 100.0, "percent_statements_covered_display": "100"}, "missing_lines": [], "excluded_lines": [], "start_line": 29}, "TokenTracker.record": {"executed_lines": [66, 67, 68, 69, 72, 73, 78, 79, 80, 81, 82, 83, 86, 87, 89], "summary": {"covered_lines": 15, "num_statements": 15, "percent_covered": 100.0, "percent_covered_display": "100", "missing_lines": 0, "excluded_lines": 0, "percent_statements_covered": 100.0, "percent_statements_covered_display": "100"}, "missing_lines": [], "excluded_lines": [], "start_line": 57}, "TokenTracker.get_summary": {"executed_lines": [97], "summary": {"covered_lines": 1, "num_statements": 1, "percent_covered": 100.0, "percent_covered_display": "100", "missing_lines": 0, "excluded_lines": 0, "percent_statements_covered": 100.0, "percent_statements_covered_display": "100"}, "missing_lines": [], "excluded_lines": [], "start_line": 95}, "TokenTracker.format_summary": {"executed_lines": [109, 121, 122, 123, 128, 129, 134], "summary": {"covered_lines": 7, "num_statements": 7, "percent_covered": 100.0, "percent_covered_display": "100", "missing_lines": 0, "excluded_lines": 0, "percent_statements_covered": 100.0, "percent_statements_covered_display": "100"}, "missing_lines": [], "excluded_lines": [], "start_line": 107}, "extract_token_usage_from_langchain": {"executed_lines": [152, 154, 156, 157, 158, 159, 162, 163, 165, 166, 168, 169, 172, 173, 174, 175, 176, 177, 178, 180, 181, 183], "summary": {"covered_lines": 22, "num_statements": 22, "percent_covered": 100.0, "percent_covered_display": "100", "missing_lines": 0, "excluded_lines": 0, "percent_statements_covered": 100.0, "percent_statements_covered_display": "100"}, "missing_lines": [], "excluded_lines": [], "start_line": 139}, "estimate_cost": {"executed_lines": [201, 202, 203, 204, 205, 206, 212], "summary": {"covered_lines": 7, "num_statements": 7, "percent_covered": 100.0, "percent_covered_display": "100", "missing_lines": 0, "excluded_lines": 0, "percent_statements_covered": 100.0, "percent_statements_covered_display": "100"}, "missing_lines": [], "excluded_lines": [], "start_line": 199}, "_match_pricing": {"executed_lines": [217, 218, 219, 220, 222, 223, 224, 225], "summary": {"covered_lines": 8, "num_statements": 8, "percent_covered": 100.0, "percent_covered_display": "100", "missing_lines": 0, "excluded_lines": 0, "percent_statements_covered": 100.0, "percent_statements_covered_display": "100"}, "missing_lines": [], "excluded_lines": [], "start_line": 215}, "": {"executed_lines": [9, 10, 11, 13, 18, 19, 21, 22, 23, 24, 25, 26, 28, 29, 33, 34, 43, 44, 45, 46, 49, 52, 55, 57, 95, 107, 139, 189, 199, 215], "summary": {"covered_lines": 30, "num_statements": 30, "percent_covered": 100.0, "percent_covered_display": "100", "missing_lines": 0, "excluded_lines": 0, "percent_statements_covered": 100.0, "percent_statements_covered_display": "100"}, "missing_lines": [], "excluded_lines": [], "start_line": 1}}, "classes": {"TokenUsage": {"executed_lines": [30], "summary": {"covered_lines": 1, "num_statements": 1, "percent_covered": 100.0, "percent_covered_display": "100", "missing_lines": 0, "excluded_lines": 0, "percent_statements_covered": 100.0, "percent_statements_covered_display": "100"}, "missing_lines": [], "excluded_lines": [], "start_line": 19}, "TokenTracker": {"executed_lines": [66, 67, 68, 69, 72, 73, 78, 79, 80, 81, 82, 83, 86, 87, 89, 97, 109, 121, 122, 123, 128, 129, 134], "summary": {"covered_lines": 23, "num_statements": 23, "percent_covered": 100.0, "percent_covered_display": "100", "missing_lines": 0, "excluded_lines": 0, "percent_statements_covered": 100.0, "percent_statements_covered_display": "100"}, "missing_lines": [], "excluded_lines": [], "start_line": 34}, "": {"executed_lines": [9, 10, 11, 13, 18, 19, 21, 22, 23, 24, 25, 26, 28, 29, 33, 34, 43, 44, 45, 46, 49, 52, 55, 57, 95, 107, 139, 152, 154, 156, 157, 158, 159, 162, 163, 165, 166, 168, 169, 172, 173, 174, 175, 176, 177, 178, 180, 181, 183, 189, 199, 201, 202, 203, 204, 205, 206, 212, 215, 217, 218, 219, 220, 222, 223, 224, 225], "summary": {"covered_lines": 67, "num_statements": 67, "percent_covered": 100.0, "percent_covered_display": "100", "missing_lines": 0, "excluded_lines": 0, "percent_statements_covered": 100.0, "percent_statements_covered_display": "100"}, "missing_lines": [], "excluded_lines": [], "start_line": 1}}}, "backend/utils/tool_manager.py": {"executed_lines": [9, 10, 11, 12, 13, 14, 16, 19, 20, 22, 23, 24, 25, 26, 29, 41, 46, 47, 48, 49, 52, 53, 58, 67, 68, 75, 77, 79, 80, 81, 82, 86, 88, 97, 102, 108, 109, 110, 111, 112, 113, 114, 115, 116, 120, 127, 128, 130, 132, 133, 136, 138, 139, 140, 142, 143, 144, 145, 146, 148, 149, 150, 152, 154, 156, 157, 158, 160, 161, 162, 163, 164, 166, 167, 168, 172, 174, 176, 177, 178, 179, 186, 187, 195, 197, 198, 199, 200, 201, 202, 203, 204, 205, 207, 208, 209, 210], "summary": {"covered_lines": 97, "num_statements": 100, "percent_covered": 97.0, "percent_covered_display": "97", "missing_lines": 3, "excluded_lines": 0, "percent_statements_covered": 97.0, "percent_statements_covered_display": "97"}, "missing_lines": [54, 183, 184], "excluded_lines": [], "functions": {"BlogToolManager.__init__": {"executed_lines": [46, 47, 48, 49, 52, 53], "summary": {"covered_lines": 6, "num_statements": 7, "percent_covered": 85.71428571428571, "percent_covered_display": "86", "missing_lines": 1, "excluded_lines": 0, "percent_statements_covered": 85.71428571428571, "percent_statements_covered_display": "86"}, "missing_lines": [54], "excluded_lines": [], "start_line": 41}, "BlogToolManager.register": {"executed_lines": [67, 68, 75], "summary": {"covered_lines": 3, "num_statements": 3, "percent_covered": 100.0, "percent_covered_display": "100", "missing_lines": 0, "excluded_lines": 0, "percent_statements_covered": 100.0, "percent_statements_covered_display": "100"}, "missing_lines": [], "excluded_lines": [], "start_line": 58}, "BlogToolManager.register_decorator": {"executed_lines": [79, 82], "summary": {"covered_lines": 2, "num_statements": 2, "percent_covered": 100.0, "percent_covered_display": "100", "missing_lines": 0, "excluded_lines": 0, "percent_statements_covered": 100.0, "percent_statements_covered_display": "100"}, "missing_lines": [], "excluded_lines": [], "start_line": 77}, "BlogToolManager.register_decorator.decorator": {"executed_lines": [80, 81], "summary": {"covered_lines": 2, "num_statements": 2, "percent_covered": 100.0, "percent_covered_display": "100", "missing_lines": 0, "excluded_lines": 0, "percent_statements_covered": 100.0, "percent_statements_covered_display": "100"}, "missing_lines": [], "excluded_lines": [], "start_line": 79}, "BlogToolManager.get_all_tools": {"executed_lines": [88], "summary": {"covered_lines": 1, "num_statements": 1, "percent_covered": 100.0, "percent_covered_display": "100", "missing_lines": 0, "excluded_lines": 0, "percent_statements_covered": 100.0, "percent_statements_covered_display": "100"}, "missing_lines": [], "excluded_lines": [], "start_line": 86}, "BlogToolManager.fix_arguments": {"executed_lines": [108, 109, 110, 111, 112, 113, 114, 115, 116], "summary": {"covered_lines": 9, "num_statements": 9, "percent_covered": 100.0, "percent_covered_display": "100", "missing_lines": 0, "excluded_lines": 0, "percent_statements_covered": 100.0, "percent_statements_covered_display": "100"}, "missing_lines": [], "excluded_lines": [], "start_line": 102}, "BlogToolManager.execute_tool": {"executed_lines": [127, 128, 130, 132, 133, 136, 138, 139, 140, 142, 148, 149, 150, 152, 154, 156, 157, 158, 160, 161, 162, 163, 164, 166, 167, 168], "summary": {"covered_lines": 26, "num_statements": 26, "percent_covered": 100.0, "percent_covered_display": "100", "missing_lines": 0, "excluded_lines": 0, "percent_statements_covered": 100.0, "percent_statements_covered_display": "100"}, "missing_lines": [], "excluded_lines": [], "start_line": 120}, "BlogToolManager.execute_tool._run": {"executed_lines": [143, 144, 145, 146], "summary": {"covered_lines": 4, "num_statements": 4, "percent_covered": 100.0, "percent_covered_display": "100", "missing_lines": 0, "excluded_lines": 0, "percent_statements_covered": 100.0, "percent_statements_covered_display": "100"}, "missing_lines": [], "excluded_lines": [], "start_line": 142}, "BlogToolManager.set_task_log": {"executed_lines": [174], "summary": {"covered_lines": 1, "num_statements": 1, "percent_covered": 100.0, "percent_covered_display": "100", "missing_lines": 0, "excluded_lines": 0, "percent_statements_covered": 100.0, "percent_statements_covered_display": "100"}, "missing_lines": [], "excluded_lines": [], "start_line": 172}, "BlogToolManager._log_to_task_log": {"executed_lines": [177, 178, 179], "summary": {"covered_lines": 3, "num_statements": 5, "percent_covered": 60.0, "percent_covered_display": "60", "missing_lines": 2, "excluded_lines": 0, "percent_statements_covered": 60.0, "percent_statements_covered_display": "60"}, "missing_lines": [183, 184], "excluded_lines": [], "start_line": 176}, "BlogToolManager._record": {"executed_lines": [187], "summary": {"covered_lines": 1, "num_statements": 1, "percent_covered": 100.0, "percent_covered_display": "100", "missing_lines": 0, "excluded_lines": 0, "percent_statements_covered": 100.0, "percent_statements_covered_display": "100"}, "missing_lines": [], "excluded_lines": [], "start_line": 186}, "BlogToolManager.get_execution_stats": {"executed_lines": [197, 198, 199, 200, 201, 202, 203, 204, 205, 207, 208, 209, 210], "summary": {"covered_lines": 13, "num_statements": 13, "percent_covered": 100.0, "percent_covered_display": "100", "missing_lines": 0, "excluded_lines": 0, "percent_statements_covered": 100.0, "percent_statements_covered_display": "100"}, "missing_lines": [], "excluded_lines": [], "start_line": 195}, "": {"executed_lines": [9, 10, 11, 12, 13, 14, 16, 19, 20, 22, 23, 24, 25, 26, 29, 41, 58, 77, 86, 97, 102, 120, 172, 176, 186, 195], "summary": {"covered_lines": 26, "num_statements": 26, "percent_covered": 100.0, "percent_covered_display": "100", "missing_lines": 0, "excluded_lines": 0, "percent_statements_covered": 100.0, "percent_statements_covered_display": "100"}, "missing_lines": [], "excluded_lines": [], "start_line": 1}}, "classes": {"ToolDefinition": {"executed_lines": [], "summary": {"covered_lines": 0, "num_statements": 0, "percent_covered": 100.0, "percent_covered_display": "100", "missing_lines": 0, "excluded_lines": 0, "percent_statements_covered": 100.0, "percent_statements_covered_display": "100"}, "missing_lines": [], "excluded_lines": [], "start_line": 20}, "BlogToolManager": {"executed_lines": [46, 47, 48, 49, 52, 53, 67, 68, 75, 79, 80, 81, 82, 88, 108, 109, 110, 111, 112, 113, 114, 115, 116, 127, 128, 130, 132, 133, 136, 138, 139, 140, 142, 143, 144, 145, 146, 148, 149, 150, 152, 154, 156, 157, 158, 160, 161, 162, 163, 164, 166, 167, 168, 174, 177, 178, 179, 187, 197, 198, 199, 200, 201, 202, 203, 204, 205, 207, 208, 209, 210], "summary": {"covered_lines": 71, "num_statements": 74, "percent_covered": 95.94594594594595, "percent_covered_display": "96", "missing_lines": 3, "excluded_lines": 0, "percent_statements_covered": 95.94594594594595, "percent_statements_covered_display": "96"}, "missing_lines": [54, 183, 184], "excluded_lines": [], "start_line": 29}, "": {"executed_lines": [9, 10, 11, 12, 13, 14, 16, 19, 20, 22, 23, 24, 25, 26, 29, 41, 58, 77, 86, 97, 102, 120, 172, 176, 186, 195], "summary": {"covered_lines": 26, "num_statements": 26, "percent_covered": 100.0, "percent_covered_display": "100", "missing_lines": 0, "excluded_lines": 0, "percent_statements_covered": 100.0, "percent_statements_covered_display": "100"}, "missing_lines": [], "excluded_lines": [], "start_line": 1}}}}, "totals": {"covered_lines": 5927, "num_statements": 14480, "percent_covered": 40.93232044198895, "percent_covered_display": "41", "missing_lines": 8553, "excluded_lines": 1, "percent_statements_covered": 40.93232044198895, "percent_statements_covered_display": "41"}}