SF:vibe-blog\backend\services\__init__.py
DA:4,1
DA:5,1
DA:6,1
DA:14,1
DA:15,1
DA:16,1
DA:17,1
DA:19,1
LF:8
LH:8
end_of_record
SF:vibe-blog\backend\services\blog_generator\__init__.py
DA:15,1
DA:16,1
DA:18,1
LF:3
LH:3
end_of_record
SF:vibe-blog\backend\services\blog_generator\agents\__init__.py
DA:5,1
DA:6,1
DA:7,1
DA:8,1
DA:9,1
DA:10,1
DA:11,1
DA:12,1
DA:13,1
DA:15,1
LF:10
LH:10
end_of_record
SF:vibe-blog\backend\services\blog_generator\agents\artist.py
DA:5,1
DA:6,1
DA:7,1
DA:8,1
DA:9,1
DA:10,1
DA:12,1
DA:13,1
DA:14,1
DA:17,1
DA:19,1
DA:21,0
DA:22,0
DA:23,0
DA:25,1
DA:28,1
DA:37,1
DA:39,0
DA:40,0
DA:41,0
DA:42,0
DA:43,0
DA:44,0
DA:46,0
DA:47,0
DA:48,0
DA:49,0
DA:50,0
DA:51,0
DA:53,0
DA:54,0
DA:55,0
DA:56,0
DA:57,0
DA:59,1
DA:61,1
DA:62,0
DA:63,0
DA:64,0
DA:65,0
DA:66,0
DA:68,1
DA:69,1
DA:70,1
DA:71,1
DA:72,1
DA:74,1
DA:77,1
DA:84,1
DA:90,1
DA:91,1
DA:94,1
DA:104,1
DA:109,1
DA:116,0
DA:117,0
DA:119,1
DA:133,0
DA:134,0
DA:135,0
DA:138,0
DA:140,0
DA:142,0
DA:143,0
DA:145,0
DA:146,0
DA:153,0
DA:154,0
DA:157,0
DA:158,0
DA:161,0
DA:166,0
DA:168,0
DA:169,0
DA:170,0
DA:173,0
DA:174,0
DA:176,0
DA:177,0
DA:178,0
DA:179,0
DA:180,0
DA:182,0
DA:183,0
DA:187,0
DA:188,0
DA:195,0
DA:198,0
DA:199,0
DA:207,0
DA:209,1
DA:219,0
DA:221,0
DA:222,0
DA:223,0
DA:226,0
DA:228,0
DA:229,0
DA:231,0
DA:234,0
DA:237,0
DA:239,0
DA:240,0
DA:242,0
DA:245,0
DA:246,0
DA:248,0
DA:250,0
DA:251,0
DA:253,0
DA:257,1
DA:260,0
DA:261,0
DA:263,0
DA:264,0
DA:266,0
DA:267,0
DA:269,1
DA:271,0
DA:272,0
DA:273,0
DA:274,0
DA:275,0
DA:276,0
DA:277,0
DA:278,0
DA:279,0
DA:280,0
DA:281,0
DA:283,1
DA:285,0
DA:286,0
DA:287,0
DA:288,0
DA:296,0
DA:297,0
DA:298,0
DA:299,0
DA:300,0
DA:301,0
DA:302,0
DA:303,0
DA:304,0
DA:305,0
DA:306,0
DA:307,0
DA:308,0
DA:309,0
DA:311,1
DA:312,1
DA:336,0
DA:337,0
DA:338,0
DA:350,0
DA:351,0
DA:353,0
DA:354,0
DA:359,0
DA:360,0
DA:361,0
DA:362,0
DA:365,0
DA:366,0
DA:367,0
DA:370,0
DA:371,0
DA:374,0
DA:375,0
DA:376,0
DA:377,0
DA:378,0
DA:379,0
DA:382,0
DA:383,0
DA:391,0
DA:392,0
DA:393,0
DA:394,0
DA:396,0
DA:397,0
DA:398,0
DA:401,0
DA:402,0
DA:403,0
DA:404,0
DA:405,0
DA:407,0
DA:413,0
DA:414,0
DA:415,0
DA:419,1
DA:421,0
DA:422,0
DA:424,0
DA:436,0
DA:437,0
DA:441,0
DA:442,0
DA:444,0
DA:445,0
DA:446,0
DA:447,0
DA:451,0
DA:457,0
DA:458,0
DA:459,0
DA:461,1
DA:463,0
DA:464,0
DA:465,0
DA:466,0
DA:468,0
DA:469,0
DA:476,0
DA:477,0
DA:480,0
DA:481,0
DA:482,0
DA:483,0
DA:484,0
DA:485,0
DA:486,0
DA:488,1
DA:496,0
DA:497,0
DA:498,0
DA:499,0
DA:500,0
DA:504,0
DA:505,0
DA:506,0
DA:508,0
DA:509,0
DA:510,0
DA:511,0
DA:512,0
DA:514,0
DA:517,1
DA:538,0
DA:539,0
DA:540,0
DA:541,0
DA:543,0
DA:545,0
DA:547,0
DA:548,0
DA:549,0
DA:550,0
DA:551,0
DA:552,0
DA:555,0
DA:556,0
DA:557,0
DA:560,0
DA:561,0
DA:563,0
DA:570,0
DA:572,0
DA:573,0
DA:574,0
DA:576,0
DA:577,0
DA:579,0
DA:580,0
DA:581,0
DA:583,1
DA:594,0
DA:595,0
DA:597,0
DA:598,0
DA:599,0
DA:604,0
DA:606,1
DA:607,1
DA:621,0
DA:622,0
DA:624,0
DA:625,0
DA:626,0
DA:629,0
DA:630,0
DA:631,0
DA:634,0
DA:635,0
DA:637,0
DA:639,0
DA:644,0
DA:649,0
DA:650,0
DA:653,0
DA:654,0
DA:655,0
DA:661,0
DA:663,0
DA:664,0
DA:665,0
DA:667,0
DA:669,1
DA:670,1
DA:681,0
DA:682,0
DA:683,0
DA:684,0
DA:686,0
DA:687,0
DA:688,0
DA:689,0
DA:690,0
DA:694,0
DA:695,0
DA:696,0
DA:697,0
DA:698,0
DA:702,0
DA:703,0
DA:707,0
DA:709,0
DA:710,0
DA:712,0
DA:713,0
DA:716,0
DA:717,0
DA:720,0
DA:721,0
DA:722,0
DA:723,0
DA:724,0
DA:725,0
DA:726,0
DA:727,0
DA:730,0
DA:731,0
DA:733,0
DA:734,0
DA:735,0
DA:736,0
DA:738,0
DA:739,0
DA:741,0
DA:742,0
DA:743,0
DA:746,0
DA:747,0
DA:748,0
DA:749,0
DA:750,0
DA:752,0
DA:764,0
DA:767,0
DA:768,0
DA:769,0
DA:771,0
DA:773,0
DA:774,0
DA:775,0
DA:776,0
DA:777,0
DA:778,0
DA:779,0
DA:781,0
DA:784,0
DA:785,0
DA:787,0
DA:799,0
DA:802,0
DA:803,0
DA:804,0
DA:807,0
DA:808,0
DA:810,0
DA:822,0
DA:824,0
DA:825,0
DA:826,0
DA:827,0
DA:830,0
DA:831,0
DA:832,0
DA:833,0
DA:835,0
DA:836,0
DA:837,0
DA:839,0
DA:840,0
DA:842,0
DA:845,0
DA:846,0
DA:848,0
DA:849,0
DA:850,0
DA:852,0
DA:855,0
DA:858,0
DA:862,0
DA:864,0
DA:866,0
DA:868,0
DA:877,0
DA:878,0
DA:881,0
DA:883,0
DA:888,0
DA:890,0
DA:891,0
DA:894,0
DA:897,0
DA:899,0
DA:906,0
DA:908,0
DA:909,0
DA:912,0
DA:913,0
DA:914,0
DA:915,0
DA:922,0
DA:923,0
DA:924,0
DA:925,0
DA:926,0
DA:927,0
DA:928,0
DA:929,0
DA:931,0
DA:944,0
DA:945,0
DA:946,0
DA:954,0
DA:956,0
DA:957,0
DA:959,0
DA:960,0
DA:961,0
DA:962,0
DA:964,0
DA:965,0
DA:966,0
DA:967,0
DA:968,0
DA:971,0
DA:972,0
DA:973,0
DA:981,0
DA:982,0
DA:984,0
DA:985,0
DA:986,0
DA:987,0
DA:989,0
DA:991,0
DA:992,0
DA:998,0
DA:999,0
DA:1002,0
DA:1003,0
DA:1004,0
DA:1005,0
DA:1012,0
DA:1013,0
DA:1014,0
DA:1015,0
DA:1016,0
DA:1017,0
DA:1018,0
DA:1019,0
DA:1021,0
DA:1034,0
DA:1035,0
DA:1036,0
DA:1037,0
DA:1046,0
DA:1047,0
DA:1049,0
DA:1050,0
DA:1051,0
DA:1052,0
DA:1054,0
DA:1055,0
DA:1058,0
DA:1061,0
DA:1062,0
DA:1065,0
DA:1066,0
DA:1067,0
DA:1068,0
DA:1069,0
DA:1071,0
DA:1072,0
DA:1074,0
DA:1076,1
DA:1095,0
DA:1096,0
DA:1098,0
DA:1099,0
DA:1100,0
DA:1101,0
DA:1102,0
DA:1103,0
DA:1105,0
DA:1108,0
DA:1109,0
DA:1110,0
DA:1113,0
DA:1114,0
DA:1116,0
DA:1118,0
DA:1119,0
DA:1121,0
DA:1123,0
DA:1125,0
DA:1126,0
DA:1127,0
DA:1128,0
DA:1129,0
DA:1130,0
DA:1133,0
DA:1135,0
DA:1137,0
DA:1138,0
DA:1139,0
DA:1141,0
DA:1142,0
DA:1145,0
DA:1149,0
DA:1151,0
DA:1158,0
DA:1159,0
DA:1160,0
DA:1161,0
DA:1163,0
DA:1177,0
DA:1178,0
DA:1179,0
DA:1181,0
DA:1182,0
DA:1183,0
DA:1184,0
DA:1187,0
DA:1189,0
DA:1190,0
DA:1191,0
DA:1196,0
DA:1197,0
DA:1198,0
DA:1199,0
DA:1202,0
DA:1203,0
DA:1204,0
DA:1205,0
DA:1208,0
DA:1209,0
DA:1210,0
DA:1211,0
DA:1213,0
DA:1216,0
DA:1219,0
DA:1221,0
DA:1222,0
DA:1223,0
DA:1225,0
DA:1227,0
LF:560
LH:46
FN:19,23,_should_use_parallel
FNDA:0,_should_use_parallel
FN:37,57,_extract_json
FNDA:0,_extract_json
FN:59,72,_get_observe_decorator
FNDA:1,_get_observe_decorator
FN:68,71,_get_observe_decorator.noop_decorator
FNDA:1,_get_observe_decorator.noop_decorator
FN:69,70,_get_observe_decorator.noop_decorator.wrapper
FNDA:1,_get_observe_decorator.noop_decorator.wrapper
FN:109,117,ArtistAgent.__init__
FNDA:0,ArtistAgent.__init__
FN:119,207,ArtistAgent.detect_ascii_flowcharts
FNDA:0,ArtistAgent.detect_ascii_flowcharts
FN:209,253,ArtistAgent.preprocess_ascii_flowcharts
FNDA:0,ArtistAgent.preprocess_ascii_flowcharts
FN:257,267,ArtistAgent._sanitize_mermaid
FNDA:0,ArtistAgent._sanitize_mermaid
FN:269,281,ArtistAgent._validate_mermaid
FNDA:0,ArtistAgent._validate_mermaid
FN:283,309,ArtistAgent._repair_mermaid
FNDA:0,ArtistAgent._repair_mermaid
FN:312,415,ArtistAgent.generate_image
FNDA:0,ArtistAgent.generate_image
FN:419,459,ArtistAgent.evaluate_image
FNDA:0,ArtistAgent.evaluate_image
FN:461,486,ArtistAgent.improve_image
FNDA:0,ArtistAgent.improve_image
FN:488,514,ArtistAgent.refine_image
FNDA:0,ArtistAgent.refine_image
FN:517,581,ArtistAgent._render_ai_image
FNDA:0,ArtistAgent._render_ai_image
FN:583,604,ArtistAgent.extract_image_placeholders
FNDA:0,ArtistAgent.extract_image_placeholders
FN:607,667,ArtistAgent.detect_missing_diagrams
FNDA:0,ArtistAgent.detect_missing_diagrams
FN:670,1074,ArtistAgent.run
FNDA:0,ArtistAgent.run
FN:864,952,ArtistAgent.run.generate_single_task
FNDA:0,ArtistAgent.run.generate_single_task
FN:1076,1227,ArtistAgent._generate_mini_section_images
FNDA:0,ArtistAgent._generate_mini_section_images
FN:1123,1184,ArtistAgent._generate_mini_section_images.generate_section_image
FNDA:0,ArtistAgent._generate_mini_section_images.generate_section_image
FNF:22
FNH:3
end_of_record
SF:vibe-blog\backend\services\blog_generator\agents\assembler.py
DA:5,1
DA:6,1
DA:7,1
DA:9,1
DA:10,1
DA:15,1
DA:18,1
DA:25,0
DA:26,0
DA:27,0
DA:29,0
DA:30,0
DA:32,0
DA:33,0
DA:34,0
DA:35,0
DA:37,0
DA:39,0
DA:40,0
DA:41,0
DA:42,0
DA:43,0
DA:45,0
DA:46,0
DA:47,0
DA:48,0
DA:49,0
DA:50,0
DA:51,0
DA:52,0
DA:54,0
DA:56,0
DA:58,0
DA:60,0
DA:61,0
DA:65,1
DA:68,1
DA:73,0
DA:74,0
DA:75,0
DA:77,0
DA:78,0
DA:79,0
DA:80,0
DA:81,0
DA:82,0
DA:84,0
DA:85,0
DA:86,0
DA:89,0
DA:91,0
DA:92,0
DA:94,0
DA:97,1
DA:102,1
DA:106,0
DA:108,1
DA:125,0
DA:126,0
DA:128,0
DA:129,0
DA:130,0
DA:131,0
DA:132,0
DA:133,0
DA:135,0
DA:137,0
DA:139,1
DA:140,1
DA:142,0
DA:144,1
DA:158,0
DA:159,0
DA:160,0
DA:162,0
DA:163,0
DA:165,0
DA:166,0
DA:167,0
DA:168,0
DA:169,0
DA:170,0
DA:171,0
DA:172,0
DA:173,0
DA:174,0
DA:175,0
DA:176,0
DA:177,0
DA:178,0
DA:179,0
DA:180,0
DA:182,0
DA:184,1
DA:196,0
DA:197,0
DA:199,0
DA:200,0
DA:201,0
DA:202,0
DA:204,0
DA:205,0
DA:207,0
DA:208,0
DA:209,0
DA:210,0
DA:211,0
DA:212,0
DA:214,0
DA:215,0
DA:216,0
DA:217,0
DA:219,0
DA:221,1
DA:243,0
DA:246,0
DA:247,0
DA:248,0
DA:249,0
DA:250,0
DA:251,0
DA:257,0
DA:268,0
DA:271,0
DA:272,0
DA:273,0
DA:276,0
DA:279,0
DA:282,0
DA:283,0
DA:285,0
DA:287,0
DA:290,0
DA:291,0
DA:293,0
DA:294,0
DA:295,0
DA:301,0
DA:302,0
DA:303,0
DA:305,0
DA:306,0
DA:307,0
DA:310,0
DA:311,0
DA:319,0
DA:322,0
DA:325,0
DA:328,0
DA:329,0
DA:330,0
DA:332,0
DA:339,1
DA:349,0
DA:350,0
DA:351,0
DA:352,0
DA:354,0
DA:355,0
DA:356,0
DA:357,0
DA:358,0
DA:359,0
DA:360,0
DA:361,0
DA:363,0
DA:364,0
DA:365,0
DA:366,0
DA:368,0
DA:369,0
DA:370,0
DA:372,0
DA:374,0
DA:383,0
DA:385,0
DA:389,0
LF:177
LH:18
FN:18,61,_fix_markdown_separators
FNDA:0,_fix_markdown_separators
FN:68,94,_strip_llm_annotations
FNDA:0,_strip_llm_annotations
FN:102,106,AssemblerAgent.__init__
FNDA:0,AssemblerAgent.__init__
FN:108,137,AssemblerAgent.extract_subheadings
FNDA:0,AssemblerAgent.extract_subheadings
FN:140,142,AssemblerAgent._normalize_url
FNDA:0,AssemblerAgent._normalize_url
FN:144,182,AssemblerAgent.build_footnote_map
FNDA:0,AssemblerAgent.build_footnote_map
FN:184,219,AssemblerAgent.replace_source_references
FNDA:0,AssemblerAgent.replace_source_references
FN:199,217,AssemblerAgent.replace_source_references.replace_match
FNDA:0,AssemblerAgent.replace_source_references.replace_match
FN:221,337,AssemblerAgent.assemble
FNDA:0,AssemblerAgent.assemble
FN:339,389,AssemblerAgent.run
FNDA:0,AssemblerAgent.run
FNF:10
FNH:0
end_of_record
SF:vibe-blog\backend\services\blog_generator\agents\coder.py
DA:5,1
DA:6,1
DA:7,1
DA:8,1
DA:9,1
DA:10,1
DA:12,1
DA:15,1
DA:17,1
DA:19,0
DA:20,0
DA:21,0
DA:23,1
DA:26,1
DA:28,1
DA:29,0
DA:30,0
DA:31,0
DA:32,0
DA:33,0
DA:34,0
DA:35,0
DA:36,1
DA:38,1
DA:40,1
DA:41,0
DA:42,0
DA:43,0
DA:44,0
DA:45,0
DA:47,1
DA:48,1
DA:49,1
DA:50,1
DA:51,1
DA:53,1
DA:54,1
DA:57,1
DA:62,1
DA:69,0
DA:71,1
DA:72,1
DA:92,0
DA:93,0
DA:100,0
DA:101,0
DA:106,0
DA:107,0
DA:114,0
DA:115,0
DA:116,0
DA:118,1
DA:129,0
DA:130,0
DA:132,0
DA:133,0
DA:134,0
DA:139,0
DA:141,1
DA:142,1
DA:153,0
DA:154,0
DA:155,0
DA:156,0
DA:158,0
DA:159,0
DA:160,0
DA:161,0
DA:162,0
DA:164,0
DA:167,0
DA:168,0
DA:169,0
DA:170,0
DA:172,0
DA:174,0
DA:175,0
DA:182,0
DA:183,0
DA:184,0
DA:185,0
DA:188,0
DA:189,0
DA:191,0
DA:192,0
DA:193,0
DA:195,0
DA:198,0
DA:200,0
DA:202,0
DA:203,0
DA:209,0
DA:221,0
DA:222,0
DA:223,0
DA:231,0
DA:233,0
DA:234,0
DA:236,0
DA:237,0
DA:238,0
DA:239,0
DA:241,0
DA:242,0
DA:245,0
DA:246,0
DA:247,0
DA:253,0
DA:265,0
DA:266,0
DA:267,0
DA:268,0
DA:277,0
DA:278,0
DA:280,0
DA:281,0
DA:282,0
DA:283,0
DA:286,0
DA:287,0
DA:288,0
DA:289,0
DA:290,0
DA:292,0
DA:293,0
DA:295,0
LF:126
LH:29
FN:17,21,_should_use_parallel
FNDA:0,_should_use_parallel
FN:26,36,_get_langfuse_client
FNDA:1,_get_langfuse_client
FN:38,51,_get_observe_decorator
FNDA:1,_get_observe_decorator
FN:47,50,_get_observe_decorator.noop_decorator
FNDA:1,_get_observe_decorator.noop_decorator
FN:48,49,_get_observe_decorator.noop_decorator.wrapper
FNDA:1,_get_observe_decorator.noop_decorator.wrapper
FN:62,69,CoderAgent.__init__
FNDA:0,CoderAgent.__init__
FN:72,116,CoderAgent.generate_code
FNDA:0,CoderAgent.generate_code
FN:118,139,CoderAgent.extract_code_placeholders
FNDA:0,CoderAgent.extract_code_placeholders
FN:142,295,CoderAgent.run
FNDA:0,CoderAgent.run
FN:200,229,CoderAgent.run.generate_single_task
FNDA:0,CoderAgent.run.generate_single_task
FNF:10
FNH:4
end_of_record
SF:vibe-blog\backend\services\blog_generator\agents\factcheck.py
DA:8,1
DA:9,1
DA:10,1
DA:11,1
DA:13,1
DA:15,1
DA:17,1
DA:20,1
DA:22,0
DA:23,0
DA:24,0
DA:25,0
DA:26,0
DA:27,0
DA:29,0
DA:30,0
DA:31,0
DA:32,0
DA:33,0
DA:34,0
DA:36,0
DA:37,0
DA:38,0
DA:39,0
DA:40,0
DA:43,1
DA:45,0
DA:46,0
DA:47,0
DA:48,0
DA:49,0
DA:50,0
DA:51,0
DA:54,1
DA:56,0
DA:57,0
DA:58,0
DA:59,0
DA:60,0
DA:61,0
DA:62,0
DA:63,0
DA:66,1
DA:68,0
DA:69,0
DA:70,0
DA:71,0
DA:72,0
DA:73,0
DA:74,0
DA:75,0
DA:76,0
DA:78,0
DA:79,0
DA:86,0
DA:87,0
DA:88,0
DA:95,0
DA:105,1
DA:113,1
DA:114,0
DA:115,0
DA:116,0
DA:118,1
DA:120,0
DA:121,0
DA:125,0
DA:129,0
DA:130,0
DA:131,0
DA:132,0
DA:134,1
DA:136,0
DA:137,0
DA:139,0
DA:140,0
DA:141,0
DA:143,0
DA:144,0
DA:145,0
DA:147,0
DA:148,0
DA:149,0
DA:150,0
DA:151,0
DA:152,0
DA:154,0
DA:155,0
DA:157,0
DA:165,0
DA:166,0
DA:167,0
DA:169,0
DA:170,0
DA:171,0
DA:174,0
DA:175,0
DA:176,0
DA:177,0
DA:178,0
DA:179,0
DA:180,0
DA:181,0
DA:182,0
DA:183,0
DA:184,0
DA:185,0
DA:186,0
DA:189,0
DA:191,0
DA:192,0
DA:194,0
LF:112
LH:15
FN:20,40,_extract_json
FNDA:0,_extract_json
FN:43,51,_build_content
FNDA:0,_build_content
FN:54,63,_build_evidence
FNDA:0,_build_evidence
FN:66,103,_normalize_report
FNDA:0,_normalize_report
FN:113,116,FactCheckAgent.__init__
FNDA:0,FactCheckAgent.__init__
FN:118,132,FactCheckAgent.check
FNDA:0,FactCheckAgent.check
FN:134,194,FactCheckAgent.run
FNDA:0,FactCheckAgent.run
FNF:7
FNH:0
end_of_record
SF:vibe-blog\backend\services\blog_generator\agents\humanizer.py
DA:8,1
DA:9,1
DA:10,1
DA:11,1
DA:12,1
DA:13,1
DA:14,1
DA:16,1
DA:18,1
DA:20,1
DA:23,1
DA:25,0
DA:28,1
DA:30,0
DA:31,0
DA:32,0
DA:34,0
DA:35,0
DA:36,0
DA:37,0
DA:38,0
DA:39,0
DA:40,0
DA:41,0
DA:42,0
DA:43,0
DA:45,0
DA:46,0
DA:49,0
DA:54,0
DA:55,0
DA:56,0
DA:57,0
DA:60,0
DA:61,0
DA:62,0
DA:63,0
DA:64,0
DA:65,0
DA:67,0
DA:70,1
DA:77,1
DA:78,0
DA:79,0
DA:80,0
DA:83,0
DA:84,0
DA:88,0
DA:93,1
DA:95,0
DA:96,0
DA:98,0
DA:102,0
DA:103,0
DA:104,0
DA:106,1
DA:108,0
DA:109,0
DA:114,0
DA:115,0
DA:116,0
DA:117,0
DA:122,0
DA:123,0
DA:124,0
DA:125,0
DA:126,0
DA:127,0
DA:128,0
DA:132,0
DA:133,0
DA:134,0
DA:135,0
DA:137,1
DA:138,1
DA:140,0
DA:141,0
DA:142,0
DA:143,0
DA:144,0
DA:145,0
DA:146,0
DA:147,0
DA:148,0
DA:150,0
DA:151,0
DA:153,1
DA:160,0
DA:161,0
DA:164,0
DA:165,0
DA:166,0
DA:167,0
DA:169,0
DA:170,0
DA:173,0
DA:174,0
DA:175,0
DA:176,0
DA:177,0
DA:179,0
DA:180,0
DA:181,0
DA:184,0
DA:185,0
DA:189,0
DA:190,0
DA:191,0
DA:194,0
DA:195,0
DA:196,0
DA:197,0
DA:198,0
DA:199,0
DA:200,0
DA:202,0
DA:203,0
DA:204,0
DA:205,0
DA:206,0
DA:207,0
DA:209,0
DA:210,0
DA:211,0
DA:212,0
DA:213,0
DA:214,0
DA:217,0
DA:218,0
DA:219,0
DA:220,0
DA:224,0
DA:225,0
DA:226,0
DA:227,0
DA:230,0
DA:231,0
DA:232,0
DA:233,0
DA:234,0
DA:241,0
DA:242,0
DA:243,0
DA:244,0
DA:245,0
DA:246,0
DA:247,0
DA:248,0
DA:249,0
DA:250,0
DA:254,0
DA:255,0
DA:256,0
DA:257,0
DA:258,0
DA:259,0
DA:260,0
DA:261,0
DA:262,0
DA:263,0
DA:264,0
DA:265,0
DA:268,0
DA:269,0
DA:270,0
DA:271,0
DA:272,0
DA:273,0
DA:274,0
DA:276,0
DA:282,0
DA:284,1
DA:294,0
DA:295,0
DA:296,0
DA:298,0
DA:299,0
DA:300,0
DA:301,0
DA:303,0
DA:305,0
DA:306,0
DA:307,0
DA:308,0
DA:309,0
DA:312,0
DA:313,0
DA:318,0
DA:319,0
DA:320,0
DA:321,0
DA:322,0
DA:323,0
DA:324,0
DA:325,0
DA:328,0
DA:329,0
DA:330,0
DA:331,0
DA:332,0
DA:333,0
DA:334,0
DA:336,0
DA:337,0
DA:339,0
DA:340,0
DA:342,0
DA:349,0
LF:208
LH:20
FN:23,25,_extract_source_placeholders
FNDA:0,_extract_source_placeholders
FN:28,67,_extract_json
FNDA:0,_extract_json
FN:77,91,HumanizerAgent.__init__
FNDA:0,HumanizerAgent.__init__
FN:93,104,HumanizerAgent._score_section
FNDA:0,HumanizerAgent._score_section
FN:106,135,HumanizerAgent._rewrite_section
FNDA:0,HumanizerAgent._rewrite_section
FN:138,151,HumanizerAgent._apply_replacements
FNDA:0,HumanizerAgent._apply_replacements
FN:153,282,HumanizerAgent._process_section
FNDA:0,HumanizerAgent._process_section
FN:284,349,HumanizerAgent.run
FNDA:0,HumanizerAgent.run
FNF:8
FNH:0
end_of_record
SF:vibe-blog\backend\services\blog_generator\agents\planner.py
DA:5,1
DA:6,1
DA:7,1
DA:8,1
DA:10,1
DA:12,1
DA:15,1
DA:20,1
DA:27,0
DA:29,1
DA:74,0
DA:75,0
DA:77,0
DA:78,0
DA:100,0
DA:102,0
DA:104,0
DA:105,0
DA:106,0
DA:108,0
DA:109,0
DA:111,0
DA:117,0
DA:118,0
DA:124,0
DA:125,0
DA:126,0
DA:127,0
DA:128,0
DA:129,0
DA:130,0
DA:131,0
DA:134,0
DA:135,0
DA:136,0
DA:137,0
DA:138,0
DA:139,0
DA:141,0
DA:144,0
DA:145,0
DA:146,0
DA:147,0
DA:148,0
DA:151,0
DA:152,0
DA:153,0
DA:155,0
DA:156,0
DA:157,0
DA:159,0
DA:160,0
DA:161,0
DA:163,0
DA:166,0
DA:167,0
DA:168,0
DA:169,0
DA:172,0
DA:173,0
DA:174,0
DA:175,0
DA:176,0
DA:177,0
DA:180,0
DA:181,0
DA:182,0
DA:183,0
DA:184,0
DA:185,0
DA:187,0
DA:189,0
DA:190,0
DA:191,0
DA:192,0
DA:193,0
DA:194,0
DA:196,1
DA:197,1
DA:203,0
DA:204,0
DA:206,0
DA:207,0
DA:209,0
DA:211,0
DA:212,0
DA:215,0
DA:216,0
DA:217,0
DA:218,0
DA:219,0
DA:220,0
DA:221,0
DA:222,0
DA:223,0
DA:224,0
DA:225,0
DA:227,0
DA:228,0
DA:231,0
DA:232,0
DA:233,0
DA:234,0
DA:235,0
DA:237,0
DA:238,0
DA:239,0
DA:240,0
DA:242,0
DA:243,0
DA:244,0
DA:245,0
DA:246,0
DA:247,0
DA:250,0
DA:251,0
DA:252,0
DA:253,0
DA:254,0
DA:255,0
DA:256,0
DA:257,0
DA:259,0
DA:261,0
DA:263,1
DA:274,0
DA:276,0
DA:277,0
DA:300,0
DA:303,0
DA:304,0
DA:305,0
DA:306,0
DA:308,0
DA:310,0
DA:311,0
DA:312,0
DA:314,0
LF:138
LH:12
FN:20,27,PlannerAgent.__init__
FNDA:0,PlannerAgent.__init__
FN:29,194,PlannerAgent.generate_outline
FNDA:0,PlannerAgent.generate_outline
FN:106,109,PlannerAgent.generate_outline.on_chunk
FNDA:0,PlannerAgent.generate_outline.on_chunk
FN:197,261,PlannerAgent._repair_truncated_json
FNDA:0,PlannerAgent._repair_truncated_json
FN:263,314,PlannerAgent.run
FNDA:0,PlannerAgent.run
FNF:5
FNH:0
end_of_record
SF:vibe-blog\backend\services\blog_generator\agents\questioner.py
DA:5,1
DA:6,1
DA:7,1
DA:8,1
DA:9,1
DA:11,1
DA:14,1
DA:16,1
DA:18,0
DA:19,0
DA:20,0
DA:21,0
DA:22,0
DA:24,1
DA:26,1
DA:28,1
DA:29,0
DA:30,0
DA:31,0
DA:32,0
DA:33,0
DA:35,1
DA:36,1
DA:37,1
DA:38,1
DA:39,1
DA:41,1
DA:44,1
DA:49,1
DA:56,0
DA:58,1
DA:59,1
DA:77,0
DA:78,0
DA:84,0
DA:85,0
DA:91,0
DA:92,0
DA:93,0
DA:99,0
DA:100,0
DA:106,0
DA:107,0
DA:108,0
DA:113,0
DA:114,0
DA:116,0
DA:122,1
DA:123,1
DA:146,0
DA:147,0
DA:154,0
DA:166,0
DA:167,0
DA:173,0
DA:174,0
DA:175,0
DA:177,0
DA:178,0
DA:180,0
DA:181,0
DA:186,0
DA:193,0
DA:195,0
DA:196,0
DA:197,0
DA:198,0
DA:199,0
DA:200,0
DA:202,1
DA:203,1
DA:214,0
DA:215,0
DA:216,0
DA:218,0
DA:219,0
DA:220,0
DA:221,0
DA:222,0
DA:223,0
DA:225,0
DA:226,0
DA:229,0
DA:230,0
DA:231,0
DA:232,0
DA:235,0
DA:236,0
DA:238,0
DA:239,0
DA:240,0
DA:241,0
DA:242,0
DA:244,0
DA:247,0
DA:248,0
DA:249,0
DA:250,0
DA:258,0
DA:260,0
DA:262,0
DA:263,0
DA:268,0
DA:274,0
DA:275,0
DA:276,0
DA:287,0
DA:289,0
DA:290,0
DA:292,0
DA:293,0
DA:294,0
DA:295,0
DA:298,0
DA:299,0
DA:300,0
DA:305,0
DA:311,0
DA:312,0
DA:313,0
DA:325,0
DA:326,0
DA:328,0
DA:329,0
DA:330,0
DA:331,0
DA:333,0
DA:339,0
DA:341,0
DA:342,0
DA:343,0
DA:345,0
DA:346,0
DA:348,0
DA:350,0
LF:135
LH:25
FN:16,22,_should_use_parallel
FNDA:0,_should_use_parallel
FN:26,39,_get_observe_decorator
FNDA:1,_get_observe_decorator
FN:35,38,_get_observe_decorator.noop_decorator
FNDA:1,_get_observe_decorator.noop_decorator
FN:36,37,_get_observe_decorator.noop_decorator.wrapper
FNDA:1,_get_observe_decorator.noop_decorator.wrapper
FN:49,56,QuestionerAgent.__init__
FNDA:0,QuestionerAgent.__init__
FN:59,120,QuestionerAgent.check_depth
FNDA:0,QuestionerAgent.check_depth
FN:123,200,QuestionerAgent.evaluate_section
FNDA:0,QuestionerAgent.evaluate_section
FN:203,350,QuestionerAgent.run
FNDA:0,QuestionerAgent.run
FN:260,285,QuestionerAgent.run.check_single_task
FNDA:0,QuestionerAgent.run.check_single_task
FNF:9
FNH:3
end_of_record
SF:vibe-blog\backend\services\blog_generator\agents\researcher.py
DA:5,1
DA:6,1
DA:7,1
DA:8,1
DA:9,1
DA:11,1
DA:13,1
DA:14,1
DA:15,1
DA:17,1
DA:20,1
DA:22,0
DA:23,0
DA:24,0
DA:25,0
DA:28,1
DA:34,1
DA:43,0
DA:44,0
DA:45,0
DA:46,0
DA:47,0
DA:50,0
DA:51,0
DA:52,0
DA:53,0
DA:55,0
DA:58,0
DA:59,0
DA:61,0
DA:62,0
DA:63,0
DA:64,0
DA:67,0
DA:68,0
DA:69,0
DA:70,0
DA:71,0
DA:72,0
DA:77,0
DA:78,0
DA:79,0
DA:82,0
DA:83,0
DA:84,0
DA:85,0
DA:86,0
DA:87,0
DA:91,0
DA:92,0
DA:93,0
DA:94,0
DA:97,0
DA:98,0
DA:99,0
DA:100,0
DA:101,0
DA:102,0
DA:103,0
DA:104,0
DA:105,0
DA:108,0
DA:109,0
DA:110,0
DA:111,0
DA:112,0
DA:113,0
DA:117,0
DA:118,0
DA:119,0
DA:122,0
DA:123,0
DA:124,0
DA:125,0
DA:126,0
DA:127,0
DA:128,0
DA:129,0
DA:132,0
DA:133,0
DA:134,0
DA:135,0
DA:136,0
DA:140,0
DA:141,0
DA:142,0
DA:144,1
DA:156,0
DA:162,0
DA:163,0
DA:165,0
DA:166,0
DA:167,0
DA:172,0
DA:177,0
DA:178,0
DA:180,0
DA:181,0
DA:182,0
DA:183,0
DA:185,0
DA:186,0
DA:187,0
DA:189,1
DA:202,0
DA:203,0
DA:209,0
DA:210,0
DA:212,0
DA:213,0
DA:214,0
DA:216,0
DA:217,0
DA:219,0
DA:220,0
DA:222,0
DA:223,0
DA:227,0
DA:228,0
DA:229,0
DA:231,0
DA:232,0
DA:233,0
DA:234,0
DA:235,0
DA:241,0
DA:245,0
DA:246,0
DA:249,0
DA:250,0
DA:251,0
DA:252,0
DA:253,0
DA:254,0
DA:255,0
DA:257,0
DA:260,0
DA:261,0
DA:269,0
DA:271,1
DA:272,1
DA:274,0
DA:276,0
DA:277,0
DA:279,0
DA:280,0
DA:282,0
DA:283,0
DA:284,0
DA:285,0
DA:287,1
DA:300,0
DA:301,0
DA:307,0
DA:308,0
DA:310,0
DA:311,0
DA:312,0
DA:313,0
DA:315,0
DA:316,0
DA:322,0
DA:323,0
DA:324,0
DA:326,0
DA:327,0
DA:328,0
DA:332,0
DA:335,0
DA:336,0
DA:344,0
DA:346,0
DA:347,0
DA:349,0
DA:350,0
DA:351,0
DA:353,1
DA:372,0
DA:373,0
DA:380,0
DA:381,0
DA:382,0
DA:389,0
DA:390,0
DA:392,0
DA:393,0
DA:400,0
DA:401,0
DA:407,0
DA:408,0
DA:409,0
DA:410,0
DA:411,0
DA:412,0
DA:413,0
DA:414,0
DA:415,0
DA:418,0
DA:419,0
DA:420,0
DA:421,0
DA:422,0
DA:425,0
DA:428,0
DA:430,0
DA:431,0
DA:432,0
DA:433,0
DA:434,0
DA:436,0
DA:437,0
DA:440,0
DA:441,0
DA:442,0
DA:443,0
DA:444,0
DA:445,0
DA:448,0
DA:456,0
DA:457,0
DA:458,0
DA:467,0
DA:469,0
DA:470,0
DA:471,0
DA:472,0
DA:475,0
DA:486,1
DA:497,0
DA:503,0
DA:504,0
DA:507,0
DA:508,0
DA:509,0
DA:514,0
DA:515,0
DA:517,0
DA:518,0
DA:523,0
DA:524,0
DA:530,0
DA:531,0
DA:532,0
DA:533,0
DA:534,0
DA:536,0
DA:539,0
DA:540,0
DA:541,0
DA:542,0
DA:545,0
DA:550,0
DA:551,0
DA:552,0
DA:559,0
DA:561,0
DA:562,0
DA:563,0
DA:565,1
DA:577,0
DA:582,0
DA:583,0
DA:586,0
DA:587,0
DA:593,0
DA:594,0
DA:596,0
DA:597,0
DA:605,0
DA:606,0
DA:612,0
DA:613,0
DA:614,0
DA:615,0
DA:616,0
DA:618,0
DA:621,0
DA:622,0
DA:623,0
DA:625,0
DA:629,0
DA:630,0
DA:638,0
DA:640,0
DA:641,0
DA:642,0
DA:644,1
DA:658,0
DA:659,0
DA:662,0
DA:663,0
DA:665,0
DA:668,0
DA:669,0
DA:670,0
DA:672,0
DA:674,0
DA:675,0
DA:678,0
DA:680,0
DA:681,0
DA:684,0
DA:685,0
DA:686,0
DA:687,0
DA:691,0
DA:693,0
DA:694,0
DA:697,0
DA:698,0
DA:701,0
DA:704,0
DA:706,0
DA:709,0
DA:715,0
DA:718,0
DA:724,0
DA:727,0
DA:732,0
DA:736,0
DA:737,0
DA:740,0
DA:741,0
DA:742,0
DA:747,0
DA:748,0
DA:753,0
DA:759,0
DA:760,0
DA:761,0
DA:765,0
DA:770,0
DA:775,0
DA:778,0
DA:780,0
DA:781,0
DA:782,0
DA:783,0
DA:784,0
DA:785,0
DA:786,0
DA:787,0
DA:788,0
DA:789,0
DA:794,0
DA:800,0
DA:801,0
DA:802,0
DA:803,0
DA:806,0
DA:807,0
DA:808,0
DA:809,0
DA:810,0
DA:811,0
DA:812,0
DA:818,0
DA:819,0
DA:822,0
DA:823,0
DA:824,0
DA:825,0
DA:826,0
DA:827,0
DA:828,0
DA:830,0
DA:831,0
DA:832,0
DA:833,0
DA:842,0
DA:843,0
DA:846,0
DA:847,0
DA:848,0
DA:849,0
DA:850,0
DA:852,0
DA:853,0
DA:854,0
DA:856,0
DA:858,0
DA:859,0
DA:860,0
DA:861,0
DA:862,0
DA:863,0
DA:864,0
DA:865,0
DA:866,0
DA:867,0
DA:868,0
DA:869,0
DA:870,0
DA:871,0
DA:873,0
DA:874,0
DA:878,0
DA:879,0
DA:883,0
DA:884,0
DA:895,0
DA:897,0
LF:402
LH:22
FN:20,25,_extract_domain
FNDA:0,_extract_domain
FN:34,142,ResearcherAgent.__init__
FNDA:0,ResearcherAgent.__init__
FN:144,187,ResearcherAgent.generate_search_queries
FNDA:0,ResearcherAgent.generate_search_queries
FN:189,269,ResearcherAgent.search
FNDA:0,ResearcherAgent.search
FN:272,285,ResearcherAgent._clean_search_results
FNDA:0,ResearcherAgent._clean_search_results
FN:287,351,ResearcherAgent._smart_search
FNDA:0,ResearcherAgent._smart_search
FN:353,484,ResearcherAgent.summarize
FNDA:0,ResearcherAgent.summarize
FN:486,563,ResearcherAgent.distill
FNDA:0,ResearcherAgent.distill
FN:565,642,ResearcherAgent.analyze_gaps
FNDA:0,ResearcherAgent.analyze_gaps
FN:644,897,ResearcherAgent.run
FNDA:0,ResearcherAgent.run
FNF:10
FNH:0
end_of_record
SF:vibe-blog\backend\services\blog_generator\agents\reviewer.py
DA:9,1
DA:10,1
DA:11,1
DA:13,1
DA:15,1
DA:18,1
DA:20,0
DA:21,0
DA:22,0
DA:23,0
DA:24,0
DA:25,0
DA:27,0
DA:28,0
DA:29,0
DA:30,0
DA:31,0
DA:32,0
DA:34,0
DA:35,0
DA:36,0
DA:37,0
DA:38,0
DA:41,1
DA:44,1
DA:45,0
DA:47,1
DA:56,0
DA:59,0
DA:60,0
DA:61,0
DA:62,0
DA:63,0
DA:64,0
DA:66,0
DA:72,0
DA:73,0
DA:75,0
DA:77,0
DA:78,0
DA:83,0
DA:85,0
DA:86,0
DA:88,0
DA:89,0
DA:91,0
DA:98,0
DA:99,0
DA:100,0
DA:107,1
DA:109,0
DA:110,0
DA:111,0
DA:112,0
DA:113,0
DA:114,0
DA:116,0
DA:117,0
DA:118,0
DA:119,0
DA:120,0
DA:121,0
DA:122,0
DA:124,0
DA:129,0
DA:130,0
DA:131,0
DA:132,0
DA:136,0
DA:137,0
DA:138,0
DA:139,0
DA:140,0
DA:141,0
DA:142,0
DA:143,0
DA:144,0
DA:145,0
DA:146,0
DA:147,0
DA:148,0
DA:150,0
DA:151,0
DA:152,0
DA:157,0
DA:158,0
DA:159,0
DA:160,0
DA:163,0
DA:165,0
DA:170,0
DA:171,0
DA:172,0
DA:175,0
DA:179,0
DA:180,0
DA:181,0
DA:183,0
DA:185,0
DA:188,0
DA:189,0
DA:190,0
DA:191,0
DA:192,0
DA:193,0
DA:194,0
DA:195,0
DA:196,0
DA:197,0
DA:198,0
DA:199,0
DA:201,0
DA:202,0
DA:203,0
DA:204,0
DA:206,0
DA:214,0
DA:215,0
DA:216,0
DA:218,0
DA:220,0
DA:221,0
DA:222,0
DA:224,0
LF:124
LH:10
FN:18,38,_extract_json
FNDA:0,_extract_json
FN:44,45,ReviewerAgent.__init__
FNDA:0,ReviewerAgent.__init__
FN:47,105,ReviewerAgent.review
FNDA:0,ReviewerAgent.review
FN:107,224,ReviewerAgent.run
FNDA:0,ReviewerAgent.run
FNF:4
FNH:0
end_of_record
SF:vibe-blog\backend\services\blog_generator\agents\search_coordinator.py
DA:6,1
DA:7,1
DA:8,1
DA:9,1
DA:11,1
DA:12,1
DA:14,1
DA:17,1
DA:28,1
DA:36,0
DA:37,0
DA:40,0
DA:41,0
DA:42,0
DA:43,0
DA:44,0
DA:45,0
DA:46,0
DA:47,0
DA:49,1
DA:51,0
DA:52,0
DA:53,0
DA:55,1
DA:77,0
DA:78,0
DA:85,0
DA:86,0
DA:91,0
DA:92,0
DA:94,0
DA:95,0
DA:96,0
DA:98,0
DA:100,0
DA:101,0
DA:102,0
DA:104,1
DA:122,0
DA:123,0
DA:124,0
DA:130,0
DA:131,0
DA:132,0
DA:138,0
DA:139,0
DA:140,0
DA:143,0
DA:144,0
DA:145,0
DA:146,0
DA:148,0
DA:149,0
DA:150,0
DA:152,0
DA:153,0
DA:154,0
DA:155,0
DA:156,0
DA:157,0
DA:160,0
DA:161,0
DA:164,0
DA:165,0
DA:171,0
DA:174,0
DA:177,0
DA:180,0
DA:181,0
DA:182,0
DA:184,0
DA:186,0
DA:192,1
DA:194,0
DA:195,0
DA:197,0
DA:198,0
DA:199,0
DA:200,0
DA:201,0
DA:203,0
DA:205,1
DA:220,0
DA:221,0
DA:224,0
DA:225,0
DA:227,0
DA:228,0
DA:231,0
DA:232,0
DA:233,0
DA:235,0
DA:237,1
DA:247,0
DA:248,0
DA:249,0
DA:251,0
DA:252,0
DA:253,0
DA:254,0
DA:255,0
DA:258,0
DA:263,0
DA:264,0
DA:266,0
DA:269,0
DA:270,0
DA:271,0
DA:277,0
DA:278,0
DA:279,0
DA:284,0
DA:286,0
DA:293,0
DA:295,0
LF:115
LH:15
FN:28,47,SearchCoordinator.__init__
FNDA:0,SearchCoordinator.__init__
FN:49,53,SearchCoordinator.can_search
FNDA:0,SearchCoordinator.can_search
FN:55,102,SearchCoordinator.detect_knowledge_gaps
FNDA:0,SearchCoordinator.detect_knowledge_gaps
FN:104,190,SearchCoordinator.refine_search
FNDA:0,SearchCoordinator.refine_search
FN:192,203,SearchCoordinator._deduplicate_results
FNDA:0,SearchCoordinator._deduplicate_results
FN:205,235,SearchCoordinator._summarize_results
FNDA:0,SearchCoordinator._summarize_results
FN:237,295,SearchCoordinator.run
FNDA:0,SearchCoordinator.run
FNF:7
FNH:0
end_of_record
SF:vibe-blog\backend\services\blog_generator\agents\summary_generator.py
DA:11,1
DA:12,1
DA:13,1
DA:15,1
DA:17,1
DA:20,1
DA:22,0
DA:23,0
DA:24,0
DA:25,0
DA:26,0
DA:27,0
DA:29,0
DA:30,0
DA:31,0
DA:32,0
DA:33,0
DA:34,0
DA:36,0
DA:37,0
DA:38,0
DA:39,0
DA:40,0
DA:42,1
DA:45,1
DA:46,0
DA:48,1
DA:51,0
DA:52,0
DA:57,0
DA:61,0
DA:62,0
DA:63,0
DA:65,1
DA:67,0
DA:68,0
DA:70,0
DA:71,0
DA:72,0
DA:73,0
DA:75,0
DA:76,0
DA:80,0
DA:81,0
DA:82,0
DA:83,0
DA:84,0
DA:87,0
DA:88,0
DA:89,0
DA:90,0
DA:93,0
DA:94,0
DA:95,0
DA:97,0
DA:103,0
LF:56
LH:10
FN:20,40,_extract_json
FNDA:0,_extract_json
FN:45,46,SummaryGeneratorAgent.__init__
FNDA:0,SummaryGeneratorAgent.__init__
FN:48,63,SummaryGeneratorAgent.generate
FNDA:0,SummaryGeneratorAgent.generate
FN:65,103,SummaryGeneratorAgent.run
FNDA:0,SummaryGeneratorAgent.run
FNF:4
FNH:0
end_of_record
SF:vibe-blog\backend\services\blog_generator\agents\thread_checker.py
DA:8,1
DA:9,1
DA:10,1
DA:12,1
DA:14,1
DA:17,1
DA:19,0
DA:20,0
DA:21,0
DA:22,0
DA:23,0
DA:24,0
DA:25,0
DA:26,0
DA:27,0
DA:28,0
DA:29,0
DA:30,0
DA:31,0
DA:32,0
DA:33,0
DA:36,1
DA:38,0
DA:39,0
DA:40,0
DA:41,0
DA:42,0
DA:43,0
DA:46,1
DA:53,1
DA:54,0
DA:56,1
DA:58,0
DA:60,0
DA:61,0
DA:62,0
DA:63,0
DA:64,0
DA:66,0
DA:67,0
DA:68,0
DA:69,0
DA:70,0
DA:75,0
DA:82,0
DA:86,0
DA:87,0
DA:88,0
DA:90,1
DA:92,0
DA:93,0
DA:94,0
DA:96,0
DA:97,0
DA:98,0
DA:99,0
DA:100,0
DA:102,0
DA:103,0
DA:105,0
DA:106,0
DA:107,0
DA:108,0
DA:109,0
DA:110,0
DA:113,0
DA:114,0
DA:115,0
DA:124,0
DA:125,0
DA:129,0
LF:71
LH:11
FN:17,33,_extract_json
FNDA:0,_extract_json
FN:36,43,_build_document
FNDA:0,_build_document
FN:53,54,ThreadCheckerAgent.__init__
FNDA:0,ThreadCheckerAgent.__init__
FN:56,88,ThreadCheckerAgent.check
FNDA:0,ThreadCheckerAgent.check
FN:90,129,ThreadCheckerAgent.run
FNDA:0,ThreadCheckerAgent.run
FNF:5
FNH:0
end_of_record
SF:vibe-blog\backend\services\blog_generator\agents\voice_checker.py
DA:8,1
DA:9,1
DA:10,1
DA:12,1
DA:14,1
DA:17,1
DA:19,0
DA:20,0
DA:21,0
DA:22,0
DA:23,0
DA:24,0
DA:25,0
DA:26,0
DA:27,0
DA:28,0
DA:29,0
DA:30,0
DA:31,0
DA:32,0
DA:33,0
DA:36,1
DA:38,0
DA:39,0
DA:40,0
DA:41,0
DA:42,0
DA:43,0
DA:44,0
DA:47,1
DA:54,1
DA:55,0
DA:57,1
DA:59,0
DA:61,0
DA:66,0
DA:70,0
DA:71,0
DA:72,0
DA:74,1
DA:76,0
DA:77,0
DA:78,0
DA:80,0
DA:81,0
DA:82,0
DA:83,0
DA:84,0
DA:86,0
DA:87,0
DA:89,0
DA:90,0
DA:91,0
DA:92,0
DA:93,0
DA:94,0
DA:97,0
DA:98,0
DA:99,0
DA:108,0
DA:109,0
DA:113,0
LF:62
LH:11
FN:17,33,_extract_json
FNDA:0,_extract_json
FN:36,44,_build_document
FNDA:0,_build_document
FN:54,55,VoiceCheckerAgent.__init__
FNDA:0,VoiceCheckerAgent.__init__
FN:57,72,VoiceCheckerAgent.check
FNDA:0,VoiceCheckerAgent.check
FN:74,113,VoiceCheckerAgent.run
FNDA:0,VoiceCheckerAgent.run
FNF:5
FNH:0
end_of_record
SF:vibe-blog\backend\services\blog_generator\agents\writer.py
DA:5,1
DA:6,1
DA:7,1
DA:8,1
DA:9,1
DA:11,1
DA:14,1
DA:16,1
DA:18,0
DA:19,0
DA:20,0
DA:21,0
DA:22,0
DA:24,1
DA:27,1
DA:29,1
DA:30,0
DA:31,0
DA:32,0
DA:33,0
DA:34,0
DA:35,0
DA:36,0
DA:37,1
DA:39,1
DA:41,1
DA:42,0
DA:43,0
DA:44,0
DA:45,0
DA:46,0
DA:48,1
DA:49,1
DA:50,1
DA:51,1
DA:52,1
DA:54,1
DA:55,1
DA:58,1
DA:63,1
DA:70,0
DA:71,0
DA:72,0
DA:75,0
DA:76,0
DA:77,0
DA:78,0
DA:79,0
DA:80,0
DA:81,0
DA:82,0
DA:83,0
DA:84,0
DA:85,0
DA:86,0
DA:88,1
DA:90,0
DA:91,0
DA:92,0
DA:93,0
DA:94,0
DA:95,0
DA:96,0
DA:97,0
DA:98,0
DA:99,0
DA:100,0
DA:107,1
DA:108,1
DA:143,0
DA:144,0
DA:145,0
DA:146,0
DA:147,0
DA:148,0
DA:149,0
DA:150,0
DA:151,0
DA:153,0
DA:154,0
DA:155,0
DA:156,0
DA:157,0
DA:158,0
DA:159,0
DA:160,0
DA:161,0
DA:162,0
DA:163,0
DA:164,0
DA:165,0
DA:166,0
DA:167,0
DA:168,0
DA:169,0
DA:170,0
DA:174,0
DA:175,0
DA:176,0
DA:177,0
DA:178,0
DA:180,0
DA:181,0
DA:182,0
DA:183,0
DA:184,0
DA:185,0
DA:186,0
DA:192,0
DA:194,0
DA:196,0
DA:197,0
DA:212,0
DA:215,0
DA:216,0
DA:217,0
DA:220,0
DA:221,0
DA:222,0
DA:225,0
DA:226,0
DA:227,0
DA:229,0
DA:231,0
DA:232,0
DA:233,0
DA:234,0
DA:235,0
DA:236,0
DA:237,0
DA:239,0
DA:241,0
DA:243,0
DA:244,0
DA:245,0
DA:246,0
DA:247,0
DA:248,0
DA:249,0
DA:250,0
DA:256,0
DA:262,0
DA:267,0
DA:275,0
DA:276,0
DA:277,0
DA:279,1
DA:280,1
DA:300,0
DA:301,0
DA:303,0
DA:304,0
DA:305,0
DA:307,0
DA:308,0
DA:314,0
DA:315,0
DA:316,0
DA:318,0
DA:319,0
DA:323,0
DA:325,0
DA:326,0
DA:327,0
DA:329,1
DA:330,1
DA:351,0
DA:352,0
DA:354,0
DA:355,0
DA:356,0
DA:358,0
DA:359,0
DA:366,0
DA:367,0
DA:368,0
DA:369,0
DA:371,0
DA:372,0
DA:378,0
DA:379,0
DA:380,0
DA:381,0
DA:383,0
DA:384,0
DA:386,0
DA:387,0
DA:388,0
DA:390,1
DA:391,1
DA:409,0
DA:410,0
DA:411,0
DA:412,0
DA:414,0
DA:419,0
DA:420,0
DA:427,0
DA:428,0
DA:432,0
DA:433,0
DA:436,0
DA:437,0
DA:438,0
DA:439,0
DA:440,0
DA:442,1
DA:443,1
DA:454,0
DA:455,0
DA:456,0
DA:458,0
DA:459,0
DA:460,0
DA:461,0
DA:462,0
DA:463,0
DA:465,0
DA:466,0
DA:467,0
DA:468,0
DA:469,0
DA:470,0
DA:471,0
DA:472,0
DA:474,0
DA:475,0
DA:476,0
DA:477,0
DA:480,0
DA:481,0
DA:482,0
DA:483,0
DA:485,0
DA:486,0
DA:487,0
DA:489,0
DA:490,0
DA:491,0
DA:493,0
DA:513,0
DA:514,0
DA:516,0
DA:517,0
DA:518,0
DA:519,0
DA:520,0
DA:521,0
DA:523,0
DA:526,0
DA:528,0
DA:530,0
DA:531,0
DA:547,0
DA:552,0
DA:553,0
DA:554,0
DA:561,0
DA:563,0
DA:564,0
DA:566,0
DA:567,0
DA:568,0
DA:569,0
DA:571,0
DA:572,0
DA:575,0
DA:576,0
DA:577,0
DA:592,0
DA:597,0
DA:598,0
DA:599,0
DA:600,0
DA:608,0
DA:609,0
DA:610,0
DA:611,0
DA:613,0
DA:614,0
DA:616,0
LF:281
LH:34
FN:16,22,_should_use_parallel
FNDA:0,_should_use_parallel
FN:27,37,_get_langfuse_client
FNDA:1,_get_langfuse_client
FN:39,52,_get_observe_decorator
FNDA:1,_get_observe_decorator
FN:48,51,_get_observe_decorator.noop_decorator
FNDA:1,_get_observe_decorator.noop_decorator
FN:49,50,_get_observe_decorator.noop_decorator.wrapper
FNDA:1,_get_observe_decorator.noop_decorator.wrapper
FN:63,86,WriterAgent.__init__
FNDA:0,WriterAgent.__init__
FN:88,105,WriterAgent._apply_template_and_style
FNDA:0,WriterAgent._apply_template_and_style
FN:108,277,WriterAgent.write_section
FNDA:0,WriterAgent.write_section
FN:239,254,WriterAgent.write_section.on_writing_chunk
FNDA:0,WriterAgent.write_section.on_writing_chunk
FN:280,327,WriterAgent.enhance_section
FNDA:0,WriterAgent.enhance_section
FN:330,388,WriterAgent.correct_section
FNDA:0,WriterAgent.correct_section
FN:391,440,WriterAgent.improve_section
FNDA:0,WriterAgent.improve_section
FN:443,616,WriterAgent.run
FNDA:0,WriterAgent.run
FN:528,559,WriterAgent.run.write_single_task
FNDA:0,WriterAgent.run.write_single_task
FNF:14
FNH:4
end_of_record
SF:vibe-blog\backend\services\blog_generator\blog_service.py
DA:5,1
DA:6,1
DA:7,1
DA:8,1
DA:9,1
DA:10,1
DA:11,1
DA:13,1
DA:15,1
DA:16,1
DA:17,1
DA:18,1
DA:19,1
DA:20,1
DA:23,1
DA:25,1
DA:28,1
DA:31,1
DA:36,1
DA:45,0
DA:46,0
DA:51,0
DA:54,0
DA:56,1
DA:58,0
DA:59,0
DA:60,0
DA:61,0
DA:62,0
DA:63,0
DA:64,0
DA:65,0
DA:66,0
DA:68,1
DA:79,0
DA:80,0
DA:82,0
DA:100,0
DA:104,0
DA:105,0
DA:107,0
DA:109,0
DA:110,0
DA:111,0
DA:112,0
DA:113,0
DA:115,0
DA:116,0
DA:118,0
DA:119,0
DA:120,0
DA:122,0
DA:123,0
DA:125,0
DA:126,0
DA:127,0
DA:128,0
DA:129,0
DA:130,0
DA:131,0
DA:132,0
DA:133,0
DA:135,1
DA:137,0
DA:138,0
DA:139,0
DA:140,0
DA:141,0
DA:143,1
DA:155,0
DA:157,1
DA:171,0
DA:172,0
DA:173,0
DA:174,0
DA:177,0
DA:178,0
DA:180,0
DA:183,0
DA:184,0
DA:185,0
DA:186,0
DA:187,0
DA:188,0
DA:189,0
DA:191,0
DA:192,0
DA:193,0
DA:201,0
DA:209,0
DA:210,0
DA:212,0
DA:213,0
DA:214,0
DA:215,0
DA:217,1
DA:229,0
DA:232,0
DA:233,0
DA:234,0
DA:235,0
DA:237,0
DA:245,0
DA:246,0
DA:274,0
DA:275,0
DA:280,0
DA:281,0
DA:282,0
DA:283,0
DA:284,0
DA:285,0
DA:288,0
DA:300,1
DA:321,0
DA:329,1
DA:372,0
DA:374,0
DA:376,0
DA:377,0
DA:378,0
DA:379,0
DA:399,0
DA:420,0
DA:423,0
DA:424,0
DA:425,0
DA:427,1
DA:450,0
DA:451,0
DA:454,0
DA:455,0
DA:456,0
DA:457,0
DA:458,0
DA:460,0
DA:461,0
DA:463,0
DA:464,0
DA:465,0
DA:466,0
DA:467,0
DA:473,0
DA:475,0
DA:477,0
DA:478,0
DA:479,0
DA:481,0
DA:482,0
DA:483,0
DA:487,0
DA:489,0
DA:490,0
DA:491,0
DA:492,0
DA:493,0
DA:494,0
DA:498,0
DA:499,0
DA:500,0
DA:502,0
DA:503,0
DA:504,0
DA:508,0
DA:510,0
DA:511,0
DA:515,0
DA:516,0
DA:517,0
DA:520,0
DA:521,0
DA:535,0
DA:536,0
DA:537,0
DA:538,0
DA:541,0
DA:542,0
DA:545,0
DA:548,0
DA:549,0
DA:550,0
DA:551,0
DA:552,0
DA:554,0
DA:555,0
DA:556,0
DA:557,0
DA:560,0
DA:561,0
DA:562,0
DA:563,0
DA:564,0
DA:565,0
DA:566,0
DA:567,0
DA:568,0
DA:569,0
DA:570,0
DA:571,0
DA:572,0
DA:573,0
DA:574,0
DA:575,0
DA:578,0
DA:579,0
DA:580,0
DA:581,0
DA:582,0
DA:583,0
DA:584,0
DA:585,0
DA:588,0
DA:589,0
DA:590,0
DA:591,0
DA:592,0
DA:598,0
DA:600,0
DA:601,0
DA:602,0
DA:603,0
DA:606,0
DA:607,0
DA:608,0
DA:609,0
DA:610,0
DA:611,0
DA:613,0
DA:615,0
DA:616,0
DA:623,0
DA:624,0
DA:625,0
DA:631,0
DA:653,0
DA:654,0
DA:655,0
DA:656,0
DA:657,0
DA:658,0
DA:661,0
DA:662,0
DA:663,0
DA:664,0
DA:669,0
DA:672,0
DA:673,0
DA:674,0
DA:680,0
DA:683,0
DA:685,0
DA:689,0
DA:690,0
DA:691,0
DA:692,0
DA:693,0
DA:699,0
DA:700,0
DA:701,0
DA:704,0
DA:726,0
DA:729,0
DA:730,0
DA:731,0
DA:732,0
DA:737,0
DA:739,0
DA:740,0
DA:741,0
DA:742,0
DA:746,0
DA:748,0
DA:749,0
DA:751,0
DA:753,0
DA:758,0
DA:759,0
DA:760,0
DA:761,0
DA:763,0
DA:770,0
DA:772,0
DA:773,0
DA:774,0
DA:777,0
DA:778,0
DA:779,0
DA:780,0
DA:781,0
DA:782,0
DA:789,0
DA:790,0
DA:791,0
DA:792,0
DA:793,0
DA:794,0
DA:795,0
DA:796,0
DA:797,0
DA:798,0
DA:799,0
DA:800,0
DA:806,0
DA:814,0
DA:826,0
DA:828,0
DA:829,0
DA:830,0
DA:848,0
DA:850,0
DA:851,0
DA:852,0
DA:854,0
DA:855,0
DA:856,0
DA:867,0
DA:868,0
DA:869,0
DA:870,0
DA:871,0
DA:876,0
DA:878,0
DA:880,0
DA:881,0
DA:882,0
DA:883,0
DA:894,0
DA:896,0
DA:897,0
DA:898,0
DA:899,0
DA:900,0
DA:911,0
DA:913,0
DA:914,0
DA:922,0
DA:924,0
DA:925,0
DA:933,0
DA:935,0
DA:936,0
DA:937,0
DA:938,0
DA:939,0
DA:947,0
DA:949,0
DA:950,0
DA:958,0
DA:960,0
DA:961,0
DA:969,0
DA:971,0
DA:972,0
DA:973,0
DA:974,0
DA:975,0
DA:983,0
DA:985,0
DA:986,0
DA:987,0
DA:988,0
DA:989,0
DA:997,0
DA:999,0
DA:1000,0
DA:1001,0
DA:1010,0
DA:1012,0
DA:1013,0
DA:1022,0
DA:1023,0
DA:1024,0
DA:1026,0
DA:1027,0
DA:1028,0
DA:1029,0
DA:1030,0
DA:1031,0
DA:1034,0
DA:1035,0
DA:1042,0
DA:1059,0
DA:1060,0
DA:1063,0
DA:1066,0
DA:1067,0
DA:1069,0
DA:1070,0
DA:1080,0
DA:1081,0
DA:1082,0
DA:1085,0
DA:1086,0
DA:1089,0
DA:1090,0
DA:1091,0
DA:1093,0
DA:1095,0
DA:1098,0
DA:1099,0
DA:1100,0
DA:1102,0
DA:1103,0
DA:1104,0
DA:1105,0
DA:1106,0
DA:1107,0
DA:1108,0
DA:1109,0
DA:1110,0
DA:1112,0
DA:1114,0
DA:1115,0
DA:1123,0
DA:1124,0
DA:1125,0
DA:1127,0
DA:1128,0
DA:1138,0
DA:1139,0
DA:1140,0
DA:1141,0
DA:1142,0
DA:1143,0
DA:1144,0
DA:1145,0
DA:1146,0
DA:1147,0
DA:1148,0
DA:1149,0
DA:1150,0
DA:1151,0
DA:1159,0
DA:1160,0
DA:1161,0
DA:1162,0
DA:1163,0
DA:1182,0
DA:1185,0
DA:1186,0
DA:1187,0
DA:1188,0
DA:1195,0
DA:1196,0
DA:1199,0
DA:1200,0
DA:1202,0
DA:1203,0
DA:1210,0
DA:1212,0
DA:1213,0
DA:1214,0
DA:1215,0
DA:1216,0
DA:1218,0
DA:1219,0
DA:1222,0
DA:1223,0
DA:1224,0
DA:1225,0
DA:1226,0
DA:1227,0
DA:1228,0
DA:1231,0
DA:1232,0
DA:1233,0
DA:1238,0
DA:1239,0
DA:1240,0
DA:1241,0
DA:1242,0
DA:1243,0
DA:1246,0
DA:1247,0
DA:1261,0
DA:1262,0
DA:1263,0
DA:1264,0
DA:1266,0
DA:1268,0
DA:1274,0
DA:1275,0
DA:1276,0
DA:1277,0
DA:1278,0
DA:1279,0
DA:1280,0
DA:1281,0
DA:1282,0
DA:1283,0
DA:1287,0
DA:1290,0
DA:1291,0
DA:1292,0
DA:1294,0
DA:1295,0
DA:1296,0
DA:1298,1
DA:1311,0
DA:1312,0
DA:1313,0
DA:1315,0
DA:1316,0
DA:1317,0
DA:1318,0
DA:1319,0
DA:1320,0
DA:1321,0
DA:1324,0
DA:1325,0
DA:1326,0
DA:1327,0
DA:1328,0
DA:1329,0
DA:1330,0
DA:1331,0
DA:1332,0
DA:1333,0
DA:1334,0
DA:1337,0
DA:1338,0
DA:1339,0
DA:1344,0
DA:1350,0
DA:1368,0
DA:1371,0
DA:1372,0
DA:1373,0
DA:1374,0
DA:1375,0
DA:1376,0
DA:1377,0
DA:1378,0
DA:1379,0
DA:1380,0
DA:1381,0
DA:1382,0
DA:1383,0
DA:1385,0
DA:1387,0
DA:1389,0
DA:1390,0
DA:1391,0
DA:1395,0
DA:1397,0
DA:1398,0
DA:1400,0
DA:1401,0
DA:1406,0
DA:1407,0
DA:1408,0
DA:1409,0
DA:1410,0
DA:1417,0
DA:1418,0
DA:1419,0
DA:1420,0
DA:1432,0
DA:1433,0
DA:1434,0
DA:1435,0
DA:1436,0
DA:1437,0
DA:1438,0
DA:1448,0
DA:1449,0
DA:1450,0
DA:1451,0
DA:1452,0
DA:1457,0
DA:1459,0
DA:1461,0
DA:1462,0
DA:1463,0
DA:1464,0
DA:1465,0
DA:1473,0
DA:1475,0
DA:1476,0
DA:1477,0
DA:1478,0
DA:1479,0
DA:1487,0
DA:1489,0
DA:1490,0
DA:1491,0
DA:1492,0
DA:1493,0
DA:1501,0
DA:1502,0
DA:1503,0
DA:1504,0
DA:1513,0
DA:1514,0
DA:1515,0
DA:1524,0
DA:1527,0
DA:1528,0
DA:1529,0
DA:1530,0
DA:1539,0
DA:1540,0
DA:1541,0
DA:1543,0
DA:1544,0
DA:1545,0
DA:1546,0
DA:1547,0
DA:1549,0
DA:1550,0
DA:1551,0
DA:1552,0
DA:1553,0
DA:1554,0
DA:1555,0
DA:1556,0
DA:1557,0
DA:1558,0
DA:1559,0
DA:1560,0
DA:1562,0
DA:1564,0
DA:1565,0
DA:1566,0
DA:1574,0
DA:1575,0
DA:1576,0
DA:1577,0
DA:1578,0
DA:1588,0
DA:1589,0
DA:1590,0
DA:1591,0
DA:1594,0
DA:1595,0
DA:1596,0
DA:1597,0
DA:1598,0
DA:1599,0
DA:1600,0
DA:1601,0
DA:1602,0
DA:1603,0
DA:1604,0
DA:1605,0
DA:1606,0
DA:1607,0
DA:1614,0
DA:1633,0
DA:1636,0
DA:1637,0
DA:1638,0
DA:1639,0
DA:1645,0
DA:1646,0
DA:1647,0
DA:1648,0
DA:1649,0
DA:1650,0
DA:1651,0
DA:1654,0
DA:1655,0
DA:1656,0
DA:1657,0
DA:1658,0
DA:1659,0
DA:1660,0
DA:1663,0
DA:1664,0
DA:1665,0
DA:1670,0
DA:1671,0
DA:1672,0
DA:1673,0
DA:1674,0
DA:1675,0
DA:1678,0
DA:1679,0
DA:1680,0
DA:1681,0
DA:1682,0
DA:1683,0
DA:1684,0
DA:1685,0
DA:1686,0
DA:1687,0
DA:1688,0
DA:1689,0
DA:1690,0
DA:1691,0
DA:1699,0
DA:1700,0
DA:1713,0
DA:1714,0
DA:1715,0
DA:1716,0
DA:1718,0
DA:1719,0
DA:1725,0
DA:1726,0
DA:1727,0
DA:1728,0
DA:1729,0
DA:1730,0
DA:1731,0
DA:1732,0
DA:1733,0
DA:1734,0
DA:1738,0
DA:1740,0
DA:1741,0
DA:1742,0
DA:1744,0
DA:1745,0
DA:1746,0
DA:1748,1
DA:1772,0
DA:1773,0
DA:1774,0
DA:1775,0
DA:1777,0
DA:1779,0
DA:1780,0
DA:1786,0
DA:1792,0
DA:1793,0
DA:1796,0
DA:1797,0
DA:1804,0
DA:1806,0
DA:1807,0
DA:1808,0
DA:1809,0
DA:1812,0
DA:1813,0
DA:1814,0
DA:1815,0
DA:1818,0
DA:1819,0
DA:1821,0
DA:1823,0
DA:1826,0
DA:1833,0
DA:1835,0
DA:1836,0
DA:1837,0
DA:1838,0
DA:1839,0
DA:1845,0
DA:1847,0
DA:1849,0
DA:1851,0
DA:1852,0
DA:1853,0
DA:1856,1
DA:1867,1
DA:1894,0
DA:1895,0
DA:1896,0
DA:1897,0
DA:1900,0
DA:1901,0
DA:1906,0
DA:1913,0
DA:1914,0
DA:1915,0
DA:1916,0
DA:1918,0
DA:1921,0
DA:1925,0
DA:1928,0
DA:1929,0
DA:1930,0
DA:1937,0
DA:1939,0
DA:1940,0
DA:1950,0
DA:1953,0
DA:1960,0
DA:1961,0
DA:1962,0
DA:1965,0
DA:1966,0
DA:1967,0
DA:1968,0
DA:1969,0
DA:1971,0
DA:1973,0
DA:1975,0
DA:1976,0
DA:1982,0
DA:1984,0
DA:1985,0
DA:1986,0
DA:1988,1
DA:2013,0
DA:2014,0
DA:2016,0
DA:2019,0
DA:2020,0
DA:2022,0
DA:2024,0
DA:2025,0
DA:2032,0
DA:2036,0
DA:2039,0
DA:2041,0
DA:2043,0
DA:2044,0
DA:2045,0
DA:2051,0
DA:2052,0
DA:2053,0
DA:2054,0
DA:2056,0
DA:2057,0
DA:2058,0
DA:2059,0
DA:2060,0
DA:2062,0
DA:2063,0
DA:2070,0
DA:2073,0
DA:2074,0
DA:2076,0
DA:2077,0
DA:2078,0
DA:2079,0
DA:2082,0
DA:2083,0
DA:2084,0
DA:2085,0
DA:2088,0
DA:2090,0
DA:2091,0
DA:2092,0
DA:2094,0
DA:2096,0
DA:2097,0
DA:2104,0
DA:2105,0
DA:2108,0
DA:2110,0
DA:2111,0
DA:2112,0
DA:2113,0
DA:2119,0
DA:2121,1
DA:2132,0
DA:2133,0
DA:2134,0
DA:2135,0
DA:2136,0
DA:2138,0
DA:2139,0
DA:2141,0
DA:2142,0
DA:2143,0
DA:2144,0
DA:2146,0
DA:2147,0
DA:2148,0
DA:2149,0
DA:2150,0
DA:2152,0
DA:2153,0
DA:2156,0
DA:2157,0
DA:2158,0
DA:2159,0
DA:2162,0
DA:2164,0
DA:2173,0
DA:2174,0
DA:2176,0
DA:2177,0
DA:2178,0
DA:2181,0
DA:2182,0
DA:2183,0
DA:2184,0
DA:2185,0
DA:2186,0
DA:2189,0
DA:2191,0
DA:2192,0
DA:2193,0
DA:2195,1
DA:2214,0
DA:2216,0
DA:2219,0
DA:2221,0
DA:2222,0
DA:2223,0
DA:2225,0
DA:2228,0
DA:2229,0
DA:2231,0
DA:2233,0
DA:2243,0
DA:2244,0
DA:2245,0
DA:2246,0
DA:2247,0
DA:2248,0
DA:2250,0
DA:2251,0
DA:2252,0
DA:2255,0
DA:2258,0
DA:2259,0
DA:2262,0
DA:2263,0
DA:2264,0
DA:2265,0
DA:2266,0
DA:2267,0
DA:2269,0
DA:2270,0
DA:2272,0
DA:2273,0
DA:2274,0
DA:2277,1
DA:2292,0
DA:2294,0
DA:2295,0
DA:2296,0
DA:2299,1
DA:2304,1
DA:2311,0
DA:2313,1
DA:2314,1
DA:2315,0
DA:2317,1
DA:2318,1
DA:2319,0
DA:2321,1
DA:2334,0
DA:2338,0
DA:2339,0
DA:2341,0
DA:2343,1
DA:2356,0
DA:2357,0
DA:2360,0
DA:2361,0
DA:2363,0
DA:2366,0
DA:2369,1
DA:2371,0
DA:2374,1
DA:2389,0
DA:2390,0
DA:2392,0
DA:2394,0
DA:2395,0
DA:2398,0
DA:2401,0
DA:2402,0
DA:2404,0
DA:2405,0
DA:2406,0
DA:2408,0
DA:2409,0
DA:2412,0
DA:2413,0
DA:2414,0
DA:2415,0
DA:2417,0
DA:2418,0
LF:970
LH:46
FN:36,54,BlogService.__init__
FNDA:0,BlogService.__init__
FN:56,66,BlogService._get_token_usage
FNDA:0,BlogService._get_token_usage
FN:68,133,BlogService.enhance_topic
FNDA:0,BlogService.enhance_topic
FN:115,116,BlogService.enhance_topic._invoke
FNDA:0,BlogService.enhance_topic._invoke
FN:135,141,BlogService._get_flask_app
FNDA:0,BlogService._get_flask_app
FN:143,155,BlogService.confirm_outline
FNDA:0,BlogService.confirm_outline
FN:157,215,BlogService.resume_generation
FNDA:0,BlogService.resume_generation
FN:183,210,BlogService.resume_generation.run_resume
FNDA:0,BlogService.resume_generation.run_resume
FN:217,298,BlogService.evaluate_article
FNDA:0,BlogService.evaluate_article
FN:300,327,BlogService.generate_sync
FNDA:0,BlogService.generate_sync
FN:329,425,BlogService.generate_async
FNDA:0,BlogService.generate_async
FN:372,420,BlogService.generate_async.run_in_thread
FNDA:0,BlogService.generate_async.run_in_thread
FN:427,1296,BlogService._run_generation
FNDA:0,BlogService._run_generation
FN:455,458,BlogService._run_generation.SSELogHandler.__init__
FNDA:0,BlogService._run_generation.SSELogHandler.__init__
FN:460,473,BlogService._run_generation.SSELogHandler.emit
FNDA:0,BlogService._run_generation.SSELogHandler.emit
FN:475,517,BlogService._run_generation.SSELogHandler._emit_structured_search_event
FNDA:0,BlogService._run_generation.SSELogHandler._emit_structured_search_event
FN:672,678,BlogService._run_generation.on_outline_stream
FNDA:0,BlogService._run_generation.on_outline_stream
FN:1298,1746,BlogService._run_resume
FNDA:0,BlogService._run_resume
FN:1748,1853,BlogService._generate_cover_image
FNDA:0,BlogService._generate_cover_image
FN:1867,1986,BlogService._generate_cover_video
FNDA:0,BlogService._generate_cover_video
FN:1928,1934,BlogService._generate_cover_video.progress_callback
FNDA:0,BlogService._generate_cover_video.progress_callback
FN:1988,2119,BlogService._generate_sequence_video
FNDA:0,BlogService._generate_sequence_video
FN:2041,2060,BlogService._generate_sequence_video.generate_veo3_video
FNDA:0,BlogService._generate_sequence_video.generate_veo3_video
FN:2121,2193,BlogService._merge_videos
FNDA:0,BlogService._merge_videos
FN:2195,2274,BlogService._save_markdown
FNDA:0,BlogService._save_markdown
FN:2277,2296,init_blog_service
FNDA:0,init_blog_service
FN:2304,2311,LLMClientAdapter.__init__
FNDA:0,LLMClientAdapter.__init__
FN:2314,2315,LLMClientAdapter.token_tracker
FNDA:0,LLMClientAdapter.token_tracker
FN:2318,2319,LLMClientAdapter.token_tracker
FNDA:0,LLMClientAdapter.token_tracker
FN:2321,2341,LLMClientAdapter.chat
FNDA:0,LLMClientAdapter.chat
FN:2343,2366,LLMClientAdapter.chat_stream
FNDA:0,LLMClientAdapter.chat_stream
FN:2369,2371,get_blog_service
FNDA:0,get_blog_service
FN:2374,2418,extract_article_summary
FNDA:0,extract_article_summary
FNF:33
FNH:0
end_of_record
SF:vibe-blog\backend\services\blog_generator\context_management_middleware.py
DA:17,1
DA:19,1
DA:20,1
DA:21,1
DA:23,1
DA:25,1
DA:28,1
DA:29,1
DA:32,1
DA:39,1
DA:46,0
DA:47,0
DA:48,0
DA:49,0
DA:50,0
DA:54,1
DA:57,0
DA:58,0
DA:60,0
DA:61,0
DA:62,0
DA:64,0
DA:66,0
DA:68,0
DA:71,0
DA:74,0
DA:75,0
DA:77,0
DA:79,0
DA:80,0
DA:82,1
DA:85,0
DA:89,1
DA:90,0
DA:91,0
DA:93,0
DA:94,0
DA:95,0
DA:96,0
DA:97,0
DA:98,0
DA:100,1
DA:104,0
DA:105,0
DA:106,0
DA:107,0
DA:108,0
DA:109,0
DA:110,0
DA:114,0
DA:115,0
DA:117,1
DA:121,0
DA:122,0
DA:124,0
DA:125,0
DA:126,0
DA:128,0
DA:129,0
DA:130,0
DA:131,0
DA:136,0
DA:137,0
DA:138,0
DA:139,0
DA:141,1
DA:145,0
DA:146,0
DA:148,0
DA:149,0
DA:150,0
DA:151,0
DA:152,0
DA:154,0
DA:155,0
DA:157,0
DA:158,0
DA:161,0
DA:162,0
DA:166,0
DA:172,0
DA:173,0
DA:174,0
DA:176,1
DA:178,0
DA:185,0
DA:187,1
DA:189,0
DA:190,0
DA:194,0
DA:195,0
DA:200,1
DA:213,1
LF:93
LH:20
FN:39,50,ContextManagementMiddleware.__init__
FNDA:0,ContextManagementMiddleware.__init__
FN:54,80,ContextManagementMiddleware.before_node
FNDA:0,ContextManagementMiddleware.before_node
FN:82,85,ContextManagementMiddleware.after_node
FNDA:0,ContextManagementMiddleware.after_node
FN:89,98,ContextManagementMiddleware._estimate_usage
FNDA:0,ContextManagementMiddleware._estimate_usage
FN:100,115,ContextManagementMiddleware._apply_layer1
FNDA:0,ContextManagementMiddleware._apply_layer1
FN:117,139,ContextManagementMiddleware._apply_layer2
FNDA:0,ContextManagementMiddleware._apply_layer2
FN:141,174,ContextManagementMiddleware._apply_layer3
FNDA:0,ContextManagementMiddleware._apply_layer3
FN:176,185,ContextManagementMiddleware._llm_compress
FNDA:0,ContextManagementMiddleware._llm_compress
FN:187,195,ContextManagementMiddleware._resum_summarize
FNDA:0,ContextManagementMiddleware._resum_summarize
FNF:9
FNH:0
end_of_record
SF:vibe-blog\backend\services\blog_generator\cross_section_dedup.py
DA:15,0
DA:16,0
DA:17,0
DA:19,0
DA:22,0
DA:25,0
DA:27,0
DA:28,0
DA:31,0
DA:35,0
DA:37,0
DA:38,0
DA:39,0
DA:41,0
DA:42,0
DA:43,0
DA:44,0
DA:45,0
DA:46,0
DA:47,0
DA:48,0
DA:49,0
DA:50,0
DA:51,0
DA:52,0
DA:53,0
DA:56,0
DA:57,0
DA:58,0
DA:60,0
DA:61,0
DA:62,0
DA:63,0
DA:65,0
DA:67,0
DA:75,0
DA:78,0
DA:79,0
DA:80,0
DA:81,0
DA:82,0
DA:84,0
DA:85,0
DA:88,0
DA:89,0
DA:90,0
DA:91,0
DA:92,0
DA:93,0
DA:94,0
DA:97,0
DA:98,0
DA:99,0
DA:100,0
DA:101,0
DA:102,0
DA:103,0
DA:105,0
DA:106,0
DA:107,0
DA:115,0
DA:116,0
DA:118,0
DA:128,0
DA:129,0
DA:130,0
DA:133,0
DA:134,0
DA:136,0
DA:137,0
DA:138,0
DA:139,0
DA:142,0
DA:143,0
DA:144,0
DA:145,0
DA:146,0
DA:147,0
DA:148,0
DA:150,0
DA:151,0
DA:152,0
DA:154,0
DA:155,0
LF:84
LH:0
FN:25,33,CrossSectionDeduplicator.__init__
FNDA:0,CrossSectionDeduplicator.__init__
FN:35,65,CrossSectionDeduplicator._split_paragraphs
FNDA:0,CrossSectionDeduplicator._split_paragraphs
FN:67,116,CrossSectionDeduplicator.detect_duplicates
FNDA:0,CrossSectionDeduplicator.detect_duplicates
FN:118,155,CrossSectionDeduplicator.deduplicate
FNDA:0,CrossSectionDeduplicator.deduplicate
FNF:4
FNH:0
end_of_record
SF:vibe-blog\backend\services\blog_generator\generator.py
DA:5,1
DA:6,1
DA:7,1
DA:8,1
DA:9,1
DA:10,1
DA:12,1
DA:13,1
DA:14,1
DA:16,1
DA:17,1
DA:18,1
DA:19,1
DA:20,1
DA:21,1
DA:22,1
DA:23,1
DA:24,1
DA:25,1
DA:26,1
DA:27,1
DA:28,1
DA:29,1
DA:30,1
DA:31,1
DA:32,1
DA:33,1
DA:39,1
DA:40,1
DA:41,1
DA:42,1
DA:43,1
DA:45,1
DA:48,1
DA:50,0
DA:51,0
DA:52,0
DA:53,0
DA:54,0
DA:55,0
DA:56,0
DA:59,1
DA:61,0
DA:62,0
DA:63,0
DA:65,0
DA:68,1
DA:75,1
DA:95,0
DA:96,0
DA:97,0
DA:98,0
DA:99,0
DA:102,0
DA:105,0
DA:106,0
DA:108,0
DA:109,0
DA:110,0
DA:111,0
DA:112,0
DA:113,0
DA:114,0
DA:115,0
DA:116,0
DA:119,0
DA:120,0
DA:121,0
DA:122,0
DA:123,0
DA:124,0
DA:127,0
DA:128,0
DA:129,0
DA:130,0
DA:133,0
DA:134,0
DA:138,0
DA:139,0
DA:142,0
DA:143,0
DA:144,0
DA:145,0
DA:146,0
DA:147,0
DA:148,0
DA:149,0
DA:152,0
DA:153,0
DA:172,0
DA:175,0
DA:176,0
DA:177,0
DA:178,0
DA:179,0
DA:180,0
DA:181,0
DA:182,0
DA:183,0
DA:186,0
DA:187,0
DA:188,0
DA:189,0
DA:190,0
DA:191,0
DA:192,0
DA:193,0
DA:194,0
DA:197,0
DA:198,0
DA:200,1
DA:202,0
DA:203,0
DA:204,0
DA:205,0
DA:206,0
DA:207,0
DA:208,0
DA:209,0
DA:211,1
DA:218,0
DA:221,0
DA:222,0
DA:223,0
DA:225,0
DA:226,0
DA:227,0
DA:229,0
DA:230,0
DA:231,0
DA:232,0
DA:233,0
DA:234,0
DA:235,0
DA:236,0
DA:237,0
DA:238,0
DA:239,0
DA:240,0
DA:241,0
DA:242,0
DA:243,0
DA:246,0
DA:247,0
DA:248,0
DA:251,0
DA:261,0
DA:271,0
DA:272,0
DA:275,0
DA:284,0
DA:294,0
DA:302,0
DA:305,0
DA:306,0
DA:307,0
DA:310,0
DA:318,0
DA:319,0
DA:320,0
DA:321,0
DA:322,0
DA:323,0
DA:324,0
DA:326,0
DA:328,1
DA:330,0
DA:331,0
DA:332,0
DA:333,0
DA:334,0
DA:335,0
DA:337,1
DA:339,0
DA:340,0
DA:342,0
DA:343,0
DA:346,0
DA:349,0
DA:354,0
DA:355,0
DA:356,0
DA:365,0
DA:368,0
DA:369,0
DA:370,0
DA:371,0
DA:372,0
DA:374,0
DA:375,0
DA:376,0
DA:379,0
DA:380,0
DA:381,0
DA:382,0
DA:383,0
DA:384,0
DA:385,0
DA:386,0
DA:387,0
DA:388,0
DA:391,0
DA:392,0
DA:393,0
DA:394,0
DA:395,0
DA:396,0
DA:401,0
DA:402,0
DA:403,0
DA:404,0
DA:406,0
DA:408,1
DA:410,0
DA:411,0
DA:414,0
DA:415,0
DA:416,0
DA:417,0
DA:418,0
DA:419,0
DA:420,0
DA:421,0
DA:422,0
DA:423,0
DA:426,0
DA:427,0
DA:428,0
DA:429,0
DA:430,0
DA:432,0
DA:433,0
DA:434,0
DA:435,0
DA:437,0
DA:438,0
DA:439,0
DA:441,1
DA:443,0
DA:444,0
DA:445,0
DA:446,0
DA:448,1
DA:450,0
DA:451,0
DA:452,0
DA:454,0
DA:455,0
DA:457,0
DA:458,0
DA:460,0
DA:462,0
DA:464,1
DA:466,0
DA:468,0
DA:469,0
DA:470,0
DA:472,0
DA:473,0
DA:474,0
DA:476,0
DA:477,0
DA:480,0
DA:481,0
DA:482,0
DA:483,0
DA:484,0
DA:486,0
DA:487,0
DA:488,0
DA:489,0
DA:491,0
DA:492,0
DA:497,0
DA:499,0
DA:508,0
DA:512,0
DA:513,0
DA:514,0
DA:515,0
DA:517,0
DA:519,0
DA:520,0
DA:521,0
DA:522,0
DA:526,1
DA:528,0
DA:529,0
DA:531,1
DA:533,0
DA:534,0
DA:535,0
DA:537,0
DA:541,0
DA:543,0
DA:544,0
DA:545,0
DA:548,0
DA:549,0
DA:550,0
DA:551,0
DA:553,0
DA:554,0
DA:555,0
DA:556,0
DA:557,0
DA:568,0
DA:570,0
DA:575,0
DA:576,0
DA:577,0
DA:578,0
DA:579,0
DA:580,0
DA:581,0
DA:582,0
DA:584,0
DA:586,0
DA:587,0
DA:590,0
DA:596,0
DA:600,1
DA:603,0
DA:604,0
DA:605,0
DA:606,0
DA:607,0
DA:608,0
DA:610,0
DA:611,0
DA:612,0
DA:613,0
DA:615,0
DA:616,0
DA:617,0
DA:619,0
DA:625,0
DA:626,0
DA:628,0
DA:629,0
DA:630,0
DA:635,0
DA:636,0
DA:638,0
DA:641,0
DA:644,0
DA:645,0
DA:651,0
DA:653,1
DA:655,0
DA:656,0
DA:658,0
DA:659,0
DA:660,0
DA:661,0
DA:664,0
DA:665,0
DA:668,0
DA:669,0
DA:670,0
DA:671,0
DA:673,0
DA:674,0
DA:676,1
DA:678,0
DA:679,0
DA:680,0
DA:681,0
DA:683,0
DA:684,0
DA:685,0
DA:686,0
DA:688,0
DA:689,0
DA:694,0
DA:695,0
DA:697,0
DA:698,0
DA:701,0
DA:704,0
DA:711,0
DA:713,1
DA:719,0
DA:722,0
DA:723,0
DA:724,0
DA:725,0
DA:727,0
DA:728,0
DA:731,0
DA:732,0
DA:735,0
DA:736,0
DA:737,0
DA:738,0
DA:739,0
DA:741,0
DA:743,1
DA:745,0
DA:746,0
DA:747,0
DA:750,0
DA:751,0
DA:752,0
DA:754,0
DA:755,0
DA:756,0
DA:757,0
DA:758,0
DA:759,0
DA:760,0
DA:761,0
DA:762,0
DA:764,0
DA:765,0
DA:768,0
DA:769,0
DA:774,0
DA:775,0
DA:777,0
DA:778,0
DA:780,0
DA:782,1
DA:784,0
DA:787,0
DA:788,0
DA:789,0
DA:790,0
DA:791,0
DA:792,0
DA:794,0
DA:797,0
DA:798,0
DA:799,0
DA:800,0
DA:801,0
DA:804,0
DA:810,0
DA:812,1
DA:814,0
DA:815,0
DA:816,0
DA:818,0
DA:819,0
DA:820,0
DA:822,0
DA:823,0
DA:824,0
DA:826,0
DA:827,0
DA:829,0
DA:831,0
DA:832,0
DA:833,0
DA:835,1
DA:837,0
DA:838,0
DA:839,0
DA:840,0
DA:841,0
DA:842,0
DA:848,0
DA:849,0
DA:850,0
DA:851,0
DA:852,0
DA:853,0
DA:854,0
DA:865,0
DA:867,0
DA:871,0
DA:872,0
DA:873,0
DA:874,0
DA:875,0
DA:876,0
DA:877,0
DA:879,0
DA:881,1
DA:883,0
DA:884,0
DA:885,0
DA:886,0
DA:888,0
DA:889,0
DA:890,0
DA:891,0
DA:892,0
DA:908,0
DA:910,0
DA:914,0
DA:915,0
DA:916,0
DA:917,0
DA:918,0
DA:919,0
DA:920,0
DA:922,0
DA:924,1
DA:926,0
DA:927,0
DA:928,0
DA:929,0
DA:930,0
DA:931,0
DA:932,0
DA:933,0
DA:934,0
DA:935,0
DA:936,0
DA:937,0
DA:938,0
DA:940,1
DA:942,0
DA:943,0
DA:944,0
DA:945,0
DA:946,0
DA:948,0
DA:949,0
DA:950,0
DA:952,0
DA:953,0
DA:954,0
DA:955,0
DA:957,0
DA:959,0
DA:960,0
DA:961,0
DA:962,0
DA:963,0
DA:965,0
DA:969,0
DA:970,0
DA:971,0
DA:973,0
DA:974,0
DA:975,0
DA:976,0
DA:978,0
DA:979,0
DA:980,0
DA:981,0
DA:983,1
DA:985,0
DA:986,0
DA:987,0
DA:988,0
DA:990,1
DA:992,0
DA:993,0
DA:994,0
DA:999,0
DA:1001,0
DA:1006,1
DA:1008,0
DA:1010,1
DA:1013,0
DA:1014,0
DA:1015,0
DA:1016,0
DA:1017,0
DA:1018,0
DA:1019,0
DA:1020,0
DA:1021,0
DA:1022,0
DA:1023,0
DA:1024,0
DA:1025,0
DA:1026,0
DA:1028,1
DA:1030,0
DA:1031,0
DA:1032,0
DA:1033,0
DA:1034,0
DA:1035,0
DA:1036,0
DA:1037,0
DA:1038,0
DA:1039,0
DA:1040,0
DA:1041,0
DA:1042,0
DA:1043,0
DA:1044,0
DA:1045,0
DA:1046,0
DA:1047,0
DA:1048,0
DA:1050,1
DA:1052,0
DA:1053,0
DA:1054,0
DA:1055,0
DA:1056,0
DA:1057,0
DA:1058,0
DA:1059,0
DA:1060,0
DA:1061,0
DA:1063,1
DA:1065,0
DA:1066,0
DA:1067,0
DA:1068,0
DA:1069,0
DA:1070,0
DA:1071,0
DA:1072,0
DA:1073,0
DA:1074,0
DA:1076,1
DA:1078,0
DA:1079,0
DA:1081,1
DA:1083,0
DA:1084,0
DA:1085,0
DA:1087,0
DA:1088,0
DA:1089,0
DA:1091,0
DA:1092,0
DA:1093,0
DA:1095,0
DA:1097,1
DA:1099,0
DA:1100,0
DA:1101,0
DA:1102,0
DA:1103,0
DA:1104,0
DA:1105,0
DA:1107,1
DA:1109,0
DA:1110,0
DA:1111,0
DA:1112,0
DA:1113,0
DA:1115,1
DA:1117,0
DA:1118,0
DA:1121,0
DA:1122,0
DA:1123,0
DA:1125,0
DA:1128,0
DA:1129,0
DA:1130,0
DA:1131,0
DA:1132,0
DA:1133,0
DA:1134,0
DA:1135,0
DA:1138,0
DA:1139,0
DA:1141,0
DA:1142,0
DA:1144,1
DA:1146,0
DA:1147,0
DA:1148,0
DA:1149,0
DA:1151,0
DA:1152,0
DA:1153,0
DA:1155,0
DA:1156,0
DA:1157,0
DA:1158,0
DA:1159,0
DA:1161,0
DA:1162,0
DA:1164,1
DA:1166,0
DA:1167,0
DA:1168,0
DA:1169,0
DA:1170,0
DA:1172,0
DA:1174,0
DA:1175,0
DA:1176,0
DA:1177,0
DA:1179,0
DA:1180,0
DA:1181,0
DA:1182,0
DA:1183,0
DA:1184,0
DA:1185,0
DA:1186,0
DA:1187,0
DA:1188,0
DA:1189,0
DA:1190,0
DA:1191,0
DA:1192,0
DA:1194,1
DA:1201,0
DA:1202,0
DA:1204,0
DA:1205,0
DA:1207,1
DA:1230,0
DA:1231,0
DA:1234,0
DA:1235,0
DA:1238,0
DA:1239,0
DA:1240,0
DA:1241,0
DA:1242,0
DA:1243,0
DA:1244,0
DA:1245,0
DA:1247,0
DA:1248,0
DA:1249,0
DA:1250,0
DA:1251,0
DA:1252,0
DA:1255,0
DA:1256,0
DA:1257,0
DA:1258,0
DA:1259,0
DA:1260,0
DA:1265,0
DA:1267,0
DA:1268,0
DA:1269,0
DA:1272,0
DA:1273,0
DA:1274,0
DA:1275,0
DA:1276,0
DA:1280,0
DA:1281,0
DA:1282,0
DA:1285,0
DA:1293,0
DA:1294,0
DA:1297,0
DA:1298,0
DA:1300,0
DA:1301,0
DA:1303,0
DA:1306,0
DA:1307,0
DA:1308,0
DA:1309,0
DA:1312,0
DA:1313,0
DA:1314,0
DA:1315,0
DA:1318,0
DA:1319,0
DA:1324,0
DA:1325,0
DA:1326,0
DA:1327,0
DA:1328,0
DA:1329,0
DA:1330,0
DA:1332,0
DA:1345,0
DA:1346,0
DA:1347,0
DA:1348,0
DA:1351,0
DA:1352,0
DA:1353,0
DA:1355,0
DA:1357,0
DA:1358,0
DA:1359,0
DA:1360,0
DA:1361,0
DA:1362,0
DA:1363,0
DA:1364,0
DA:1365,0
DA:1371,1
DA:1392,0
DA:1393,0
DA:1395,0
DA:1403,0
DA:1404,0
DA:1405,0
DA:1406,0
DA:1407,0
LF:794
LH:75
FN:48,56,_get_content_word_count
FNDA:0,_get_content_word_count
FN:59,65,_log_word_count_diff
FNDA:0,_log_word_count_diff
FN:75,198,BlogGenerator.__init__
FNDA:0,BlogGenerator.__init__
FN:105,106,BlogGenerator.__init__._proxy
FNDA:0,BlogGenerator.__init__._proxy
FN:200,209,BlogGenerator._validate_layer
FNDA:0,BlogGenerator._validate_layer
FN:211,326,BlogGenerator._build_workflow
FNDA:0,BlogGenerator._build_workflow
FN:328,335,BlogGenerator._researcher_node
FNDA:0,BlogGenerator._researcher_node
FN:337,406,BlogGenerator._planner_node
FNDA:0,BlogGenerator._planner_node
FN:408,439,BlogGenerator._writer_node
FNDA:0,BlogGenerator._writer_node
FN:441,446,BlogGenerator._check_knowledge_node
FNDA:0,BlogGenerator._check_knowledge_node
FN:448,462,BlogGenerator._refine_search_node
FNDA:0,BlogGenerator._refine_search_node
FN:464,522,BlogGenerator._enhance_with_knowledge_node
FNDA:0,BlogGenerator._enhance_with_knowledge_node
FN:491,497,BlogGenerator._enhance_with_knowledge_node.enhance_single
FNDA:0,BlogGenerator._enhance_with_knowledge_node.enhance_single
FN:526,529,BlogGenerator._questioner_node
FNDA:0,BlogGenerator._questioner_node
FN:531,596,BlogGenerator._deepen_content_node
FNDA:0,BlogGenerator._deepen_content_node
FN:600,651,BlogGenerator._section_evaluate_node
FNDA:0,BlogGenerator._section_evaluate_node
FN:653,674,BlogGenerator._should_improve_sections
FNDA:0,BlogGenerator._should_improve_sections
FN:676,711,BlogGenerator._section_improve_node
FNDA:0,BlogGenerator._section_improve_node
FN:713,741,BlogGenerator._coder_and_artist_node
FNDA:0,BlogGenerator._coder_and_artist_node
FN:743,780,BlogGenerator._wait_for_images_node
FNDA:0,BlogGenerator._wait_for_images_node
FN:782,810,BlogGenerator._reviewer_node
FNDA:0,BlogGenerator._reviewer_node
FN:812,833,BlogGenerator._revision_node
FNDA:0,BlogGenerator._revision_node
FN:835,879,BlogGenerator._revision_correct_only
FNDA:0,BlogGenerator._revision_correct_only
FN:881,922,BlogGenerator._revision_enhance
FNDA:0,BlogGenerator._revision_enhance
FN:924,938,BlogGenerator._cross_section_dedup_node
FNDA:0,BlogGenerator._cross_section_dedup_node
FN:940,981,BlogGenerator._consistency_check_node
FNDA:0,BlogGenerator._consistency_check_node
FN:983,988,BlogGenerator._get_style
FNDA:0,BlogGenerator._get_style
FN:990,1004,BlogGenerator._build_config
FNDA:0,BlogGenerator._build_config
FN:1006,1008,BlogGenerator._is_enabled
FNDA:0,BlogGenerator._is_enabled
FN:1010,1026,BlogGenerator._factcheck_node
FNDA:0,BlogGenerator._factcheck_node
FN:1028,1048,BlogGenerator._text_cleanup_node
FNDA:0,BlogGenerator._text_cleanup_node
FN:1050,1061,BlogGenerator._humanizer_node
FNDA:0,BlogGenerator._humanizer_node
FN:1063,1074,BlogGenerator._summary_generator_node
FNDA:0,BlogGenerator._summary_generator_node
FN:1076,1079,BlogGenerator._assembler_node
FNDA:0,BlogGenerator._assembler_node
FN:1081,1095,BlogGenerator._should_deepen
FNDA:0,BlogGenerator._should_deepen
FN:1097,1105,BlogGenerator._should_continue_questioning
FNDA:0,BlogGenerator._should_continue_questioning
FN:1107,1113,BlogGenerator._should_check_knowledge
FNDA:0,BlogGenerator._should_check_knowledge
FN:1115,1142,BlogGenerator._should_revise
FNDA:0,BlogGenerator._should_revise
FN:1144,1162,BlogGenerator._should_refine_search
FNDA:0,BlogGenerator._should_refine_search
FN:1164,1192,BlogGenerator._run_derivative_skills
FNDA:0,BlogGenerator._run_derivative_skills
FN:1194,1205,BlogGenerator.compile
FNDA:0,BlogGenerator.compile
FN:1207,1369,BlogGenerator.generate
FNDA:0,BlogGenerator.generate
FN:1371,1410,BlogGenerator.generate_stream
FNDA:0,BlogGenerator.generate_stream
FNF:43
FNH:0
end_of_record
SF:vibe-blog\backend\services\blog_generator\image_enhancement.py
DA:11,1
DA:12,1
DA:13,1
DA:15,1
DA:17,1
DA:20,1
DA:23,1
DA:26,1
DA:28,1
DA:29,1
DA:30,1
DA:31,1
DA:32,0
DA:35,1
DA:38,1
DA:39,1
DA:41,1
DA:63,1
DA:64,1
DA:65,1
DA:66,0
DA:67,0
DA:70,1
DA:71,1
DA:72,0
DA:75,1
DA:81,1
DA:89,1
DA:91,1
DA:92,1
DA:99,1
DA:100,1
DA:101,1
DA:102,1
DA:103,0
DA:104,0
DA:105,1
DA:106,1
DA:107,0
DA:108,0
DA:109,0
DA:115,1
DA:122,1
DA:123,1
DA:124,0
DA:125,0
DA:127,1
DA:129,1
DA:130,0
DA:131,0
DA:135,1
DA:143,1
DA:150,1
DA:151,1
DA:152,1
DA:153,1
DA:155,0
DA:156,0
DA:158,0
DA:159,0
DA:160,0
LF:61
LH:43
FN:26,32,_get_mermaid_type
FNDA:1,_get_mermaid_type
FN:38,39,ImageEnhancementPipeline.__init__
FNDA:1,ImageEnhancementPipeline.__init__
FN:41,75,ImageEnhancementPipeline.enhance
FNDA:1,ImageEnhancementPipeline.enhance
FN:81,109,ImageEnhancementPipeline._code_to_prompt
FNDA:1,ImageEnhancementPipeline._code_to_prompt
FN:115,160,ImageEnhancementPipeline._generate_enhanced_image
FNDA:1,ImageEnhancementPipeline._generate_enhanced_image
FNF:5
FNH:5
end_of_record
SF:vibe-blog\backend\services\blog_generator\image_preplanner.py
DA:13,0
DA:14,0
DA:15,0
DA:16,0
DA:18,0
DA:21,0
DA:23,0
DA:24,0
DA:25,0
DA:26,0
DA:27,0
DA:28,0
DA:29,0
DA:30,0
DA:31,0
DA:32,0
DA:33,0
DA:34,0
DA:35,0
DA:38,0
DA:41,0
DA:42,0
DA:43,0
DA:45,0
DA:56,0
DA:57,0
DA:58,0
DA:60,0
DA:65,0
DA:88,0
DA:89,0
DA:93,0
DA:96,0
DA:97,0
DA:98,0
DA:99,0
DA:101,0
DA:104,0
DA:106,0
DA:107,0
DA:111,0
DA:113,0
DA:114,0
DA:115,0
LF:44
LH:0
FN:21,35,_extract_json
FNDA:0,_extract_json
FN:41,43,ImagePreplanner.__init__
FNDA:0,ImagePreplanner.__init__
FN:45,115,ImagePreplanner.plan
FNDA:0,ImagePreplanner.plan
FNF:3
FNH:0
end_of_record
SF:vibe-blog\backend\services\blog_generator\llm_proxy.py
DA:8,1
DA:10,1
DA:13,1
DA:20,1
DA:21,0
DA:22,0
DA:24,1
DA:26,0
DA:32,1
DA:35,0
DA:42,1
DA:44,0
DA:50,1
DA:52,0
LF:14
LH:8
FN:20,22,TieredLLMProxy.__init__
FNDA:0,TieredLLMProxy.__init__
FN:24,30,TieredLLMProxy.chat
FNDA:0,TieredLLMProxy.chat
FN:32,40,TieredLLMProxy.chat_stream
FNDA:0,TieredLLMProxy.chat_stream
FN:42,48,TieredLLMProxy.chat_with_image
FNDA:0,TieredLLMProxy.chat_with_image
FN:50,52,TieredLLMProxy.__getattr__
FNDA:0,TieredLLMProxy.__getattr__
FNF:5
FNH:0
end_of_record
SF:vibe-blog\backend\services\blog_generator\llm_tier_config.py
DA:8,1
DA:11,1
DA:33,1
DA:38,0
DA:39,0
DA:40,0
DA:41,0
DA:42,0
LF:8
LH:3
FN:33,42,get_agent_tier
FNDA:0,get_agent_tier
FNF:1
FNH:0
end_of_record
SF:vibe-blog\backend\services\blog_generator\memory\__init__.py
DA:1,0
DA:2,0
DA:4,0
LF:3
LH:0
end_of_record
SF:vibe-blog\backend\services\blog_generator\memory\config.py
DA:5,0
DA:6,0
DA:9,0
DA:10,0
DA:12,0
DA:13,0
DA:14,0
DA:15,0
DA:16,0
DA:17,0
DA:18,0
DA:19,0
DA:21,0
DA:22,0
DA:24,0
LF:15
LH:0
FN:22,32,BlogMemoryConfig.from_env
FNDA:0,BlogMemoryConfig.from_env
FNF:1
FNH:0
end_of_record
SF:vibe-blog\backend\services\blog_generator\memory\storage.py
DA:8,0
DA:9,0
DA:10,0
DA:11,0
DA:12,0
DA:13,0
DA:15,0
DA:18,0
DA:20,0
DA:21,0
DA:22,0
DA:45,0
DA:56,0
DA:57,0
DA:58,0
DA:59,0
DA:60,0
DA:62,0
DA:63,0
DA:64,0
DA:66,0
DA:68,0
DA:69,0
DA:70,0
DA:71,0
DA:72,0
DA:74,0
DA:75,0
DA:76,0
DA:78,0
DA:79,0
DA:80,0
DA:81,0
DA:83,0
DA:84,0
DA:85,0
DA:86,0
DA:87,0
DA:88,0
DA:89,0
DA:90,0
DA:91,0
DA:93,0
DA:95,0
DA:96,0
DA:97,0
DA:98,0
DA:99,0
DA:100,0
DA:101,0
DA:102,0
DA:103,0
DA:104,0
DA:105,0
DA:107,0
DA:117,0
DA:118,0
DA:119,0
DA:127,0
DA:130,0
DA:131,0
DA:132,0
DA:134,0
DA:135,0
DA:137,0
DA:139,0
DA:140,0
DA:141,0
DA:142,0
DA:143,0
DA:144,0
DA:145,0
DA:147,0
DA:149,0
DA:150,0
DA:152,0
DA:156,0
DA:157,0
DA:158,0
DA:159,0
DA:160,0
DA:161,0
DA:165,0
DA:167,0
DA:169,0
DA:171,0
DA:174,0
DA:175,0
DA:176,0
DA:182,0
DA:183,0
DA:184,0
DA:185,0
DA:186,0
DA:189,0
DA:190,0
DA:191,0
DA:196,0
DA:197,0
DA:198,0
DA:199,0
DA:200,0
DA:203,0
DA:204,0
DA:205,0
DA:206,0
DA:207,0
DA:209,0
DA:210,0
DA:212,0
DA:214,0
DA:216,0
DA:218,0
DA:220,0
DA:221,0
DA:222,0
DA:223,0
DA:224,0
DA:225,0
DA:226,0
LF:120
LH:0
FN:18,42,create_empty_memory
FNDA:0,create_empty_memory
FN:56,60,MemoryStorage.__init__
FNDA:0,MemoryStorage.__init__
FN:62,64,MemoryStorage._user_file
FNDA:0,MemoryStorage._user_file
FN:66,91,MemoryStorage.load
FNDA:0,MemoryStorage.load
FN:93,105,MemoryStorage.save
FNDA:0,MemoryStorage.save
FN:107,135,MemoryStorage.add_fact
FNDA:0,MemoryStorage.add_fact
FN:137,145,MemoryStorage.remove_fact
FNDA:0,MemoryStorage.remove_fact
FN:147,150,MemoryStorage.get_facts_by_category
FNDA:0,MemoryStorage.get_facts_by_category
FN:152,165,MemoryStorage.update_profile_field
FNDA:0,MemoryStorage.update_profile_field
FN:167,212,MemoryStorage.format_for_injection
FNDA:0,MemoryStorage.format_for_injection
FN:214,216,MemoryStorage.exists
FNDA:0,MemoryStorage.exists
FN:218,226,MemoryStorage.delete
FNDA:0,MemoryStorage.delete
FNF:12
FNH:0
end_of_record
SF:vibe-blog\backend\services\blog_generator\middleware.py
DA:17,1
DA:19,1
DA:20,1
DA:21,1
DA:22,1
DA:23,1
DA:25,1
DA:28,1
DA:34,1
DA:35,1
DA:38,1
DA:42,1
DA:47,1
DA:55,1
DA:56,0
DA:58,1
DA:59,0
DA:61,1
DA:63,0
DA:65,1
DA:67,0
DA:69,1
DA:71,0
DA:74,1
DA:87,1
DA:88,0
DA:90,1
DA:92,0
DA:93,0
DA:94,0
DA:95,0
DA:96,0
DA:97,0
DA:98,0
DA:99,0
DA:100,0
DA:102,1
DA:104,0
DA:105,0
DA:106,0
DA:107,0
DA:108,0
DA:109,0
DA:110,0
DA:111,0
DA:112,0
DA:114,1
DA:118,0
DA:120,0
DA:122,0
DA:123,0
DA:125,0
DA:128,0
DA:129,0
DA:130,0
DA:131,0
DA:132,0
DA:133,0
DA:134,0
DA:137,0
DA:138,0
DA:139,0
DA:140,0
DA:141,0
DA:143,0
DA:144,0
DA:145,0
DA:146,0
DA:147,0
DA:148,0
DA:149,0
DA:150,0
DA:151,0
DA:152,0
DA:153,0
DA:155,0
DA:157,0
DA:159,0
DA:160,0
DA:161,0
DA:164,0
DA:165,0
DA:166,0
DA:167,0
DA:168,0
DA:169,0
DA:170,0
DA:172,0
DA:174,0
DA:180,1
DA:190,1
DA:191,0
DA:192,0
DA:193,0
DA:194,0
DA:195,0
DA:196,0
DA:197,0
DA:199,1
DA:200,0
DA:206,1
DA:214,1
DA:215,0
DA:217,1
DA:218,0
DA:219,0
DA:220,0
DA:221,0
DA:222,0
DA:223,0
DA:229,1
DA:239,1
DA:248,1
DA:250,1
DA:251,0
DA:252,0
DA:253,0
DA:254,0
DA:256,1
DA:257,0
DA:258,0
DA:260,0
DA:261,0
DA:262,0
DA:265,0
DA:266,0
DA:267,0
DA:268,0
DA:269,0
DA:271,0
DA:273,1
DA:274,0
DA:275,0
DA:276,0
DA:277,0
DA:278,0
DA:284,1
DA:293,1
DA:294,0
DA:295,0
DA:296,0
DA:298,1
DA:299,0
DA:300,0
DA:303,0
DA:304,0
DA:307,0
DA:308,0
DA:309,0
DA:311,0
DA:312,0
DA:313,0
DA:316,0
DA:317,0
DA:318,0
DA:319,0
DA:320,0
DA:321,0
DA:322,0
DA:323,0
DA:324,0
DA:326,0
DA:328,1
DA:329,0
DA:335,1
DA:345,1
DA:346,0
DA:347,0
DA:348,0
DA:350,1
DA:352,0
DA:357,0
DA:359,1
DA:360,0
DA:361,0
DA:363,0
DA:364,0
DA:365,0
DA:366,0
DA:367,0
DA:368,0
DA:370,0
DA:371,0
DA:373,0
DA:380,1
DA:391,1
DA:402,1
DA:403,0
DA:405,1
DA:406,0
DA:407,0
DA:409,0
DA:410,0
DA:411,0
DA:413,0
DA:414,0
DA:415,0
DA:416,0
DA:418,0
DA:419,0
DA:420,0
DA:421,0
DA:428,1
DA:439,1
DA:449,1
DA:450,0
DA:451,0
DA:453,0
DA:454,0
DA:455,0
DA:456,0
DA:457,0
DA:463,1
DA:474,1
DA:475,0
DA:477,1
DA:478,0
DA:480,1
DA:481,0
DA:483,1
DA:484,0
DA:485,0
DA:486,0
DA:487,0
DA:492,0
LF:225
LH:55
FN:38,40,NodeMiddleware.before_node
FNDA:0,NodeMiddleware.before_node
FN:42,44,NodeMiddleware.after_node
FNDA:0,NodeMiddleware.after_node
FN:55,56,ExtendedMiddleware.before_node
FNDA:0,ExtendedMiddleware.before_node
FN:58,59,ExtendedMiddleware.after_node
FNDA:0,ExtendedMiddleware.after_node
FN:61,63,ExtendedMiddleware.before_pipeline
FNDA:0,ExtendedMiddleware.before_pipeline
FN:65,67,ExtendedMiddleware.after_pipeline
FNDA:0,ExtendedMiddleware.after_pipeline
FN:69,71,ExtendedMiddleware.on_error
FNDA:0,ExtendedMiddleware.on_error
FN:87,88,MiddlewarePipeline.__init__
FNDA:0,MiddlewarePipeline.__init__
FN:90,100,MiddlewarePipeline.run_before_pipeline
FNDA:0,MiddlewarePipeline.run_before_pipeline
FN:102,112,MiddlewarePipeline.run_after_pipeline
FNDA:0,MiddlewarePipeline.run_after_pipeline
FN:114,174,MiddlewarePipeline.wrap_node
FNDA:0,MiddlewarePipeline.wrap_node
FN:120,172,MiddlewarePipeline.wrap_node.wrapped
FNDA:0,MiddlewarePipeline.wrap_node.wrapped
FN:190,197,TracingMiddleware.before_node
FNDA:0,TracingMiddleware.before_node
FN:199,200,TracingMiddleware.after_node
FNDA:0,TracingMiddleware.after_node
FN:214,215,ErrorTrackingMiddleware.before_node
FNDA:0,ErrorTrackingMiddleware.before_node
FN:217,223,ErrorTrackingMiddleware.after_node
FNDA:0,ErrorTrackingMiddleware.after_node
FN:250,254,TokenBudgetMiddleware.__init__
FNDA:0,TokenBudgetMiddleware.__init__
FN:256,271,TokenBudgetMiddleware.before_node
FNDA:0,TokenBudgetMiddleware.before_node
FN:273,278,TokenBudgetMiddleware.after_node
FNDA:0,TokenBudgetMiddleware.after_node
FN:293,296,ContextPrefetchMiddleware.__init__
FNDA:0,ContextPrefetchMiddleware.__init__
FN:298,326,ContextPrefetchMiddleware.before_node
FNDA:0,ContextPrefetchMiddleware.before_node
FN:328,329,ContextPrefetchMiddleware.after_node
FNDA:0,ContextPrefetchMiddleware.after_node
FN:345,348,ReducerMiddleware.__init__
FNDA:0,ReducerMiddleware.__init__
FN:350,357,ReducerMiddleware.before_node
FNDA:0,ReducerMiddleware.before_node
FN:359,373,ReducerMiddleware.after_node
FNDA:0,ReducerMiddleware.after_node
FN:402,403,FeatureToggleMiddleware.__init__
FNDA:0,FeatureToggleMiddleware.__init__
FN:405,421,FeatureToggleMiddleware.before_node
FNDA:0,FeatureToggleMiddleware.before_node
FN:449,457,GracefulDegradationMiddleware.on_error
FNDA:0,GracefulDegradationMiddleware.on_error
FN:474,475,TaskLogMiddleware.__init__
FNDA:0,TaskLogMiddleware.__init__
FN:477,478,TaskLogMiddleware.set_task_log
FNDA:0,TaskLogMiddleware.set_task_log
FN:480,481,TaskLogMiddleware.before_node
FNDA:0,TaskLogMiddleware.before_node
FN:483,492,TaskLogMiddleware.after_node
FNDA:0,TaskLogMiddleware.after_node
FNF:32
FNH:0
end_of_record
SF:vibe-blog\backend\services\blog_generator\orchestrator\__init__.py
end_of_record
SF:vibe-blog\backend\services\blog_generator\orchestrator\declarative_engine.py
DA:8,0
DA:9,0
DA:11,0
DA:13,0
DA:16,0
DA:18,0
DA:19,0
DA:20,0
DA:21,0
DA:22,0
DA:23,0
DA:24,0
DA:25,0
DA:28,0
DA:31,0
DA:32,0
DA:34,0
DA:35,0
DA:37,0
DA:44,0
DA:45,0
DA:46,0
DA:48,0
DA:49,0
DA:50,0
DA:51,0
DA:54,0
DA:55,0
DA:57,0
DA:58,0
DA:59,0
DA:62,0
DA:68,0
DA:69,0
DA:70,0
DA:73,0
DA:74,0
DA:75,0
DA:77,0
LF:39
LH:0
FN:16,25,resolve_style_refs
FNDA:0,resolve_style_refs
FN:31,32,DeclarativeEngine.__init__
FNDA:0,DeclarativeEngine.__init__
FN:34,35,DeclarativeEngine.validate_config
FNDA:0,DeclarativeEngine.validate_config
FN:37,77,DeclarativeEngine.resolve_extends
FNDA:0,DeclarativeEngine.resolve_extends
FNF:4
FNH:0
end_of_record
SF:vibe-blog\backend\services\blog_generator\orchestrator\layer_definitions.py
DA:7,0
DA:8,0
DA:9,0
DA:10,0
DA:12,0
DA:15,0
DA:16,0
DA:17,0
DA:20,0
DA:21,0
DA:22,0
DA:23,0
DA:24,0
DA:25,0
DA:26,0
DA:29,0
DA:30,0
DA:31,0
DA:32,0
DA:33,0
DA:34,0
DA:35,0
DA:36,0
DA:37,0
DA:38,0
DA:39,0
DA:40,0
DA:41,0
DA:43,0
DA:44,0
DA:45,0
DA:50,0
DA:158,0
DA:161,0
DA:162,0
DA:163,0
DA:165,0
DA:166,0
DA:167,0
DA:168,0
DA:169,0
DA:170,0
DA:171,0
DA:172,0
DA:173,0
DA:174,0
DA:176,0
DA:177,0
DA:178,0
DA:179,0
DA:180,0
DA:181,0
DA:183,0
DA:184,0
DA:185,0
DA:186,0
DA:187,0
DA:188,0
DA:189,0
DA:190,0
DA:194,0
LF:61
LH:0
FN:44,45,Layer.is_critical
FNDA:0,Layer.is_critical
FN:161,163,LayerValidator.__init__
FNDA:0,LayerValidator.__init__
FN:165,174,LayerValidator.validate_inputs
FNDA:0,LayerValidator.validate_inputs
FN:176,181,LayerValidator.validate_outputs
FNDA:0,LayerValidator.validate_outputs
FN:183,194,LayerValidator.get_data_lineage
FNDA:0,LayerValidator.get_data_lineage
FNF:5
FNH:0
end_of_record
SF:vibe-blog\backend\services\blog_generator\orchestrator\migrate_yaml_to_json.py
DA:6,0
DA:7,0
DA:8,0
DA:9,0
DA:11,0
DA:13,0
DA:16,0
DA:18,0
DA:19,0
DA:20,0
DA:23,0
DA:30,0
DA:31,0
DA:33,0
DA:34,0
DA:35,0
DA:36,0
DA:37,0
DA:38,0
DA:39,0
DA:40,0
DA:41,0
DA:42,0
DA:43,0
DA:44,0
DA:45,0
DA:46,0
DA:48,0
LF:28
LH:0
FN:16,20,migrate_yaml_to_json
FNDA:0,migrate_yaml_to_json
FN:23,48,migrate_all_presets
FNDA:0,migrate_all_presets
FNF:2
FNH:0
end_of_record
SF:vibe-blog\backend\services\blog_generator\orchestrator\prompt_composer.py
DA:12,0
DA:15,0
DA:18,0
DA:38,0
DA:41,0
DA:42,0
DA:45,0
DA:46,0
DA:47,0
DA:48,0
DA:49,0
DA:52,0
DA:53,0
DA:54,0
DA:55,0
DA:56,0
DA:59,0
DA:60,0
DA:62,0
LF:19
LH:0
FN:18,62,PromptComposer.compose
FNDA:0,PromptComposer.compose
FNF:1
FNH:0
end_of_record
SF:vibe-blog\backend\services\blog_generator\orchestrator\style_loader.py
DA:6,0
DA:7,0
DA:8,0
DA:9,0
DA:11,0
DA:14,0
DA:17,0
DA:18,0
DA:19,0
DA:20,0
DA:21,0
DA:22,0
DA:24,0
DA:26,0
DA:27,0
DA:28,0
DA:29,0
DA:30,0
DA:31,0
DA:32,0
DA:33,0
DA:34,0
DA:35,0
DA:36,0
DA:37,0
DA:38,0
DA:39,0
DA:40,0
DA:42,0
DA:44,0
DA:45,0
DA:46,0
DA:48,0
DA:50,0
DA:51,0
DA:52,0
DA:53,0
DA:54,0
DA:55,0
DA:56,0
DA:57,0
DA:59,0
DA:61,0
DA:62,0
DA:63,0
DA:64,0
DA:65,0
DA:66,0
DA:67,0
DA:68,0
DA:69,0
LF:51
LH:0
FN:17,22,StyleLoader.__init__
FNDA:0,StyleLoader.__init__
FN:24,40,StyleLoader.load_all
FNDA:0,StyleLoader.load_all
FN:42,46,StyleLoader.get
FNDA:0,StyleLoader.get
FN:48,57,StyleLoader.save
FNDA:0,StyleLoader.save
FN:59,69,StyleLoader.delete
FNDA:0,StyleLoader.delete
FNF:5
FNH:0
end_of_record
SF:vibe-blog\backend\services\blog_generator\orchestrator\template_loader.py
DA:6,0
DA:7,0
DA:8,0
DA:9,0
DA:11,0
DA:14,0
DA:17,0
DA:18,0
DA:19,0
DA:20,0
DA:21,0
DA:22,0
DA:24,0
DA:26,0
DA:27,0
DA:28,0
DA:29,0
DA:30,0
DA:31,0
DA:32,0
DA:33,0
DA:34,0
DA:35,0
DA:36,0
DA:37,0
DA:38,0
DA:39,0
DA:40,0
DA:42,0
DA:44,0
DA:45,0
DA:46,0
DA:48,0
DA:50,0
DA:51,0
DA:52,0
DA:53,0
DA:54,0
DA:55,0
DA:56,0
DA:57,0
DA:59,0
DA:61,0
DA:62,0
DA:63,0
DA:64,0
DA:65,0
DA:66,0
DA:67,0
DA:68,0
DA:69,0
LF:51
LH:0
FN:17,22,TemplateLoader.__init__
FNDA:0,TemplateLoader.__init__
FN:24,40,TemplateLoader.load_all
FNDA:0,TemplateLoader.load_all
FN:42,46,TemplateLoader.get
FNDA:0,TemplateLoader.get
FN:48,57,TemplateLoader.save
FNDA:0,TemplateLoader.save
FN:59,69,TemplateLoader.delete
FNDA:0,TemplateLoader.delete
FNF:5
FNH:0
end_of_record
SF:vibe-blog\backend\services\blog_generator\orchestrator\thinking_config.py
DA:10,0
DA:19,0
DA:29,0
DA:30,0
DA:31,0
DA:34,0
DA:45,0
DA:46,0
DA:47,0
DA:48,0
LF:10
LH:0
FN:19,31,should_use_thinking
FNDA:0,should_use_thinking
FN:34,48,supports_thinking
FNDA:0,supports_thinking
FNF:2
FNH:0
end_of_record
SF:vibe-blog\backend\services\blog_generator\orchestrator\workflow_schema.py
DA:4,0
DA:7,0
DA:14,0
DA:16,0
DA:17,0
DA:19,0
DA:20,0
DA:21,0
DA:22,0
DA:24,0
DA:25,0
DA:26,0
DA:28,0
DA:29,0
DA:30,0
DA:32,0
DA:33,0
DA:35,0
DA:36,0
DA:37,0
DA:39,0
DA:40,0
DA:41,0
DA:42,0
DA:43,0
DA:44,0
DA:45,0
DA:46,0
DA:48,0
LF:29
LH:0
FN:7,48,validate_workflow_config
FNDA:0,validate_workflow_config
FNF:1
FNH:0
end_of_record
SF:vibe-blog\backend\services\blog_generator\parallel\__init__.py
DA:1,1
DA:2,1
DA:4,1
LF:3
LH:3
end_of_record
SF:vibe-blog\backend\services\blog_generator\parallel\config.py
DA:3,1
DA:6,1
DA:7,1
DA:9,1
DA:10,1
DA:11,1
DA:12,1
LF:7
LH:7
end_of_record
SF:vibe-blog\backend\services\blog_generator\parallel\executor.py
DA:9,1
DA:10,1
DA:11,1
DA:12,1
DA:13,1
DA:14,1
DA:15,1
DA:16,1
DA:18,1
DA:20,1
DA:23,1
DA:24,1
DA:25,1
DA:26,1
DA:27,1
DA:28,1
DA:31,1
DA:32,1
DA:34,1
DA:35,1
DA:36,1
DA:37,1
DA:38,1
DA:39,1
DA:40,1
DA:41,1
DA:43,1
DA:44,1
DA:45,0
DA:48,1
DA:60,1
DA:67,0
DA:70,0
DA:71,0
DA:72,0
DA:73,0
DA:74,0
DA:76,1
DA:96,0
DA:97,0
DA:99,0
DA:100,0
DA:103,0
DA:104,0
DA:105,0
DA:106,0
DA:112,0
DA:113,0
DA:115,0
DA:117,0
DA:119,1
DA:126,0
DA:127,0
DA:129,0
DA:134,0
DA:135,0
DA:136,0
DA:137,0
DA:138,0
DA:140,0
DA:141,0
DA:142,0
DA:144,0
DA:145,0
DA:148,0
DA:149,0
DA:150,0
DA:151,0
DA:152,0
DA:153,0
DA:154,0
DA:155,0
DA:156,0
DA:157,0
DA:158,0
DA:159,0
DA:160,0
DA:161,0
DA:163,0
DA:164,0
DA:165,0
DA:170,0
DA:172,0
DA:173,0
DA:174,0
DA:175,0
DA:176,0
DA:177,0
DA:178,0
DA:179,0
DA:182,0
DA:184,1
DA:191,0
DA:192,0
DA:194,0
DA:195,0
DA:196,0
DA:198,0
DA:199,0
DA:200,0
DA:202,0
DA:203,0
DA:204,0
DA:205,0
DA:206,0
DA:207,0
DA:208,0
DA:209,0
DA:211,0
DA:212,0
DA:214,1
DA:215,1
DA:216,0
DA:217,0
DA:218,0
DA:220,1
DA:222,0
DA:223,0
DA:224,0
DA:225,0
DA:226,0
DA:228,1
DA:229,0
DA:230,0
DA:231,0
DA:232,0
LF:126
LH:37
FN:44,45,TaskResult.success
FNDA:0,TaskResult.success
FN:60,74,ParallelTaskExecutor.__init__
FNDA:0,ParallelTaskExecutor.__init__
FN:76,117,ParallelTaskExecutor.run_parallel
FNDA:0,ParallelTaskExecutor.run_parallel
FN:119,182,ParallelTaskExecutor._execute_parallel
FNDA:0,ParallelTaskExecutor._execute_parallel
FN:184,212,ParallelTaskExecutor._execute_serial
FNDA:0,ParallelTaskExecutor._execute_serial
FN:215,218,ParallelTaskExecutor._calc_duration
FNDA:0,ParallelTaskExecutor._calc_duration
FN:220,226,ParallelTaskExecutor._emit_event
FNDA:0,ParallelTaskExecutor._emit_event
FN:228,237,ParallelTaskExecutor._emit_batch_completed
FNDA:0,ParallelTaskExecutor._emit_batch_completed
FNF:8
FNH:0
end_of_record
SF:vibe-blog\backend\services\blog_generator\persona_presets.py
DA:7,0
DA:8,0
DA:11,0
DA:12,0
DA:14,0
DA:15,0
DA:16,0
DA:17,0
DA:18,0
DA:20,0
DA:22,0
DA:23,0
DA:24,0
DA:25,0
DA:26,0
DA:27,0
DA:28,0
DA:29,0
DA:33,0
DA:65,0
DA:67,0
LF:21
LH:0
FN:20,29,AgentPersona.to_prompt_segment
FNDA:0,AgentPersona.to_prompt_segment
FN:65,67,get_persona
FNDA:0,get_persona
FNF:2
FNH:0
end_of_record
SF:vibe-blog\backend\services\blog_generator\post_processors\__init__.py
end_of_record
SF:vibe-blog\backend\services\blog_generator\post_processors\markdown_formatter.py
DA:8,1
DA:9,1
DA:10,1
DA:13,1
DA:18,1
DA:21,0
DA:27,0
DA:32,1
DA:46,0
DA:48,0
DA:49,0
DA:51,1
DA:64,0
DA:65,0
DA:68,0
DA:70,0
DA:72,1
DA:84,0
DA:92,0
DA:98,0
DA:100,1
DA:111,0
DA:114,0
DA:117,0
DA:120,0
DA:122,0
DA:124,1
DA:134,0
DA:136,0
DA:137,0
DA:138,0
DA:139,0
DA:142,0
DA:143,0
DA:146,0
DA:149,0
DA:150,0
DA:151,0
DA:152,0
DA:153,0
DA:155,0
DA:156,0
DA:158,0
DA:159,0
DA:160,0
DA:162,1
DA:173,0
DA:175,0
DA:176,0
DA:177,0
DA:178,0
DA:181,0
DA:182,0
DA:183,0
DA:184,0
DA:187,0
DA:188,0
DA:189,0
DA:190,0
DA:193,0
DA:194,0
DA:196,0
DA:197,0
DA:198,0
DA:202,1
DA:203,0
DA:206,0
DA:209,0
DA:211,0
DA:212,0
DA:214,0
DA:216,0
DA:217,0
DA:219,0
DA:221,0
DA:224,0
DA:225,0
DA:226,0
DA:227,0
DA:229,0
LF:80
LH:12
FN:18,30,MarkdownFormatter.__init__
FNDA:0,MarkdownFormatter.__init__
FN:32,49,MarkdownFormatter.fix_separator_spacing
FNDA:0,MarkdownFormatter.fix_separator_spacing
FN:51,70,MarkdownFormatter.fix_multiple_blank_lines
FNDA:0,MarkdownFormatter.fix_multiple_blank_lines
FN:72,98,MarkdownFormatter.fix_heading_spacing
FNDA:0,MarkdownFormatter.fix_heading_spacing
FN:100,122,MarkdownFormatter.format_content
FNDA:0,MarkdownFormatter.format_content
FN:124,160,MarkdownFormatter.process_file
FNDA:0,MarkdownFormatter.process_file
FN:162,198,MarkdownFormatter.process_directory
FNDA:0,MarkdownFormatter.process_directory
FNF:7
FNH:0
end_of_record
SF:vibe-blog\backend\services\blog_generator\prompt_family.py
DA:15,0
DA:16,0
DA:17,0
DA:19,0
DA:22,0
DA:25,0
DA:27,0
DA:29,0
DA:31,0
DA:33,0
DA:35,0
DA:37,0
DA:39,0
DA:41,0
DA:44,0
DA:47,0
DA:49,0
DA:50,0
DA:52,0
DA:53,0
DA:55,0
DA:56,0
DA:61,0
DA:64,0
DA:67,0
DA:69,0
DA:70,0
DA:72,0
DA:73,0
DA:76,0
DA:79,0
DA:81,0
DA:82,0
DA:84,0
DA:85,0
DA:89,0
DA:97,0
DA:99,0
DA:100,0
DA:101,0
DA:102,0
DA:103,0
DA:104,0
DA:105,0
DA:106,0
DA:107,0
DA:108,0
DA:109,0
DA:110,0
DA:113,0
DA:115,0
DA:116,0
DA:118,0
DA:119,0
DA:120,0
DA:122,0
DA:123,0
DA:125,0
LF:58
LH:0
FN:27,29,BlogPromptFamily.format_context
FNDA:0,BlogPromptFamily.format_context
FN:31,33,BlogPromptFamily.get_system_preamble
FNDA:0,BlogPromptFamily.get_system_preamble
FN:35,37,BlogPromptFamily.get_tone_instruction
FNDA:0,BlogPromptFamily.get_tone_instruction
FN:39,41,BlogPromptFamily.wrap_prompt
FNDA:0,BlogPromptFamily.wrap_prompt
FN:49,50,ClaudePromptFamily.format_context
FNDA:0,ClaudePromptFamily.format_context
FN:52,53,ClaudePromptFamily.get_system_preamble
FNDA:0,ClaudePromptFamily.get_system_preamble
FN:55,61,ClaudePromptFamily.get_tone_instruction
FNDA:0,ClaudePromptFamily.get_tone_instruction
FN:69,70,OpenAIPromptFamily.format_context
FNDA:0,OpenAIPromptFamily.format_context
FN:72,73,OpenAIPromptFamily.get_system_preamble
FNDA:0,OpenAIPromptFamily.get_system_preamble
FN:81,82,QwenPromptFamily.format_context
FNDA:0,QwenPromptFamily.format_context
FN:84,85,QwenPromptFamily.get_tone_instruction
FNDA:0,QwenPromptFamily.get_tone_instruction
FN:97,110,detect_family
FNDA:0,detect_family
FN:113,125,get_prompt_family
FNDA:0,get_prompt_family
FNF:13
FNH:0
end_of_record
SF:vibe-blog\backend\services\blog_generator\prompts\__init__.py
DA:7,1
DA:9,1
LF:2
LH:2
end_of_record
SF:vibe-blog\backend\services\blog_generator\queue_bridge.py
DA:4,1
DA:5,1
DA:6,1
DA:8,1
DA:11,1
DA:13,0
DA:14,0
DA:15,0
DA:16,0
DA:17,0
DA:20,1
DA:22,0
DA:25,1
DA:40,0
DA:41,0
DA:42,0
DA:43,0
DA:45,0
DA:46,0
DA:48,0
DA:49,0
DA:50,0
DA:53,1
DA:70,0
DA:71,0
DA:72,0
DA:73,0
DA:75,0
DA:77,0
DA:78,0
DA:79,0
DA:80,0
DA:81,0
DA:82,0
DA:83,0
DA:84,0
DA:85,0
DA:86,0
DA:87,0
DA:88,0
DA:90,0
DA:91,0
DA:92,0
DA:93,0
DA:95,0
DA:96,0
DA:97,0
LF:47
LH:8
FN:11,17,_get_queue_manager
FNDA:0,_get_queue_manager
FN:20,22,_run
FNDA:0,_run
[...]
FNDA:0,XHSService.generate_series
FN:170,252,XHSService._generate_outline
FNDA:0,XHSService._generate_outline
FN:254,278,XHSService._format_search_results
FNDA:0,XHSService._format_search_results
FN:280,337,XHSService._parse_outline
FNDA:0,XHSService._parse_outline
FN:339,381,XHSService._generate_all_visual_prompts
FNDA:0,XHSService._generate_all_visual_prompts
FN:383,413,XHSService._parse_visual_prompts
FNDA:0,XHSService._parse_visual_prompts
FN:415,471,XHSService._generate_single_image_v2
FNDA:0,XHSService._generate_single_image_v2
FN:473,544,XHSService._generate_single_image
FNDA:0,XHSService._generate_single_image
FN:546,571,XHSService._generate_video
FNDA:0,XHSService._generate_video
FN:573,604,XHSService._generate_content
FNDA:0,XHSService._generate_content
FN:606,622,XHSService._call_llm_sync
FNDA:0,XHSService._call_llm_sync
FN:626,687,XHSService.generate_async
FNDA:0,XHSService.generate_async
FN:652,683,XHSService.generate_async.run_in_thread
FNDA:0,XHSService.generate_async.run_in_thread
FN:689,1055,XHSService._run_generation_with_sse
FNDA:0,XHSService._run_generation_with_sse
FN:718,721,XHSService._run_generation_with_sse.send_event
FNDA:0,XHSService._run_generation_with_sse.send_event
FN:727,728,XHSService._run_generation_with_sse.is_cancelled
FNDA:0,XHSService._run_generation_with_sse.is_cancelled
FN:914,956,XHSService._run_generation_with_sse.generate_image_with_progress
FNDA:0,XHSService._run_generation_with_sse.generate_image_with_progress
FN:1058,1112,XHSService.generate_explanation_video
FNDA:0,XHSService.generate_explanation_video
FN:1119,1133,init_xhs_service
FNDA:0,init_xhs_service
FN:1136,1138,get_xhs_service
FNDA:0,get_xhs_service
FNF:21
FNH:0
end_of_record
SF:vibe-blog\backend\utils\__init__.py
end_of_record
SF:vibe-blog\backend\utils\agent_runner.py
DA:15,0
DA:16,0
DA:17,0
DA:18,0
DA:20,0
DA:22,0
DA:25,0
DA:27,0
DA:28,0
DA:29,0
DA:30,0
DA:31,0
DA:32,0
DA:34,0
DA:35,0
DA:36,0
DA:37,0
DA:38,0
DA:39,0
DA:41,0
DA:42,0
DA:43,0
DA:44,0
DA:45,0
DA:48,0
DA:51,0
DA:52,0
DA:54,0
DA:60,0
DA:62,0
DA:81,0
DA:82,0
DA:84,0
DA:85,0
DA:86,0
DA:90,0
DA:91,0
DA:92,0
DA:93,0
DA:94,0
DA:95,0
DA:96,0
DA:100,0
DA:102,0
LF:44
LH:0
FN:25,45,extract_json
FNDA:0,extract_json
FN:51,52,AgentRunner.__init__
FNDA:0,AgentRunner.__init__
FN:54,60,AgentRunner.chat
FNDA:0,AgentRunner.chat
FN:62,102,AgentRunner.chat_json
FNDA:0,AgentRunner.chat_json
FNF:4
FNH:0
end_of_record
SF:vibe-blog\backend\utils\atomic_write.py
DA:2,0
DA:3,0
DA:6,0
DA:8,0
DA:9,0
DA:10,0
DA:11,0
DA:12,0
DA:13,0
DA:14,0
DA:15,0
DA:16,0
DA:17,0
DA:18,0
LF:14
LH:0
FN:6,18,atomic_write
FNDA:0,atomic_write
FNF:1
FNH:0
end_of_record
SF:vibe-blog\backend\utils\context_compressor.py
DA:10,0
DA:11,0
DA:13,0
DA:16,0
DA:27,0
DA:28,0
DA:29,0
DA:33,0
DA:45,0
DA:46,0
DA:48,0
DA:53,0
DA:54,0
DA:55,0
DA:56,0
DA:58,0
DA:60,0
DA:61,0
DA:63,0
DA:65,0
DA:76,0
DA:77,0
DA:79,0
DA:80,0
DA:83,0
DA:85,0
DA:86,0
DA:87,0
DA:88,0
DA:90,0
DA:94,0
DA:100,0
DA:101,0
DA:102,0
DA:103,0
DA:104,0
DA:105,0
DA:106,0
DA:107,0
DA:113,0
DA:114,0
DA:115,0
DA:119,0
DA:123,0
DA:124,0
DA:125,0
DA:126,0
DA:127,0
DA:133,0
DA:134,0
DA:138,0
DA:140,0
DA:141,0
DA:142,0
DA:143,0
DA:144,0
DA:152,0
DA:154,0
DA:163,0
DA:164,0
DA:165,0
DA:166,0
DA:167,0
DA:168,0
DA:170,0
DA:171,0
DA:172,0
DA:173,0
DA:174,0
DA:175,0
DA:176,0
DA:177,0
DA:179,0
DA:180,0
DA:181,0
DA:182,0
DA:183,0
DA:185,0
DA:186,0
DA:187,0
DA:188,0
DA:189,0
DA:190,0
DA:191,0
DA:192,0
DA:193,0
DA:194,0
DA:195,0
DA:196,0
DA:197,0
DA:198,0
DA:199,0
DA:200,0
DA:201,0
DA:203,0
DA:204,0
DA:205,0
DA:206,0
DA:207,0
DA:208,0
DA:209,0
DA:211,0
DA:212,0
DA:213,0
DA:214,0
DA:215,0
DA:216,0
LF:107
LH:0
FN:27,29,ContextCompressor.__init__
FNDA:0,ContextCompressor.__init__
FN:33,63,ContextCompressor.filter_tool_results
FNDA:0,ContextCompressor.filter_tool_results
FN:65,90,ContextCompressor.apply_strategy
FNDA:0,ContextCompressor.apply_strategy
FN:94,115,ContextCompressor.compress_search_results
FNDA:0,ContextCompressor.compress_search_results
FN:119,134,ContextCompressor.compress_revision_history
FNDA:0,ContextCompressor.compress_revision_history
FN:138,150,ContextCompressor.compress_for_writer
FNDA:0,ContextCompressor.compress_for_writer
FN:152,159,ContextCompressor.compress_for_reviewer
FNDA:0,ContextCompressor.compress_for_reviewer
FN:163,168,ContextCompressor._compress_outline
FNDA:0,ContextCompressor._compress_outline
FN:170,177,ContextCompressor._get_section_summary
FNDA:0,ContextCompressor._get_section_summary
FN:179,183,ContextCompressor._get_section_preview
FNDA:0,ContextCompressor._get_section_preview
FN:185,201,ContextCompressor._filter_relevant_search
FNDA:0,ContextCompressor._filter_relevant_search
FN:203,209,ContextCompressor._generate_full_text_summary
FNDA:0,ContextCompressor._generate_full_text_summary
FN:211,216,ContextCompressor._compress_review_history
FNDA:0,ContextCompressor._compress_review_history
FNF:13
FNH:0
end_of_record
SF:vibe-blog\backend\utils\context_guard.py
DA:9,1
DA:10,1
DA:11,1
DA:13,1
DA:16,1
DA:43,1
DA:45,1
DA:53,0
DA:54,0
DA:56,0
DA:57,0
DA:59,0
DA:60,0
DA:61,0
DA:62,0
DA:63,0
DA:64,0
DA:65,0
DA:66,0
DA:67,0
DA:68,0
DA:69,0
DA:70,0
DA:71,0
DA:72,0
DA:73,0
DA:74,0
DA:76,0
DA:79,1
DA:81,0
DA:82,0
DA:83,0
DA:86,1
DA:88,0
DA:89,0
DA:90,0
DA:91,0
DA:92,0
DA:93,0
DA:94,0
DA:97,1
DA:99,0
DA:100,0
DA:101,0
DA:104,1
DA:110,1
DA:111,0
DA:112,0
DA:113,0
DA:114,0
DA:116,1
DA:123,0
DA:124,0
DA:125,0
DA:126,0
DA:127,0
DA:128,0
DA:129,0
DA:131,0
DA:133,0
DA:134,0
DA:136,0
DA:145,0
DA:146,0
DA:151,0
DA:153,1
DA:168,0
DA:169,0
DA:171,0
DA:172,0
DA:173,0
DA:178,0
DA:179,0
DA:180,0
DA:181,0
DA:182,0
DA:183,0
DA:184,0
DA:187,0
DA:188,0
DA:190,0
DA:191,0
DA:192,0
DA:193,0
DA:194,0
DA:196,0
DA:197,0
DA:198,0
DA:199,0
DA:201,0
DA:202,0
DA:203,0
DA:204,0
DA:207,0
DA:209,0
DA:210,0
DA:211,0
DA:215,0
DA:216,0
DA:217,0
DA:221,0
DA:223,0
DA:224,0
DA:225,0
DA:227,0
DA:228,0
DA:229,0
DA:231,0
DA:232,0
LF:109
LH:14
FN:45,76,estimate_tokens
FNDA:0,estimate_tokens
FN:79,83,_estimate_by_chars
FNDA:0,_estimate_by_chars
FN:86,94,get_context_limit
FNDA:0,get_context_limit
FN:97,101,get_safe_input_limit
FNDA:0,get_safe_input_limit
FN:110,114,ContextGuard.__init__
FNDA:0,ContextGuard.__init__
FN:116,151,ContextGuard.check
FNDA:0,ContextGuard.check
FN:153,232,ContextGuard.trim_prompt
FNDA:0,ContextGuard.trim_prompt
FNF:7
FNH:0
end_of_record
SF:vibe-blog\backend\utils\cost_tracker.py
DA:15,0
DA:16,0
DA:17,0
DA:18,0
DA:20,0
DA:23,0
DA:24,0
DA:27,0
DA:28,0
DA:29,0
DA:30,0
DA:31,0
DA:33,0
DA:34,0
DA:35,0
DA:36,0
DA:37,0
DA:39,0
DA:43,0
DA:44,0
DA:45,0
DA:46,0
DA:48,0
DA:55,0
DA:56,0
DA:59,0
DA:60,0
DA:61,0
DA:62,0
DA:65,0
DA:69,0
DA:73,0
DA:75,0
DA:76,0
DA:77,0
DA:78,0
DA:79,0
DA:80,0
DA:82,0
DA:90,0
DA:92,0
DA:99,0
DA:100,0
DA:101,0
DA:102,0
DA:103,0
DA:104,0
DA:107,0
DA:109,0
LF:49
LH:0
FN:33,37,CostTracker.__post_init__
FNDA:0,CostTracker.__post_init__
FN:39,71,CostTracker.record_call
FNDA:0,CostTracker.record_call
FN:73,88,CostTracker.get_summary
FNDA:0,CostTracker.get_summary
FN:90,104,CostTracker.format_summary
FNDA:0,CostTracker.format_summary
FNF:4
FNH:0
end_of_record
SF:vibe-blog\backend\utils\dangling_tool_call_fixer.py
DA:2,0
DA:5,0
DA:10,0
DA:14,0
DA:15,0
DA:16,0
DA:17,0
DA:18,0
DA:19,0
DA:20,0
DA:21,0
DA:27,0
DA:28,0
LF:13
LH:0
FN:5,28,fix_dangling_tool_calls
FNDA:0,fix_dangling_tool_calls
FNF:1
FNH:0
end_of_record
SF:vibe-blog\backend\utils\lazy.py
DA:8,0
DA:10,0
DA:11,0
DA:14,0
DA:28,0
DA:33,0
DA:34,0
DA:35,0
DA:36,0
DA:38,0
DA:39,0
DA:41,0
DA:42,0
DA:43,0
DA:45,0
DA:46,0
DA:47,0
DA:48,0
DA:50,0
DA:52,0
DA:53,0
DA:54,0
DA:55,0
DA:56,0
DA:57,0
DA:59,0
DA:61,0
DA:62,0
DA:63,0
DA:64,0
LF:30
LH:0
FN:28,36,LazyResource.__init__
FNDA:0,LazyResource.__init__
FN:38,39,LazyResource.__set_name__
FNDA:0,LazyResource.__set_name__
FN:41,57,LazyResource.__get__
FNDA:0,LazyResource.__get__
FN:59,64,LazyResource.reset
FNDA:0,LazyResource.reset
FNF:4
FNH:0
end_of_record
SF:vibe-blog\backend\utils\llm_logger.py
DA:10,0
DA:11,0
DA:12,0
DA:13,0
DA:14,0
DA:15,0
DA:17,0
DA:19,0
DA:22,0
DA:25,0
DA:26,0
DA:27,0
DA:28,0
DA:29,0
DA:31,0
DA:32,0
DA:33,0
DA:34,0
DA:36,0
DA:37,0
DA:39,0
DA:40,0
DA:41,0
DA:42,0
DA:44,0
DA:57,0
DA:58,0
DA:59,0
DA:72,0
DA:73,0
DA:74,0
DA:75,0
DA:76,0
DA:77,0
DA:78,0
DA:80,0
DA:81,0
LF:37
LH:0
FN:25,42,LLMCallLogger.__init__
FNDA:0,LLMCallLogger.__init__
FN:44,78,LLMCallLogger.log
FNDA:0,LLMCallLogger.log
FN:80,81,LLMCallLogger.close
FNDA:0,LLMCallLogger.close
FNF:3
FNH:0
end_of_record
SF:vibe-blog\backend\utils\query_deduplicator.py
DA:6,0
DA:7,0
DA:8,0
DA:10,0
DA:12,0
DA:13,0
DA:16,0
DA:24,0
DA:29,0
DA:30,0
DA:31,0
DA:32,0
DA:33,0
DA:35,0
DA:36,0
DA:37,0
DA:39,0
DA:41,0
DA:42,0
DA:43,0
DA:44,0
DA:45,0
DA:46,0
DA:47,0
DA:49,0
DA:51,0
DA:52,0
DA:53,0
DA:54,0
DA:55,0
DA:56,0
DA:58,0
DA:59,0
DA:61,0
DA:69,0
DA:70,0
DA:73,0
DA:74,0
DA:75,0
DA:78,0
DA:80,0
DA:82,0
DA:83,0
DA:86,0
DA:88,0
DA:89,0
DA:90,0
DA:98,0
DA:100,0
DA:101,0
DA:102,0
LF:51
LH:0
FN:24,33,QueryDeduplicator.__init__
FNDA:0,QueryDeduplicator.__init__
FN:36,37,QueryDeduplicator._normalize
FNDA:0,QueryDeduplicator._normalize
FN:39,47,QueryDeduplicator.is_duplicate
FNDA:0,QueryDeduplicator.is_duplicate
FN:49,59,QueryDeduplicator.record
FNDA:0,QueryDeduplicator.record
FN:61,78,QueryDeduplicator.rollback
FNDA:0,QueryDeduplicator.rollback
FN:80,86,QueryDeduplicator.reset_rollback_count
FNDA:0,QueryDeduplicator.reset_rollback_count
FN:88,96,QueryDeduplicator.get_stats
FNDA:0,QueryDeduplicator.get_stats
FN:98,102,QueryDeduplicator.clear
FNDA:0,QueryDeduplicator.clear
FNF:8
FNH:0
end_of_record
SF:vibe-blog\backend\utils\rate_limiter.py
DA:14,0
DA:15,0
DA:16,0
DA:17,0
DA:18,0
DA:19,0
DA:20,0
DA:22,0
DA:25,0
DA:26,0
DA:28,0
DA:29,0
DA:30,0
DA:33,0
DA:34,0
DA:36,0
DA:37,0
DA:38,0
DA:41,0
DA:48,0
DA:49,0
DA:51,0
DA:52,0
DA:53,0
DA:54,0
DA:55,0
DA:56,0
DA:58,0
DA:59,0
DA:60,0
DA:61,0
DA:62,0
DA:63,0
DA:64,0
DA:65,0
DA:67,0
DA:69,0
DA:76,0
DA:77,0
DA:79,0
DA:81,0
DA:82,0
DA:83,0
DA:85,0
DA:87,0
DA:89,0
DA:90,0
DA:91,0
DA:92,0
DA:93,0
DA:94,0
DA:95,0
DA:96,0
DA:97,0
DA:98,0
DA:99,0
DA:100,0
DA:101,0
DA:102,0
DA:104,0
DA:106,0
DA:107,0
DA:108,0
DA:109,0
DA:110,0
DA:111,0
DA:112,0
DA:113,0
DA:114,0
DA:115,0
DA:116,0
DA:117,0
DA:118,0
DA:119,0
DA:120,0
DA:121,0
DA:123,0
DA:125,0
DA:126,0
DA:127,0
DA:128,0
DA:133,0
DA:134,0
DA:142,0
DA:144,0
DA:145,0
DA:146,0
DA:147,0
DA:148,0
DA:150,0
DA:151,0
DA:152,0
DA:154,0
DA:155,0
DA:157,0
DA:158,0
DA:162,0
DA:165,0
DA:168,0
DA:169,0
DA:170,0
LF:101
LH:0
FN:51,56,GlobalRateLimiter.__new__
FNDA:0,GlobalRateLimiter.__new__
FN:58,65,GlobalRateLimiter.__init__
FNDA:0,GlobalRateLimiter.__init__
FN:67,77,GlobalRateLimiter._load_env_config
FNDA:0,GlobalRateLimiter._load_env_config
FN:79,85,GlobalRateLimiter.configure
FNDA:0,GlobalRateLimiter.configure
FN:87,102,GlobalRateLimiter.wait_sync
FNDA:0,GlobalRateLimiter.wait_sync
FN:104,121,GlobalRateLimiter.wait_async
FNDA:0,GlobalRateLimiter.wait_async
FN:123,140,GlobalRateLimiter.get_metrics
FNDA:0,GlobalRateLimiter.get_metrics
FN:142,152,GlobalRateLimiter.reset
FNDA:0,GlobalRateLimiter.reset
FN:155,158,GlobalRateLimiter._reset_singleton
FNDA:0,GlobalRateLimiter._reset_singleton
FN:165,170,get_global_rate_limiter
FNDA:0,get_global_rate_limiter
FNF:10
FNH:0
end_of_record
SF:vibe-blog\backend\utils\resilient_llm_caller.py
DA:12,0
DA:13,0
DA:14,0
DA:15,0
DA:16,0
DA:17,0
DA:18,0
DA:19,0
DA:21,0
DA:24,0
DA:25,0
DA:26,0
DA:27,0
DA:28,0
DA:31,0
DA:32,0
DA:37,0
DA:39,0
DA:42,0
DA:44,0
DA:49,0
DA:55,0
DA:56,0
DA:57,0
DA:58,0
DA:59,0
DA:60,0
DA:61,0
DA:62,0
DA:65,0
DA:71,0
DA:72,0
DA:73,0
DA:74,0
DA:75,0
DA:78,0
DA:80,0
DA:81,0
DA:89,0
DA:92,0
DA:93,0
DA:100,0
DA:104,0
DA:105,0
DA:107,0
DA:108,0
DA:110,0
DA:111,0
DA:112,0
DA:113,0
DA:115,0
DA:116,0
DA:119,0
DA:122,0
DA:123,0
DA:124,0
DA:125,0
DA:126,0
DA:129,0
DA:131,0
DA:132,0
DA:133,0
DA:134,0
DA:135,0
DA:138,0
DA:140,0
DA:141,0
DA:142,0
DA:143,0
DA:144,0
DA:147,0
DA:164,0
DA:165,0
DA:167,0
DA:172,0
DA:173,0
DA:174,0
DA:175,0
DA:177,0
DA:178,0
DA:179,0
DA:182,0
DA:183,0
DA:184,0
DA:185,0
DA:186,0
DA:187,0
DA:188,0
DA:189,0
DA:190,0
DA:192,0
DA:194,0
DA:197,0
DA:200,0
DA:201,0
DA:202,0
DA:203,0
DA:204,0
DA:205,0
DA:209,0
DA:210,0
DA:212,0
DA:213,0
DA:216,0
DA:217,0
DA:218,0
DA:219,0
DA:220,0
DA:222,0
DA:225,0
DA:227,0
DA:228,0
DA:229,0
DA:230,0
DA:231,0
DA:232,0
DA:234,0
DA:235,0
DA:237,0
DA:239,0
DA:240,0
DA:241,0
DA:244,0
DA:245,0
DA:246,0
DA:247,0
DA:248,0
DA:249,0
DA:251,0
DA:252,0
DA:255,0
DA:256,0
DA:257,0
DA:258,0
DA:259,0
DA:261,0
DA:262,0
DA:264,0
DA:268,0
DA:270,0
DA:271,0
DA:272,0
DA:273,0
DA:274,0
LF:144
LH:0
FN:49,62,is_truncated
FNDA:0,is_truncated
FN:65,75,is_repeated
FNDA:0,is_repeated
FN:78,89,is_context_length_error
FNDA:0,is_context_length_error
FN:93,116,timeout_guard
FNDA:0,timeout_guard
FN:107,108,timeout_guard.handler
FNDA:0,timeout_guard.handler
FN:119,126,_get_max_tokens
FNDA:0,_get_max_tokens
FN:129,135,_set_max_tokens
FNDA:0,_set_max_tokens
FN:138,144,_extract_token_usage
FNDA:0,_extract_token_usage
FN:147,264,resilient_chat
FNDA:0,resilient_chat
FN:268,274,_rate_limit_hook
FNDA:0,_rate_limit_hook
FNF:10
FNH:0
end_of_record
SF:vibe-blog\backend\utils\safe_run.py
DA:13,0
DA:14,0
DA:15,0
DA:16,0
DA:18,0
DA:21,0
DA:39,0
DA:40,0
DA:42,0
DA:43,0
DA:44,0
DA:45,0
DA:46,0
DA:47,0
DA:48,0
DA:49,0
DA:50,0
DA:51,0
DA:52,0
DA:53,0
DA:54,0
DA:58,0
DA:59,0
DA:60,0
DA:61,0
DA:62,0
DA:63,0
LF:27
LH:0
FN:21,63,safe_run
FNDA:0,safe_run
FN:42,62,safe_run.decorator
FNDA:0,safe_run.decorator
FN:44,61,safe_run.decorator.wrapper
FNDA:0,safe_run.decorator.wrapper
FNF:3
FNH:0
end_of_record
SF:vibe-blog\backend\utils\session_tracker.py
DA:14,1
DA:15,1
DA:16,1
DA:17,1
DA:19,1
DA:22,1
DA:25,1
DA:27,0
DA:28,0
DA:29,0
DA:30,0
DA:31,0
DA:32,0
DA:33,0
DA:36,1
DA:39,1
DA:40,0
DA:41,0
DA:42,0
DA:44,1
DA:45,1
DA:46,0
DA:48,1
DA:50,0
DA:51,0
DA:52,0
DA:53,0
DA:54,0
DA:55,0
DA:56,0
DA:57,0
DA:59,0
DA:60,0
DA:61,0
DA:62,0
DA:64,1
DA:66,0
DA:67,0
DA:68,0
DA:69,0
DA:70,0
DA:74,0
DA:75,0
DA:81,1
DA:83,0
DA:89,1
DA:91,0
DA:97,1
DA:101,0
DA:107,1
DA:111,0
DA:117,1
DA:121,0
DA:131,1
DA:135,0
LF:55
LH:19
FN:25,33,_get_langfuse
FNDA:0,_get_langfuse
FN:39,42,SessionTracker.__init__
FNDA:0,SessionTracker.__init__
FN:45,46,SessionTracker.enabled
FNDA:0,SessionTracker.enabled
FN:48,62,SessionTracker.log_score
FNDA:0,SessionTracker.log_score
FN:64,75,SessionTracker.log_event
FNDA:0,SessionTracker.log_event
FN:81,87,SessionTracker.log_review_score
FNDA:0,SessionTracker.log_review_score
FN:89,95,SessionTracker.log_depth_score
FNDA:0,SessionTracker.log_depth_score
FN:97,105,SessionTracker.log_section_evaluation
FNDA:0,SessionTracker.log_section_evaluation
FN:107,115,SessionTracker.log_image_generation
FNDA:0,SessionTracker.log_image_generation
FN:117,129,SessionTracker.log_deepen_snapshot
FNDA:0,SessionTracker.log_deepen_snapshot
FN:131,145,SessionTracker.log_section_improve_snapshot
FNDA:0,SessionTracker.log_section_improve_snapshot
FNF:11
FNH:0
end_of_record
SF:vibe-blog\backend\utils\task_state.py
DA:2,0
DA:3,0
DA:4,0
DA:5,0
DA:8,0
DA:9,0
DA:10,0
DA:11,0
DA:12,0
DA:13,0
DA:16,0
DA:17,0
DA:18,0
DA:19,0
DA:20,0
DA:21,0
DA:22,0
DA:23,0
DA:24,0
DA:26,0
DA:27,0
DA:28,0
DA:29,0
DA:30,0
LF:24
LH:0
FN:27,30,TaskResult.duration_seconds
FNDA:0,TaskResult.duration_seconds
FNF:1
FNH:0
end_of_record
SF:vibe-blog\backend\utils\text_cleanup.py
DA:24,0
DA:25,0
DA:26,0
DA:28,0
DA:33,0
DA:49,0
DA:60,0
DA:71,0
DA:81,0
DA:92,0
DA:106,0
DA:119,0
DA:135,0
DA:136,0
DA:137,0
DA:138,0
DA:139,0
DA:140,0
DA:141,0
DA:144,0
DA:145,0
DA:146,0
DA:147,0
DA:148,0
DA:149,0
DA:150,0
DA:153,0
DA:154,0
DA:155,0
DA:156,0
DA:157,0
DA:158,0
DA:159,0
DA:162,0
DA:163,0
DA:164,0
DA:165,0
DA:166,0
DA:167,0
DA:168,0
DA:171,0
DA:172,0
DA:173,0
DA:174,0
DA:175,0
DA:176,0
DA:177,0
DA:179,0
DA:180,0
DA:181,0
DA:182,0
DA:183,0
DA:184,0
DA:185,0
DA:188,0
DA:189,0
DA:190,0
DA:191,0
DA:192,0
DA:193,0
DA:195,0
DA:196,0
DA:197,0
DA:198,0
DA:199,0
DA:202,0
DA:203,0
DA:204,0
DA:205,0
DA:206,0
DA:207,0
DA:208,0
DA:211,0
DA:212,0
DA:214,0
DA:215,0
DA:216,0
DA:217,0
DA:219,0
DA:220,0
DA:221,0
DA:222,0
DA:223,0
DA:226,0
DA:227,0
DA:228,0
DA:229,0
DA:230,0
DA:231,0
DA:232,0
DA:233,0
DA:236,0
DA:243,0
DA:245,0
DA:246,0
DA:247,0
DA:248,0
DA:249,0
DA:250,0
DA:251,0
DA:252,0
DA:253,0
DA:254,0
DA:256,0
DA:257,0
LF:105
LH:0
FN:135,141,_step_fillers
FNDA:0,_step_fillers
FN:144,150,_step_intensifiers
FNDA:0,_step_intensifiers
FN:153,159,_step_synonyms
FNDA:0,_step_synonyms
FN:162,168,_step_meta
FNDA:0,_step_meta
FN:171,177,_step_verbose
FNDA:0,_step_verbose
FN:179,185,_step_claims
FNDA:0,_step_claims
FN:188,199,_step_vocab_diversity
FNDA:0,_step_vocab_diversity
FN:202,208,_step_time_hallucinations
FNDA:0,_step_time_hallucinations
FN:211,223,_step_markdown
FNDA:0,_step_markdown
FN:226,233,_step_whitespace
FNDA:0,_step_whitespace
FN:236,257,apply_full_cleanup
FNDA:0,apply_full_cleanup
FNF:11
FNH:0
end_of_record
SF:vibe-blog\backend\utils\token_tracker.py
DA:9,0
DA:10,0
DA:11,0
DA:13,0
DA:18,0
DA:19,0
DA:21,0
DA:22,0
DA:23,0
DA:24,0
DA:25,0
DA:26,0
DA:28,0
DA:29,0
DA:30,0
DA:33,0
DA:34,0
DA:43,0
DA:44,0
DA:45,0
DA:46,0
DA:49,0
DA:52,0
DA:55,0
DA:57,0
DA:66,0
DA:67,0
DA:68,0
DA:69,0
DA:72,0
DA:73,0
DA:78,0
DA:79,0
DA:80,0
DA:81,0
DA:82,0
DA:83,0
DA:86,0
DA:87,0
DA:89,0
DA:95,0
DA:97,0
DA:107,0
DA:109,0
DA:121,0
DA:122,0
DA:123,0
DA:128,0
DA:129,0
DA:134,0
DA:139,0
DA:152,0
DA:154,0
DA:156,0
DA:157,0
DA:158,0
DA:159,0
DA:162,0
DA:163,0
DA:165,0
DA:166,0
DA:168,0
DA:169,0
DA:172,0
DA:173,0
DA:174,0
DA:175,0
DA:176,0
DA:177,0
DA:178,0
DA:180,0
DA:181,0
DA:183,0
DA:189,0
DA:199,0
DA:201,0
DA:202,0
DA:203,0
DA:204,0
DA:205,0
DA:206,0
DA:212,0
DA:215,0
DA:217,0
DA:218,0
DA:219,0
DA:220,0
DA:222,0
DA:223,0
DA:224,0
DA:225,0
LF:91
LH:0
FN:29,30,TokenUsage.total_tokens
FNDA:0,TokenUsage.total_tokens
FN:57,93,TokenTracker.record
FNDA:0,TokenTracker.record
FN:95,105,TokenTracker.get_summary
FNDA:0,TokenTracker.get_summary
FN:107,134,TokenTracker.format_summary
FNDA:0,TokenTracker.format_summary
FN:139,183,extract_token_usage_from_langchain
FNDA:0,extract_token_usage_from_langchain
FN:199,212,estimate_cost
FNDA:0,estimate_cost
FN:215,225,_match_pricing
FNDA:0,_match_pricing
FNF:7
FNH:0
end_of_record
SF:vibe-blog\backend\utils\tool_manager.py
DA:9,0
DA:10,0
DA:11,0
DA:12,0
DA:13,0
DA:14,0
DA:16,0
DA:19,0
DA:20,0
DA:22,0
DA:23,0
DA:24,0
DA:25,0
DA:26,0
DA:29,0
DA:41,0
DA:46,0
DA:47,0
DA:48,0
DA:49,0
DA:52,0
DA:53,0
DA:54,0
DA:58,0
DA:67,0
DA:68,0
DA:75,0
DA:77,0
DA:79,0
DA:80,0
DA:81,0
DA:82,0
DA:86,0
DA:88,0
DA:97,0
DA:102,0
DA:108,0
DA:109,0
DA:110,0
DA:111,0
DA:112,0
DA:113,0
DA:114,0
DA:115,0
DA:116,0
DA:120,0
DA:127,0
DA:128,0
DA:130,0
DA:132,0
DA:133,0
DA:136,0
DA:138,0
DA:139,0
DA:140,0
DA:142,0
DA:143,0
DA:144,0
DA:145,0
DA:146,0
DA:148,0
DA:149,0
DA:150,0
DA:152,0
DA:154,0
DA:156,0
DA:157,0
DA:158,0
DA:160,0
DA:161,0
DA:162,0
DA:163,0
DA:164,0
DA:166,0
DA:167,0
DA:168,0
DA:172,0
DA:174,0
DA:176,0
DA:177,0
DA:178,0
DA:179,0
DA:183,0
DA:184,0
DA:186,0
DA:187,0
DA:195,0
DA:197,0
DA:198,0
DA:199,0
DA:200,0
DA:201,0
DA:202,0
DA:203,0
DA:204,0
DA:205,0
DA:207,0
DA:208,0
DA:209,0
DA:210,0
LF:100
LH:0
FN:41,54,BlogToolManager.__init__
FNDA:0,BlogToolManager.__init__
FN:58,75,BlogToolManager.register
FNDA:0,BlogToolManager.register
FN:77,82,BlogToolManager.register_decorator
FNDA:0,BlogToolManager.register_decorator
FN:79,81,BlogToolManager.register_decorator.decorator
FNDA:0,BlogToolManager.register_decorator.decorator
FN:86,92,BlogToolManager.get_all_tools
FNDA:0,BlogToolManager.get_all_tools
FN:102,116,BlogToolManager.fix_arguments
FNDA:0,BlogToolManager.fix_arguments
FN:120,168,BlogToolManager.execute_tool
FNDA:0,BlogToolManager.execute_tool
FN:142,146,BlogToolManager.execute_tool._run
FNDA:0,BlogToolManager.execute_tool._run
FN:172,174,BlogToolManager.set_task_log
FNDA:0,BlogToolManager.set_task_log
FN:176,184,BlogToolManager._log_to_task_log
FNDA:0,BlogToolManager._log_to_task_log
FN:186,193,BlogToolManager._record
FNDA:0,BlogToolManager._record
FN:195,210,BlogToolManager.get_execution_stats
FNDA:0,BlogToolManager.get_execution_stats
FNF:12
FNH:0
end_of_record
