{"meta": {"format": 3, "version": "7.13.3", "timestamp": "2026-02-23T04:41:36.520668", "branch_coverage": false, "show_contexts": false}, "files": {"backend/services/__init__.py": {"executed_lines": [4, 5, 6, 14, 15, 16, 17, 18, 19, 20, 22], "summary": {"covered_lines": 11, "num_statements": 11, "percent_covered": 100.0, "percent_covered_display": "100", "missing_lines": 0, "excluded_lines": 0, "percent_statements_covered": 100.0, "percent_statements_covered_display": "100"}, "missing_lines": [], "excluded_lines": [], "functions": {"": {"executed_lines": [4, 5, 6, 14, 15, 16, 17, 18, 19, 20, 22], "summary": {"covered_lines": 11, "num_statements": 11, "percent_covered": 100.0, "percent_covered_display": "100", "missing_lines": 0, "excluded_lines": 0, "percent_statements_covered": 100.0, "percent_statements_covered_display": "100"}, "missing_lines": [], "excluded_lines": [], "start_line": 1}}, "classes": {"": {"executed_lines": [4, 5, 6, 14, 15, 16, 17, 18, 19, 20, 22], "summary": {"covered_lines": 11, "num_statements": 11, "percent_covered": 100.0, "percent_covered_display": "100", "missing_lines": 0, "excluded_lines": 0, "percent_statements_covered": 100.0, "percent_statements_covered_display": "100"}, "missing_lines": [], "excluded_lines": [], "start_line": 1}}}, "backend/services/blog_generator/__init__.py": {"executed_lines": [15, 16, 18], "summary": {"covered_lines": 3, "num_statements": 3, "percent_covered": 100.0, "percent_covered_display": "100", "missing_lines": 0, "excluded_lines": 0, "percent_statements_covered": 100.0, "percent_statements_covered_display": "100"}, "missing_lines": [], "excluded_lines": [], "functions": {"": {"executed_lines": [15, 16, 18], "summary": {"covered_lines": 3, "num_statements": 3, "percent_covered": 100.0, "percent_covered_display": "100", "missing_lines": 0, "excluded_lines": 0, "percent_statements_covered": 100.0, "percent_statements_covered_display": "100"}, "missing_lines": [], "excluded_lines": [], "start_line": 1}}, "classes": {"": {"executed_lines": [15, 16, 18], "summary": {"covered_lines": 3, "num_statements": 3, "percent_covered": 100.0, "percent_covered_display": "100", "missing_lines": 0, "excluded_lines": 0, "percent_statements_covered": 100.0, "percent_statements_covered_display": "100"}, "missing_lines": [], "excluded_lines": [], "start_line": 1}}}, "backend/services/blog_generator/agents/__init__.py": {"executed_lines": [5, 6, 7, 8, 9, 10, 11, 12, 13, 15], "summary": {"covered_lines": 10, "num_statements": 10, "percent_covered": 100.0, "percent_covered_display": "100", "missing_lines": 0, "excluded_lines": 0, "percent_statements_covered": 100.0, "percent_statements_covered_display": "100"}, "missing_lines": [], "excluded_lines": [], "functions": {"": {"executed_lines": [5, 6, 7, 8, 9, 10, 11, 12, 13, 15], "summary": {"covered_lines": 10, "num_statements": 10, "percent_covered": 100.0, "percent_covered_display": "100", "missing_lines": 0, "excluded_lines": 0, "percent_statements_covered": 100.0, "percent_statements_covered_display": "100"}, "missing_lines": [], "excluded_lines": [], "start_line": 1}}, "classes": {"": {"executed_lines": [5, 6, 7, 8, 9, 10, 11, 12, 13, 15], "summary": {"covered_lines": 10, "num_statements": 10, "percent_covered": 100.0, "percent_covered_display": "100", "missing_lines": 0, "excluded_lines": 0, "percent_statements_covered": 100.0, "percent_statements_covered_display": "100"}, "missing_lines": [], "excluded_lines": [], "start_line": 1}}}, "backend/services/blog_generator/agents/artist.py": {"executed_lines": [5, 6, 7, 8, 9, 10, 12, 13, 14, 17, 19, 25, 28, 37, 59, 61, 68, 69, 70, 71, 72, 74, 77, 84, 90, 91, 94, 104, 109, 119, 209, 257, 269, 283, 311, 312, 419, 461, 488, 517, 583, 606, 607, 669, 670, 1076], "summary": {"covered_lines": 46, "num_statements": 552, "percent_covered": 8.333333333333334, "percent_covered_display": "8", "missing_lines": 506, "excluded_lines": 0, "percent_statements_covered": 8.333333333333334, "percent_statements_covered_display": "8"}, "missing_lines": [21, 22, 23, 39, 40, 41, 42, 43, 44, 46, 47, 48, 49, 50, 51, 53, 54, 55, 56, 57, 62, 63, 64, 65, 66, 116, 117, 133, 134, 135, 138, 140, 142, 143, 145, 146, 153, 154, 157, 158, 161, 166, 168, 169, 170, 173, 174, 176, 177, 178, 179, 180, 182, 183, 187, 188, 195, 198, 199, 207, 219, 221, 222, 223, 226, 228, 229, 231, 234, 237, 239, 240, 242, 245, 246, 248, 250, 251, 253, 260, 261, 263, 264, 266, 267, 271, 272, 273, 274, 275, 276, 277, 278, 279, 280, 281, 285, 286, 287, 288, 296, 297, 298, 299, 300, 301, 302, 303, 304, 305, 306, 307, 308, 309, 336, 337, 338, 350, 351, 353, 354, 359, 360, 361, 362, 365, 366, 367, 370, 371, 374, 375, 376, 377, 378, 379, 382, 383, 391, 392, 393, 394, 396, 397, 398, 401, 402, 403, 404, 405, 407, 413, 414, 415, 421, 422, 424, 436, 437, 441, 442, 444, 445, 446, 447, 451, 457, 458, 459, 463, 464, 465, 466, 468, 469, 476, 477, 480, 481, 482, 483, 484, 485, 486, 496, 497, 498, 499, 500, 504, 505, 506, 508, 509, 510, 511, 512, 514, 538, 539, 540, 541, 543, 545, 547, 548, 549, 550, 551, 552, 555, 556, 557, 560, 561, 563, 570, 572, 573, 574, 576, 577, 579, 580, 581, 594, 595, 597, 598, 599, 604, 621, 622, 624, 625, 626, 629, 630, 631, 634, 635, 637, 639, 644, 649, 650, 653, 654, 655, 661, 663, 664, 665, 667, 681, 682, 683, 684, 686, 687, 688, 689, 690, 694, 695, 696, 697, 698, 702, 703, 707, 709, 710, 712, 713, 716, 717, 720, 721, 722, 723, 724, 725, 726, 727, 730, 731, 733, 734, 735, 736, 738, 739, 741, 742, 743, 746, 747, 748, 749, 750, 752, 764, 767, 768, 769, 771, 773, 774, 775, 776, 777, 778, 779, 781, 784, 785, 787, 799, 802, 803, 804, 807, 808, 810, 822, 824, 825, 826, 827, 830, 831, 832, 833, 835, 836, 837, 839, 840, 842, 845, 846, 848, 849, 850, 852, 855, 858, 862, 864, 866, 868, 877, 878, 881, 883, 888, 890, 891, 894, 897, 899, 906, 908, 909, 912, 913, 914, 915, 922, 923, 924, 925, 926, 927, 928, 929, 931, 944, 945, 946, 954, 956, 957, 959, 960, 961, 962, 964, 965, 966, 967, 968, 971, 972, 973, 981, 982, 984, 985, 986, 987, 989, 991, 992, 998, 999, 1002, 1003, 1004, 1005, 1012, 1013, 1014, 1015, 1016, 1017, 1018, 1019, 1021, 1034, 1035, 1036, 1037, 1046, 1047, 1049, 1050, 1051, 1052, 1054, 1055, 1058, 1061, 1062, 1065, 1066, 1067, 1068, 1069, 1071, 1072, 1074, 1095, 1096, 1098, 1099, 1100, 1101, 1102, 1103, 1105, 1108, 1109, 1110, 1113, 1114, 1116, 1118, 1119, 1121, 1123, 1125, 1126, 1129, 1131, 1133, 1134, 1135, 1137, 1138, 1141, 1145, 1147, 1154, 1155, 1157, 1171, 1172, 1174, 1175, 1176, 1179, 1181, 1182, 1183, 1188, 1189, 1190, 1191, 1194, 1195, 1196, 1197, 1200, 1201, 1202, 1203, 1205, 1208, 1211, 1213, 1214, 1215, 1217, 1219], "excluded_lines": [], "functions": {"_should_use_parallel": {"executed_lines": [], "summary": {"covered_lines": 0, "num_statements": 3, "percent_covered": 0.0, "percent_covered_display": "0", "missing_lines": 3, "excluded_lines": 0, "percent_statements_covered": 0.0, "percent_statements_covered_display": "0"}, "missing_lines": [21, 22, 23], "excluded_lines": [], "start_line": 19}, "_extract_json": {"executed_lines": [], "summary": {"covered_lines": 0, "num_statements": 17, "percent_covered": 0.0, "percent_covered_display": "0", "missing_lines": 17, "excluded_lines": 0, "percent_statements_covered": 0.0, "percent_statements_covered_display": "0"}, "missing_lines": [39, 40, 41, 42, 43, 44, 46, 47, 48, 49, 50, 51, 53, 54, 55, 56, 57], "excluded_lines": [], "start_line": 37}, "_get_observe_decorator": {"executed_lines": [61, 68, 72], "summary": {"covered_lines": 3, "num_statements": 8, "percent_covered": 37.5, "percent_covered_display": "38", "missing_lines": 5, "excluded_lines": 0, "percent_statements_covered": 37.5, "percent_statements_covered_display": "38"}, "missing_lines": [62, 63, 64, 65, 66], "excluded_lines": [], "start_line": 59}, "_get_observe_decorator.noop_decorator": {"executed_lines": [69, 71], "summary": {"covered_lines": 2, "num_statements": 2, "percent_covered": 100.0, "percent_covered_display": "100", "missing_lines": 0, "excluded_lines": 0, "percent_statements_covered": 100.0, "percent_statements_covered_display": "100"}, "missing_lines": [], "excluded_lines": [], "start_line": 68}, "_get_observe_decorator.noop_decorator.wrapper": {"executed_lines": [70], "summary": {"covered_lines": 1, "num_statements": 1, "percent_covered": 100.0, "percent_covered_display": "100", "missing_lines": 0, "excluded_lines": 0, "percent_statements_covered": 100.0, "percent_statements_covered_display": "100"}, "missing_lines": [], "excluded_lines": [], "start_line": 69}, "ArtistAgent.__init__": {"executed_lines": [], "summary": {"covered_lines": 0, "num_statements": 2, "percent_covered": 0.0, "percent_covered_display": "0", "missing_lines": 2, "excluded_lines": 0, "percent_statements_covered": 0.0, "percent_statements_covered_display": "0"}, "missing_lines": [116, 117], "excluded_lines": [], "start_line": 109}, "ArtistAgent.detect_ascii_flowcharts": {"executed_lines": [], "summary": {"covered_lines": 0, "num_statements": 33, "percent_covered": 0.0, "percent_covered_display": "0", "missing_lines": 33, "excluded_lines": 0, "percent_statements_covered": 0.0, "percent_statements_covered_display": "0"}, "missing_lines": [133, 134, 135, 138, 140, 142, 143, 145, 146, 153, 154, 157, 158, 161, 166, 168, 169, 170, 173, 174, 176, 177, 178, 179, 180, 182, 183, 187, 188, 195, 198, 199, 207], "excluded_lines": [], "start_line": 119}, "ArtistAgent.preprocess_ascii_flowcharts": {"executed_lines": [], "summary": {"covered_lines": 0, "num_statements": 19, "percent_covered": 0.0, "percent_covered_display": "0", "missing_lines": 19, "excluded_lines": 0, "percent_statements_covered": 0.0, "percent_statements_covered_display": "0"}, "missing_lines": [219, 221, 222, 223, 226, 228, 229, 231, 234, 237, 239, 240, 242, 245, 246, 248, 250, 251, 253], "excluded_lines": [], "start_line": 209}, "ArtistAgent._sanitize_mermaid": {"executed_lines": [], "summary": {"covered_lines": 0, "num_statements": 6, "percent_covered": 0.0, "percent_covered_display": "0", "missing_lines": 6, "excluded_lines": 0, "percent_statements_covered": 0.0, "percent_statements_covered_display": "0"}, "missing_lines": [260, 261, 263, 264, 266, 267], "excluded_lines": [], "start_line": 257}, "ArtistAgent._validate_mermaid": {"executed_lines": [], "summary": {"covered_lines": 0, "num_statements": 11, "percent_covered": 0.0, "percent_covered_display": "0", "missing_lines": 11, "excluded_lines": 0, "percent_statements_covered": 0.0, "percent_statements_covered_display": "0"}, "missing_lines": [271, 272, 273, 274, 275, 276, 277, 278, 279, 280, 281], "excluded_lines": [], "start_line": 269}, "ArtistAgent._repair_mermaid": {"executed_lines": [], "summary": {"covered_lines": 0, "num_statements": 18, "percent_covered": 0.0, "percent_covered_display": "0", "missing_lines": 18, "excluded_lines": 0, "percent_statements_covered": 0.0, "percent_statements_covered_display": "0"}, "missing_lines": [285, 286, 287, 288, 296, 297, 298, 299, 300, 301, 302, 303, 304, 305, 306, 307, 308, 309], "excluded_lines": [], "start_line": 283}, "ArtistAgent.generate_image": {"executed_lines": [], "summary": {"covered_lines": 0, "num_statements": 40, "percent_covered": 0.0, "percent_covered_display": "0", "missing_lines": 40, "excluded_lines": 0, "percent_statements_covered": 0.0, "percent_statements_covered_display": "0"}, "missing_lines": [336, 337, 338, 350, 351, 353, 354, 359, 360, 361, 362, 365, 366, 367, 370, 371, 374, 375, 376, 377, 378, 379, 382, 383, 391, 392, 393, 394, 396, 397, 398, 401, 402, 403, 404, 405, 407, 413, 414, 415], "excluded_lines": [], "start_line": 312}, "ArtistAgent.evaluate_image": {"executed_lines": [], "summary": {"covered_lines": 0, "num_statements": 15, "percent_covered": 0.0, "percent_covered_display": "0", "missing_lines": 15, "excluded_lines": 0, "percent_statements_covered": 0.0, "percent_statements_covered_display": "0"}, "missing_lines": [421, 422, 424, 436, 437, 441, 442, 444, 445, 446, 447, 451, 457, 458, 459], "excluded_lines": [], "start_line": 419}, "ArtistAgent.improve_image": {"executed_lines": [], "summary": {"covered_lines": 0, "num_statements": 15, "percent_covered": 0.0, "percent_covered_display": "0", "missing_lines": 15, "excluded_lines": 0, "percent_statements_covered": 0.0, "percent_statements_covered_display": "0"}, "missing_lines": [463, 464, 465, 466, 468, 469, 476, 477, 480, 481, 482, 483, 484, 485, 486], "excluded_lines": [], "start_line": 461}, "ArtistAgent.refine_image": {"executed_lines": [], "summary": {"covered_lines": 0, "num_statements": 14, "percent_covered": 0.0, "percent_covered_display": "0", "missing_lines": 14, "excluded_lines": 0, "percent_statements_covered": 0.0, "percent_statements_covered_display": "0"}, "missing_lines": [496, 497, 498, 499, 500, 504, 505, 506, 508, 509, 510, 511, 512, 514], "excluded_lines": [], "start_line": 488}, "ArtistAgent._render_ai_image": {"executed_lines": [], "summary": {"covered_lines": 0, "num_statements": 27, "percent_covered": 0.0, "percent_covered_display": "0", "missing_lines": 27, "excluded_lines": 0, "percent_statements_covered": 0.0, "percent_statements_covered_display": "0"}, "missing_lines": [538, 539, 540, 541, 543, 545, 547, 548, 549, 550, 551, 552, 555, 556, 557, 560, 561, 563, 570, 572, 573, 574, 576, 577, 579, 580, 581], "excluded_lines": [], "start_line": 517}, "ArtistAgent.extract_image_placeholders": {"executed_lines": [], "summary": {"covered_lines": 0, "num_statements": 6, "percent_covered": 0.0, "percent_covered_display": "0", "missing_lines": 6, "excluded_lines": 0, "percent_statements_covered": 0.0, "percent_statements_covered_display": "0"}, "missing_lines": [594, 595, 597, 598, 599, 604], "excluded_lines": [], "start_line": 583}, "ArtistAgent.detect_missing_diagrams": {"executed_lines": [], "summary": {"covered_lines": 0, "num_statements": 23, "percent_covered": 0.0, "percent_covered_display": "0", "missing_lines": 23, "excluded_lines": 0, "percent_statements_covered": 0.0, "percent_statements_covered_display": "0"}, "missing_lines": [621, 622, 624, 625, 626, 629, 630, 631, 634, 635, 637, 639, 644, 649, 650, 653, 654, 655, 661, 663, 664, 665, 667], "excluded_lines": [], "start_line": 607}, "ArtistAgent.run": {"executed_lines": [], "summary": {"covered_lines": 0, "num_statements": 158, "percent_covered": 0.0, "percent_covered_display": "0", "missing_lines": 158, "excluded_lines": 0, "percent_statements_covered": 0.0, "percent_statements_covered_display": "0"}, "missing_lines": [681, 682, 683, 684, 686, 687, 688, 689, 690, 694, 695, 696, 697, 698, 702, 703, 707, 709, 710, 712, 713, 716, 717, 720, 721, 722, 723, 724, 725, 726, 727, 730, 731, 733, 734, 735, 736, 738, 739, 741, 742, 743, 746, 747, 748, 749, 750, 752, 764, 767, 768, 769, 771, 773, 774, 775, 776, 777, 778, 779, 781, 784, 785, 787, 799, 802, 803, 804, 807, 808, 810, 822, 824, 825, 826, 827, 830, 831, 832, 833, 835, 836, 837, 839, 840, 842, 845, 846, 848, 849, 850, 852, 855, 858, 862, 864, 954, 956, 957, 959, 960, 961, 962, 964, 965, 966, 967, 968, 971, 972, 973, 981, 982, 984, 985, 986, 987, 989, 991, 992, 998, 999, 1002, 1003, 1004, 1005, 1012, 1013, 1014, 1015, 1016, 1017, 1018, 1019, 1021, 1034, 1035, 1036, 1037, 1046, 1047, 1049, 1050, 1051, 1052, 1054, 1055, 1058, 1061, 1062, 1065, 1066, 1067, 1068, 1069, 1071, 1072, 1074], "excluded_lines": [], "start_line": 670}, "ArtistAgent.run.generate_single_task": {"executed_lines": [], "summary": {"covered_lines": 0, "num_statements": 31, "percent_covered": 0.0, "percent_covered_display": "0", "missing_lines": 31, "excluded_lines": 0, "percent_statements_covered": 0.0, "percent_statements_covered_display": "0"}, "missing_lines": [866, 868, 877, 878, 881, 883, 888, 890, 891, 894, 897, 899, 906, 908, 909, 912, 913, 914, 915, 922, 923, 924, 925, 926, 927, 928, 929, 931, 944, 945, 946], "excluded_lines": [], "start_line": 864}, "ArtistAgent._generate_mini_section_images": {"executed_lines": [], "summary": {"covered_lines": 0, "num_statements": 43, "percent_covered": 0.0, "percent_covered_display": "0", "missing_lines": 43, "excluded_lines": 0, "percent_statements_covered": 0.0, "percent_statements_covered_display": "0"}, "missing_lines": [1095, 1096, 1098, 1099, 1100, 1101, 1102, 1103, 1105, 1108, 1109, 1110, 1113, 1114, 1116, 1118, 1119, 1121, 1123, 1179, 1181, 1182, 1183, 1188, 1189, 1190, 1191, 1194, 1195, 1196, 1197, 1200, 1201, 1202, 1203, 1205, 1208, 1211, 1213, 1214, 1215, 1217, 1219], "excluded_lines": [], "start_line": 1076}, "ArtistAgent._generate_mini_section_images.generate_section_image": {"executed_lines": [], "summary": {"covered_lines": 0, "num_statements": 20, "percent_covered": 0.0, "percent_covered_display": "0", "missing_lines": 20, "excluded_lines": 0, "percent_statements_covered": 0.0, "percent_statements_covered_display": "0"}, "missing_lines": [1125, 1126, 1129, 1131, 1133, 1134, 1135, 1137, 1138, 1141, 1145, 1147, 1154, 1155, 1157, 1171, 1172, 1174, 1175, 1176], "excluded_lines": [], "start_line": 1123}, "": {"executed_lines": [5, 6, 7, 8, 9, 10, 12, 13, 14, 17, 19, 25, 28, 37, 59, 74, 77, 84, 90, 91, 94, 104, 109, 119, 209, 257, 269, 283, 311, 312, 419, 461, 488, 517, 583, 606, 607, 669, 670, 1076], "summary": {"covered_lines": 40, "num_statements": 40, "percent_covered": 100.0, "percent_covered_display": "100", "missing_lines": 0, "excluded_lines": 0, "percent_statements_covered": 100.0, "percent_statements_covered_display": "100"}, "missing_lines": [], "excluded_lines": [], "start_line": 1}}, "classes": {"ArtistAgent": {"executed_lines": [], "summary": {"covered_lines": 0, "num_statements": 481, "percent_covered": 0.0, "percent_covered_display": "0", "missing_lines": 481, "excluded_lines": 0, "percent_statements_covered": 0.0, "percent_statements_covered_display": "0"}, "missing_lines": [116, 117, 133, 134, 135, 138, 140, 142, 143, 145, 146, 153, 154, 157, 158, 161, 166, 168, 169, 170, 173, 174, 176, 177, 178, 179, 180, 182, 183, 187, 188, 195, 198, 199, 207, 219, 221, 222, 223, 226, 228, 229, 231, 234, 237, 239, 240, 242, 245, 246, 248, 250, 251, 253, 260, 261, 263, 264, 266, 267, 271, 272, 273, 274, 275, 276, 277, 278, 279, 280, 281, 285, 286, 287, 288, 296, 297, 298, 299, 300, 301, 302, 303, 304, 305, 306, 307, 308, 309, 336, 337, 338, 350, 351, 353, 354, 359, 360, 361, 362, 365, 366, 367, 370, 371, 374, 375, 376, 377, 378, 379, 382, 383, 391, 392, 393, 394, 396, 397, 398, 401, 402, 403, 404, 405, 407, 413, 414, 415, 421, 422, 424, 436, 437, 441, 442, 444, 445, 446, 447, 451, 457, 458, 459, 463, 464, 465, 466, 468, 469, 476, 477, 480, 481, 482, 483, 484, 485, 486, 496, 497, 498, 499, 500, 504, 505, 506, 508, 509, 510, 511, 512, 514, 538, 539, 540, 541, 543, 545, 547, 548, 549, 550, 551, 552, 555, 556, 557, 560, 561, 563, 570, 572, 573, 574, 576, 577, 579, 580, 581, 594, 595, 597, 598, 599, 604, 621, 622, 624, 625, 626, 629, 630, 631, 634, 635, 637, 639, 644, 649, 650, 653, 654, 655, 661, 663, 664, 665, 667, 681, 682, 683, 684, 686, 687, 688, 689, 690, 694, 695, 696, 697, 698, 702, 703, 707, 709, 710, 712, 713, 716, 717, 720, 721, 722, 723, 724, 725, 726, 727, 730, 731, 733, 734, 735, 736, 738, 739, 741, 742, 743, 746, 747, 748, 749, 750, 752, 764, 767, 768, 769, 771, 773, 774, 775, 776, 777, 778, 779, 781, 784, 785, 787, 799, 802, 803, 804, 807, 808, 810, 822, 824, 825, 826, 827, 830, 831, 832, 833, 835, 836, 837, 839, 840, 842, 845, 846, 848, 849, 850, 852, 855, 858, 862, 864, 866, 868, 877, 878, 881, 883, 888, 890, 891, 894, 897, 899, 906, 908, 909, 912, 913, 914, 915, 922, 923, 924, 925, 926, 927, 928, 929, 931, 944, 945, 946, 954, 956, 957, 959, 960, 961, 962, 964, 965, 966, 967, 968, 971, 972, 973, 981, 982, 984, 985, 986, 987, 989, 991, 992, 998, 999, 1002, 1003, 1004, 1005, 1012, 1013, 1014, 1015, 1016, 1017, 1018, 1019, 1021, 1034, 1035, 1036, 1037, 1046, 1047, 1049, 1050, 1051, 1052, 1054, 1055, 1058, 1061, 1062, 1065, 1066, 1067, 1068, 1069, 1071, 1072, 1074, 1095, 1096, 1098, 1099, 1100, 1101, 1102, 1103, 1105, 1108, 1109, 1110, 1113, 1114, 1116, 1118, 1119, 1121, 1123, 1125, 1126, 1129, 1131, 1133, 1134, 1135, 1137, 1138, 1141, 1145, 1147, 1154, 1155, 1157, 1171, 1172, 1174, 1175, 1176, 1179, 1181, 1182, 1183, 1188, 1189, 1190, 1191, 1194, 1195, 1196, 1197, 1200, 1201, 1202, 1203, 1205, 1208, 1211, 1213, 1214, 1215, 1217, 1219], "excluded_lines": [], "start_line": 104}, "": {"executed_lines": [5, 6, 7, 8, 9, 10, 12, 13, 14, 17, 19, 25, 28, 37, 59, 61, 68, 69, 70, 71, 72, 74, 77, 84, 90, 91, 94, 104, 109, 119, 209, 257, 269, 283, 311, 312, 419, 461, 488, 517, 583, 606, 607, 669, 670, 1076], "summary": {"covered_lines": 46, "num_statements": 71, "percent_covered": 64.78873239436619, "percent_covered_display": "65", "missing_lines": 25, "excluded_lines": 0, "percent_statements_covered": 64.78873239436619, "percent_statements_covered_display": "65"}, "missing_lines": [21, 22, 23, 39, 40, 41, 42, 43, 44, 46, 47, 48, 49, 50, 51, 53, 54, 55, 56, 57, 62, 63, 64, 65, 66], "excluded_lines": [], "start_line": 1}}}, "backend/services/blog_generator/agents/assembler.py": {"executed_lines": [5, 6, 7, 9, 10, 15, 18, 64, 69, 75, 106, 133, 225], "summary": {"covered_lines": 13, "num_statements": 111, "percent_covered": 11.711711711711711, "percent_covered_display": "12", "missing_lines": 98, "excluded_lines": 0, "percent_statements_covered": 11.711711711711711, "percent_statements_covered_display": "12"}, "missing_lines": [25, 26, 27, 29, 30, 32, 33, 34, 35, 37, 39, 40, 41, 42, 43, 45, 46, 47, 48, 49, 50, 51, 52, 54, 56, 58, 60, 61, 73, 92, 93, 95, 96, 97, 98, 99, 100, 102, 104, 117, 118, 120, 121, 122, 123, 124, 125, 126, 127, 128, 129, 131, 155, 158, 159, 160, 161, 162, 163, 169, 180, 181, 182, 185, 188, 191, 192, 194, 196, 199, 200, 208, 211, 214, 215, 216, 218, 235, 236, 237, 238, 240, 241, 242, 243, 244, 245, 246, 247, 249, 250, 251, 252, 254, 256, 265, 267, 271], "excluded_lines": [], "functions": {"_fix_markdown_separators": {"executed_lines": [], "summary": {"covered_lines": 0, "num_statements": 28, "percent_covered": 0.0, "percent_covered_display": "0", "missing_lines": 28, "excluded_lines": 0, "percent_statements_covered": 0.0, "percent_statements_covered_display": "0"}, "missing_lines": [25, 26, 27, 29, 30, 32, 33, 34, 35, 37, 39, 40, 41, 42, 43, 45, 46, 47, 48, 49, 50, 51, 52, 54, 56, 58, 60, 61], "excluded_lines": [], "start_line": 18}, "AssemblerAgent.__init__": {"executed_lines": [], "summary": {"covered_lines": 0, "num_statements": 1, "percent_covered": 0.0, "percent_covered_display": "0", "missing_lines": 1, "excluded_lines": 0, "percent_statements_covered": 0.0, "percent_statements_covered_display": "0"}, "missing_lines": [73], "excluded_lines": [], "start_line": 69}, "AssemblerAgent.extract_subheadings": {"executed_lines": [], "summary": {"covered_lines": 0, "num_statements": 10, "percent_covered": 0.0, "percent_covered_display": "0", "missing_lines": 10, "excluded_lines": 0, "percent_statements_covered": 0.0, "percent_statements_covered_display": "0"}, "missing_lines": [92, 93, 95, 96, 97, 98, 99, 100, 102, 104], "excluded_lines": [], "start_line": 75}, "AssemblerAgent.replace_source_references": {"executed_lines": [], "summary": {"covered_lines": 0, "num_statements": 4, "percent_covered": 0.0, "percent_covered_display": "0", "missing_lines": 4, "excluded_lines": 0, "percent_statements_covered": 0.0, "percent_statements_covered_display": "0"}, "missing_lines": [117, 118, 120, 131], "excluded_lines": [], "start_line": 106}, "AssemblerAgent.replace_source_references.replace_match": {"executed_lines": [], "summary": {"covered_lines": 0, "num_statements": 9, "percent_covered": 0.0, "percent_covered_display": "0", "missing_lines": 9, "excluded_lines": 0, "percent_statements_covered": 0.0, "percent_statements_covered_display": "0"}, "missing_lines": [121, 122, 123, 124, 125, 126, 127, 128, 129], "excluded_lines": [], "start_line": 120}, "AssemblerAgent.assemble": {"executed_lines": [], "summary": {"covered_lines": 0, "num_statements": 25, "percent_covered": 0.0, "percent_covered_display": "0", "missing_lines": 25, "excluded_lines": 0, "percent_statements_covered": 0.0, "percent_statements_covered_display": "0"}, "missing_lines": [155, 158, 159, 160, 161, 162, 163, 169, 180, 181, 182, 185, 188, 191, 192, 194, 196, 199, 200, 208, 211, 214, 215, 216, 218], "excluded_lines": [], "start_line": 133}, "AssemblerAgent.run": {"executed_lines": [], "summary": {"covered_lines": 0, "num_statements": 21, "percent_covered": 0.0, "percent_covered_display": "0", "missing_lines": 21, "excluded_lines": 0, "percent_statements_covered": 0.0, "percent_statements_covered_display": "0"}, "missing_lines": [235, 236, 237, 238, 240, 241, 242, 243, 244, 245, 246, 247, 249, 250, 251, 252, 254, 256, 265, 267, 271], "excluded_lines": [], "start_line": 225}, "": {"executed_lines": [5, 6, 7, 9, 10, 15, 18, 64, 69, 75, 106, 133, 225], "summary": {"covered_lines": 13, "num_statements": 13, "percent_covered": 100.0, "percent_covered_display": "100", "missing_lines": 0, "excluded_lines": 0, "percent_statements_covered": 100.0, "percent_statements_covered_display": "100"}, "missing_lines": [], "excluded_lines": [], "start_line": 1}}, "classes": {"AssemblerAgent": {"executed_lines": [], "summary": {"covered_lines": 0, "num_statements": 70, "percent_covered": 0.0, "percent_covered_display": "0", "missing_lines": 70, "excluded_lines": 0, "percent_statements_covered": 0.0, "percent_statements_covered_display": "0"}, "missing_lines": [73, 92, 93, 95, 96, 97, 98, 99, 100, 102, 104, 117, 118, 120, 121, 122, 123, 124, 125, 126, 127, 128, 129, 131, 155, 158, 159, 160, 161, 162, 163, 169, 180, 181, 182, 185, 188, 191, 192, 194, 196, 199, 200, 208, 211, 214, 215, 216, 218, 235, 236, 237, 238, 240, 241, 242, 243, 244, 245, 246, 247, 249, 250, 251, 252, 254, 256, 265, 267, 271], "excluded_lines": [], "start_line": 64}, "": {"executed_lines": [5, 6, 7, 9, 10, 15, 18, 64, 69, 75, 106, 133, 225], "summary": {"covered_lines": 13, "num_statements": 41, "percent_covered": 31.70731707317073, "percent_covered_display": "32", "missing_lines": 28, "excluded_lines": 0, "percent_statements_covered": 31.70731707317073, "percent_statements_covered_display": "32"}, "missing_lines": [25, 26, 27, 29, 30, 32, 33, 34, 35, 37, 39, 40, 41, 42, 43, 45, 46, 47, 48, 49, 50, 51, 52, 54, 56, 58, 60, 61], "excluded_lines": [], "start_line": 1}}}, "backend/services/blog_generator/agents/clarification.py": {"executed_lines": [11, 12, 13, 14, 16, 19, 28, 36, 38, 77, 95, 98, 101], "summary": {"covered_lines": 13, "num_statements": 47, "percent_covered": 27.659574468085108, "percent_covered_display": "28", "missing_lines": 34, "excluded_lines": 0, "percent_statements_covered": 27.659574468085108, "percent_statements_covered_display": "28"}, "missing_lines": [84, 85, 86, 87, 88, 89, 90, 91, 92, 99, 109, 110, 113, 114, 116, 117, 118, 119, 120, 122, 130, 131, 135, 136, 138, 139, 140, 143, 144, 145, 147, 152, 153, 154], "excluded_lines": [], "functions": {"format_clarification_message": {"executed_lines": [], "summary": {"covered_lines": 0, "num_statements": 9, "percent_covered": 0.0, "percent_covered_display": "0", "missing_lines": 9, "excluded_lines": 0, "percent_statements_covered": 0.0, "percent_statements_covered_display": "0"}, "missing_lines": [84, 85, 86, 87, 88, 89, 90, 91, 92], "excluded_lines": [], "start_line": 77}, "ClarificationAgent.__init__": {"executed_lines": [], "summary": {"covered_lines": 0, "num_statements": 1, "percent_covered": 0.0, "percent_covered_display": "0", "missing_lines": 1, "excluded_lines": 0, "percent_statements_covered": 0.0, "percent_statements_covered_display": "0"}, "missing_lines": [99], "excluded_lines": [], "start_line": 98}, "ClarificationAgent.analyze": {"executed_lines": [], "summary": {"covered_lines": 0, "num_statements": 24, "percent_covered": 0.0, "percent_covered_display": "0", "missing_lines": 24, "excluded_lines": 0, "percent_statements_covered": 0.0, "percent_statements_covered_display": "0"}, "missing_lines": [109, 110, 113, 114, 116, 117, 118, 119, 120, 122, 130, 131, 135, 136, 138, 139, 140, 143, 144, 145, 147, 152, 153, 154], "excluded_lines": [], "start_line": 101}, "": {"executed_lines": [11, 12, 13, 14, 16, 19, 28, 36, 38, 77, 95, 98, 101], "summary": {"covered_lines": 13, "num_statements": 13, "percent_covered": 100.0, "percent_covered_display": "100", "missing_lines": 0, "excluded_lines": 0, "percent_statements_covered": 100.0, "percent_statements_covered_display": "100"}, "missing_lines": [], "excluded_lines": [], "start_line": 1}}, "classes": {"ClarificationAgent": {"executed_lines": [], "summary": {"covered_lines": 0, "num_statements": 25, "percent_covered": 0.0, "percent_covered_display": "0", "missing_lines": 25, "excluded_lines": 0, "percent_statements_covered": 0.0, "percent_statements_covered_display": "0"}, "missing_lines": [99, 109, 110, 113, 114, 116, 117, 118, 119, 120, 122, 130, 131, 135, 136, 138, 139, 140, 143, 144, 145, 147, 152, 153, 154], "excluded_lines": [], "start_line": 95}, "": {"executed_lines": [11, 12, 13, 14, 16, 19, 28, 36, 38, 77, 95, 98, 101], "summary": {"covered_lines": 13, "num_statements": 22, "percent_covered": 59.09090909090909, "percent_covered_display": "59", "missing_lines": 9, "excluded_lines": 0, "percent_statements_covered": 59.09090909090909, "percent_statements_covered_display": "59"}, "missing_lines": [84, 85, 86, 87, 88, 89, 90, 91, 92], "excluded_lines": [], "start_line": 1}}}, "backend/services/blog_generator/agents/coder.py": {"executed_lines": [5, 6, 7, 8, 9, 10, 12, 15, 17, 23, 26, 28, 36, 38, 40, 47, 48, 49, 50, 51, 53, 54, 57, 62, 71, 72, 118, 141, 142], "summary": {"covered_lines": 29, "num_statements": 126, "percent_covered": 23.015873015873016, "percent_covered_display": "23", "missing_lines": 97, "excluded_lines": 0, "percent_statements_covered": 23.015873015873016, "percent_statements_covered_display": "23"}, "missing_lines": [19, 20, 21, 29, 30, 31, 32, 33, 34, 35, 41, 42, 43, 44, 45, 69, 92, 93, 100, 101, 106, 107, 114, 115, 116, 129, 130, 132, 133, 134, 139, 153, 154, 155, 156, 158, 159, 160, 161, 162, 164, 167, 168, 169, 170, 172, 174, 175, 182, 183, 184, 185, 188, 189, 191, 192, 193, 195, 198, 200, 202, 203, 209, 221, 222, 223, 231, 233, 234, 236, 237, 238, 239, 241, 242, 245, 246, 247, 253, 265, 266, 267, 268, 277, 278, 280, 281, 282, 283, 286, 287, 288, 289, 290, 292, 293, 295], "excluded_lines": [], "functions": {"_should_use_parallel": {"executed_lines": [], "summary": {"covered_lines": 0, "num_statements": 3, "percent_covered": 0.0, "percent_covered_display": "0", "missing_lines": 3, "excluded_lines": 0, "percent_statements_covered": 0.0, "percent_statements_covered_display": "0"}, "missing_lines": [19, 20, 21], "excluded_lines": [], "start_line": 17}, "_get_langfuse_client": {"executed_lines": [28, 36], "summary": {"covered_lines": 2, "num_statements": 9, "percent_covered": 22.22222222222222, "percent_covered_display": "22", "missing_lines": 7, "excluded_lines": 0, "percent_statements_covered": 22.22222222222222, "percent_statements_covered_display": "22"}, "missing_lines": [29, 30, 31, 32, 33, 34, 35], "excluded_lines": [], "start_line": 26}, "_get_observe_decorator": {"executed_lines": [40, 47, 51], "summary": {"covered_lines": 3, "num_statements": 8, "percent_covered": 37.5, "percent_covered_display": "38", "missing_lines": 5, "excluded_lines": 0, "percent_statements_covered": 37.5, "percent_statements_covered_display": "38"}, "missing_lines": [41, 42, 43, 44, 45], "excluded_lines": [], "start_line": 38}, "_get_observe_decorator.noop_decorator": {"executed_lines": [48, 50], "summary": {"covered_lines": 2, "num_statements": 2, "percent_covered": 100.0, "percent_covered_display": "100", "missing_lines": 0, "excluded_lines": 0, "percent_statements_covered": 100.0, "percent_statements_covered_display": "100"}, "missing_lines": [], "excluded_lines": [], "start_line": 47}, "_get_observe_decorator.noop_decorator.wrapper": {"executed_lines": [49], "summary": {"covered_lines": 1, "num_statements": 1, "percent_covered": 100.0, "percent_covered_display": "100", "missing_lines": 0, "excluded_lines": 0, "percent_statements_covered": 100.0, "percent_statements_covered_display": "100"}, "missing_lines": [], "excluded_lines": [], "start_line": 48}, "CoderAgent.__init__": {"executed_lines": [], "summary": {"covered_lines": 0, "num_statements": 1, "percent_covered": 0.0, "percent_covered_display": "0", "missing_lines": 1, "excluded_lines": 0, "percent_statements_covered": 0.0, "percent_statements_covered_display": "0"}, "missing_lines": [69], "excluded_lines": [], "start_line": 62}, "CoderAgent.generate_code": {"executed_lines": [], "summary": {"covered_lines": 0, "num_statements": 9, "percent_covered": 0.0, "percent_covered_display": "0", "missing_lines": 9, "excluded_lines": 0, "percent_statements_covered": 0.0, "percent_statements_covered_display": "0"}, "missing_lines": [92, 93, 100, 101, 106, 107, 114, 115, 116], "excluded_lines": [], "start_line": 72}, "CoderAgent.extract_code_placeholders": {"executed_lines": [], "summary": {"covered_lines": 0, "num_statements": 6, "percent_covered": 0.0, "percent_covered_display": "0", "missing_lines": 6, "excluded_lines": 0, "percent_statements_covered": 0.0, "percent_statements_covered_display": "0"}, "missing_lines": [129, 130, 132, 133, 134, 139], "excluded_lines": [], "start_line": 118}, "CoderAgent.run": {"executed_lines": [], "summary": {"covered_lines": 0, "num_statements": 60, "percent_covered": 0.0, "percent_covered_display": "0", "missing_lines": 60, "excluded_lines": 0, "percent_statements_covered": 0.0, "percent_statements_covered_display": "0"}, "missing_lines": [153, 154, 155, 156, 158, 159, 160, 161, 162, 164, 167, 168, 169, 170, 172, 174, 175, 182, 183, 184, 185, 188, 189, 191, 192, 193, 195, 198, 200, 231, 233, 234, 236, 237, 238, 239, 241, 242, 245, 246, 247, 253, 265, 266, 267, 268, 277, 278, 280, 281, 282, 283, 286, 287, 288, 289, 290, 292, 293, 295], "excluded_lines": [], "start_line": 142}, "CoderAgent.run.generate_single_task": {"executed_lines": [], "summary": {"covered_lines": 0, "num_statements": 6, "percent_covered": 0.0, "percent_covered_display": "0", "missing_lines": 6, "excluded_lines": 0, "percent_statements_covered": 0.0, "percent_statements_covered_display": "0"}, "missing_lines": [202, 203, 209, 221, 222, 223], "excluded_lines": [], "start_line": 200}, "": {"executed_lines": [5, 6, 7, 8, 9, 10, 12, 15, 17, 23, 26, 38, 53, 54, 57, 62, 71, 72, 118, 141, 142], "summary": {"covered_lines": 21, "num_statements": 21, "percent_covered": 100.0, "percent_covered_display": "100", "missing_lines": 0, "excluded_lines": 0, "percent_statements_covered": 100.0, "percent_statements_covered_display": "100"}, "missing_lines": [], "excluded_lines": [], "start_line": 1}}, "classes": {"CoderAgent": {"executed_lines": [], "summary": {"covered_lines": 0, "num_statements": 82, "percent_covered": 0.0, "percent_covered_display": "0", "missing_lines": 82, "excluded_lines": 0, "percent_statements_covered": 0.0, "percent_statements_covered_display": "0"}, "missing_lines": [69, 92, 93, 100, 101, 106, 107, 114, 115, 116, 129, 130, 132, 133, 134, 139, 153, 154, 155, 156, 158, 159, 160, 161, 162, 164, 167, 168, 169, 170, 172, 174, 175, 182, 183, 184, 185, 188, 189, 191, 192, 193, 195, 198, 200, 202, 203, 209, 221, 222, 223, 231, 233, 234, 236, 237, 238, 239, 241, 242, 245, 246, 247, 253, 265, 266, 267, 268, 277, 278, 280, 281, 282, 283, 286, 287, 288, 289, 290, 292, 293, 295], "excluded_lines": [], "start_line": 57}, "": {"executed_lines": [5, 6, 7, 8, 9, 10, 12, 15, 17, 23, 26, 28, 36, 38, 40, 47, 48, 49, 50, 51, 53, 54, 57, 62, 71, 72, 118, 141, 142], "summary": {"covered_lines": 29, "num_statements": 44, "percent_covered": 65.9090909090909, "percent_covered_display": "66", "missing_lines": 15, "excluded_lines": 0, "percent_statements_covered": 65.9090909090909, "percent_statements_covered_display": "66"}, "missing_lines": [19, 20, 21, 29, 30, 31, 32, 33, 34, 35, 41, 42, 43, 44, 45], "excluded_lines": [], "start_line": 1}}}, "backend/services/blog_generator/agents/factcheck.py": {"executed_lines": [8, 9, 10, 11, 13, 15, 17, 20, 43, 54, 66, 105, 113, 118, 134], "summary": {"covered_lines": 15, "num_statements": 112, "percent_covered": 13.392857142857142, "percent_covered_display": "13", "missing_lines": 97, "excluded_lines": 0, "percent_statements_covered": 13.392857142857142, "percent_statements_covered_display": "13"}, "missing_lines": [22, 23, 24, 25, 26, 27, 29, 30, 31, 32, 33, 34, 36, 37, 38, 39, 40, 45, 46, 47, 48, 49, 50, 51, 56, 57, 58, 59, 60, 61, 62, 63, 68, 69, 70, 71, 72, 73, 74, 75, 76, 78, 79, 86, 87, 88, 95, 114, 115, 116, 120, 121, 125, 129, 130, 131, 132, 136, 137, 139, 140, 141, 143, 144, 145, 147, 148, 149, 150, 151, 152, 154, 155, 157, 165, 166, 167, 169, 170, 171, 174, 175, 176, 177, 178, 179, 180, 181, 182, 183, 184, 185, 186, 189, 191, 192, 194], "excluded_lines": [], "functions": {"_extract_json": {"executed_lines": [], "summary": {"covered_lines": 0, "num_statements": 17, "percent_covered": 0.0, "percent_covered_display": "0", "missing_lines": 17, "excluded_lines": 0, "percent_statements_covered": 0.0, "percent_statements_covered_display": "0"}, "missing_lines": [22, 23, 24, 25, 26, 27, 29, 30, 31, 32, 33, 34, 36, 37, 38, 39, 40], "excluded_lines": [], "start_line": 20}, "_build_content": {"executed_lines": [], "summary": {"covered_lines": 0, "num_statements": 7, "percent_covered": 0.0, "percent_covered_display": "0", "missing_lines": 7, "excluded_lines": 0, "percent_statements_covered": 0.0, "percent_statements_covered_display": "0"}, "missing_lines": [45, 46, 47, 48, 49, 50, 51], "excluded_lines": [], "start_line": 43}, "_build_evidence": {"executed_lines": [], "summary": {"covered_lines": 0, "num_statements": 8, "percent_covered": 0.0, "percent_covered_display": "0", "missing_lines": 8, "excluded_lines": 0, "percent_statements_covered": 0.0, "percent_statements_covered_display": "0"}, "missing_lines": [56, 57, 58, 59, 60, 61, 62, 63], "excluded_lines": [], "start_line": 54}, "_normalize_report": {"executed_lines": [], "summary": {"covered_lines": 0, "num_statements": 15, "percent_covered": 0.0, "percent_covered_display": "0", "missing_lines": 15, "excluded_lines": 0, "percent_statements_covered": 0.0, "percent_statements_covered_display": "0"}, "missing_lines": [68, 69, 70, 71, 72, 73, 74, 75, 76, 78, 79, 86, 87, 88, 95], "excluded_lines": [], "start_line": 66}, "FactCheckAgent.__init__": {"executed_lines": [], "summary": {"covered_lines": 0, "num_statements": 3, "percent_covered": 0.0, "percent_covered_display": "0", "missing_lines": 3, "excluded_lines": 0, "percent_statements_covered": 0.0, "percent_statements_covered_display": "0"}, "missing_lines": [114, 115, 116], "excluded_lines": [], "start_line": 113}, "FactCheckAgent.check": {"executed_lines": [], "summary": {"covered_lines": 0, "num_statements": 7, "percent_covered": 0.0, "percent_covered_display": "0", "missing_lines": 7, "excluded_lines": 0, "percent_statements_covered": 0.0, "percent_statements_covered_display": "0"}, "missing_lines": [120, 121, 125, 129, 130, 131, 132], "excluded_lines": [], "start_line": 118}, "FactCheckAgent.run": {"executed_lines": [], "summary": {"covered_lines": 0, "num_statements": 40, "percent_covered": 0.0, "percent_covered_display": "0", "missing_lines": 40, "excluded_lines": 0, "percent_statements_covered": 0.0, "percent_statements_covered_display": "0"}, "missing_lines": [136, 137, 139, 140, 141, 143, 144, 145, 147, 148, 149, 150, 151, 152, 154, 155, 157, 165, 166, 167, 169, 170, 171, 174, 175, 176, 177, 178, 179, 180, 181, 182, 183, 184, 185, 186, 189, 191, 192, 194], "excluded_lines": [], "start_line": 134}, "": {"executed_lines": [8, 9, 10, 11, 13, 15, 17, 20, 43, 54, 66, 105, 113, 118, 134], "summary": {"covered_lines": 15, "num_statements": 15, "percent_covered": 100.0, "percent_covered_display": "100", "missing_lines": 0, "excluded_lines": 0, "percent_statements_covered": 100.0, "percent_statements_covered_display": "100"}, "missing_lines": [], "excluded_lines": [], "start_line": 1}}, "classes": {"FactCheckAgent": {"executed_lines": [], "summary": {"covered_lines": 0, "num_statements": 50, "percent_covered": 0.0, "percent_covered_display": "0", "missing_lines": 50, "excluded_lines": 0, "percent_statements_covered": 0.0, "percent_statements_covered_display": "0"}, "missing_lines": [114, 115, 116, 120, 121, 125, 129, 130, 131, 132, 136, 137, 139, 140, 141, 143, 144, 145, 147, 148, 149, 150, 151, 152, 154, 155, 157, 165, 166, 167, 169, 170, 171, 174, 175, 176, 177, 178, 179, 180, 181, 182, 183, 184, 185, 186, 189, 191, 192, 194], "excluded_lines": [], "start_line": 105}, "": {"executed_lines": [8, 9, 10, 11, 13, 15, 17, 20, 43, 54, 66, 105, 113, 118, 134], "summary": {"covered_lines": 15, "num_statements": 62, "percent_covered": 24.193548387096776, "percent_covered_display": "24", "missing_lines": 47, "excluded_lines": 0, "percent_statements_covered": 24.193548387096776, "percent_statements_covered_display": "24"}, "missing_lines": [22, 23, 24, 25, 26, 27, 29, 30, 31, 32, 33, 34, 36, 37, 38, 39, 40, 45, 46, 47, 48, 49, 50, 51, 56, 57, 58, 59, 60, 61, 62, 63, 68, 69, 70, 71, 72, 73, 74, 75, 76, 78, 79, 86, 87, 88, 95], "excluded_lines": [], "start_line": 1}}}, "backend/services/blog_generator/agents/humanizer.py": {"executed_lines": [8, 9, 10, 11, 12, 13, 15, 17, 20, 25, 67, 74, 90, 103, 136], "summary": {"covered_lines": 15, "num_statements": 171, "percent_covered": 8.771929824561404, "percent_covered_display": "9", "missing_lines": 156, "excluded_lines": 0, "percent_statements_covered": 8.771929824561404, "percent_statements_covered_display": "9"}, "missing_lines": [22, 27, 28, 29, 31, 32, 33, 34, 35, 36, 37, 38, 39, 40, 42, 43, 46, 51, 52, 53, 54, 57, 58, 59, 60, 61, 62, 64, 75, 76, 77, 80, 81, 85, 92, 93, 95, 99, 100, 101, 105, 106, 111, 112, 113, 114, 119, 120, 121, 122, 123, 125, 126, 130, 131, 133, 134, 146, 147, 148, 150, 151, 152, 153, 155, 157, 158, 159, 160, 161, 163, 164, 165, 168, 169, 170, 171, 172, 174, 175, 178, 179, 180, 181, 182, 184, 185, 186, 189, 190, 194, 195, 196, 197, 200, 201, 202, 203, 204, 205, 206, 207, 209, 210, 211, 212, 213, 214, 215, 218, 219, 220, 221, 225, 226, 227, 228, 229, 232, 233, 234, 235, 236, 243, 244, 245, 246, 247, 248, 249, 250, 251, 252, 256, 257, 258, 259, 260, 261, 262, 263, 264, 265, 268, 269, 270, 271, 272, 273, 274, 275, 277, 283, 284, 286, 293], "excluded_lines": [], "functions": {"_extract_source_placeholders": {"executed_lines": [], "summary": {"covered_lines": 0, "num_statements": 1, "percent_covered": 0.0, "percent_covered_display": "0", "missing_lines": 1, "excluded_lines": 0, "percent_statements_covered": 0.0, "percent_statements_covered_display": "0"}, "missing_lines": [22], "excluded_lines": [], "start_line": 20}, "_extract_json": {"executed_lines": [], "summary": {"covered_lines": 0, "num_statements": 27, "percent_covered": 0.0, "percent_covered_display": "0", "missing_lines": 27, "excluded_lines": 0, "percent_statements_covered": 0.0, "percent_statements_covered_display": "0"}, "missing_lines": [27, 28, 29, 31, 32, 33, 34, 35, 36, 37, 38, 39, 40, 42, 43, 46, 51, 52, 53, 54, 57, 58, 59, 60, 61, 62, 64], "excluded_lines": [], "start_line": 25}, "HumanizerAgent.__init__": {"executed_lines": [], "summary": {"covered_lines": 0, "num_statements": 6, "percent_covered": 0.0, "percent_covered_display": "0", "missing_lines": 6, "excluded_lines": 0, "percent_statements_covered": 0.0, "percent_statements_covered_display": "0"}, "missing_lines": [75, 76, 77, 80, 81, 85], "excluded_lines": [], "start_line": 74}, "HumanizerAgent._score_section": {"executed_lines": [], "summary": {"covered_lines": 0, "num_statements": 6, "percent_covered": 0.0, "percent_covered_display": "0", "missing_lines": 6, "excluded_lines": 0, "percent_statements_covered": 0.0, "percent_statements_covered_display": "0"}, "missing_lines": [92, 93, 95, 99, 100, 101], "excluded_lines": [], "start_line": 90}, "HumanizerAgent._rewrite_section": {"executed_lines": [], "summary": {"covered_lines": 0, "num_statements": 17, "percent_covered": 0.0, "percent_covered_display": "0", "missing_lines": 17, "excluded_lines": 0, "percent_statements_covered": 0.0, "percent_statements_covered_display": "0"}, "missing_lines": [105, 106, 111, 112, 113, 114, 119, 120, 121, 122, 123, 125, 126, 130, 131, 133, 134], "excluded_lines": [], "start_line": 103}, "HumanizerAgent.run": {"executed_lines": [], "summary": {"covered_lines": 0, "num_statements": 99, "percent_covered": 0.0, "percent_covered_display": "0", "missing_lines": 99, "excluded_lines": 0, "percent_statements_covered": 0.0, "percent_statements_covered_display": "0"}, "missing_lines": [146, 147, 148, 150, 151, 152, 153, 155, 157, 158, 159, 160, 161, 163, 164, 165, 168, 169, 170, 171, 172, 174, 175, 178, 179, 180, 181, 182, 184, 185, 186, 189, 190, 194, 195, 196, 197, 200, 201, 202, 203, 204, 205, 206, 207, 209, 210, 211, 212, 213, 214, 215, 218, 219, 220, 221, 225, 226, 227, 228, 229, 232, 233, 234, 235, 236, 243, 244, 245, 246, 247, 248, 249, 250, 251, 252, 256, 257, 258, 259, 260, 261, 262, 263, 264, 265, 268, 269, 270, 271, 272, 273, 274, 275, 277, 283, 284, 286, 293], "excluded_lines": [], "start_line": 136}, "": {"executed_lines": [8, 9, 10, 11, 12, 13, 15, 17, 20, 25, 67, 74, 90, 103, 136], "summary": {"covered_lines": 15, "num_statements": 15, "percent_covered": 100.0, "percent_covered_display": "100", "missing_lines": 0, "excluded_lines": 0, "percent_statements_covered": 100.0, "percent_statements_covered_display": "100"}, "missing_lines": [], "excluded_lines": [], "start_line": 1}}, "classes": {"HumanizerAgent": {"executed_lines": [], "summary": {"covered_lines": 0, "num_statements": 128, "percent_covered": 0.0, "percent_covered_display": "0", "missing_lines": 128, "excluded_lines": 0, "percent_statements_covered": 0.0, "percent_statements_covered_display": "0"}, "missing_lines": [75, 76, 77, 80, 81, 85, 92, 93, 95, 99, 100, 101, 105, 106, 111, 112, 113, 114, 119, 120, 121, 122, 123, 125, 126, 130, 131, 133, 134, 146, 147, 148, 150, 151, 152, 153, 155, 157, 158, 159, 160, 161, 163, 164, 165, 168, 169, 170, 171, 172, 174, 175, 178, 179, 180, 181, 182, 184, 185, 186, 189, 190, 194, 195, 196, 197, 200, 201, 202, 203, 204, 205, 206, 207, 209, 210, 211, 212, 213, 214, 215, 218, 219, 220, 221, 225, 226, 227, 228, 229, 232, 233, 234, 235, 236, 243, 244, 245, 246, 247, 248, 249, 250, 251, 252, 256, 257, 258, 259, 260, 261, 262, 263, 264, 265, 268, 269, 270, 271, 272, 273, 274, 275, 277, 283, 284, 286, 293], "excluded_lines": [], "start_line": 67}, "": {"executed_lines": [8, 9, 10, 11, 12, 13, 15, 17, 20, 25, 67, 74, 90, 103, 136], "summary": {"covered_lines": 15, "num_statements": 43, "percent_covered": 34.883720930232556, "percent_covered_display": "35", "missing_lines": 28, "excluded_lines": 0, "percent_statements_covered": 34.883720930232556, "percent_statements_covered_display": "35"}, "missing_lines": [22, 27, 28, 29, 31, 32, 33, 34, 35, 36, 37, 38, 39, 40, 42, 43, 46, 51, 52, 53, 54, 57, 58, 59, 60, 61, 62, 64], "excluded_lines": [], "start_line": 1}}}, "backend/services/blog_generator/agents/planner.py": {"executed_lines": [5, 6, 7, 8, 10, 12, 15, 20, 29, 189, 190, 259], "summary": {"covered_lines": 12, "num_statements": 133, "percent_covered": 9.022556390977444, "percent_covered_display": "9", "missing_lines": 121, "excluded_lines": 0, "percent_statements_covered": 9.022556390977444, "percent_statements_covered_display": "9"}, "missing_lines": [27, 74, 75, 77, 78, 100, 102, 104, 105, 106, 108, 109, 111, 117, 118, 124, 125, 126, 127, 128, 129, 130, 131, 134, 135, 136, 137, 138, 139, 141, 144, 145, 146, 148, 149, 150, 152, 153, 154, 156, 159, 160, 161, 162, 165, 166, 167, 168, 169, 170, 173, 174, 175, 176, 177, 178, 180, 182, 183, 184, 185, 186, 187, 193, 194, 196, 197, 199, 206, 207, 210, 211, 212, 213, 214, 215, 216, 217, 218, 219, 220, 222, 223, 226, 227, 228, 229, 230, 232, 233, 234, 235, 237, 238, 239, 240, 241, 242, 246, 247, 248, 249, 250, 251, 252, 253, 255, 257, 270, 272, 273, 296, 299, 300, 301, 302, 304, 306, 307, 308, 310], "excluded_lines": [], "functions": {"PlannerAgent.__init__": {"executed_lines": [], "summary": {"covered_lines": 0, "num_statements": 1, "percent_covered": 0.0, "percent_covered_display": "0", "missing_lines": 1, "excluded_lines": 0, "percent_statements_covered": 0.0, "percent_statements_covered_display": "0"}, "missing_lines": [27], "excluded_lines": [], "start_line": 20}, "PlannerAgent.generate_outline": {"executed_lines": [], "summary": {"covered_lines": 0, "num_statements": 60, "percent_covered": 0.0, "percent_covered_display": "0", "missing_lines": 60, "excluded_lines": 0, "percent_statements_covered": 0.0, "percent_statements_covered_display": "0"}, "missing_lines": [74, 75, 77, 78, 100, 102, 104, 105, 106, 111, 117, 118, 124, 125, 126, 127, 128, 129, 130, 131, 134, 135, 136, 137, 138, 139, 141, 144, 145, 146, 148, 149, 150, 152, 153, 154, 156, 159, 160, 161, 162, 165, 166, 167, 168, 169, 170, 173, 174, 175, 176, 177, 178, 180, 182, 183, 184, 185, 186, 187], "excluded_lines": [], "start_line": 29}, "PlannerAgent.generate_outline.on_chunk": {"executed_lines": [], "summary": {"covered_lines": 0, "num_statements": 2, "percent_covered": 0.0, "percent_covered_display": "0", "missing_lines": 2, "excluded_lines": 0, "percent_statements_covered": 0.0, "percent_statements_covered_display": "0"}, "missing_lines": [108, 109], "excluded_lines": [], "start_line": 106}, "PlannerAgent._repair_truncated_json": {"executed_lines": [], "summary": {"covered_lines": 0, "num_statements": 45, "percent_covered": 0.0, "percent_covered_display": "0", "missing_lines": 45, "excluded_lines": 0, "percent_statements_covered": 0.0, "percent_statements_covered_display": "0"}, "missing_lines": [193, 194, 196, 197, 199, 206, 207, 210, 211, 212, 213, 214, 215, 216, 217, 218, 219, 220, 222, 223, 226, 227, 228, 229, 230, 232, 233, 234, 235, 237, 238, 239, 240, 241, 242, 246, 247, 248, 249, 250, 251, 252, 253, 255, 257], "excluded_lines": [], "start_line": 190}, "PlannerAgent.run": {"executed_lines": [], "summary": {"covered_lines": 0, "num_statements": 13, "percent_covered": 0.0, "percent_covered_display": "0", "missing_lines": 13, "excluded_lines": 0, "percent_statements_covered": 0.0, "percent_statements_covered_display": "0"}, "missing_lines": [270, 272, 273, 296, 299, 300, 301, 302, 304, 306, 307, 308, 310], "excluded_lines": [], "start_line": 259}, "": {"executed_lines": [5, 6, 7, 8, 10, 12, 15, 20, 29, 189, 190, 259], "summary": {"covered_lines": 12, "num_statements": 12, "percent_covered": 100.0, "percent_covered_display": "100", "missing_lines": 0, "excluded_lines": 0, "percent_statements_covered": 100.0, "percent_statements_covered_display": "100"}, "missing_lines": [], "excluded_lines": [], "start_line": 1}}, "classes": {"PlannerAgent": {"executed_lines": [], "summary": {"covered_lines": 0, "num_statements": 121, "percent_covered": 0.0, "percent_covered_display": "0", "missing_lines": 121, "excluded_lines": 0, "percent_statements_covered": 0.0, "percent_statements_covered_display": "0"}, "missing_lines": [27, 74, 75, 77, 78, 100, 102, 104, 105, 106, 108, 109, 111, 117, 118, 124, 125, 126, 127, 128, 129, 130, 131, 134, 135, 136, 137, 138, 139, 141, 144, 145, 146, 148, 149, 150, 152, 153, 154, 156, 159, 160, 161, 162, 165, 166, 167, 168, 169, 170, 173, 174, 175, 176, 177, 178, 180, 182, 183, 184, 185, 186, 187, 193, 194, 196, 197, 199, 206, 207, 210, 211, 212, 213, 214, 215, 216, 217, 218, 219, 220, 222, 223, 226, 227, 228, 229, 230, 232, 233, 234, 235, 237, 238, 239, 240, 241, 242, 246, 247, 248, 249, 250, 251, 252, 253, 255, 257, 270, 272, 273, 296, 299, 300, 301, 302, 304, 306, 307, 308, 310], "excluded_lines": [], "start_line": 15}, "": {"executed_lines": [5, 6, 7, 8, 10, 12, 15, 20, 29, 189, 190, 259], "summary": {"covered_lines": 12, "num_statements": 12, "percent_covered": 100.0, "percent_covered_display": "100", "missing_lines": 0, "excluded_lines": 0, "percent_statements_covered": 100.0, "percent_statements_covered_display": "100"}, "missing_lines": [], "excluded_lines": [], "start_line": 1}}}, "backend/services/blog_generator/agents/prose_editor.py": {"executed_lines": [], "summary": {"covered_lines": 0, "num_statements": 37, "percent_covered": 0.0, "percent_covered_display": "0", "missing_lines": 37, "excluded_lines": 0, "percent_statements_covered": 0.0, "percent_statements_covered_display": "0"}, "missing_lines": [12, 13, 15, 17, 19, 21, 24, 27, 28, 30, 38, 39, 41, 42, 44, 52, 53, 55, 56, 58, 59, 68, 69, 71, 73, 74, 76, 77, 79, 80, 81, 82, 84, 86, 89, 90, 91], "excluded_lines": [], "functions": {"ProseEditorAgent.__init__": {"executed_lines": [], "summary": {"covered_lines": 0, "num_statements": 1, "percent_covered": 0.0, "percent_covered_display": "0", "missing_lines": 1, "excluded_lines": 0, "percent_statements_covered": 0.0, "percent_statements_covered_display": "0"}, "missing_lines": [28], "excluded_lines": [], "start_line": 27}, "ProseEditorAgent.edit": {"executed_lines": [], "summary": {"covered_lines": 0, "num_statements": 4, "percent_covered": 0.0, "percent_covered_display": "0", "missing_lines": 4, "excluded_lines": 0, "percent_statements_covered": 0.0, "percent_statements_covered_display": "0"}, "missing_lines": [38, 39, 41, 42], "excluded_lines": [], "start_line": 30}, "ProseEditorAgent.edit_stream": {"executed_lines": [], "summary": {"covered_lines": 0, "num_statements": 8, "percent_covered": 0.0, "percent_covered_display": "0", "missing_lines": 8, "excluded_lines": 0, "percent_statements_covered": 0.0, "percent_statements_covered_display": "0"}, "missing_lines": [52, 53, 55, 56, 58, 59, 68, 69], "excluded_lines": [], "start_line": 44}, "ProseEditorAgent._render_prompt": {"executed_lines": [], "summary": {"covered_lines": 0, "num_statements": 2, "percent_covered": 0.0, "percent_covered_display": "0", "missing_lines": 2, "excluded_lines": 0, "percent_statements_covered": 0.0, "percent_statements_covered_display": "0"}, "missing_lines": [73, 74], "excluded_lines": [], "start_line": 71}, "ProseEditorAgent._build_user_prompt": {"executed_lines": [], "summary": {"covered_lines": 0, "num_statements": 5, "percent_covered": 0.0, "percent_covered_display": "0", "missing_lines": 5, "excluded_lines": 0, "percent_statements_covered": 0.0, "percent_statements_covered_display": "0"}, "missing_lines": [79, 80, 81, 82, 84], "excluded_lines": [], "start_line": 77}, "ProseEditorAgent._call_llm": {"executed_lines": [], "summary": {"covered_lines": 0, "num_statements": 3, "percent_covered": 0.0, "percent_covered_display": "0", "missing_lines": 3, "excluded_lines": 0, "percent_statements_covered": 0.0, "percent_statements_covered_display": "0"}, "missing_lines": [89, 90, 91], "excluded_lines": [], "start_line": 86}, "": {"executed_lines": [], "summary": {"covered_lines": 0, "num_statements": 14, "percent_covered": 0.0, "percent_covered_display": "0", "missing_lines": 14, "excluded_lines": 0, "percent_statements_covered": 0.0, "percent_statements_covered_display": "0"}, "missing_lines": [12, 13, 15, 17, 19, 21, 24, 27, 30, 44, 71, 76, 77, 86], "excluded_lines": [], "start_line": 1}}, "classes": {"ProseEditorAgent": {"executed_lines": [], "summary": {"covered_lines": 0, "num_statements": 23, "percent_covered": 0.0, "percent_covered_display": "0", "missing_lines": 23, "excluded_lines": 0, "percent_statements_covered": 0.0, "percent_statements_covered_display": "0"}, "missing_lines": [28, 38, 39, 41, 42, 52, 53, 55, 56, 58, 59, 68, 69, 73, 74, 79, 80, 81, 82, 84, 89, 90, 91], "excluded_lines": [], "start_line": 24}, "": {"executed_lines": [], "summary": {"covered_lines": 0, "num_statements": 14, "percent_covered": 0.0, "percent_covered_display": "0", "missing_lines": 14, "excluded_lines": 0, "percent_statements_covered": 0.0, "percent_statements_covered_display": "0"}, "missing_lines": [12, 13, 15, 17, 19, 21, 24, 27, 30, 44, 71, 76, 77, 86], "excluded_lines": [], "start_line": 1}}}, "backend/services/blog_generator/agents/questioner.py": {"executed_lines": [5, 6, 7, 8, 9, 11, 14, 16, 22, 24, 26, 33, 34, 35, 36, 37, 39, 42, 47, 56, 57, 119, 120, 198, 199], "summary": {"covered_lines": 25, "num_statements": 131, "percent_covered": 19.083969465648856, "percent_covered_display": "19", "missing_lines": 106, "excluded_lines": 0, "percent_statements_covered": 19.083969465648856, "percent_statements_covered_display": "19"}, "missing_lines": [18, 19, 20, 27, 28, 29, 30, 31, 54, 75, 76, 82, 83, 88, 89, 90, 96, 97, 103, 104, 105, 110, 111, 113, 143, 144, 151, 163, 164, 169, 170, 171, 173, 174, 176, 177, 182, 189, 191, 192, 193, 194, 195, 196, 210, 211, 212, 214, 215, 216, 217, 218, 219, 221, 222, 225, 226, 227, 228, 231, 232, 234, 235, 236, 238, 241, 242, 243, 244, 252, 254, 256, 257, 262, 268, 269, 270, 281, 283, 284, 286, 287, 288, 289, 292, 293, 294, 299, 305, 306, 307, 319, 320, 322, 323, 324, 325, 327, 333, 335, 336, 337, 339, 340, 342, 344], "excluded_lines": [], "functions": {"_should_use_parallel": {"executed_lines": [], "summary": {"covered_lines": 0, "num_statements": 3, "percent_covered": 0.0, "percent_covered_display": "0", "missing_lines": 3, "excluded_lines": 0, "percent_statements_covered": 0.0, "percent_statements_covered_display": "0"}, "missing_lines": [18, 19, 20], "excluded_lines": [], "start_line": 16}, "_get_observe_decorator": {"executed_lines": [26, 33, 37], "summary": {"covered_lines": 3, "num_statements": 8, "percent_covered": 37.5, "percent_covered_display": "38", "missing_lines": 5, "excluded_lines": 0, "percent_statements_covered": 37.5, "percent_statements_covered_display": "38"}, "missing_lines": [27, 28, 29, 30, 31], "excluded_lines": [], "start_line": 24}, "_get_observe_decorator.noop_decorator": {"executed_lines": [34, 36], "summary": {"covered_lines": 2, "num_statements": 2, "percent_covered": 100.0, "percent_covered_display": "100", "missing_lines": 0, "excluded_lines": 0, "percent_statements_covered": 100.0, "percent_statements_covered_display": "100"}, "missing_lines": [], "excluded_lines": [], "start_line": 33}, "_get_observe_decorator.noop_decorator.wrapper": {"executed_lines": [35], "summary": {"covered_lines": 1, "num_statements": 1, "percent_covered": 100.0, "percent_covered_display": "100", "missing_lines": 0, "excluded_lines": 0, "percent_statements_covered": 100.0, "percent_statements_covered_display": "100"}, "missing_lines": [], "excluded_lines": [], "start_line": 34}, "QuestionerAgent.__init__": {"executed_lines": [], "summary": {"covered_lines": 0, "num_statements": 1, "percent_covered": 0.0, "percent_covered_display": "0", "missing_lines": 1, "excluded_lines": 0, "percent_statements_covered": 0.0, "percent_statements_covered_display": "0"}, "missing_lines": [54], "excluded_lines": [], "start_line": 47}, "QuestionerAgent.check_depth": {"executed_lines": [], "summary": {"covered_lines": 0, "num_statements": 15, "percent_covered": 0.0, "percent_covered_display": "0", "missing_lines": 15, "excluded_lines": 0, "percent_statements_covered": 0.0, "percent_statements_covered_display": "0"}, "missing_lines": [75, 76, 82, 83, 88, 89, 90, 96, 97, 103, 104, 105, 110, 111, 113], "excluded_lines": [], "start_line": 57}, "QuestionerAgent.evaluate_section": {"executed_lines": [], "summary": {"covered_lines": 0, "num_statements": 20, "percent_covered": 0.0, "percent_covered_display": "0", "missing_lines": 20, "excluded_lines": 0, "percent_statements_covered": 0.0, "percent_statements_covered_display": "0"}, "missing_lines": [143, 144, 151, 163, 164, 169, 170, 171, 173, 174, 176, 177, 182, 189, 191, 192, 193, 194, 195, 196], "excluded_lines": [], "start_line": 120}, "QuestionerAgent.run": {"executed_lines": [], "summary": {"covered_lines": 0, "num_statements": 56, "percent_covered": 0.0, "percent_covered_display": "0", "missing_lines": 56, "excluded_lines": 0, "percent_statements_covered": 0.0, "percent_statements_covered_display": "0"}, "missing_lines": [210, 211, 212, 214, 215, 216, 217, 218, 219, 221, 222, 225, 226, 227, 228, 231, 232, 234, 235, 236, 238, 241, 242, 243, 244, 252, 254, 281, 283, 284, 286, 287, 288, 289, 292, 293, 294, 299, 305, 306, 307, 319, 320, 322, 323, 324, 325, 327, 333, 335, 336, 337, 339, 340, 342, 344], "excluded_lines": [], "start_line": 199}, "QuestionerAgent.run.check_single_task": {"executed_lines": [], "summary": {"covered_lines": 0, "num_statements": 6, "percent_covered": 0.0, "percent_covered_display": "0", "missing_lines": 6, "excluded_lines": 0, "percent_statements_covered": 0.0, "percent_statements_covered_display": "0"}, "missing_lines": [256, 257, 262, 268, 269, 270], "excluded_lines": [], "start_line": 254}, "": {"executed_lines": [5, 6, 7, 8, 9, 11, 14, 16, 22, 24, 39, 42, 47, 56, 57, 119, 120, 198, 199], "summary": {"covered_lines": 19, "num_statements": 19, "percent_covered": 100.0, "percent_covered_display": "100", "missing_lines": 0, "excluded_lines": 0, "percent_statements_covered": 100.0, "percent_statements_covered_display": "100"}, "missing_lines": [], "excluded_lines": [], "start_line": 1}}, "classes": {"QuestionerAgent": {"executed_lines": [], "summary": {"covered_lines": 0, "num_statements": 98, "percent_covered": 0.0, "percent_covered_display": "0", "missing_lines": 98, "excluded_lines": 0, "percent_statements_covered": 0.0, "percent_statements_covered_display": "0"}, "missing_lines": [54, 75, 76, 82, 83, 88, 89, 90, 96, 97, 103, 104, 105, 110, 111, 113, 143, 144, 151, 163, 164, 169, 170, 171, 173, 174, 176, 177, 182, 189, 191, 192, 193, 194, 195, 196, 210, 211, 212, 214, 215, 216, 217, 218, 219, 221, 222, 225, 226, 227, 228, 231, 232, 234, 235, 236, 238, 241, 242, 243, 244, 252, 254, 256, 257, 262, 268, 269, 270, 281, 283, 284, 286, 287, 288, 289, 292, 293, 294, 299, 305, 306, 307, 319, 320, 322, 323, 324, 325, 327, 333, 335, 336, 337, 339, 340, 342, 344], "excluded_lines": [], "start_line": 42}, "": {"executed_lines": [5, 6, 7, 8, 9, 11, 14, 16, 22, 24, 26, 33, 34, 35, 36, 37, 39, 42, 47, 56, 57, 119, 120, 198, 199], "summary": {"covered_lines": 25, "num_statements": 33, "percent_covered": 75.75757575757575, "percent_covered_display": "76", "missing_lines": 8, "excluded_lines": 0, "percent_statements_covered": 75.75757575757575, "percent_statements_covered_display": "76"}, "missing_lines": [18, 19, 20, 27, 28, 29, 30, 31], "excluded_lines": [], "start_line": 1}}}, "backend/services/blog_generator/agents/researcher.py": {"executed_lines": [5, 6, 7, 8, 10, 12, 13, 14, 16, 19, 27, 33, 164, 206, 288, 347, 480, 559, 638], "summary": {"covered_lines": 19, "num_statements": 400, "percent_covered": 4.75, "percent_covered_display": "5", "missing_lines": 381, "excluded_lines": 0, "percent_statements_covered": 4.75, "percent_statements_covered_display": "5"}, "missing_lines": [21, 22, 23, 24, 42, 43, 44, 45, 46, 49, 50, 51, 52, 54, 57, 58, 60, 61, 62, 63, 66, 67, 68, 69, 70, 71, 76, 77, 78, 81, 82, 83, 84, 85, 86, 90, 91, 92, 93, 96, 97, 98, 99, 100, 101, 102, 103, 104, 107, 108, 109, 110, 111, 112, 116, 117, 118, 121, 122, 123, 124, 125, 126, 127, 128, 131, 132, 133, 134, 135, 139, 140, 141, 144, 145, 146, 147, 148, 149, 150, 151, 152, 153, 154, 160, 161, 162, 176, 182, 183, 185, 186, 187, 192, 197, 198, 199, 200, 202, 203, 204, 219, 220, 226, 227, 229, 230, 231, 233, 234, 236, 237, 239, 240, 244, 245, 246, 248, 249, 250, 251, 252, 258, 262, 263, 266, 267, 268, 269, 270, 271, 272, 274, 277, 278, 286, 301, 302, 308, 309, 311, 312, 313, 314, 316, 317, 323, 324, 325, 326, 329, 330, 338, 340, 341, 343, 344, 345, 366, 367, 374, 375, 376, 383, 384, 386, 387, 394, 395, 401, 402, 403, 404, 405, 406, 407, 408, 409, 412, 413, 414, 415, 416, 419, 422, 424, 425, 426, 427, 428, 430, 431, 434, 435, 436, 437, 438, 439, 442, 450, 451, 452, 461, 463, 464, 465, 466, 469, 491, 497, 498, 501, 502, 503, 508, 509, 511, 512, 517, 518, 524, 525, 526, 527, 528, 530, 533, 534, 535, 536, 539, 544, 545, 546, 553, 555, 556, 557, 571, 576, 577, 580, 581, 587, 588, 590, 591, 599, 600, 606, 607, 608, 609, 610, 612, 615, 616, 617, 619, 623, 624, 632, 634, 635, 636, 652, 653, 656, 657, 659, 662, 663, 664, 666, 668, 669, 672, 674, 675, 678, 679, 680, 681, 685, 687, 688, 691, 692, 695, 697, 700, 706, 709, 715, 718, 723, 727, 728, 731, 732, 733, 734, 735, 736, 739, 740, 743, 751, 752, 753, 758, 759, 764, 768, 769, 772, 773, 774, 779, 780, 785, 791, 792, 793, 797, 802, 807, 810, 811, 812, 817, 823, 824, 825, 826, 829, 830, 831, 832, 833, 834, 835, 841, 842, 845, 846, 847, 848, 849, 850, 851, 853, 854, 855, 856, 865, 866, 869, 870, 871, 872, 873, 875, 876, 877, 879, 880, 881, 882, 883, 884, 885, 886, 888, 889, 893, 894, 898, 899, 910, 912], "excluded_lines": [], "functions": {"_extract_domain": {"executed_lines": [], "summary": {"covered_lines": 0, "num_statements": 4, "percent_covered": 0.0, "percent_covered_display": "0", "missing_lines": 4, "excluded_lines": 0, "percent_statements_covered": 0.0, "percent_statements_covered_display": "0"}, "missing_lines": [21, 22, 23, 24], "excluded_lines": [], "start_line": 19}, "ResearcherAgent.__init__": {"executed_lines": [], "summary": {"covered_lines": 0, "num_statements": 83, "percent_covered": 0.0, "percent_covered_display": "0", "missing_lines": 83, "excluded_lines": 0, "percent_statements_covered": 0.0, "percent_statements_covered_display": "0"}, "missing_lines": [42, 43, 44, 45, 46, 49, 50, 51, 52, 54, 57, 58, 60, 61, 62, 63, 66, 67, 68, 69, 70, 71, 76, 77, 78, 81, 82, 83, 84, 85, 86, 90, 91, 92, 93, 96, 97, 98, 99, 100, 101, 102, 103, 104, 107, 108, 109, 110, 111, 112, 116, 117, 118, 121, 122, 123, 124, 125, 126, 127, 128, 131, 132, 133, 134, 135, 139, 140, 141, 144, 145, 146, 147, 148, 149, 150, 151, 152, 153, 154, 160, 161, 162], "excluded_lines": [], "start_line": 33}, "ResearcherAgent.generate_search_queries": {"executed_lines": [], "summary": {"covered_lines": 0, "num_statements": 14, "percent_covered": 0.0, "percent_covered_display": "0", "missing_lines": 14, "excluded_lines": 0, "percent_statements_covered": 0.0, "percent_statements_covered_display": "0"}, "missing_lines": [176, 182, 183, 185, 186, 187, 192, 197, 198, 199, 200, 202, 203, 204], "excluded_lines": [], "start_line": 164}, "ResearcherAgent.search": {"executed_lines": [], "summary": {"covered_lines": 0, "num_statements": 35, "percent_covered": 0.0, "percent_covered_display": "0", "missing_lines": 35, "excluded_lines": 0, "percent_statements_covered": 0.0, "percent_statements_covered_display": "0"}, "missing_lines": [219, 220, 226, 227, 229, 230, 231, 233, 234, 236, 237, 239, 240, 244, 245, 246, 248, 249, 250, 251, 252, 258, 262, 263, 266, 267, 268, 269, 270, 271, 272, 274, 277, 278, 286], "excluded_lines": [], "start_line": 206}, "ResearcherAgent._smart_search": {"executed_lines": [], "summary": {"covered_lines": 0, "num_statements": 22, "percent_covered": 0.0, "percent_covered_display": "0", "missing_lines": 22, "excluded_lines": 0, "percent_statements_covered": 0.0, "percent_statements_covered_display": "0"}, "missing_lines": [301, 302, 308, 309, 311, 312, 313, 314, 316, 317, 323, 324, 325, 326, 329, 330, 338, 340, 341, 343, 344, 345], "excluded_lines": [], "start_line": 288}, "ResearcherAgent.summarize": {"executed_lines": [], "summary": {"covered_lines": 0, "num_statements": 50, "percent_covered": 0.0, "percent_covered_display": "0", "missing_lines": 50, "excluded_lines": 0, "percent_statements_covered": 0.0, "percent_statements_covered_display": "0"}, "missing_lines": [366, 367, 374, 375, 376, 383, 384, 386, 387, 394, 395, 401, 402, 403, 404, 405, 406, 407, 408, 409, 412, 413, 414, 415, 416, 419, 422, 424, 425, 426, 427, 428, 430, 431, 434, 435, 436, 437, 438, 439, 442, 450, 451, 452, 461, 463, 464, 465, 466, 469], "excluded_lines": [], "start_line": 347}, "ResearcherAgent.distill": {"executed_lines": [], "summary": {"covered_lines": 0, "num_statements": 30, "percent_covered": 0.0, "percent_covered_display": "0", "missing_lines": 30, "excluded_lines": 0, "percent_statements_covered": 0.0, "percent_statements_covered_display": "0"}, "missing_lines": [491, 497, 498, 501, 502, 503, 508, 509, 511, 512, 517, 518, 524, 525, 526, 527, 528, 530, 533, 534, 535, 536, 539, 544, 545, 546, 553, 555, 556, 557], "excluded_lines": [], "start_line": 480}, "ResearcherAgent.analyze_gaps": {"executed_lines": [], "summary": {"covered_lines": 0, "num_statements": 27, "percent_covered": 0.0, "percent_covered_display": "0", "missing_lines": 27, "excluded_lines": 0, "percent_statements_covered": 0.0, "percent_statements_covered_display": "0"}, "missing_lines": [571, 576, 577, 580, 581, 587, 588, 590, 591, 599, 600, 606, 607, 608, 609, 610, 612, 615, 616, 617, 619, 623, 624, 632, 634, 635, 636], "excluded_lines": [], "start_line": 559}, "ResearcherAgent.run": {"executed_lines": [], "summary": {"covered_lines": 0, "num_statements": 116, "percent_covered": 0.0, "percent_covered_display": "0", "missing_lines": 116, "excluded_lines": 0, "percent_statements_covered": 0.0, "percent_statements_covered_display": "0"}, "missing_lines": [652, 653, 656, 657, 659, 662, 663, 664, 666, 668, 669, 672, 674, 675, 678, 679, 680, 681, 685, 687, 688, 691, 692, 695, 697, 700, 706, 709, 715, 718, 723, 727, 728, 731, 732, 733, 734, 735, 736, 739, 740, 743, 751, 752, 753, 758, 759, 764, 768, 769, 772, 773, 774, 779, 780, 785, 791, 792, 793, 797, 802, 807, 810, 811, 812, 817, 823, 824, 825, 826, 829, 830, 831, 832, 833, 834, 835, 841, 842, 845, 846, 847, 848, 849, 850, 851, 853, 854, 855, 856, 865, 866, 869, 870, 871, 872, 873, 875, 876, 877, 879, 880, 881, 882, 883, 884, 885, 886, 888, 889, 893, 894, 898, 899, 910, 912], "excluded_lines": [], "start_line": 638}, "": {"executed_lines": [5, 6, 7, 8, 10, 12, 13, 14, 16, 19, 27, 33, 164, 206, 288, 347, 480, 559, 638], "summary": {"covered_lines": 19, "num_statements": 19, "percent_covered": 100.0, "percent_covered_display": "100", "missing_lines": 0, "excluded_lines": 0, "percent_statements_covered": 100.0, "percent_statements_covered_display": "100"}, "missing_lines": [], "excluded_lines": [], "start_line": 1}}, "classes": {"ResearcherAgent": {"executed_lines": [], "summary": {"covered_lines": 0, "num_statements": 377, "percent_covered": 0.0, "percent_covered_display": "0", "missing_lines": 377, "excluded_lines": 0, "percent_statements_covered": 0.0, "percent_statements_covered_display": "0"}, "missing_lines": [42, 43, 44, 45, 46, 49, 50, 51, 52, 54, 57, 58, 60, 61, 62, 63, 66, 67, 68, 69, 70, 71, 76, 77, 78, 81, 82, 83, 84, 85, 86, 90, 91, 92, 93, 96, 97, 98, 99, 100, 101, 102, 103, 104, 107, 108, 109, 110, 111, 112, 116, 117, 118, 121, 122, 123, 124, 125, 126, 127, 128, 131, 132, 133, 134, 135, 139, 140, 141, 144, 145, 146, 147, 148, 149, 150, 151, 152, 153, 154, 160, 161, 162, 176, 182, 183, 185, 186, 187, 192, 197, 198, 199, 200, 202, 203, 204, 219, 220, 226, 227, 229, 230, 231, 233, 234, 236, 237, 239, 240, 244, 245, 246, 248, 249, 250, 251, 252, 258, 262, 263, 266, 267, 268, 269, 270, 271, 272, 274, 277, 278, 286, 301, 302, 308, 309, 311, 312, 313, 314, 316, 317, 323, 324, 325, 326, 329, 330, 338, 340, 341, 343, 344, 345, 366, 367, 374, 375, 376, 383, 384, 386, 387, 394, 395, 401, 402, 403, 404, 405, 406, 407, 408, 409, 412, 413, 414, 415, 416, 419, 422, 424, 425, 426, 427, 428, 430, 431, 434, 435, 436, 437, 438, 439, 442, 450, 451, 452, 461, 463, 464, 465, 466, 469, 491, 497, 498, 501, 502, 503, 508, 509, 511, 512, 517, 518, 524, 525, 526, 527, 528, 530, 533, 534, 535, 536, 539, 544, 545, 546, 553, 555, 556, 557, 571, 576, 577, 580, 581, 587, 588, 590, 591, 599, 600, 606, 607, 608, 609, 610, 612, 615, 616, 617, 619, 623, 624, 632, 634, 635, 636, 652, 653, 656, 657, 659, 662, 663, 664, 666, 668, 669, 672, 674, 675, 678, 679, 680, 681, 685, 687, 688, 691, 692, 695, 697, 700, 706, 709, 715, 718, 723, 727, 728, 731, 732, 733, 734, 735, 736, 739, 740, 743, 751, 752, 753, 758, 759, 764, 768, 769, 772, 773, 774, 779, 780, 785, 791, 792, 793, 797, 802, 807, 810, 811, 812, 817, 823, 824, 825, 826, 829, 830, 831, 832, 833, 834, 835, 841, 842, 845, 846, 847, 848, 849, 850, 851, 853, 854, 855, 856, 865, 866, 869, 870, 871, 872, 873, 875, 876, 877, 879, 880, 881, 882, 883, 884, 885, 886, 888, 889, 893, 894, 898, 899, 910, 912], "excluded_lines": [], "start_line": 27}, "": {"executed_lines": [5, 6, 7, 8, 10, 12, 13, 14, 16, 19, 27, 33, 164, 206, 288, 347, 480, 559, 638], "summary": {"covered_lines": 19, "num_statements": 23, "percent_covered": 82.6086956521739, "percent_covered_display": "83", "missing_lines": 4, "excluded_lines": 0, "percent_statements_covered": 82.6086956521739, "percent_statements_covered_display": "83"}, "missing_lines": [21, 22, 23, 24], "excluded_lines": [], "start_line": 1}}}, "backend/services/blog_generator/agents/reviewer.py": {"executed_lines": [9, 10, 11, 13, 15, 18, 41, 44, 47, 107], "summary": {"covered_lines": 10, "num_statements": 96, "percent_covered": 10.416666666666666, "percent_covered_display": "10", "missing_lines": 86, "excluded_lines": 0, "percent_statements_covered": 10.416666666666666, "percent_statements_covered_display": "10"}, "missing_lines": [20, 21, 22, 23, 24, 25, 27, 28, 29, 30, 31, 32, 34, 35, 36, 37, 38, 45, 56, 59, 60, 61, 62, 63, 64, 66, 72, 73, 75, 77, 78, 83, 85, 86, 88, 89, 91, 98, 99, 100, 109, 110, 111, 112, 113, 114, 116, 117, 118, 119, 120, 121, 122, 124, 127, 128, 129, 130, 132, 134, 135, 138, 139, 140, 141, 142, 143, 144, 145, 146, 147, 148, 149, 151, 152, 153, 154, 156, 164, 165, 166, 168, 170, 171, 172, 174], "excluded_lines": [], "functions": {"_extract_json": {"executed_lines": [], "summary": {"covered_lines": 0, "num_statements": 17, "percent_covered": 0.0, "percent_covered_display": "0", "missing_lines": 17, "excluded_lines": 0, "percent_statements_covered": 0.0, "percent_statements_covered_display": "0"}, "missing_lines": [20, 21, 22, 23, 24, 25, 27, 28, 29, 30, 31, 32, 34, 35, 36, 37, 38], "excluded_lines": [], "start_line": 18}, "ReviewerAgent.__init__": {"executed_lines": [], "summary": {"covered_lines": 0, "num_statements": 1, "percent_covered": 0.0, "percent_covered_display": "0", "missing_lines": 1, "excluded_lines": 0, "percent_statements_covered": 0.0, "percent_statements_covered_display": "0"}, "missing_lines": [45], "excluded_lines": [], "start_line": 44}, "ReviewerAgent.review": {"executed_lines": [], "summary": {"covered_lines": 0, "num_statements": 22, "percent_covered": 0.0, "percent_covered_display": "0", "missing_lines": 22, "excluded_lines": 0, "percent_statements_covered": 0.0, "percent_statements_covered_display": "0"}, "missing_lines": [56, 59, 60, 61, 62, 63, 64, 66, 72, 73, 75, 77, 78, 83, 85, 86, 88, 89, 91, 98, 99, 100], "excluded_lines": [], "start_line": 47}, "ReviewerAgent.run": {"executed_lines": [], "summary": {"covered_lines": 0, "num_statements": 46, "percent_covered": 0.0, "percent_covered_display": "0", "missing_lines": 46, "excluded_lines": 0, "percent_statements_covered": 0.0, "percent_statements_covered_display": "0"}, "missing_lines": [109, 110, 111, 112, 113, 114, 116, 117, 118, 119, 120, 121, 122, 124, 127, 128, 129, 130, 132, 134, 135, 138, 139, 140, 141, 142, 143, 144, 145, 146, 147, 148, 149, 151, 152, 153, 154, 156, 164, 165, 166, 168, 170, 171, 172, 174], "excluded_lines": [], "start_line": 107}, "": {"executed_lines": [9, 10, 11, 13, 15, 18, 41, 44, 47, 107], "summary": {"covered_lines": 10, "num_statements": 10, "percent_covered": 100.0, "percent_covered_display": "100", "missing_lines": 0, "excluded_lines": 0, "percent_statements_covered": 100.0, "percent_statements_covered_display": "100"}, "missing_lines": [], "excluded_lines": [], "start_line": 1}}, "classes": {"ReviewerAgent": {"executed_lines": [], "summary": {"covered_lines": 0, "num_statements": 69, "percent_covered": 0.0, "percent_covered_display": "0", "missing_lines": 69, "excluded_lines": 0, "percent_statements_covered": 0.0, "percent_statements_covered_display": "0"}, "missing_lines": [45, 56, 59, 60, 61, 62, 63, 64, 66, 72, 73, 75, 77, 78, 83, 85, 86, 88, 89, 91, 98, 99, 100, 109, 110, 111, 112, 113, 114, 116, 117, 118, 119, 120, 121, 122, 124, 127, 128, 129, 130, 132, 134, 135, 138, 139, 140, 141, 142, 143, 144, 145, 146, 147, 148, 149, 151, 152, 153, 154, 156, 164, 165, 166, 168, 170, 171, 172, 174], "excluded_lines": [], "start_line": 41}, "": {"executed_lines": [9, 10, 11, 13, 15, 18, 41, 44, 47, 107], "summary": {"covered_lines": 10, "num_statements": 27, "percent_covered": 37.03703703703704, "percent_covered_display": "37", "missing_lines": 17, "excluded_lines": 0, "percent_statements_covered": 37.03703703703704, "percent_statements_covered_display": "37"}, "missing_lines": [20, 21, 22, 23, 24, 25, 27, 28, 29, 30, 31, 32, 34, 35, 36, 37, 38], "excluded_lines": [], "start_line": 1}}}, "backend/services/blog_generator/agents/search_coordinator.py": {"executed_lines": [6, 7, 8, 9, 11, 12, 14, 17, 28, 49, 55, 104, 192, 205, 237], "summary": {"covered_lines": 15, "num_statements": 115, "percent_covered": 13.043478260869565, "percent_covered_display": "13", "missing_lines": 100, "excluded_lines": 0, "percent_statements_covered": 13.043478260869565, "percent_statements_covered_display": "13"}, "missing_lines": [36, 37, 40, 41, 42, 43, 44, 45, 46, 47, 51, 52, 53, 77, 78, 85, 86, 91, 92, 94, 95, 96, 98, 100, 101, 102, 122, 123, 124, 130, 131, 132, 138, 139, 140, 143, 144, 145, 146, 148, 149, 150, 152, 153, 154, 155, 156, 157, 160, 161, 164, 165, 171, 174, 177, 180, 181, 182, 184, 186, 194, 195, 197, 198, 199, 200, 201, 203, 220, 221, 224, 225, 227, 228, 231, 232, 233, 235, 247, 248, 249, 251, 252, 253, 254, 255, 258, 263, 264, 266, 269, 270, 271, 277, 278, 279, 284, 286, 293, 295], "excluded_lines": [], "functions": {"SearchCoordinator.__init__": {"executed_lines": [], "summary": {"covered_lines": 0, "num_statements": 10, "percent_covered": 0.0, "percent_covered_display": "0", "missing_lines": 10, "excluded_lines": 0, "percent_statements_covered": 0.0, "percent_statements_covered_display": "0"}, "missing_lines": [36, 37, 40, 41, 42, 43, 44, 45, 46, 47], "excluded_lines": [], "start_line": 28}, "SearchCoordinator.can_search": {"executed_lines": [], "summary": {"covered_lines": 0, "num_statements": 3, "percent_covered": 0.0, "percent_covered_display": "0", "missing_lines": 3, "excluded_lines": 0, "percent_statements_covered": 0.0, "percent_statements_covered_display": "0"}, "missing_lines": [51, 52, 53], "excluded_lines": [], "start_line": 49}, "SearchCoordinator.detect_knowledge_gaps": {"executed_lines": [], "summary": {"covered_lines": 0, "num_statements": 13, "percent_covered": 0.0, "percent_covered_display": "0", "missing_lines": 13, "excluded_lines": 0, "percent_statements_covered": 0.0, "percent_statements_covered_display": "0"}, "missing_lines": [77, 78, 85, 86, 91, 92, 94, 95, 96, 98, 100, 101, 102], "excluded_lines": [], "start_line": 55}, "SearchCoordinator.refine_search": {"executed_lines": [], "summary": {"covered_lines": 0, "num_statements": 34, "percent_covered": 0.0, "percent_covered_display": "0", "missing_lines": 34, "excluded_lines": 0, "percent_statements_covered": 0.0, "percent_statements_covered_display": "0"}, "missing_lines": [122, 123, 124, 130, 131, 132, 138, 139, 140, 143, 144, 145, 146, 148, 149, 150, 152, 153, 154, 155, 156, 157, 160, 161, 164, 165, 171, 174, 177, 180, 181, 182, 184, 186], "excluded_lines": [], "start_line": 104}, "SearchCoordinator._deduplicate_results": {"executed_lines": [], "summary": {"covered_lines": 0, "num_statements": 8, "percent_covered": 0.0, "percent_covered_display": "0", "missing_lines": 8, "excluded_lines": 0, "percent_statements_covered": 0.0, "percent_statements_covered_display": "0"}, "missing_lines": [194, 195, 197, 198, 199, 200, 201, 203], "excluded_lines": [], "start_line": 192}, "SearchCoordinator._summarize_results": {"executed_lines": [], "summary": {"covered_lines": 0, "num_statements": 10, "percent_covered
[...]
: [], "summary": {"covered_lines": 0, "num_statements": 0, "percent_covered": 100.0, "percent_covered_display": "100", "missing_lines": 0, "excluded_lines": 0, "percent_statements_covered": 100.0, "percent_statements_covered_display": "100"}, "missing_lines": [], "excluded_lines": [], "start_line": 8}, "TaskResult": {"executed_lines": [], "summary": {"covered_lines": 0, "num_statements": 3, "percent_covered": 0.0, "percent_covered_display": "0", "missing_lines": 3, "excluded_lines": 0, "percent_statements_covered": 0.0, "percent_statements_covered_display": "0"}, "missing_lines": [28, 29, 30], "excluded_lines": [], "start_line": 17}, "": {"executed_lines": [], "summary": {"covered_lines": 0, "num_statements": 21, "percent_covered": 0.0, "percent_covered_display": "0", "missing_lines": 21, "excluded_lines": 0, "percent_statements_covered": 0.0, "percent_statements_covered_display": "0"}, "missing_lines": [2, 3, 4, 5, 8, 9, 10, 11, 12, 13, 16, 17, 18, 19, 20, 21, 22, 23, 24, 26, 27], "excluded_lines": [], "start_line": 1}}}, "backend/utils/text_cleanup.py": {"executed_lines": [], "summary": {"covered_lines": 0, "num_statements": 105, "percent_covered": 0.0, "percent_covered_display": "0", "missing_lines": 105, "excluded_lines": 0, "percent_statements_covered": 0.0, "percent_statements_covered_display": "0"}, "missing_lines": [24, 25, 26, 28, 33, 49, 60, 71, 81, 92, 106, 119, 135, 136, 137, 138, 139, 140, 141, 144, 145, 146, 147, 148, 149, 150, 153, 154, 155, 156, 157, 158, 159, 162, 163, 164, 165, 166, 167, 168, 171, 172, 173, 174, 175, 176, 177, 179, 180, 181, 182, 183, 184, 185, 188, 189, 190, 191, 192, 193, 195, 196, 197, 198, 199, 202, 203, 204, 205, 206, 207, 208, 211, 212, 214, 215, 216, 217, 219, 220, 221, 222, 223, 226, 227, 228, 229, 230, 231, 232, 233, 236, 243, 245, 246, 247, 248, 249, 250, 251, 252, 253, 254, 256, 257], "excluded_lines": [], "functions": {"_step_fillers": {"executed_lines": [], "summary": {"covered_lines": 0, "num_statements": 6, "percent_covered": 0.0, "percent_covered_display": "0", "missing_lines": 6, "excluded_lines": 0, "percent_statements_covered": 0.0, "percent_statements_covered_display": "0"}, "missing_lines": [136, 137, 138, 139, 140, 141], "excluded_lines": [], "start_line": 135}, "_step_intensifiers": {"executed_lines": [], "summary": {"covered_lines": 0, "num_statements": 6, "percent_covered": 0.0, "percent_covered_display": "0", "missing_lines": 6, "excluded_lines": 0, "percent_statements_covered": 0.0, "percent_statements_covered_display": "0"}, "missing_lines": [145, 146, 147, 148, 149, 150], "excluded_lines": [], "start_line": 144}, "_step_synonyms": {"executed_lines": [], "summary": {"covered_lines": 0, "num_statements": 6, "percent_covered": 0.0, "percent_covered_display": "0", "missing_lines": 6, "excluded_lines": 0, "percent_statements_covered": 0.0, "percent_statements_covered_display": "0"}, "missing_lines": [154, 155, 156, 157, 158, 159], "excluded_lines": [], "start_line": 153}, "_step_meta": {"executed_lines": [], "summary": {"covered_lines": 0, "num_statements": 6, "percent_covered": 0.0, "percent_covered_display": "0", "missing_lines": 6, "excluded_lines": 0, "percent_statements_covered": 0.0, "percent_statements_covered_display": "0"}, "missing_lines": [163, 164, 165, 166, 167, 168], "excluded_lines": [], "start_line": 162}, "_step_verbose": {"executed_lines": [], "summary": {"covered_lines": 0, "num_statements": 6, "percent_covered": 0.0, "percent_covered_display": "0", "missing_lines": 6, "excluded_lines": 0, "percent_statements_covered": 0.0, "percent_statements_covered_display": "0"}, "missing_lines": [172, 173, 174, 175, 176, 177], "excluded_lines": [], "start_line": 171}, "_step_claims": {"executed_lines": [], "summary": {"covered_lines": 0, "num_statements": 6, "percent_covered": 0.0, "percent_covered_display": "0", "missing_lines": 6, "excluded_lines": 0, "percent_statements_covered": 0.0, "percent_statements_covered_display": "0"}, "missing_lines": [180, 181, 182, 183, 184, 185], "excluded_lines": [], "start_line": 179}, "_step_vocab_diversity": {"executed_lines": [], "summary": {"covered_lines": 0, "num_statements": 10, "percent_covered": 0.0, "percent_covered_display": "0", "missing_lines": 10, "excluded_lines": 0, "percent_statements_covered": 0.0, "percent_statements_covered_display": "0"}, "missing_lines": [189, 190, 191, 192, 193, 195, 196, 197, 198, 199], "excluded_lines": [], "start_line": 188}, "_step_time_hallucinations": {"executed_lines": [], "summary": {"covered_lines": 0, "num_statements": 6, "percent_covered": 0.0, "percent_covered_display": "0", "missing_lines": 6, "excluded_lines": 0, "percent_statements_covered": 0.0, "percent_statements_covered_display": "0"}, "missing_lines": [203, 204, 205, 206, 207, 208], "excluded_lines": [], "start_line": 202}, "_step_markdown": {"executed_lines": [], "summary": {"covered_lines": 0, "num_statements": 10, "percent_covered": 0.0, "percent_covered_display": "0", "missing_lines": 10, "excluded_lines": 0, "percent_statements_covered": 0.0, "percent_statements_covered_display": "0"}, "missing_lines": [212, 214, 215, 216, 217, 219, 220, 221, 222, 223], "excluded_lines": [], "start_line": 211}, "_step_whitespace": {"executed_lines": [], "summary": {"covered_lines": 0, "num_statements": 7, "percent_covered": 0.0, "percent_covered_display": "0", "missing_lines": 7, "excluded_lines": 0, "percent_statements_covered": 0.0, "percent_statements_covered_display": "0"}, "missing_lines": [227, 228, 229, 230, 231, 232, 233], "excluded_lines": [], "start_line": 226}, "apply_full_cleanup": {"executed_lines": [], "summary": {"covered_lines": 0, "num_statements": 13, "percent_covered": 0.0, "percent_covered_display": "0", "missing_lines": 13, "excluded_lines": 0, "percent_statements_covered": 0.0, "percent_statements_covered_display": "0"}, "missing_lines": [243, 245, 246, 247, 248, 249, 250, 251, 252, 253, 254, 256, 257], "excluded_lines": [], "start_line": 236}, "": {"executed_lines": [], "summary": {"covered_lines": 0, "num_statements": 23, "percent_covered": 0.0, "percent_covered_display": "0", "missing_lines": 23, "excluded_lines": 0, "percent_statements_covered": 0.0, "percent_statements_covered_display": "0"}, "missing_lines": [24, 25, 26, 28, 33, 49, 60, 71, 81, 92, 106, 119, 135, 144, 153, 162, 171, 179, 188, 202, 211, 226, 236], "excluded_lines": [], "start_line": 1}}, "classes": {"": {"executed_lines": [], "summary": {"covered_lines": 0, "num_statements": 105, "percent_covered": 0.0, "percent_covered_display": "0", "missing_lines": 105, "excluded_lines": 0, "percent_statements_covered": 0.0, "percent_statements_covered_display": "0"}, "missing_lines": [24, 25, 26, 28, 33, 49, 60, 71, 81, 92, 106, 119, 135, 136, 137, 138, 139, 140, 141, 144, 145, 146, 147, 148, 149, 150, 153, 154, 155, 156, 157, 158, 159, 162, 163, 164, 165, 166, 167, 168, 171, 172, 173, 174, 175, 176, 177, 179, 180, 181, 182, 183, 184, 185, 188, 189, 190, 191, 192, 193, 195, 196, 197, 198, 199, 202, 203, 204, 205, 206, 207, 208, 211, 212, 214, 215, 216, 217, 219, 220, 221, 222, 223, 226, 227, 228, 229, 230, 231, 232, 233, 236, 243, 245, 246, 247, 248, 249, 250, 251, 252, 253, 254, 256, 257], "excluded_lines": [], "start_line": 1}}}, "backend/utils/token_tracker.py": {"executed_lines": [], "summary": {"covered_lines": 0, "num_statements": 91, "percent_covered": 0.0, "percent_covered_display": "0", "missing_lines": 91, "excluded_lines": 0, "percent_statements_covered": 0.0, "percent_statements_covered_display": "0"}, "missing_lines": [9, 10, 11, 13, 18, 19, 21, 22, 23, 24, 25, 26, 28, 29, 30, 33, 34, 43, 44, 45, 46, 49, 52, 55, 57, 66, 67, 68, 69, 72, 73, 78, 79, 80, 81, 82, 83, 86, 87, 89, 95, 97, 107, 109, 121, 122, 123, 128, 129, 134, 139, 152, 154, 156, 157, 158, 159, 162, 163, 165, 166, 168, 169, 172, 173, 174, 175, 176, 177, 178, 180, 181, 183, 189, 199, 201, 202, 203, 204, 205, 206, 212, 215, 217, 218, 219, 220, 222, 223, 224, 225], "excluded_lines": [], "functions": {"TokenUsage.total_tokens": {"executed_lines": [], "summary": {"covered_lines": 0, "num_statements": 1, "percent_covered": 0.0, "percent_covered_display": "0", "missing_lines": 1, "excluded_lines": 0, "percent_statements_covered": 0.0, "percent_statements_covered_display": "0"}, "missing_lines": [30], "excluded_lines": [], "start_line": 29}, "TokenTracker.record": {"executed_lines": [], "summary": {"covered_lines": 0, "num_statements": 15, "percent_covered": 0.0, "percent_covered_display": "0", "missing_lines": 15, "excluded_lines": 0, "percent_statements_covered": 0.0, "percent_statements_covered_display": "0"}, "missing_lines": [66, 67, 68, 69, 72, 73, 78, 79, 80, 81, 82, 83, 86, 87, 89], "excluded_lines": [], "start_line": 57}, "TokenTracker.get_summary": {"executed_lines": [], "summary": {"covered_lines": 0, "num_statements": 1, "percent_covered": 0.0, "percent_covered_display": "0", "missing_lines": 1, "excluded_lines": 0, "percent_statements_covered": 0.0, "percent_statements_covered_display": "0"}, "missing_lines": [97], "excluded_lines": [], "start_line": 95}, "TokenTracker.format_summary": {"executed_lines": [], "summary": {"covered_lines": 0, "num_statements": 7, "percent_covered": 0.0, "percent_covered_display": "0", "missing_lines": 7, "excluded_lines": 0, "percent_statements_covered": 0.0, "percent_statements_covered_display": "0"}, "missing_lines": [109, 121, 122, 123, 128, 129, 134], "excluded_lines": [], "start_line": 107}, "extract_token_usage_from_langchain": {"executed_lines": [], "summary": {"covered_lines": 0, "num_statements": 22, "percent_covered": 0.0, "percent_covered_display": "0", "missing_lines": 22, "excluded_lines": 0, "percent_statements_covered": 0.0, "percent_statements_covered_display": "0"}, "missing_lines": [152, 154, 156, 157, 158, 159, 162, 163, 165, 166, 168, 169, 172, 173, 174, 175, 176, 177, 178, 180, 181, 183], "excluded_lines": [], "start_line": 139}, "estimate_cost": {"executed_lines": [], "summary": {"covered_lines": 0, "num_statements": 7, "percent_covered": 0.0, "percent_covered_display": "0", "missing_lines": 7, "excluded_lines": 0, "percent_statements_covered": 0.0, "percent_statements_covered_display": "0"}, "missing_lines": [201, 202, 203, 204, 205, 206, 212], "excluded_lines": [], "start_line": 199}, "_match_pricing": {"executed_lines": [], "summary": {"covered_lines": 0, "num_statements": 8, "percent_covered": 0.0, "percent_covered_display": "0", "missing_lines": 8, "excluded_lines": 0, "percent_statements_covered": 0.0, "percent_statements_covered_display": "0"}, "missing_lines": [217, 218, 219, 220, 222, 223, 224, 225], "excluded_lines": [], "start_line": 215}, "": {"executed_lines": [], "summary": {"covered_lines": 0, "num_statements": 30, "percent_covered": 0.0, "percent_covered_display": "0", "missing_lines": 30, "excluded_lines": 0, "percent_statements_covered": 0.0, "percent_statements_covered_display": "0"}, "missing_lines": [9, 10, 11, 13, 18, 19, 21, 22, 23, 24, 25, 26, 28, 29, 33, 34, 43, 44, 45, 46, 49, 52, 55, 57, 95, 107, 139, 189, 199, 215], "excluded_lines": [], "start_line": 1}}, "classes": {"TokenUsage": {"executed_lines": [], "summary": {"covered_lines": 0, "num_statements": 1, "percent_covered": 0.0, "percent_covered_display": "0", "missing_lines": 1, "excluded_lines": 0, "percent_statements_covered": 0.0, "percent_statements_covered_display": "0"}, "missing_lines": [30], "excluded_lines": [], "start_line": 19}, "TokenTracker": {"executed_lines": [], "summary": {"covered_lines": 0, "num_statements": 23, "percent_covered": 0.0, "percent_covered_display": "0", "missing_lines": 23, "excluded_lines": 0, "percent_statements_covered": 0.0, "percent_statements_covered_display": "0"}, "missing_lines": [66, 67, 68, 69, 72, 73, 78, 79, 80, 81, 82, 83, 86, 87, 89, 97, 109, 121, 122, 123, 128, 129, 134], "excluded_lines": [], "start_line": 34}, "": {"executed_lines": [], "summary": {"covered_lines": 0, "num_statements": 67, "percent_covered": 0.0, "percent_covered_display": "0", "missing_lines": 67, "excluded_lines": 0, "percent_statements_covered": 0.0, "percent_statements_covered_display": "0"}, "missing_lines": [9, 10, 11, 13, 18, 19, 21, 22, 23, 24, 25, 26, 28, 29, 33, 34, 43, 44, 45, 46, 49, 52, 55, 57, 95, 107, 139, 152, 154, 156, 157, 158, 159, 162, 163, 165, 166, 168, 169, 172, 173, 174, 175, 176, 177, 178, 180, 181, 183, 189, 199, 201, 202, 203, 204, 205, 206, 212, 215, 217, 218, 219, 220, 222, 223, 224, 225], "excluded_lines": [], "start_line": 1}}}, "backend/utils/tool_manager.py": {"executed_lines": [], "summary": {"covered_lines": 0, "num_statements": 100, "percent_covered": 0.0, "percent_covered_display": "0", "missing_lines": 100, "excluded_lines": 0, "percent_statements_covered": 0.0, "percent_statements_covered_display": "0"}, "missing_lines": [9, 10, 11, 12, 13, 14, 16, 19, 20, 22, 23, 24, 25, 26, 29, 41, 46, 47, 48, 49, 52, 53, 54, 58, 67, 68, 75, 77, 79, 80, 81, 82, 86, 88, 97, 102, 108, 109, 110, 111, 112, 113, 114, 115, 116, 120, 127, 128, 130, 132, 133, 136, 138, 139, 140, 142, 143, 144, 145, 146, 148, 149, 150, 152, 154, 156, 157, 158, 160, 161, 162, 163, 164, 166, 167, 168, 172, 174, 176, 177, 178, 179, 183, 184, 186, 187, 195, 197, 198, 199, 200, 201, 202, 203, 204, 205, 207, 208, 209, 210], "excluded_lines": [], "functions": {"BlogToolManager.__init__": {"executed_lines": [], "summary": {"covered_lines": 0, "num_statements": 7, "percent_covered": 0.0, "percent_covered_display": "0", "missing_lines": 7, "excluded_lines": 0, "percent_statements_covered": 0.0, "percent_statements_covered_display": "0"}, "missing_lines": [46, 47, 48, 49, 52, 53, 54], "excluded_lines": [], "start_line": 41}, "BlogToolManager.register": {"executed_lines": [], "summary": {"covered_lines": 0, "num_statements": 3, "percent_covered": 0.0, "percent_covered_display": "0", "missing_lines": 3, "excluded_lines": 0, "percent_statements_covered": 0.0, "percent_statements_covered_display": "0"}, "missing_lines": [67, 68, 75], "excluded_lines": [], "start_line": 58}, "BlogToolManager.register_decorator": {"executed_lines": [], "summary": {"covered_lines": 0, "num_statements": 2, "percent_covered": 0.0, "percent_covered_display": "0", "missing_lines": 2, "excluded_lines": 0, "percent_statements_covered": 0.0, "percent_statements_covered_display": "0"}, "missing_lines": [79, 82], "excluded_lines": [], "start_line": 77}, "BlogToolManager.register_decorator.decorator": {"executed_lines": [], "summary": {"covered_lines": 0, "num_statements": 2, "percent_covered": 0.0, "percent_covered_display": "0", "missing_lines": 2, "excluded_lines": 0, "percent_statements_covered": 0.0, "percent_statements_covered_display": "0"}, "missing_lines": [80, 81], "excluded_lines": [], "start_line": 79}, "BlogToolManager.get_all_tools": {"executed_lines": [], "summary": {"covered_lines": 0, "num_statements": 1, "percent_covered": 0.0, "percent_covered_display": "0", "missing_lines": 1, "excluded_lines": 0, "percent_statements_covered": 0.0, "percent_statements_covered_display": "0"}, "missing_lines": [88], "excluded_lines": [], "start_line": 86}, "BlogToolManager.fix_arguments": {"executed_lines": [], "summary": {"covered_lines": 0, "num_statements": 9, "percent_covered": 0.0, "percent_covered_display": "0", "missing_lines": 9, "excluded_lines": 0, "percent_statements_covered": 0.0, "percent_statements_covered_display": "0"}, "missing_lines": [108, 109, 110, 111, 112, 113, 114, 115, 116], "excluded_lines": [], "start_line": 102}, "BlogToolManager.execute_tool": {"executed_lines": [], "summary": {"covered_lines": 0, "num_statements": 26, "percent_covered": 0.0, "percent_covered_display": "0", "missing_lines": 26, "excluded_lines": 0, "percent_statements_covered": 0.0, "percent_statements_covered_display": "0"}, "missing_lines": [127, 128, 130, 132, 133, 136, 138, 139, 140, 142, 148, 149, 150, 152, 154, 156, 157, 158, 160, 161, 162, 163, 164, 166, 167, 168], "excluded_lines": [], "start_line": 120}, "BlogToolManager.execute_tool._run": {"executed_lines": [], "summary": {"covered_lines": 0, "num_statements": 4, "percent_covered": 0.0, "percent_covered_display": "0", "missing_lines": 4, "excluded_lines": 0, "percent_statements_covered": 0.0, "percent_statements_covered_display": "0"}, "missing_lines": [143, 144, 145, 146], "excluded_lines": [], "start_line": 142}, "BlogToolManager.set_task_log": {"executed_lines": [], "summary": {"covered_lines": 0, "num_statements": 1, "percent_covered": 0.0, "percent_covered_display": "0", "missing_lines": 1, "excluded_lines": 0, "percent_statements_covered": 0.0, "percent_statements_covered_display": "0"}, "missing_lines": [174], "excluded_lines": [], "start_line": 172}, "BlogToolManager._log_to_task_log": {"executed_lines": [], "summary": {"covered_lines": 0, "num_statements": 5, "percent_covered": 0.0, "percent_covered_display": "0", "missing_lines": 5, "excluded_lines": 0, "percent_statements_covered": 0.0, "percent_statements_covered_display": "0"}, "missing_lines": [177, 178, 179, 183, 184], "excluded_lines": [], "start_line": 176}, "BlogToolManager._record": {"executed_lines": [], "summary": {"covered_lines": 0, "num_statements": 1, "percent_covered": 0.0, "percent_covered_display": "0", "missing_lines": 1, "excluded_lines": 0, "percent_statements_covered": 0.0, "percent_statements_covered_display": "0"}, "missing_lines": [187], "excluded_lines": [], "start_line": 186}, "BlogToolManager.get_execution_stats": {"executed_lines": [], "summary": {"covered_lines": 0, "num_statements": 13, "percent_covered": 0.0, "percent_covered_display": "0", "missing_lines": 13, "excluded_lines": 0, "percent_statements_covered": 0.0, "percent_statements_covered_display": "0"}, "missing_lines": [197, 198, 199, 200, 201, 202, 203, 204, 205, 207, 208, 209, 210], "excluded_lines": [], "start_line": 195}, "": {"executed_lines": [], "summary": {"covered_lines": 0, "num_statements": 26, "percent_covered": 0.0, "percent_covered_display": "0", "missing_lines": 26, "excluded_lines": 0, "percent_statements_covered": 0.0, "percent_statements_covered_display": "0"}, "missing_lines": [9, 10, 11, 12, 13, 14, 16, 19, 20, 22, 23, 24, 25, 26, 29, 41, 58, 77, 86, 97, 102, 120, 172, 176, 186, 195], "excluded_lines": [], "start_line": 1}}, "classes": {"ToolDefinition": {"executed_lines": [], "summary": {"covered_lines": 0, "num_statements": 0, "percent_covered": 100.0, "percent_covered_display": "100", "missing_lines": 0, "excluded_lines": 0, "percent_statements_covered": 100.0, "percent_statements_covered_display": "100"}, "missing_lines": [], "excluded_lines": [], "start_line": 20}, "BlogToolManager": {"executed_lines": [], "summary": {"covered_lines": 0, "num_statements": 74, "percent_covered": 0.0, "percent_covered_display": "0", "missing_lines": 74, "excluded_lines": 0, "percent_statements_covered": 0.0, "percent_statements_covered_display": "0"}, "missing_lines": [46, 47, 48, 49, 52, 53, 54, 67, 68, 75, 79, 80, 81, 82, 88, 108, 109, 110, 111, 112, 113, 114, 115, 116, 127, 128, 130, 132, 133, 136, 138, 139, 140, 142, 143, 144, 145, 146, 148, 149, 150, 152, 154, 156, 157, 158, 160, 161, 162, 163, 164, 166, 167, 168, 174, 177, 178, 179, 183, 184, 187, 197, 198, 199, 200, 201, 202, 203, 204, 205, 207, 208, 209, 210], "excluded_lines": [], "start_line": 29}, "": {"executed_lines": [], "summary": {"covered_lines": 0, "num_statements": 26, "percent_covered": 0.0, "percent_covered_display": "0", "missing_lines": 26, "excluded_lines": 0, "percent_statements_covered": 0.0, "percent_statements_covered_display": "0"}, "missing_lines": [9, 10, 11, 12, 13, 14, 16, 19, 20, 22, 23, 24, 25, 26, 29, 41, 58, 77, 86, 97, 102, 120, 172, 176, 186, 195], "excluded_lines": [], "start_line": 1}}}}, "totals": {"covered_lines": 1999, "num_statements": 17118, "percent_covered": 11.677766094169879, "percent_covered_display": "12", "missing_lines": 15119, "excluded_lines": 25, "percent_statements_covered": 11.677766094169879, "percent_statements_covered_display": "12"}}