SF:backend/app.py
DA:5,1
DA:6,1
DA:7,1
DA:10,1
DA:12,1
DA:15,1
DA:18,1
DA:19,1
DA:20,1
DA:21,1
DA:23,1
DA:24,1
DA:27,0
DA:28,0
DA:29,0
DA:30,0
DA:33,1
DA:35,0
DA:38,1
DA:39,1
DA:41,1
DA:42,1
DA:43,1
DA:48,1
DA:49,1
DA:50,1
DA:51,1
DA:52,1
DA:55,1
DA:57,1
DA:60,1
DA:62,1
DA:65,1
DA:66,1
DA:67,1
DA:70,1
DA:71,1
DA:74,1
DA:77,1
DA:78,1
DA:79,1
DA:80,0
DA:81,0
DA:84,1
DA:87,1
DA:88,1
DA:91,1
DA:92,1
DA:93,1
DA:94,1
DA:96,0
DA:99,1
DA:100,1
DA:101,0
DA:102,0
DA:103,1
DA:104,1
DA:105,1
DA:106,1
DA:108,0
DA:111,1
DA:112,1
DA:117,1
DA:118,1
DA:119,1
DA:120,1
DA:121,1
DA:122,0
DA:123,0
DA:124,0
DA:125,0
DA:127,1
DA:133,1
DA:135,0
DA:138,1
DA:139,1
DA:142,1
DA:143,1
DA:144,1
DA:145,1
DA:146,1
DA:147,1
DA:149,1
DA:150,1
DA:151,1
DA:153,1
DA:154,1
DA:156,1
DA:157,1
DA:158,0
DA:160,0
DA:161,1
DA:162,1
DA:165,1
DA:166,1
DA:167,1
DA:168,1
DA:170,1
DA:171,1
DA:172,1
DA:173,1
DA:177,1
DA:178,1
DA:179,0
DA:180,0
DA:183,1
DA:184,1
DA:187,1
DA:188,1
DA:189,0
DA:192,1
DA:193,1
DA:195,0
DA:196,0
DA:197,0
DA:199,0
DA:200,0
DA:201,0
DA:202,0
DA:203,0
DA:205,0
DA:206,0
DA:207,0
DA:208,0
DA:210,0
DA:215,0
DA:217,0
DA:218,0
DA:219,0
DA:221,1
DA:222,1
DA:226,1
DA:227,0
DA:228,0
LF:134
LH:94
FN:33,35,get_langfuse_handler
FNDA:0,get_langfuse_handler
FN:60,222,create_app
FNDA:1,create_app
FN:188,189,create_app.health_check
FNDA:0,create_app.health_check
FNF:3
FNH:1
end_of_record
SF:backend/routes/__init__.py
DA:4,1
DA:5,1
DA:6,1
DA:7,1
DA:8,1
DA:9,1
DA:10,1
DA:11,1
DA:12,1
DA:13,1
DA:14,1
DA:15,1
DA:16,1
DA:19,1
DA:21,1
DA:22,1
DA:23,1
DA:24,1
DA:25,1
DA:26,1
DA:27,1
DA:28,1
DA:29,1
DA:30,1
DA:31,1
DA:32,1
DA:33,1
LF:27
LH:27
FN:19,33,register_all_blueprints
FNDA:1,register_all_blueprints
FNF:1
FNH:1
end_of_record
SF:backend/routes/blog_routes.py
DA:5,1
DA:6,1
DA:7,1
DA:8,1
DA:10,1
DA:12,1
DA:17,1
DA:18,1
DA:19,1
DA:21,1
DA:23,1
DA:26,1
DA:29,0
DA:30,0
DA:31,0
DA:32,0
DA:33,0
DA:34,0
DA:35,0
DA:38,0
DA:49,0
DA:50,0
DA:51,0
DA:52,0
DA:55,1
DA:57,1
DA:58,1
DA:59,1
DA:60,1
DA:61,1
DA:63,0
DA:65,1
DA:66,1
DA:67,1
DA:68,1
DA:69,1
DA:70,0
DA:71,0
DA:74,1
DA:75,1
DA:77,1
DA:78,1
DA:79,1
DA:81,1
DA:82,1
DA:83,0
DA:85,1
DA:86,1
DA:87,1
DA:88,1
DA:90,1
DA:92,1
DA:93,1
DA:94,1
DA:95,1
DA:97,1
DA:98,1
DA:100,1
DA:101,0
DA:102,0
DA:103,0
DA:104,0
DA:105,0
DA:106,0
DA:111,1
DA:112,1
DA:120,1
DA:122,1
DA:123,1
DA:124,1
DA:125,1
DA:127,1
DA:128,1
DA:129,0
DA:130,0
DA:132,1
DA:134,1
DA:135,0
DA:136,0
DA:138,1
DA:139,1
DA:140,1
DA:142,1
DA:144,1
DA:145,1
DA:146,1
DA:147,1
DA:149,1
DA:150,1
DA:151,1
DA:152,1
DA:153,1
DA:155,1
DA:156,1
DA:157,1
DA:158,0
DA:159,0
DA:161,1
DA:163,0
DA:164,0
DA:165,0
DA:167,1
DA:168,1
DA:170,1
DA:177,0
DA:178,0
DA:179,0
DA:182,1
DA:183,1
DA:185,1
DA:186,1
DA:188,1
DA:189,1
DA:191,1
DA:192,1
DA:194,1
DA:209,1
DA:210,1
DA:212,1
DA:213,1
DA:215,1
DA:216,1
DA:218,1
DA:219,1
DA:220,1
DA:222,1
DA:224,1
DA:227,1
DA:228,1
DA:230,0
DA:231,0
DA:232,0
DA:234,0
DA:241,1
DA:242,1
DA:244,0
DA:245,0
DA:247,0
DA:248,0
DA:250,0
DA:251,0
DA:252,0
DA:254,0
DA:255,0
DA:256,0
DA:257,0
DA:258,0
DA:259,0
DA:260,0
DA:261,0
DA:262,0
DA:263,0
DA:264,0
DA:265,0
DA:266,0
DA:268,0
DA:269,0
DA:270,0
DA:271,0
DA:272,0
DA:273,0
DA:274,0
DA:275,0
DA:277,0
DA:279,0
DA:280,0
DA:281,0
DA:283,0
DA:284,0
DA:285,0
DA:286,0
DA:287,0
DA:288,0
DA:289,0
DA:290,0
DA:291,0
DA:292,0
DA:293,0
DA:298,0
DA:300,0
DA:301,0
DA:303,0
DA:305,0
DA:326,0
DA:333,0
DA:334,0
DA:335,0
DA:338,1
DA:339,1
DA:341,0
DA:342,0
DA:344,0
DA:345,0
DA:347,0
DA:348,0
DA:349,0
DA:351,0
DA:352,0
DA:353,0
DA:354,0
DA:355,0
DA:357,0
DA:359,0
DA:360,0
DA:361,0
DA:363,0
DA:364,0
DA:366,0
DA:368,0
DA:386,0
DA:392,0
DA:393,0
DA:394,0
DA:397,1
DA:398,1
DA:400,1
DA:401,1
DA:403,1
DA:404,1
DA:406,1
DA:407,1
DA:408,1
DA:410,1
DA:411,1
DA:412,1
DA:413,1
DA:415,1
DA:416,1
DA:417,0
DA:419,1
DA:427,1
DA:429,1
DA:430,1
DA:431,1
DA:434,1
DA:435,1
DA:437,1
DA:438,1
DA:439,1
DA:440,1
DA:442,1
DA:443,1
DA:444,1
DA:446,1
DA:447,1
DA:448,0
DA:450,1
DA:452,1
DA:458,1
DA:459,1
DA:460,1
DA:463,1
DA:464,1
DA:466,1
DA:467,1
DA:468,1
DA:469,1
DA:471,1
DA:472,1
DA:474,1
DA:475,1
DA:477,1
DA:478,1
DA:479,1
DA:481,1
DA:482,1
DA:483,1
DA:485,1
DA:487,0
DA:488,0
DA:489,0
DA:492,1
DA:493,1
DA:495,1
DA:498,1
DA:499,1
DA:501,1
DA:502,1
DA:503,1
DA:504,1
DA:505,1
DA:507,1
DA:508,1
DA:509,0
DA:511,1
DA:512,1
DA:513,1
DA:515,1
DA:517,1
DA:522,1
DA:523,1
DA:524,1
LF:292
LH:172
FN:26,52,_record_task_to_queue
FNDA:0,_record_task_to_queue
FN:55,71,init_blog_services
FNDA:1,init_blog_services
FN:75,179,upload_document
FNDA:1,upload_document
FN:122,165,upload_document.parse_async
FNDA:1,upload_document.parse_async
FN:183,206,get_document_status
FNDA:1,get_document_status
FN:210,224,delete_document
FNDA:1,delete_document
FN:228,238,list_documents
FNDA:0,list_documents
FN:242,335,generate_blog
FNDA:0,generate_blog
FN:339,394,generate_blog_mini
FNDA:0,generate_blog_mini
FN:398,431,generate_blog_sync
FNDA:1,generate_blog_sync
FN:435,460,enhance_topic
FNDA:1,enhance_topic
FN:464,489,resume_task
FNDA:1,resume_task
FN:493,495,confirm_outline
FNDA:1,confirm_outline
FN:499,524,evaluate_article
FNDA:1,evaluate_article
FNF:14
FNH:10
end_of_record
SF:backend/routes/book_routes.py
DA:5,1
DA:6,1
DA:8,1
DA:10,1
DA:11,1
DA:13,1
DA:15,1
DA:18,1
DA:19,1
DA:21,0
DA:22,0
DA:23,0
DA:24,0
DA:26,0
DA:28,0
DA:29,0
DA:30,0
DA:31,0
DA:32,0
DA:33,0
DA:35,0
DA:40,0
DA:41,0
DA:42,0
DA:45,1
DA:46,1
DA:48,0
DA:49,0
DA:50,0
DA:52,0
DA:53,0
DA:55,0
DA:56,0
DA:57,0
DA:58,0
DA:59,0
DA:61,0
DA:63,0
DA:64,0
DA:65,0
DA:66,0
DA:69,1
DA:70,1
DA:72,0
DA:73,0
DA:74,0
DA:76,0
DA:77,0
DA:79,0
DA:87,0
DA:88,0
DA:89,0
DA:92,1
DA:93,1
DA:95,0
DA:96,0
DA:98,0
DA:99,0
DA:101,0
DA:102,0
DA:104,0
DA:108,0
DA:109,0
DA:110,0
DA:113,1
DA:114,1
DA:116,0
DA:117,0
DA:119,0
DA:120,0
DA:122,0
DA:123,0
DA:125,0
DA:129,0
DA:130,0
DA:131,0
DA:134,1
DA:135,1
DA:137,0
DA:138,0
DA:140,0
DA:141,0
DA:143,0
DA:144,0
DA:146,0
DA:147,0
DA:152,0
DA:153,0
DA:154,0
DA:155,0
DA:158,1
DA:159,1
DA:161,0
DA:162,0
DA:164,0
DA:166,0
DA:167,0
DA:169,0
DA:170,0
DA:175,0
DA:176,0
DA:177,0
DA:178,0
DA:181,1
DA:182,1
DA:184,0
DA:185,0
DA:187,0
DA:189,0
DA:190,0
DA:192,0
DA:196,0
DA:197,0
DA:198,0
DA:201,1
DA:202,1
DA:204,0
DA:205,0
DA:206,0
DA:208,0
DA:209,0
DA:211,0
DA:212,0
DA:213,0
DA:214,0
DA:217,1
DA:218,1
DA:220,0
DA:221,0
DA:222,0
DA:224,0
DA:225,0
DA:226,0
DA:228,0
DA:229,0
DA:231,0
DA:233,0
DA:234,0
DA:239,0
DA:240,0
DA:241,0
DA:242,0
DA:245,1
DA:246,1
DA:248,0
DA:249,0
DA:251,0
DA:252,0
DA:253,0
DA:255,0
DA:257,0
DA:259,0
DA:260,0
DA:265,0
DA:266,0
DA:267,0
DA:268,0
DA:271,1
DA:272,1
DA:274,0
DA:275,0
DA:276,0
DA:277,0
DA:278,0
DA:280,0
DA:281,0
DA:283,0
DA:290,0
DA:291,0
DA:292,0
LF:170
LH:31
FN:19,42,list_books
FNDA:0,list_books
FN:46,66,get_book
FNDA:0,get_book
FN:70,89,get_book_chapter
FNDA:0,get_book_chapter
FN:93,110,regenerate_books
FNDA:0,regenerate_books
FN:114,131,rescan_book
FNDA:0,rescan_book
FN:135,155,generate_book_intro
FNDA:0,generate_book_intro
FN:159,178,generate_book_cover
FNDA:0,generate_book_cover
FN:182,198,generate_all_book_covers
FNDA:0,generate_all_book_covers
FN:202,214,delete_book
FNDA:0,delete_book
FN:218,242,generate_book_homepage
FNDA:0,generate_book_homepage
FN:246,268,expand_book_outline
FNDA:0,expand_book_outline
FN:272,292,list_blogs_with_book_info
FNDA:0,list_blogs_with_book_info
FNF:12
FNH:0
end_of_record
SF:backend/routes/chat_routes.py
DA:5,1
DA:6,1
DA:8,1
DA:10,1
DA:12,1
DA:13,1
DA:16,1
DA:18,1
DA:19,1
DA:22,1
DA:26,1
DA:27,1
DA:28,1
DA:29,1
DA:30,1
DA:33,1
DA:34,1
DA:35,1
DA:36,1
DA:37,1
DA:38,1
DA:43,1
DA:44,1
DA:45,1
DA:46,1
DA:47,1
DA:48,1
DA:49,1
DA:50,1
DA:52,1
DA:53,1
DA:57,1
DA:58,1
DA:59,1
DA:60,1
DA:61,1
DA:62,1
DA:63,1
DA:67,1
DA:68,1
DA:69,1
DA:70,1
DA:71,1
DA:72,1
DA:73,1
DA:78,1
DA:79,1
DA:80,1
DA:81,1
DA:82,1
DA:83,1
DA:84,1
DA:85,1
DA:87,1
DA:90,1
DA:91,1
DA:92,1
DA:93,1
DA:94,0
DA:95,1
DA:96,1
DA:97,1
DA:102,1
DA:103,1
DA:104,1
DA:105,1
DA:106,0
DA:107,1
DA:108,1
DA:109,1
DA:110,1
DA:112,1
DA:113,1
DA:116,1
DA:117,1
DA:118,1
DA:119,1
DA:120,0
DA:121,1
DA:122,1
DA:123,1
DA:124,1
DA:125,1
DA:126,1
DA:131,1
DA:132,1
DA:133,1
DA:134,1
DA:135,0
DA:136,1
DA:137,1
DA:138,1
DA:139,1
DA:140,1
DA:141,1
DA:142,0
DA:144,1
DA:145,1
DA:146,1
DA:147,1
DA:148,1
DA:149,0
DA:150,0
DA:151,0
DA:152,1
DA:153,1
DA:154,1
DA:155,1
DA:158,1
DA:159,1
DA:160,1
DA:161,1
DA:162,0
DA:163,1
DA:164,1
DA:166,1
DA:167,0
DA:168,1
DA:171,1
DA:172,1
DA:173,1
DA:174,1
DA:175,0
DA:176,1
DA:177,1
DA:178,1
DA:179,0
DA:180,1
DA:185,1
DA:186,1
DA:187,1
DA:188,1
DA:189,0
DA:190,1
DA:191,1
DA:193,1
DA:196,1
DA:197,1
DA:198,1
DA:199,1
DA:200,0
DA:201,1
DA:202,1
DA:204,1
DA:209,1
DA:210,1
DA:211,1
DA:212,1
DA:213,1
DA:214,1
DA:215,1
DA:216,1
DA:219,1
DA:220,1
DA:221,1
DA:222,1
DA:223,1
DA:224,1
DA:225,1
DA:228,1
DA:229,1
DA:230,1
DA:231,1
DA:232,0
DA:233,1
DA:234,1
DA:235,1
DA:240,1
DA:241,1
DA:242,1
DA:243,1
DA:244,0
DA:245,1
DA:246,1
DA:247,1
DA:250,1
DA:251,1
DA:252,1
DA:253,1
DA:254,1
DA:255,1
DA:256,1
DA:257,1
DA:258,1
DA:259,1
DA:260,1
DA:268,1
DA:275,1
DA:276,1
DA:277,0
DA:278,0
DA:279,0
DA:280,0
DA:281,0
DA:284,1
DA:285,1
DA:286,0
DA:287,0
DA:288,0
DA:289,0
DA:290,0
LF:201
LH:175
FN:16,19,init_chat_service
FNDA:1,init_chat_service
FN:22,30,_get_user_id
FNDA:1,_get_user_id
FN:33,38,_get_session_or_404
FNDA:1,_get_session_or_404
FN:44,54,create_session
FNDA:1,create_session
FN:58,64,list_sessions
FNDA:1,list_sessions
FN:68,73,get_session
FNDA:1,get_session
FN:79,87,do_search
FNDA:1,do_search
FN:91,97,knowledge_gaps
FNDA:1,knowledge_gaps
FN:103,113,generate_outline
FNDA:1,generate_outline
FN:117,126,edit_outline
FNDA:1,edit_outline
FN:132,155,write_section
FNDA:1,write_section
FN:159,168,edit_section
FNDA:1,edit_section
FN:172,180,enhance_section
FNDA:1,enhance_section
FN:186,193,generate_code
FNDA:1,generate_code
FN:197,204,generate_image
FNDA:1,generate_image
FN:210,216,review
FNDA:1,review
FN:220,225,factcheck
FNDA:1,factcheck
FN:229,235,humanize
FNDA:1,humanize
FN:241,247,assemble
FNDA:1,assemble
FN:251,272,generate
FNDA:1,generate
FN:276,281,publish
FNDA:0,publish
FN:285,290,preview
FNDA:0,preview
FNF:22
FNH:20
end_of_record
SF:backend/routes/feishu_routes.py
DA:14,1
DA:15,1
DA:16,1
DA:17,1
DA:18,1
DA:19,1
DA:20,1
DA:21,1
DA:22,1
DA:24,1
DA:25,1
DA:27,1
DA:29,1
DA:33,1
DA:34,1
DA:35,1
DA:36,1
DA:38,1
DA:41,1
DA:44,1
DA:55,1
DA:58,1
DA:60,0
DA:61,0
DA:62,0
DA:64,0
DA:69,0
DA:70,0
DA:71,0
DA:72,0
DA:74,0
DA:75,0
DA:76,0
DA:77,0
DA:82,1
DA:84,0
DA:85,0
DA:86,0
DA:87,0
DA:89,0
DA:103,0
DA:104,0
DA:105,0
DA:108,1
DA:110,0
DA:111,0
DA:112,0
DA:113,0
DA:115,0
DA:127,0
DA:128,0
DA:129,0
DA:134,1
DA:136,0
DA:146,1
DA:155,0
DA:156,0
DA:157,0
DA:158,0
DA:167,1
DA:169,0
DA:172,1
DA:174,0
DA:177,1
DA:179,0
DA:185,1
DA:188,0
DA:189,0
DA:190,0
DA:191,0
DA:193,0
DA:194,0
DA:195,0
DA:197,0
DA:199,0
DA:211,0
DA:212,0
DA:213,0
DA:216,1
DA:219,0
DA:220,0
DA:221,0
DA:222,0
DA:224,0
DA:225,0
DA:226,0
DA:228,0
DA:230,0
DA:244,0
DA:245,0
DA:246,0
DA:251,1
DA:253,0
DA:254,0
DA:256,0
DA:257,0
DA:258,0
DA:259,0
DA:261,0
DA:262,0
DA:263,0
DA:265,0
DA:266,0
DA:267,0
DA:270,0
DA:271,0
DA:272,0
DA:282,0
DA:283,0
DA:284,0
DA:285,0
DA:293,0
DA:294,0
DA:295,0
DA:296,0
DA:297,0
DA:307,0
DA:311,0
DA:314,0
DA:315,0
DA:316,0
DA:323,0
DA:327,0
DA:330,0
DA:331,0
DA:334,0
DA:337,0
DA:342,1
DA:344,0
DA:345,0
DA:348,1
DA:350,0
DA:359,1
DA:361,0
DA:364,0
DA:365,0
DA:366,0
DA:369,0
DA:370,0
DA:371,0
DA:373,0
DA:374,0
DA:376,0
DA:377,0
DA:379,0
DA:380,0
DA:382,0
DA:383,0
DA:385,0
DA:386,0
DA:388,0
DA:389,0
DA:391,0
DA:392,0
DA:394,0
DA:395,0
DA:397,0
DA:400,1
DA:419,1
DA:421,0
DA:422,0
DA:423,0
DA:424,0
DA:426,0
DA:427,0
DA:428,0
DA:430,0
DA:432,0
DA:433,0
DA:434,0
DA:435,0
DA:436,0
DA:437,0
DA:444,1
DA:449,1
DA:451,0
DA:452,0
DA:454,0
DA:455,0
DA:457,0
DA:458,0
DA:461,0
DA:462,0
DA:465,0
DA:467,0
DA:468,0
DA:485,0
DA:488,0
DA:489,0
DA:490,0
DA:491,0
DA:494,0
DA:495,0
DA:498,0
DA:501,0
DA:504,0
DA:505,0
DA:506,0
DA:509,0
DA:510,0
DA:511,0
DA:512,0
DA:513,0
DA:520,0
DA:523,0
DA:524,0
DA:526,0
DA:533,0
DA:539,0
DA:540,0
DA:553,0
DA:556,0
DA:560,0
DA:563,0
DA:564,0
DA:565,0
DA:567,0
DA:577,0
DA:578,0
DA:581,0
DA:582,0
DA:583,0
DA:586,0
DA:587,0
DA:590,0
DA:591,0
DA:592,0
DA:597,0
DA:598,0
DA:601,0
DA:602,0
DA:603,0
DA:606,0
DA:607,0
DA:610,0
DA:611,0
DA:612,0
DA:613,0
DA:616,0
DA:621,0
DA:623,0
DA:626,0
DA:629,0
DA:630,0
DA:631,0
DA:634,0
DA:635,0
DA:636,0
DA:637,0
DA:638,0
DA:640,0
DA:650,0
DA:651,0
DA:654,0
DA:655,0
DA:656,0
DA:659,0
DA:660,0
DA:661,0
DA:662,0
DA:663,0
DA:664,0
DA:669,0
DA:672,0
DA:673,0
DA:674,0
DA:677,0
DA:678,0
DA:679,0
DA:683,0
DA:684,0
DA:687,0
DA:688,0
DA:689,0
DA:690,0
DA:691,0
DA:696,0
DA:699,0
DA:700,0
DA:701,0
DA:703,0
DA:713,0
DA:715,0
DA:723,0
DA:725,0
DA:726,0
DA:727,0
DA:737,1
DA:738,1
DA:740,0
DA:743,0
DA:744,0
DA:747,0
DA:748,0
DA:749,0
DA:750,0
DA:751,0
DA:755,0
DA:756,0
DA:758,0
DA:760,0
DA:761,0
DA:762,0
DA:763,0
DA:764,0
DA:767,0
DA:768,0
DA:771,0
DA:772,0
DA:773,0
DA:776,0
DA:777,0
DA:778,0
DA:779,0
DA:780,0
DA:782,0
DA:783,0
DA:786,0
DA:787,0
DA:788,0
DA:790,0
DA:793,0
DA:799,0
DA:802,0
DA:803,0
LF:325
LH:41
FN:58,77,_get_tenant_access_token
FNDA:0,_get_tenant_access_token
FN:82,105,_send_feishu_message
FNDA:0,_send_feishu_message
FN:108,129,_reply_feishu_message
FNDA:0,_reply_feishu_message
FN:134,143,_build_card
FNDA:0,_build_card
FN:146,164,_build_template_content
FNDA:0,_build_template_content
FN:167,169,_md_element
FNDA:0,_md_element
FN:172,174,_hr_element
FNDA:0,_hr_element
FN:177,182,_note_element
FNDA:0,_note_element
FN:185,213,_reply_card
FNDA:0,_reply_card
FN:216,246,_send_card
FNDA:0,_send_card
FN:251,339,_poll_task_progress
FNDA:0,_poll_task_progress
FN:342,345,_progress_bar
FNDA:0,_progress_bar
FN:348,354,_start_progress_watcher
FNDA:0,_start_progress_watcher
FN:359,397,_parse_intent
FNDA:0,_parse_intent
FN:419,437,_call_chat_api
FNDA:0,_call_chat_api
FN:449,732,_handle_message
FNDA:0,_handle_message
FN:454,455,_handle_message.reply_text
FNDA:0,_handle_message.reply_text
FN:457,459,_handle_message.reply_card
FNDA:0,_handle_message.reply_card
FN:461,463,_handle_message.send_card
FNDA:0,_handle_message.send_card
FN:738,803,feishu_webhook
FNDA:0,feishu_webhook
FNF:20
FNH:0
end_of_record
SF:backend/routes/history_routes.py
DA:5,1
DA:6,1
DA:7,1
DA:8,1
DA:9,1
DA:11,1
DA:12,1
DA:13,1
DA:15,1
DA:16,1
DA:17,1
DA:19,1
DA:21,1
DA:24,1
DA:25,1
DA:27,1
DA:28,1
DA:29,1
DA:30,1
DA:31,1
DA:33,1
DA:35,1
DA:36,1
DA:41,1
DA:43,1
DA:52,0
DA:53,0
DA:54,0
DA:57,1
DA:58,1
DA:60,1
DA:61,1
DA:62,1
DA:63,1
DA:64,1
DA:66,1
DA:67,0
DA:68,0
DA:69,0
DA:72,1
DA:73,1
DA:75,1
DA:76,1
DA:77,1
DA:78,1
DA:79,1
DA:81,1
DA:82,1
DA:83,1
DA:84,1
DA:87,1
DA:88,1
DA:90,0
DA:91,0
DA:93,0
DA:94,0
DA:96,0
DA:97,0
DA:98,0
DA:99,0
DA:101,0
DA:102,0
DA:103,0
DA:105,0
DA:106,0
DA:107,0
DA:108,0
DA:109,0
DA:110,0
DA:111,0
DA:113,0
DA:114,0
DA:116,0
DA:117,0
DA:118,0
DA:120,0
DA:121,0
DA:122,0
DA:123,0
DA:125,0
DA:130,0
DA:131,0
DA:133,0
DA:134,0
DA:136,0
DA:138,0
DA:143,0
DA:144,0
DA:146,0
DA:147,0
DA:149,0
DA:150,0
DA:151,0
DA:153,0
DA:155,0
DA:161,0
DA:162,0
DA:163,0
DA:166,1
DA:168,0
DA:169,0
DA:170,0
DA:173,1
DA:175,0
DA:176,0
DA:178,0
DA:179,0
DA:180,0
DA:181,0
DA:183,0
DA:184,0
DA:185,0
DA:187,0
DA:188,0
DA:189,0
DA:190,0
DA:191,0
DA:192,0
DA:193,0
DA:196,1
DA:198,0
DA:199,0
DA:200,0
DA:201,0
DA:202,0
DA:205,1
DA:206,1
DA:208,0
DA:209,0
DA:210,0
DA:211,0
DA:213,0
DA:214,0
DA:216,0
DA:218,0
DA:220,0
DA:221,0
DA:222,0
DA:223,0
DA:224,0
DA:226,0
DA:227,0
DA:228,0
DA:229,0
DA:230,0
DA:231,0
DA:232,0
DA:233,0
DA:234,0
DA:235,0
DA:237,0
DA:238,0
DA:240,0
DA:241,0
DA:242,0
DA:244,0
DA:246,0
DA:247,0
DA:248,0
DA:250,0
DA:258,0
DA:259,0
DA:260,0
DA:263,1
DA:264,1
DA:266,0
DA:267,0
DA:268,0
DA:269,0
DA:271,0
DA:272,0
DA:273,0
DA:275,0
DA:276,0
DA:277,0
DA:278,0
DA:279,0
DA:280,0
DA:282,0
DA:285,0
DA:286,0
DA:287,0
DA:288,0
DA:290,0
DA:291,0
DA:292,0
DA:293,0
DA:294,0
DA:297,0
DA:298,0
DA:299,0
DA:300,0
DA:301,0
DA:302,0
DA:303,0
DA:304,0
DA:305,0
DA:306,0
DA:307,0
DA:308,0
DA:309,0
DA:310,0
DA:311,0
DA:312,0
DA:313,0
DA:315,0
DA:316,0
DA:317,0
DA:318,0
DA:320,0
DA:321,0
DA:323,0
DA:326,0
DA:327,0
DA:328,0
DA:329,0
DA:330,0
DA:333,0
DA:334,0
DA:335,0
DA:337,0
DA:345,0
DA:346,0
DA:347,0
LF:224
LH:53
FN:25,54,list_history
FNDA:1,list_history
FN:58,69,get_history
FNDA:1,get_history
FN:73,84,delete_history
FNDA:1,delete_history
FN:88,163,generate_video
FNDA:0,generate_video
FN:166,170,_extract_image_urls
FNDA:0,_extract_image_urls
FN:173,193,_download_image
FNDA:0,_download_image
FN:196,202,_get_image_filename
FNDA:0,_get_image_filename
FN:206,260,export_markdown_with_images
FNDA:0,export_markdown_with_images
FN:264,347,export_word
FNDA:0,export_word
FNF:9
FNH:3
end_of_record
SF:backend/routes/publish_routes.py
DA:5,1
DA:6,1
DA:7,1
DA:8,1
DA:10,1
DA:12,1
DA:13,1
DA:14,1
DA:15,1
DA:17,1
DA:19,1
DA:22,1
DA:23,1
DA:25,0
DA:26,0
DA:27,0
DA:28,0
DA:32,0
DA:33,0
DA:34,0
DA:37,1
DA:38,1
DA:40,0
DA:41,0
DA:42,0
DA:44,0
DA:45,0
DA:46,0
DA:47,0
DA:49,0
DA:50,0
DA:51,0
DA:52,0
DA:53,0
DA:54,0
DA:56,0
DA:57,0
DA:58,0
DA:60,0
DA:62,0
DA:63,0
DA:64,0
DA:65,0
DA:67,0
DA:79,0
DA:81,0
DA:83,0
DA:84,0
DA:85,0
DA:87,0
DA:90,1
DA:91,1
DA:93,0
DA:94,0
DA:95,0
DA:96,0
DA:98,0
DA:99,0
DA:100,0
DA:101,0
DA:103,0
DA:104,0
DA:105,0
DA:106,0
DA:107,0
DA:108,0
DA:110,0
DA:112,0
DA:113,0
DA:114,0
DA:115,0
DA:127,0
DA:129,0
DA:130,0
DA:132,0
DA:134,0
DA:135,0
DA:136,0
DA:139,1
DA:140,1
DA:142,0
DA:143,0
DA:144,0
DA:145,0
DA:147,0
DA:148,0
DA:150,0
DA:151,0
DA:152,0
DA:153,0
DA:155,0
DA:156,0
DA:158,0
DA:159,0
DA:161,0
DA:162,0
DA:164,0
DA:165,0
DA:167,0
DA:169,0
DA:170,0
DA:171,0
DA:172,0
DA:184,0
DA:186,0
DA:187,0
DA:189,0
DA:191,0
DA:192,0
DA:193,0
DA:196,1
DA:197,1
DA:199,0
DA:200,0
DA:201,0
DA:202,0
DA:203,0
DA:205,0
DA:206,0
DA:208,0
DA:209,0
DA:211,0
DA:212,0
DA:214,0
DA:215,0
DA:217,0
DA:218,0
DA:220,0
DA:221,0
DA:222,0
DA:224,0
DA:226,0
DA:228,0
DA:229,0
DA:230,0
DA:231,0
DA:239,0
DA:241,0
DA:243,0
DA:256,0
DA:258,0
DA:271,0
DA:272,0
DA:273,0
DA:276,1
DA:277,1
DA:279,0
DA:280,0
DA:281,0
DA:282,0
DA:283,0
DA:284,0
DA:285,0
DA:287,0
DA:288,0
DA:290,0
DA:291,0
DA:293,0
DA:294,0
DA:296,0
DA:301,0
DA:302,0
DA:304,0
DA:305,0
DA:306,0
DA:307,0
DA:308,0
DA:310,0
DA:311,0
DA:312,0
DA:313,0
DA:314,0
DA:321,0
DA:323,0
DA:324,0
DA:325,0
DA:331,0
DA:332,0
DA:333,0
DA:335,0
DA:336,0
DA:338,0
DA:339,0
DA:341,0
DA:342,0
DA:343,0
DA:344,0
DA:345,0
DA:347,0
DA:348,0
DA:349,0
DA:350,0
DA:358,0
DA:360,0
DA:361,0
DA:373,0
DA:383,0
DA:384,0
DA:385,0
DA:386,0
DA:387,0
DA:388,0
DA:398,0
DA:399,0
DA:400,0
DA:402,0
DA:403,0
DA:404,0
DA:406,0
DA:407,0
DA:409,0
DA:411,0
DA:416,0
DA:417,0
DA:418,0
LF:215
LH:23
FN:23,34,get_publish_platforms
FNDA:0,get_publish_platforms
FN:38,87,publish_article_stream
FNDA:0,publish_article_stream
FN:56,85,publish_article_stream.generate
FNDA:0,publish_article_stream.generate
FN:91,136,publish_article
FNDA:0,publish_article
FN:140,193,publish_blog_to_platform
FNDA:0,publish_blog_to_platform
FN:197,273,convert_blog_to_xhs
FNDA:0,convert_blog_to_xhs
FN:277,418,sync_publish
FNDA:0,sync_publish
FNF:7
FNH:0
end_of_record
SF:backend/routes/queue_routes.py
DA:11,1
DA:12,1
DA:14,1
DA:16,1
DA:18,1
DA:21,1
DA:24,1
DA:26,1
DA:29,1
DA:31,0
DA:34,1
DA:35,1
DA:37,0
DA:38,0
DA:40,0
DA:41,0
DA:42,0
DA:44,0
DA:49,0
DA:55,0
DA:56,0
DA:59,0
DA:69,0
DA:70,0
DA:77,1
DA:78,1
DA:80,0
DA:81,0
DA:82,0
DA:83,0
DA:86,1
DA:87,1
DA:89,0
DA:90,0
DA:91,0
DA:92,0
DA:93,0
DA:94,0
DA:97,1
DA:98,1
DA:100,0
DA:101,0
DA:102,0
DA:103,0
DA:104,0
DA:105,0
DA:108,1
DA:109,1
DA:111,0
DA:112,0
DA:113,0
DA:114,0
DA:115,0
DA:118,0
LF:54
LH:19
FN:24,26,init_queue_routes
FNDA:1,init_queue_routes
FN:29,31,_run_async
FNDA:0,_run_async
FN:35,74,submit_task
FNDA:0,submit_task
FN:78,83,get_queue_snapshot
FNDA:0,get_queue_snapshot
FN:87,94,get_task
FNDA:0,get_task
FN:98,105,cancel_task
FNDA:0,cancel_task
FN:109,118,get_history
FNDA:0,get_history
FNF:7
FNH:1
end_of_record
SF:backend/routes/scheduler_routes.py
DA:12,1
DA:14,1
DA:16,1
DA:18,1
DA:20,1
DA:24,1
DA:27,1
DA:29,0
DA:32,1
DA:33,0
DA:34,0
DA:37,1
DA:38,1
DA:39,0
DA:40,0
DA:41,0
DA:42,0
DA:43,0
DA:44,0
DA:45,0
DA:46,0
DA:47,0
DA:49,0
DA:50,0
DA:53,1
DA:54,1
DA:55,0
DA:56,0
DA:57,0
DA:58,0
DA:61,1
DA:62,1
DA:63,0
DA:64,0
DA:65,0
DA:66,0
DA:69,1
DA:70,1
DA:71,0
DA:72,0
DA:73,0
DA:74,0
DA:77,1
DA:78,1
DA:79,0
DA:80,0
DA:81,0
DA:82,0
DA:85,1
DA:86,1
DA:88,0
DA:89,0
DA:90,0
DA:91,0
DA:92,0
LF:55
LH:20
FN:27,29,init_scheduler_routes
FNDA:0,init_scheduler_routes
FN:32,34,_run_async
FNDA:0,_run_async
FN:38,50,create_scheduled_task
FNDA:0,create_scheduled_task
FN:54,58,list_scheduled_tasks
FNDA:0,list_scheduled_tasks
FN:62,66,delete_scheduled_task
FNDA:0,delete_scheduled_task
FN:70,74,pause_task
FNDA:0,pause_task
FN:78,82,resume_task
FNDA:0,resume_task
FN:86,92,parse_schedule_api
FNDA:0,parse_schedule_api
FNF:8
FNH:0
end_of_record
SF:backend/routes/settings_routes.py
DA:8,1
DA:9,1
DA:11,1
DA:13,1
DA:15,1
DA:20,1
DA:155,1
DA:157,0
DA:158,0
DA:159,0
DA:161,0
DA:162,0
DA:163,0
DA:164,0
DA:165,0
DA:166,0
DA:167,0
DA:168,0
DA:170,0
DA:173,1
DA:174,1
DA:176,0
DA:177,0
DA:178,0
DA:182,0
DA:185,1
DA:186,1
DA:188,0
DA:189,0
DA:190,0
DA:192,0
DA:193,0
DA:195,0
DA:196,0
DA:197,0
DA:198,0
DA:200,0
DA:201,0
DA:204,0
DA:205,0
DA:206,0
DA:207,0
DA:208,0
DA:209,0
DA:210,0
DA:211,0
DA:212,0
DA:213,0
DA:214,0
DA:215,0
DA:216,0
DA:217,0
DA:218,0
DA:219,0
DA:220,0
DA:221,0
DA:222,0
DA:223,0
DA:224,0
DA:225,0
DA:227,0
DA:229,0
DA:231,0
DA:232,0
DA:233,0
DA:235,0
LF:66
LH:11
FN:155,170,_get_current_value
FNDA:0,_get_current_value
FN:174,182,get_settings
FNDA:0,get_settings
FN:186,239,update_settings
FNDA:0,update_settings
FNF:3
FNH:0
end_of_record
SF:backend/routes/static_routes.py
DA:5,1
DA:6,1
DA:7,1
DA:9,1
DA:11,1
DA:13,1
DA:15,1
DA:18,1
DA:19,1
DA:22,1
DA:23,1
DA:24,0
DA:27,1
DA:28,1
DA:29,0
DA:32,1
DA:33,1
DA:34,0
DA:35,0
DA:36,0
DA:39,1
DA:40,1
DA:41,0
DA:44,1
DA:45,1
DA:46,1
DA:47,0
DA:48,0
DA:49,0
DA:50,0
DA:51,0
DA:52,0
DA:53,0
DA:54,0
DA:55,0
DA:56,0
DA:57,0
DA:58,0
DA:59,0
DA:60,0
DA:61,0
DA:62,0
DA:63,0
DA:65,0
DA:66,0
DA:67,0
DA:68,0
DA:69,0
DA:70,0
DA:71,0
DA:73,0
DA:74,0
DA:75,0
DA:76,0
DA:77,0
DA:78,0
DA:79,0
DA:81,0
DA:82,0
DA:83,0
DA:84,0
DA:87,1
DA:88,1
DA:89,1
DA:90,1
DA:91,1
DA:92,0
DA:95,1
DA:96,1
DA:97,1
DA:98,0
DA:99,0
DA:102,1
DA:103,1
DA:104,0
DA:105,0
DA:108,1
DA:109,1
DA:110,0
DA:111,0
DA:114,1
DA:115,1
DA:116,0
DA:169,0
DA:172,1
DA:173,1
DA:175,0
LF:87
LH:36
FN:23,24,index
FNDA:0,index
FN:28,29,xhs_page
FNDA:0,xhs_page
FN:33,36,reviewer_page
FNDA:0,reviewer_page
FN:40,41,book_reader_home
FNDA:0,book_reader_home
FN:46,84,book_reader_sidebar
FNDA:0,book_reader_sidebar
FN:91,92,book_reader_chapter
FNDA:0,book_reader_chapter
FN:97,99,serve_output_image
FNDA:0,serve_output_image
FN:103,105,serve_output_cover
FNDA:0,serve_output_cover
FN:109,111,serve_output_video
FNDA:0,serve_output_video
FN:115,169,api_docs
FNDA:0,api_docs
FN:173,187,get_frontend_config
FNDA:0,get_frontend_config
FNF:11
FNH:0
end_of_record
SF:backend/routes/task_routes.py
DA:5,1
DA:6,1
DA:7,1
DA:8,1
DA:10,1
DA:12,1
DA:17,1
DA:19,1
DA:22,1
DA:23,1
DA:25,0
DA:26,0
DA:28,0
DA:29,0
DA:31,0
DA:32,0
DA:33,0
DA:35,0
DA:36,0
DA:37,0
DA:38,0
DA:39,0
DA:40,0
DA:42,0
DA:43,0
DA:44,0
DA:46,0
DA:47,0
DA:49,0
DA:50,0
DA:56,0
DA:68,0
DA:74,0
DA:75,0
DA:76,0
DA:79,1
DA:80,1
DA:82,1
DA:83,1
DA:85,1
DA:87,1
DA:88,1
DA:89,1
DA:90,1
DA:92,1
DA:94,1
DA:95,1
DA:96,1
DA:97,1
DA:98,0
DA:99,0
DA:101,1
DA:102,1
DA:103,1
DA:104,1
DA:105,1
DA:106,1
DA:107,0
DA:108,1
DA:109,1
DA:110,0
DA:111,1
DA:112,1
DA:113,1
DA:115,1
DA:116,1
DA:117,1
DA:118,0
DA:120,1
DA:121,0
DA:122,0
DA:124,0
DA:125,0
DA:126,0
DA:127,0
DA:128,0
DA:129,0
DA:131,1
DA:133,1
DA:145,1
DA:146,1
DA:148,0
DA:149,0
DA:151,0
DA:152,0
DA:154,0
DA:168,1
DA:169,1
DA:171,1
DA:173,1
DA:174,1
DA:180,1
DA:181,1
DA:182,0
DA:183,1
LF:95
LH:51
FN:23,76,generate_storybook
FNDA:0,generate_storybook
FN:80,142,stream_task_progress
FNDA:1,stream_task_progress
FN:82,131,stream_task_progress.generate
FNDA:1,stream_task_progress.generate
FN:146,165,get_task_status
FNDA:0,get_task_status
FN:169,186,cancel_task
FNDA:1,cancel_task
FNF:5
FNH:3
end_of_record
SF:backend/routes/transform_routes.py
DA:5,1
DA:7,1
DA:9,1
DA:13,1
DA:15,1
DA:17,1
DA:20,1
DA:21,1
DA:23,0
DA:24,0
DA:26,0
DA:27,0
DA:29,0
DA:30,0
DA:31,0
DA:33,0
DA:34,0
DA:35,0
DA:36,0
DA:38,0
DA:39,0
DA:40,0
DA:42,0
DA:44,0
DA:52,0
DA:53,0
DA:55,0
DA:57,0
DA:58,0
DA:59,0
DA:62,1
DA:63,1
DA:65,0
DA:66,0
DA:67,0
DA:68,0
DA:73,0
DA:76,1
DA:77,1
DA:79,0
DA:80,0
DA:81,0
DA:82,0
DA:86,0
DA:87,0
DA:88,0
DA:91,1
DA:92,1
DA:94,0
DA:95,0
DA:97,0
DA:98,0
DA:100,0
DA:101,0
DA:102,0
DA:104,0
DA:105,0
DA:106,0
DA:108,0
DA:109,0
DA:110,0
DA:111,0
DA:112,0
DA:114,0
DA:115,0
DA:116,0
DA:117,0
DA:118,0
DA:120,0
DA:121,0
DA:122,0
DA:123,0
DA:124,0
DA:126,0
DA:127,0
DA:128,0
DA:129,0
DA:136,0
DA:137,0
DA:145,0
DA:146,0
DA:154,0
DA:156,0
DA:157,0
DA:158,0
DA:161,1
DA:162,1
DA:164,0
DA:165,0
DA:167,0
DA:168,0
DA:170,0
DA:171,0
DA:172,0
DA:174,0
DA:175,0
DA:176,0
DA:177,0
DA:178,0
DA:180,0
DA:181,0
DA:182,0
DA:184,0
DA:186,0
DA:194,0
DA:195,0
DA:197,0
DA:198,0
DA:199,0
DA:200,0
DA:201,0
DA:202,0
DA:203,0
DA:204,0
DA:205,0
DA:212,0
DA:213,0
DA:214,0
DA:216,0
DA:218,0
DA:220,0
DA:221,0
DA:222,0
LF:123
LH:16
FN:21,59,transform_content
FNDA:0,transform_content
FN:63,73,get_metaphors
FNDA:0,get_metaphors
FN:77,88,get_image_styles
FNDA:0,get_image_styles
FN:92,158,generate_image
FNDA:0,generate_image
FN:162,222,transform_with_images
FNDA:0,transform_with_images
FNF:5
FNH:0
end_of_record
SF:backend/routes/xhs_routes.py
DA:5,1
DA:6,1
DA:7,1
DA:8,1
DA:9,1
DA:10,1
DA:11,1
DA:13,1
DA:15,1
DA:19,1
DA:20,1
DA:21,1
DA:23,1
DA:25,1
DA:28,1
DA:29,1
DA:31,0
DA:32,0
DA:33,0
DA:35,0
DA:36,0
DA:38,0
DA:39,0
DA:40,0
DA:41,0
DA:43,0
DA:45,0
DA:46,0
DA:48,0
DA:50,0
DA:57,0
DA:68,0
DA:70,0
DA:76,0
DA:77,0
DA:78,0
DA:81,1
DA:82,1
DA:84,0
DA:85,0
DA:87,0
DA:88,0
DA:90,0
DA:92,0
DA:93,0
DA:95,0
DA:96,0
DA:97,0
DA:98,0
DA:99,0
DA:100,0
DA:102,0
DA:103,0
DA:104,0
DA:105,0
DA:107,0
DA:108,0
DA:109,0
DA:110,0
DA:112,0
DA:113,0
DA:114,0
DA:116,0
DA:117,0
DA:118,0
DA:119,0
DA:120,0
DA:121,0
DA:123,0
DA:125,0
DA:137,1
DA:138,1
DA:140,0
DA:142,0
DA:143,0
DA:149,0
DA:150,0
DA:151,0
DA:152,0
DA:158,1
DA:159,1
DA:161,0
DA:162,0
DA:163,0
DA:164,0
DA:166,0
DA:167,0
DA:169,0
DA:170,0
DA:172,0
DA:173,0
DA:174,0
DA:175,0
DA:177,0
DA:178,0
DA:185,0
DA:186,0
DA:187,0
DA:188,0
DA:197,0
DA:199,0
DA:200,0
DA:207,0
DA:212,0
DA:213,0
DA:214,0
DA:217,1
DA:218,1
DA:220,0
DA:221,0
DA:222,0
DA:224,0
DA:225,0
DA:227,0
DA:228,0
DA:230,0
DA:232,0
DA:239,0
DA:240,0
DA:241,0
DA:242,0
DA:248,0
DA:250,0
DA:265,0
DA:266,0
DA:267,0
DA:270,1
DA:271,1
DA:273,0
DA:274,0
DA:275,0
DA:276,0
DA:277,0
DA:278,0
DA:279,0
DA:281,0
DA:282,0
DA:284,0
DA:285,0
DA:287,0
DA:288,0
DA:290,0
DA:291,0
DA:293,0
DA:294,0
DA:295,0
DA:296,0
DA:297,0
DA:298,0
DA:299,0
DA:300,0
DA:301,0
DA:302,0
DA:303,0
DA:304,0
DA:305,0
DA:306,0
DA:307,0
DA:309,0
DA:310,0
DA:312,0
DA:314,0
DA:316,0
DA:317,0
DA:318,0
DA:319,0
DA:329,0
DA:330,0
DA:331,0
DA:332,0
DA:333,0
DA:334,0
DA:336,0
DA:337,0
DA:339,0
DA:341,0
DA:342,0
DA:343,0
LF:178
LH:26
FN:29,78,xhs_generate
FNDA:0,xhs_generate
FN:82,134,xhs_stream
FNDA:0,xhs_stream
FN:92,123,xhs_stream.generate
FNDA:0,xhs_stream.generate
FN:138,155,cancel_xhs_task
FNDA:0,cancel_xhs_task
FN:159,214,xhs_explanation_video
FNDA:0,xhs_explanation_video
FN:218,267,xhs_outline
FNDA:0,xhs_outline
FN:271,343,xhs_publish
FNDA:0,xhs_publish
FNF:7
FNH:0
end_of_record
SF:backend/services/__init__.py
DA:4,1
DA:5,1
DA:6,1
DA:14,1
DA:15,1
DA:16,1
DA:17,1
DA:19,1
LF:8
LH:8
end_of_record
SF:backend/services/blog_generator/__init__.py
DA:15,1
DA:16,1
DA:18,1
LF:3
LH:3
end_of_record
SF:backend/services/blog_generator/agents/__init__.py
DA:5,1
DA:6,1
DA:7,1
DA:8,1
DA:9,1
DA:10,1
DA:11,1
DA:12,1
DA:13,1
DA:15,1
LF:10
LH:10
end_of_record
SF:backend/services/blog_generator/agents/artist.py
DA:5,1
DA:6,1
DA:7,1
DA:8,1
DA:9,1
DA:10,1
DA:12,1
DA:13,1
DA:14,1
DA:17,1
DA:19,1
DA:21,0
DA:22,0
DA:23,0
DA:25,1
DA:28,1
DA:37,1
DA:39,1
DA:40,1
DA:41,0
DA:42,0
DA:43,0
DA:44,0
DA:46,0
DA:47,1
DA:48,0
DA:49,0
DA:50,0
DA:51,0
DA:53,0
DA:54,1
DA:55,1
DA:56,0
DA:57,0
DA:59,1
DA:61,1
DA:62,0
DA:63,0
DA:64,0
DA:65,0
DA:66,0
DA:68,1
DA:69,1
DA:70,1
DA:71,1
DA:72,1
DA:74,1
DA:77,1
DA:84,1
DA:90,1
DA:91,1
DA:94,1
DA:104,1
DA:109,1
DA:116,1
DA:117,1
DA:119,1
DA:133,1
DA:134,1
DA:135,1
DA:138,1
DA:140,1
DA:142,1
DA:143,1
DA:145,1
DA:146,0
DA:153,1
DA:154,1
DA:157,1
DA:158,1
DA:161,1
DA:166,1
DA:168,1
DA:169,1
DA:170,1
DA:173,1
DA:174,1
DA:176,1
DA:177,1
DA:178,1
DA:179,1
DA:180,1
DA:182,1
DA:183,1
DA:187,1
DA:188,1
DA:195,1
DA:198,1
DA:199,0
DA:207,1
DA:209,1
DA:219,0
DA:221,0
DA:222,0
DA:223,0
DA:226,0
DA:228,0
DA:229,0
DA:231,0
DA:234,0
DA:237,0
DA:239,0
DA:240,0
DA:242,0
DA:245,0
DA:246,0
DA:248,0
DA:250,0
DA:251,0
DA:253,0
DA:257,1
DA:260,1
DA:261,1
DA:263,1
DA:264,1
DA:266,1
DA:267,1
DA:269,1
DA:271,1
DA:272,1
DA:273,1
DA:274,1
DA:275,1
DA:276,1
DA:277,1
DA:278,1
DA:279,1
DA:280,1
DA:281,1
DA:283,1
DA:285,0
DA:286,0
DA:287,0
DA:288,0
DA:296,0
DA:297,0
DA:298,0
DA:299,0
DA:300,0
DA:301,0
DA:302,0
DA:303,0
DA:304,0
DA:305,0
DA:306,0
DA:307,0
DA:308,0
DA:309,0
DA:311,1
DA:312,1
DA:336,1
DA:337,1
DA:338,1
DA:350,1
DA:351,1
DA:353,1
DA:354,1
DA:359,1
DA:360,1
DA:361,1
DA:362,1
DA:365,1
DA:366,1
DA:367,1
DA:370,1
DA:371,0
DA:374,1
DA:375,1
DA:376,1
DA:377,1
DA:378,0
DA:379,0
DA:382,1
DA:383,0
DA:391,0
DA:392,0
DA:393,0
DA:394,0
DA:396,0
DA:397,0
DA:398,0
DA:401,1
DA:402,1
DA:403,1
DA:404,1
DA:405,1
DA:407,1
DA:413,0
DA:414,0
DA:415,0
DA:419,1
DA:421,1
DA:422,1
DA:424,1
DA:436,1
DA:437,1
DA:441,1
DA:442,1
DA:444,1
DA:445,1
DA:446,1
DA:447,1
DA:451,1
DA:457,1
DA:458,1
DA:459,1
DA:461,1
DA:463,1
DA:464,1
DA:465,1
DA:466,1
DA:468,1
DA:469,1
DA:476,1
DA:477,1
DA:480,1
DA:481,1
DA:482,1
DA:483,0
DA:484,0
DA:485,0
DA:486,0
DA:488,1
DA:496,1
DA:497,1
DA:498,1
DA:499,1
DA:500,1
DA:504,1
DA:505,1
DA:506,1
DA:508,1
DA:509,1
DA:510,1
DA:511,1
DA:512,1
DA:514,1
DA:517,1
DA:538,0
DA:539,0
DA:540,0
DA:541,0
DA:543,0
DA:545,0
DA:547,0
DA:548,0
DA:549,0
DA:550,0
DA:551,0
DA:552,0
DA:555,0
DA:556,0
DA:557,0
DA:560,0
DA:561,0
DA:563,0
DA:570,0
DA:572,0
DA:573,0
DA:574,0
DA:576,0
DA:577,0
DA:579,0
DA:580,0
DA:581,0
DA:583,1
DA:594,0
DA:595,0
DA:597,0
DA:598,0
DA:599,0
DA:604,0
DA:606,1
DA:607,1
DA:621,0
DA:622,0
DA:624,0
DA:625,0
DA:626,0
DA:629,0
DA:630,0
DA:631,0
DA:634,0
DA:635,0
DA:637,0
DA:639,0
DA:644,0
DA:649,0
DA:650,0
DA:653,0
DA:654,0
DA:655,0
DA:661,0
DA:663,0
DA:664,0
DA:665,0
DA:667,0
DA:669,1
DA:670,1
DA:681,1
DA:682,0
DA:683,0
DA:684,0
DA:686,1
DA:687,1
DA:688,1
DA:689,1
DA:690,1
DA:694,1
DA:695,1
DA:696,1
DA:697,1
DA:698,1
DA:702,0
DA:703,0
DA:707,0
DA:709,0
DA:710,0
DA:712,0
DA:713,0
DA:716,0
DA:717,0
DA:720,0
DA:721,0
DA:722,0
DA:723,0
DA:724,0
DA:726,0
DA:727,0
DA:729,0
DA:730,0
DA:731,0
DA:734,0
DA:735,0
DA:736,0
DA:737,0
DA:738,0
DA:740,0
DA:752,0
DA:755,0
DA:756,0
DA:757,0
DA:759,0
DA:761,0
DA:762,0
DA:763,0
DA:764,0
DA:765,0
DA:766,0
DA:767,0
DA:769,0
DA:772,0
DA:773,0
DA:775,0
DA:787,0
DA:790,0
DA:791,0
DA:792,0
DA:795,0
DA:796,0
DA:798,0
DA:810,0
DA:812,0
DA:813,0
DA:814,0
DA:815,0
DA:818,0
DA:819,0
DA:820,0
DA:821,0
DA:823,0
DA:824,0
DA:825,0
DA:827,0
DA:828,0
DA:830,0
DA:833,0
DA:834,0
DA:836,0
DA:837,0
DA:838,0
DA:840,0
DA:843,0
DA:846,0
DA:850,0
DA:852,0
DA:854,0
DA:856,0
DA:865,0
DA:866,0
DA:869,0
DA:871,0
DA:876,0
DA:878,0
DA:879,0
DA:882,0
DA:885,0
DA:887,0
DA:894,0
DA:896,0
DA:897,0
DA:900,0
DA:901,0
DA:902,0
DA:903,0
DA:910,0
DA:911,0
DA:912,0
DA:913,0
DA:914,0
DA:915,0
DA:916,0
DA:917,0
DA:919,0
DA:932,0
DA:933,0
DA:934,0
DA:942,0
DA:944,0
DA:945,0
DA:947,0
DA:948,0
DA:949,0
DA:950,0
DA:952,0
DA:953,0
DA:954,0
DA:955,0
DA:956,0
DA:959,0
DA:960,0
DA:961,0
DA:969,0
DA:970,0
DA:972,0
DA:973,0
DA:974,0
DA:975,0
DA:977,0
DA:979,0
DA:980,0
DA:986,0
DA:987,0
DA:990,0
DA:991,0
DA:992,0
DA:993,0
DA:1000,0
DA:1001,0
DA:1002,0
DA:1003,0
DA:1004,0
DA:1005,0
DA:1006,0
DA:1007,0
DA:1009,0
DA:1022,0
DA:1023,0
DA:1024,0
DA:1025,0
DA:1034,0
DA:1035,0
DA:1037,0
DA:1038,0
DA:1039,0
DA:1040,0
DA:1042,0
DA:1043,0
DA:1046,0
DA:1049,0
DA:1050,0
DA:1053,0
DA:1054,0
DA:1055,0
DA:1056,0
DA:1057,0
DA:1059,0
DA:1060,0
DA:1062,0
DA:1064,1
DA:1083,1
DA:1084,1
DA:1086,1
DA:1087,1
DA:1088,0
DA:1089,0
DA:1090,0
DA:1091,0
DA:1093,1
DA:1096,1
DA:1097,1
DA:1098,1
DA:1101,1
DA:1102,0
DA:1104,1
DA:1106,1
DA:1107,1
DA:1109,1
DA:1111,1
DA:1113,1
DA:1114,1
DA:1117,1
DA:1119,1
DA:1121,1
DA:1122,0
DA:1123,0
DA:1125,0
DA:1126,0
DA:1129,1
DA:1133,1
DA:1135,1
DA:1142,1
DA:1143,1
DA:1145,1
DA:1159,0
DA:1160,0
DA:1162,0
DA:1163,0
DA:1164,0
DA:1167,1
DA:1169,1
DA:1170,1
DA:1171,1
DA:1176,1
DA:1177,1
DA:1178,1
DA:1179,1
DA:1182,1
DA:1183,1
DA:1184,1
DA:1185,1
DA:1188,1
DA:1189,1
DA:1190,1
DA:1191,1
DA:1193,1
DA:1196,0
DA:1199,1
DA:1201,1
DA:1202,1
DA:1203,1
DA:1205,1
DA:1207,1
LF:543
LH:226
FN:19,23,_should_use_parallel
FNDA:0,_should_use_parallel
FN:37,57,_extract_json
FNDA:1,_extract_json
FN:59,72,_get_observe_decorator
FNDA:1,_get_observe_decorator
FN:68,71,_get_observe_decorator.noop_decorator
FNDA:1,_get_observe_decorator.noop_decorator
FN:69,70,_get_observe_decorator.noop_decorator.wrapper
FNDA:1,_get_observe_decorator.noop_decorator.wrapper
FN:109,117,ArtistAgent.__init__
FNDA:1,ArtistAgent.__init__
FN:119,207,ArtistAgent.detect_ascii_flowcharts
FNDA:1,ArtistAgent.detect_ascii_flowcharts
FN:209,253,ArtistAgent.preprocess_ascii_flowcharts
FNDA:0,ArtistAgent.preprocess_ascii_flowcharts
FN:257,267,ArtistAgent._sanitize_mermaid
FNDA:1,ArtistAgent._sanitize_mermaid
FN:269,281,ArtistAgent._validate_mermaid
FNDA:1,ArtistAgent._validate_mermaid
FN:283,309,ArtistAgent._repair_mermaid
FNDA:0,ArtistAgent._repair_mermaid
FN:312,415,ArtistAgent.generate_image
FNDA:1,ArtistAgent.generate_image
FN:419,459,ArtistAgent.evaluate_image
FNDA:1,ArtistAgent.evaluate_image
FN:461,486,ArtistAgent.improve_image
FNDA:1,ArtistAgent.improve_image
FN:488,514,ArtistAgent.refine_image
FNDA:1,ArtistAgent.refine_image
FN:517,581,ArtistAgent._render_ai_image
FNDA:0,ArtistAgent._render_ai_image
FN:583,604,ArtistAgent.extract_image_placeholders
FNDA:0,ArtistAgent.extract_image_placeholders
FN:607,667,ArtistAgent.detect_missing_diagrams
FNDA:0,ArtistAgent.detect_missing_diagrams
FN:670,1062,ArtistAgent.run
FNDA:1,ArtistAgent.run
FN:852,940,ArtistAgent.run.generate_single_task
FNDA:0,ArtistAgent.run.generate_single_task
FN:1064,1207,ArtistAgent._generate_mini_section_images
FNDA:1,ArtistAgent._generate_mini_section_images
FN:1111,1164,ArtistAgent._generate_mini_section_images.generate_section_image
FNDA:1,ArtistAgent._generate_mini_section_images.generate_section_image
FNF:22
FNH:15
end_of_record
SF:backend/services/blog_generator/agents/assembler.py
DA:5,1
DA:6,1
DA:7,1
DA:9,1
DA:10,1
DA:15,1
DA:18,1
DA:25,0
DA:26,0
DA:27,0
DA:29,0
DA:30,0
DA:32,0
DA:33,0
DA:34,0
DA:35,0
DA:37,0
DA:39,0
DA:40,0
DA:41,0
DA:42,0
DA:43,0
DA:45,0
DA:46,0
DA:47,0
DA:48,0
DA:49,0
DA:50,0
DA:51,0
DA:52,0
DA:54,0
DA:56,0
DA:58,0
DA:60,0
DA:61,0
DA:64,1
DA:69,1
DA:73,1
DA:75,1
DA:92,0
DA:93,0
DA:95,0
DA:96,0
DA:97,0
DA:98,0
DA:99,0
DA:100,0
DA:102,0
DA:104,0
DA:106,1
DA:117,0
DA:118,0
DA:120,0
DA:121,0
DA:122,0
DA:123,0
DA:124,0
DA:125,0
DA:126,0
DA:127,0
DA:128,0
DA:129,0
DA:131,0
DA:133,1
DA:155,0
DA:158,0
DA:159,0
DA:160,0
DA:161,0
DA:162,0
DA:163,0
DA:169,0
DA:180,0
DA:181,0
DA:182,0
DA:185,0
DA:188,0
DA:191,0
DA:192,0
DA:194,0
DA:196,0
DA:199,0
DA:200,0
DA:208,0
DA:211,0
DA:214,0
DA:215,0
DA:216,0
DA:218,0
DA:225,1
DA:235,0
DA:236,0
DA:237,0
DA:238,0
DA:240,0
DA:241,0
DA:242,0
DA:243,0
DA:244,0
DA:245,0
DA:246,0
DA:247,0
DA:249,0
DA:250,0
DA:251,0
DA:252,0
DA:254,0
DA:256,0
DA:265,0
DA:267,0
DA:271,0
LF:111
LH:14
FN:18,61,_fix_markdown_separators
FNDA:0,_fix_markdown_separators
FN:69,73,AssemblerAgent.__init__
FNDA:1,AssemblerAgent.__init__
FN:75,104,AssemblerAgent.extract_subheadings
FNDA:0,AssemblerAgent.extract_subheadings
FN:106,131,AssemblerAgent.replace_source_references
FNDA:0,AssemblerAgent.replace_source_references
FN:120,129,AssemblerAgent.replace_source_references.replace_match
FNDA:0,AssemblerAgent.replace_source_references.replace_match
FN:133,223,AssemblerAgent.assemble
FNDA:0,AssemblerAgent.assemble
FN:225,271,AssemblerAgent.run
FNDA:0,AssemblerAgent.run
FNF:7
FNH:1
end_of_record
SF:backend/services/blog_generator/agents/coder.py
DA:5,1
DA:6,1
DA:7,1
DA:8,1
DA:9,1
DA:10,1
DA:12,1
DA:15,1
DA:17,1
DA:19,0
DA:20,0
DA:21,0
DA:23,1
DA:26,1
DA:28,1
DA:29,0
DA:30,0
DA:31,0
DA:32,0
DA:33,0
DA:34,0
DA:35,0
DA:36,1
DA:38,1
DA:40,1
DA:41,0
DA:42,0
DA:43,0
DA:44,0
DA:45,0
DA:47,1
DA:48,1
DA:49,1
DA:50,1
DA:51,1
DA:53,1
DA:54,1
DA:57,1
DA:62,1
DA:69,1
DA:71,1
DA:72,1
DA:92,0
DA:93,0
DA:100,0
DA:101,0
DA:106,0
DA:107,0
DA:114,0
DA:115,0
DA:116,0
DA:118,1
DA:129,0
DA:130,0
DA:132,0
DA:133,0
DA:134,0
DA:139,0
DA:141,1
DA:142,1
DA:153,0
DA:154,0
DA:155,0
DA:156,0
DA:158,0
DA:159,0
DA:160,0
DA:161,0
DA:162,0
DA:164,0
DA:167,0
DA:168,0
DA:169,0
DA:170,0
DA:172,0
DA:174,0
DA:175,0
DA:182,0
DA:183,0
DA:184,0
DA:185,0
DA:188,0
DA:189,0
DA:191,0
DA:192,0
DA:193,0
DA:195,0
DA:198,0
DA:200,0
DA:202,0
DA:203,0
DA:209,0
DA:221,0
DA:222,0
DA:223,0
DA:231,0
DA:233,0
DA:234,0
DA:236,0
DA:237,0
DA:238,0
DA:239,0
DA:241,0
DA:242,0
DA:245,0
DA:246,0
DA:247,0
DA:253,0
DA:265,0
DA:266,0
DA:267,0
DA:268,0
DA:277,0
DA:278,0
DA:280,0
DA:281,0
DA:282,0
DA:283,0
DA:286,0
DA:287,0
DA:288,0
DA:289,0
DA:290,0
DA:292,0
DA:293,0
DA:295,0
LF:126
LH:30
FN:17,21,_should_use_parallel
FNDA:0,_should_use_parallel
FN:26,36,_get_langfuse_client
FNDA:1,_get_langfuse_client
FN:38,51,_get_observe_decorator
FNDA:1,_get_observe_decorator
FN:47,50,_get_observe_decorator.noop_decorator
FNDA:1,_get_observe_decorator.noop_decorator
FN:48,49,_get_observe_decorator.noop_decorator.wrapper
FNDA:1,_get_observe_decorator.noop_decorator.wrapper
FN:62,69,CoderAgent.__init__
FNDA:1,CoderAgent.__init__
FN:72,116,CoderAgent.generate_code
FNDA:0,CoderAgent.generate_code
FN:118,139,CoderAgent.extract_code_placeholders
FNDA:0,CoderAgent.extract_code_placeholders
FN:142,295,CoderAgent.run
FNDA:0,CoderAgent.run
FN:200,229,CoderAgent.run.generate_single_task
FNDA:0,CoderAgent.run.generate_single_task
FNF:10
FNH:5
end_of_record
SF:backend/services/blog_generator/agents/factcheck.py
DA:8,1
DA:9,1
DA:10,1
DA:11,1
DA:13,1
DA:15,1
DA:17,1
DA:20,1
DA:22,0
DA:23,0
DA:24,0
DA:25,0
DA:26,0
DA:27,0
DA:29,0
DA:30,0
DA:31,0
DA:32,0
DA:33,0
DA:34,0
DA:36,0
DA:37,0
DA:38,0
DA:39,0
DA:40,0
DA:43,1
DA:45,0
DA:46,0
DA:47,0
DA:48,0
DA:49,0
DA:50,0
DA:51,0
DA:54,1
DA:56,0
DA:57,0
DA:58,0
DA:59,0
DA:60,0
DA:61,0
DA:62,0
DA:63,0
DA:66,1
DA:68,0
DA:69,0
DA:70,0
DA:71,0
DA:72,0
DA:73,0
DA:74,0
DA:75,0
DA:76,0
DA:78,0
DA:79,0
DA:86,0
DA:87,0
DA:88,0
DA:95,0
DA:105,1
DA:113,1
DA:114,1
DA:115,1
DA:116,1
DA:118,1
DA:120,0
DA:121,0
DA:125,0
DA:129,0
DA:130,0
DA:131,0
DA:132,0
DA:134,1
DA:136,0
DA:137,0
DA:139,0
DA:140,0
DA:141,0
DA:143,0
DA:144,0
DA:145,0
DA:147,0
DA:148,0
DA:149,0
DA:150,0
DA:151,0
DA:152,0
DA:154,0
DA:155,0
DA:157,0
DA:165,0
DA:166,0
DA:167,0
DA:169,0
DA:170,0
DA:171,0
DA:174,0
DA:175,0
DA:176,0
DA:177,0
DA:178,0
DA:179,0
DA:180,0
DA:181,0
DA:182,0
DA:183,0
DA:184,0
DA:185,0
DA:186,0
DA:189,0
DA:191,0
DA:192,0
DA:194,0
LF:112
LH:18
FN:20,40,_extract_json
FNDA:0,_extract_json
FN:43,51,_build_content
FNDA:0,_build_content
FN:54,63,_build_evidence
FNDA:0,_build_evidence
FN:66,103,_normalize_report
FNDA:0,_normalize_report
FN:113,116,FactCheckAgent.__init__
FNDA:1,FactCheckAgent.__init__
FN:118,132,FactCheckAgent.check
FNDA:0,FactCheckAgent.check
FN:134,194,FactCheckAgent.run
FNDA:0,FactCheckAgent.run
FNF:7
FNH:1
end_of_record
SF:backend/services/blog_generator/agents/humanizer.py
DA:8,1
DA:9,1
DA:10,1
DA:11,1
DA:12,1
DA:13,1
DA:15,1
DA:17,1
DA:20,1
DA:22,0
DA:25,1
DA:27,0
DA:28,0
DA:29,0
DA:30,0
DA:31,0
DA:32,0
DA:33,0
DA:34,0
DA:35,0
DA:36,0
DA:37,0
DA:38,0
DA:39,0
DA:40,0
DA:41,0
DA:42,0
DA:43,0
DA:44,0
DA:46,0
DA:47,0
DA:48,0
DA:49,0
DA:50,0
DA:51,0
DA:54,1
DA:61,1
DA:62,1
DA:63,1
DA:64,1
DA:67,1
DA:68,0
DA:72,1
DA:77,1
DA:79,0
DA:80,0
DA:82,0
DA:86,0
DA:87,0
DA:88,0
DA:90,1
DA:92,0
DA:93,0
DA:98,0
DA:99,0
DA:100,0
DA:101,0
DA:106,0
DA:107,0
DA:108,0
DA:109,0
DA:110,0
DA:111,0
DA:112,0
DA:113,0
DA:115,0
DA:116,0
DA:118,1
DA:128,0
DA:129,0
DA:130,0
DA:132,0
DA:133,0
DA:134,0
DA:135,0
DA:137,0
DA:139,0
DA:140,0
DA:141,0
DA:142,0
DA:143,0
DA:145,0
DA:146,0
DA:147,0
DA:150,0
DA:151,0
DA:152,0
DA:153,0
DA:154,0
DA:156,0
DA:157,0
DA:160,0
DA:161,0
DA:162,0
DA:163,0
DA:164,0
DA:166,0
DA:167,0
DA:168,0
DA:171,0
DA:172,0
DA:176,0
DA:177,0
DA:178,0
DA:179,0
DA:182,0
DA:183,0
DA:184,0
DA:185,0
DA:186,0
DA:187,0
DA:188,0
DA:189,0
DA:191,0
DA:192,0
DA:193,0
DA:194,0
DA:195,0
DA:196,0
DA:197,0
DA:200,0
DA:201,0
DA:202,0
DA:203,0
DA:207,0
DA:208,0
DA:209,0
DA:210,0
DA:211,0
DA:214,0
DA:215,0
DA:216,0
DA:217,0
DA:218,0
DA:225,0
DA:226,0
DA:227,0
DA:228,0
DA:229,0
DA:230,0
DA:231,0
DA:232,0
DA:233,0
DA:234,0
DA:238,0
DA:239,0
DA:240,0
DA:241,0
DA:242,0
DA:243,0
DA:244,0
DA:245,0
DA:246,0
DA:247,0
DA:250,0
DA:251,0
DA:252,0
DA:253,0
DA:254,0
DA:255,0
DA:256,0
DA:257,0
DA:259,0
DA:265,0
DA:266,0
DA:268,0
DA:275,0
LF:167
LH:20
FN:20,22,_extract_source_placeholders
FNDA:0,_extract_source_placeholders
FN:25,51,_extract_json
FNDA:0,_extract_json
FN:61,75,HumanizerAgent.__init__
FNDA:1,HumanizerAgent.__init__
FN:77,88,HumanizerAgent._score_section
FNDA:0,HumanizerAgent._score_section
FN:90,116,HumanizerAgent._rewrite_section
FNDA:0,HumanizerAgent._rewrite_section
FN:118,275,HumanizerAgent.run
FNDA:0,HumanizerAgent.run
FNF:6
FNH:1
end_of_record
SF:backend/services/blog_generator/agents/planner.py
DA:5,1
DA:6,1
DA:7,1
DA:8,1
DA:10,1
DA:12,1
DA:15,1
DA:20,1
DA:27,1
DA:29,1
DA:74,0
DA:75,0
DA:77,0
DA:78,0
DA:100,0
DA:102,0
DA:104,0
DA:105,0
DA:106,0
DA:108,0
DA:109,0
DA:111,0
DA:117,0
DA:118,0
DA:124,0
DA:125,0
DA:126,0
DA:127,0
DA:128,0
DA:129,0
DA:130,0
DA:131,0
DA:134,0
DA:135,0
DA:136,0
DA:137,0
DA:138,0
DA:139,0
DA:141,0
DA:144,0
DA:145,0
DA:146,0
DA:148,0
DA:149,0
DA:150,0
DA:152,0
DA:153,0
DA:154,0
DA:156,0
DA:159,0
DA:160,0
DA:161,0
DA:162,0
DA:165,0
DA:166,0
DA:167,0
DA:168,0
DA:169,0
DA:170,0
DA:173,0
DA:174,0
DA:175,0
DA:176,0
DA:177,0
DA:178,0
DA:180,0
DA:182,0
DA:183,0
DA:184,0
DA:185,0
DA:186,0
DA:187,0
DA:189,1
DA:190,1
DA:193,0
DA:194,0
DA:196,0
DA:197,0
DA:199,0
DA:206,0
DA:207,0
DA:210,0
DA:211,0
DA:212,0
DA:213,0
DA:214,0
DA:215,0
DA:216,0
DA:217,0
DA:218,0
DA:219,0
DA:220,0
DA:222,0
DA:223,0
DA:226,0
DA:227,0
DA:228,0
DA:229,0
DA:230,0
DA:232,0
DA:233,0
DA:234,0
DA:235,0
DA:237,0
DA:238,0
DA:239,0
DA:240,0
DA:241,0
DA:242,0
DA:246,0
DA:247,0
DA:248,0
DA:249,0
DA:250,0
DA:251,0
DA:252,0
DA:253,0
DA:255,0
DA:257,0
DA:259,1
DA:270,0
DA:272,0
DA:273,0
DA:296,0
DA:299,0
DA:300,0
DA:301,0
DA:302,0
DA:304,0
DA:306,0
DA:307,0
DA:308,0
DA:310,0
LF:133
LH:13
FN:20,27,PlannerAgent.__init__
FNDA:1,PlannerAgent.__init__
FN:29,187,PlannerAgent.generate_outline
FNDA:0,PlannerAgent.generate_outline
FN:106,109,PlannerAgent.generate_outline.on_chunk
FNDA:0,PlannerAgent.generate_outline.on_chunk
FN:190,257,PlannerAgent._repair_truncated_json
FNDA:0,PlannerAgent._repair_truncated_json
FN:259,310,PlannerAgent.run
FNDA:0,PlannerAgent.run
FNF:5
FNH:1
end_of_record
SF:backend/services/blog_generator/agents/questioner.py
DA:5,1
DA:6,1
DA:7,1
DA:8,1
DA:9,1
DA:11,1
DA:14,1
DA:16,1
DA:18,0
DA:19,0
DA:20,0
DA:22,1
DA:24,1
DA:26,1
DA:27,0
DA:28,0
DA:29,0
DA:30,0
DA:31,0
DA:33,1
DA:34,1
DA:35,1
DA:36,1
DA:37,1
DA:39,1
DA:42,1
DA:47,1
DA:54,1
DA:56,1
DA:57,1
DA:75,0
DA:76,0
DA:82,0
DA:83,0
DA:88,0
DA:89,0
DA:90,0
DA:96,0
DA:97,0
DA:103,0
DA:104,0
DA:105,0
DA:110,0
DA:111,0
DA:113,0
DA:119,1
DA:120,1
DA:143,1
DA:144,1
DA:151,1
DA:163,1
DA:164,1
DA:169,1
DA:170,1
DA:171,1
DA:173,1
DA:174,1
DA:176,1
DA:177,1
DA:182,1
DA:189,1
DA:191,1
DA:192,0
DA:193,0
DA:194,1
DA:195,1
DA:196,1
DA:198,1
DA:199,1
DA:210,0
DA:211,0
DA:212,0
DA:214,0
DA:215,0
DA:216,0
DA:217,0
DA:218,0
DA:219,0
DA:221,0
DA:222,0
DA:225,0
DA:226,0
DA:227,0
DA:228,0
DA:231,0
DA:232,0
DA:234,0
DA:235,0
DA:236,0
DA:238,0
DA:241,0
DA:242,0
DA:243,0
DA:244,0
DA:252,0
DA:254,0
DA:256,0
DA:257,0
DA:262,0
DA:268,0
DA:269,0
DA:270,0
DA:281,0
DA:283,0
DA:284,0
DA:286,0
DA:287,0
DA:288,0
DA:289,0
DA:292,0
DA:293,0
DA:294,0
DA:299,0
DA:305,0
DA:306,0
DA:307,0
DA:319,0
DA:320,0
DA:322,0
DA:323,0
DA:324,0
DA:325,0
DA:327,0
DA:333,0
DA:335,0
DA:336,0
DA:337,0
DA:339,0
DA:340,0
DA:342,0
DA:344,0
LF:131
LH:44
FN:16,20,_should_use_parallel
FNDA:0,_should_use_parallel
FN:24,37,_get_observe_decorator
FNDA:1,_get_observe_decorator
FN:33,36,_get_observe_decorator.noop_decorator
FNDA:1,_get_observe_decorator.noop_decorator
FN:34,35,_get_observe_decorator.noop_decorator.wrapper
FNDA:1,_get_observe_decorator.noop_decorator.wrapper
FN:47,54,QuestionerAgent.__init__
FNDA:1,QuestionerAgent.__init__
FN:57,117,QuestionerAgent.check_depth
FNDA:0,QuestionerAgent.check_depth
FN:120,196,QuestionerAgent.evaluate_section
FNDA:1,QuestionerAgent.evaluate_section
FN:199,344,QuestionerAgent.run
FNDA:0,QuestionerAgent.run
FN:254,279,QuestionerAgent.run.check_single_task
FNDA:0,QuestionerAgent.run.check_single_task
FNF:9
FNH:5
end_of_record
SF:backend/services/blog_generator/agents/researcher.py
DA:5,1
DA:6,1
DA:7,1
DA:8,1
DA:10,1
DA:12,1
DA:13,1
DA:14,1
DA:16,1
DA:19,1
DA:21,0
DA:22,0
DA:23,0
DA:24,0
DA:27,1
DA:33,1
DA:42,1
DA:43,1
DA:44,1
DA:45,1
DA:46,1
DA:49,1
DA:50,1
DA:51,1
DA:52,1
DA:54,0
DA:57,1
DA:58,1
DA:60,1
DA:61,1
DA:62,1
DA:63,1
DA:66,1
DA:67,1
DA:68,1
DA:69,1
DA:70,1
DA:71,1
DA:76,1
DA:77,0
DA:78,0
DA:81,1
DA:82,1
DA:83,1
DA:84,0
DA:85,0
DA:86,0
DA:90,0
DA:91,0
DA:92,0
DA:93,0
DA:95,1
DA:107,0
DA:113,0
DA:114,0
DA:116,0
DA:117,0
DA:118,0
DA:123,0
DA:128,0
DA:129,0
DA:130,0
DA:131,0
DA:133,0
DA:134,0
DA:135,0
DA:137,1
DA:150,0
DA:151,0
DA:157,0
DA:158,0
DA:160,0
DA:161,0
DA:162,0
DA:164,0
DA:165,0
DA:167,0
DA:168,0
DA:170,0
DA:171,0
DA:175,0
DA:176,0
DA:177,0
DA:179,0
DA:180,0
DA:181,0
DA:182,0
DA:183,0
DA:189,0
DA:193,0
DA:194,0
DA:197,0
DA:198,0
DA:199,0
DA:200,0
DA:201,0
DA:202,0
DA:203,0
DA:205,0
DA:208,0
DA:209,0
DA:217,0
DA:219,1
DA:232,0
DA:233,0
DA:239,0
DA:240,0
DA:242,0
DA:243,0
DA:244,0
DA:245,0
DA:247,0
DA:248,0
DA:254,0
DA:255,0
DA:256,0
DA:257,0
DA:260,0
DA:261,0
DA:269,0
DA:271,0
DA:272,0
DA:274,0
DA:275,0
DA:276,0
DA:278,1
DA:297,0
DA:298,0
DA:305,0
DA:306,0
DA:307,0
DA:314,0
DA:315,0
DA:317,0
DA:318,0
DA:325,0
DA:326,0
DA:332,0
DA:333,0
DA:334,0
DA:335,0
DA:336,0
DA:337,0
DA:338,0
DA:339,0
DA:340,0
DA:343,0
DA:344,0
DA:345,0
DA:346,0
DA:347,0
DA:350,0
DA:353,0
DA:355,0
DA:356,0
DA:357,0
DA:358,0
DA:359,0
DA:361,0
DA:362,0
DA:365,0
DA:366,0
DA:367,0
DA:368,0
DA:369,0
DA:370,0
DA:373,0
DA:381,0
DA:382,0
DA:383,0
DA:392,0
DA:394,0
DA:395,0
DA:396,0
DA:397,0
DA:400,0
DA:411,1
DA:422,0
DA:428,0
DA:429,0
DA:432,0
DA:433,0
DA:434,0
DA:439,0
DA:440,0
DA:442,0
DA:443,0
DA:448,0
DA:449,0
DA:455,0
DA:456,0
DA:457,0
DA:458,0
DA:459,0
DA:461,0
DA:464,0
DA:465,0
DA:466,0
DA:467,0
DA:470,0
DA:475,0
DA:476,0
DA:477,0
DA:484,0
DA:486,0
DA:487,0
DA:488,0
DA:490,1
DA:502,0
DA:507,0
DA:508,0
DA:511,0
DA:512,0
DA:518,0
DA:519,0
DA:521,0
DA:522,0
DA:530,0
DA:531,0
DA:537,0
DA:538,0
DA:539,0
DA:540,0
DA:541,0
DA:543,0
DA:546,0
DA:547,0
DA:548,0
DA:550,0
DA:554,0
DA:555,0
DA:563,0
DA:565,0
DA:566,0
DA:567,0
DA:569,1
DA:583,0
DA:584,0
DA:587,0
DA:588,0
DA:590,0
DA:593,0
DA:594,0
DA:595,0
DA:597,0
DA:599,0
DA:600,0
DA:603,0
DA:605,0
DA:606,0
DA:609,0
DA:610,0
DA:613,0
DA:615,0
DA:618,0
DA:624,0
DA:627,0
DA:633,0
DA:636,0
DA:641,0
DA:645,0
DA:646,0
DA:647,0
DA:652,0
DA:657,0
DA:660,0
DA:661,0
DA:662,0
DA:667,0
DA:673,0
DA:674,0
DA:675,0
DA:676,0
DA:679,0
DA:680,0
DA:681,0
DA:682,0
DA:683,0
DA:684,0
DA:685,0
DA:691,0
DA:692,0
DA:695,0
DA:696,0
DA:697,0
DA:698,0
DA:699,0
DA:700,0
DA:701,0
DA:703,0
DA:704,0
DA:705,0
DA:706,0
DA:715,0
DA:716,0
DA:719,0
DA:720,0
DA:721,0
DA:722,0
DA:723,0
DA:725,0
DA:726,0
DA:727,0
DA:729,0
DA:730,0
DA:731,0
DA:732,0
DA:733,0
DA:734,0
DA:735,0
DA:736,0
DA:738,0
DA:739,0
DA:743,0
DA:744,0
DA:748,0
DA:749,0
DA:760,0
DA:762,0
LF:319
LH:44
FN:19,24,_extract_domain
FNDA:0,_extract_domain
FN:33,93,ResearcherAgent.__init__
FNDA:1,ResearcherAgent.__init__
FN:95,135,ResearcherAgent.generate_search_queries
FNDA:0,ResearcherAgent.generate_search_queries
FN:137,217,ResearcherAgent.search
FNDA:0,ResearcherAgent.search
FN:219,276,ResearcherAgent._smart_search
FNDA:0,ResearcherAgent._smart_search
FN:278,409,ResearcherAgent.summarize
FNDA:0,ResearcherAgent.summarize
FN:411,488,ResearcherAgent.distill
FNDA:0,ResearcherAgent.distill
FN:490,567,ResearcherAgent.analyze_gaps
FNDA:0,ResearcherAgent.analyze_gaps
FN:569,762,ResearcherAgent.run
FNDA:0,ResearcherAgent.run
FNF:9
FNH:1
end_of_record
SF:backend/services/blog_generator/agents/reviewer.py
DA:9,1
DA:10,1
DA:11,1
DA:13,1
DA:15,1
DA:18,1
DA:20,1
DA:21,1
DA:22,0
DA:23,0
DA:24,0
DA:25,0
DA:27,0
DA:28,1
DA:29,0
DA:30,0
DA:31,0
DA:32,0
DA:34,0
DA:35,1
DA:36,1
DA:37,0
DA:38,0
DA:41,1
DA:44,1
DA:45,1
DA:47,1
DA:55,1
DA:56,1
DA:63,1
DA:65,1
DA:66,1
DA:71,1
DA:73,1
DA:74,1
DA:76,1
DA:77,1
DA:79,1
DA:86,0
DA:87,0
DA:88,0
DA:95,1
DA:97,1
DA:98,0
DA:99,0
DA:100,0
DA:101,0
DA:102,0
DA:104,1
DA:105,1
DA:106,1
DA:107,1
DA:108,1
DA:109,1
DA:110,1
DA:112,1
DA:115,1
DA:116,1
DA:117,1
DA:118,1
DA:120,1
DA:122,1
DA:123,1
DA:125,1
DA:126,0
DA:127,1
DA:128,0
DA:130,1
DA:137,1
DA:138,1
DA:139,1
DA:141,1
DA:143,1
DA:144,0
DA:145,0
DA:147,1
LF:76
LH:52
FN:18,38,_extract_json
FNDA:1,_extract_json
FN:44,45,ReviewerAgent.__init__
FNDA:1,ReviewerAgent.__init__
FN:47,93,ReviewerAgent.review
FNDA:1,ReviewerAgent.review
FN:95,147,ReviewerAgent.run
FNDA:1,ReviewerAgent.run
FNF:4
FNH:4
end_of_record
SF:backend/services/blog_generator/agents/search_coordinator.py
DA:6,1
DA:7,1
DA:8,1
DA:9,1
DA:11,1
DA:12,1
DA:14,1
DA:17,1
DA:28,1
DA:36,1
DA:37,1
DA:40,1
DA:41,1
DA:42,1
DA:43,1
DA:44,1
DA:45,1
DA:46,0
DA:47,0
DA:49,1
DA:51,0
DA:52,0
DA:53,0
DA:55,1
DA:77,0
DA:78,0
DA:85,0
DA:86,0
DA:91,0
DA:92,0
DA:94,0
DA:95,0
DA:96,0
DA:98,0
DA:100,0
DA:101,0
DA:102,0
DA:104,1
DA:122,0
DA:123,0
DA:124,0
DA:130,0
DA:131,0
DA:132,0
DA:138,0
DA:139,0
DA:140,0
DA:143,0
DA:144,0
DA:145,0
DA:146,0
DA:148,0
DA:149,0
DA:150,0
DA:152,0
DA:153,0
DA:154,0
DA:155,0
DA:156,0
DA:157,0
DA:160,0
DA:161,0
DA:164,0
DA:165,0
DA:171,0
DA:174,0
DA:177,0
DA:180,0
DA:181,0
DA:182,0
DA:184,0
DA:186,0
DA:192,1
DA:194,0
DA:195,0
DA:197,0
DA:198,0
DA:199,0
DA:200,0
DA:201,0
DA:203,0
DA:205,1
DA:220,0
DA:221,0
DA:224,0
DA:225,0
DA:227,0
DA:228,0
DA:231,0
DA:232,0
DA:233,0
DA:235,0
DA:237,1
DA:247,0
DA:248,0
DA:249,0
DA:251,0
DA:252,0
DA:253,0
DA:254,0
DA:255,0
DA:258,0
DA:263,0
DA:264,0
DA:266,0
DA:269,0
DA:270,0
DA:271,0
DA:277,0
DA:278,0
DA:279,0
DA:284,0
DA:286,0
DA:293,0
DA:295,0
LF:115
LH:23
FN:28,47,SearchCoordinator.__init__
FNDA:1,SearchCoordinator.__init__
FN:49,53,SearchCoordinator.can_search
FNDA:0,SearchCoordinator.can_search
FN:55,102,SearchCoordinator.detect_knowledge_gaps
FNDA:0,SearchCoordinator.detect_knowledge_gaps
FN:104,190,SearchCoordinator.refine_search
FNDA:0,SearchCoordinator.refine_search
FN:192,203,SearchCoordinator._deduplicate_results
FNDA:0,SearchCoordinator._deduplicate_results
FN:205,235,SearchCoordinator._summarize_results
FNDA:0,SearchCoordinator._summarize_results
FN:237,295,SearchCoordinator.run
FNDA:0,SearchCoordinator.run
FNF:7
FNH:1
end_of_record
SF:backend/services/blog_generator/agents/summary_generator.py
DA:11,1
DA:12,1
DA:13,1
DA:15,1
DA:17,1
DA:20,1
DA:22,0
DA:23,0
DA:24,0
DA:25,0
DA:26,0
DA:27,0
DA:29,0
DA:30,0
DA:31,0
DA:32,0
DA:33,0
DA:34,0
DA:36,0
DA:37,0
DA:38,0
DA:39,0
DA:40,0
DA:42,1
DA:45,1
DA:46,1
DA:48,1
DA:51,0
DA:52,0
DA:57,0
DA:61,0
DA:62,0
DA:63,0
DA:65,1
DA:67,0
DA:68,0
DA:70,0
DA:71,0
DA:72,0
DA:73,0
DA:75,0
DA:76,0
DA:80,0
DA:81,0
DA:82,0
DA:83,0
DA:84,0
DA:87,0
DA:88,0
DA:89,0
DA:90,0
DA:93,0
DA:94,0
DA:95,0
DA:97,0
DA:103,0
LF:56
LH:11
FN:20,40,_extract_json
FNDA:0,_extract_json
FN:45,46,SummaryGeneratorAgent.__init__
FNDA:1,SummaryGeneratorAgent.__init__
FN:48,63,SummaryGeneratorAgent.generate
FNDA:0,SummaryGeneratorAgent.generate
FN:65,103,SummaryGeneratorAgent.run
FNDA:0,SummaryGeneratorAgent.run
FNF:4
FNH:1
end_of_record
SF:backend/services/blog_generator/agents/thread_checker.py
DA:8,1
DA:9,1
DA:10,1
DA:12,1
DA:14,1
DA:17,1
DA:19,0
DA:20,0
DA:21,0
DA:22,0
DA:23,0
DA:24,0
DA:25,0
DA:26,0
DA:27,0
DA:28,0
DA:29,0
DA:30,0
DA:31,0
DA:32,0
DA:33,0
DA:36,1
DA:38,0
DA:39,0
DA:40,0
DA:41,0
DA:42,0
DA:43,0
DA:46,1
DA:53,1
DA:54,1
DA:56,1
DA:58,0
DA:60,0
DA:61,0
DA:62,0
DA:63,0
DA:64,0
DA:66,0
DA:67,0
DA:68,0
DA:69,0
DA:70,0
DA:75,0
DA:82,0
DA:86,0
DA:87,0
DA:88,0
DA:90,1
DA:92,0
DA:93,0
DA:94,0
DA:96,0
DA:97,0
DA:98,0
DA:99,0
DA:100,0
DA:102,0
DA:103,0
DA:105,0
DA:106,0
DA:107,0
DA:108,0
DA:109,0
DA:110,0
DA:113,0
DA:114,0
DA:115,0
DA:124,0
DA:125,0
DA:129,0
LF:71
LH:12
FN:17,33,_extract_json
FNDA:0,_extract_json
FN:36,43,_build_document
FNDA:0,_build_document
FN:53,54,ThreadCheckerAgent.__init__
FNDA:1,ThreadCheckerAgent.__init__
FN:56,88,ThreadCheckerAgent.check
FNDA:0,ThreadCheckerAgent.check
FN:90,129,ThreadCheckerAgent.run
FNDA:0,ThreadCheckerAgent.run
FNF:5
FNH:1
end_of_record
SF:backend/services/blog_generator/agents/voice_checker.py
DA:8,1
DA:9,1
DA:10,1
DA:12,1
DA:14,1
DA:17,1
DA:19,0
DA:20,0
DA:21,0
DA:22,0
DA:23,0
DA:24,0
DA:25,0
DA:26,0
DA:27,0
DA:28,0
DA:29,0
DA:30,0
DA:31,0
DA:32,0
DA:33,0
DA:36,1
DA:38,0
DA:39,0
DA:40,0
DA:41,0
DA:42,0
DA:43,0
DA:44,0
DA:47,1
DA:54,1
DA:55,1
DA:57,1
DA:59,0
DA:61,0
DA:66,0
DA:70,0
DA:71,0
DA:72,0
DA:74,1
DA:76,0
DA:77,0
DA:78,0
DA:80,0
DA:81,0
DA:82,0
DA:83,0
DA:84,0
DA:86,0
DA:87,0
DA:89,0
DA:90,0
DA:91,0
DA:92,0
DA:93,0
DA:94,0
DA:97,0
DA:98,0
DA:99,0
DA:108,0
DA:109,0
DA:113,0
LF:62
LH:12
FN:17,33,_extract_json
FNDA:0,_extract_json
FN:36,44,_build_document
FNDA:0,_build_document
FN:54,55,VoiceCheckerAgent.__init__
FNDA:1,VoiceCheckerAgent.__init__
FN:57,72,VoiceCheckerAgent.check
FNDA:0,VoiceCheckerAgent.check
FN:74,113,VoiceCheckerAgent.run
FNDA:0,VoiceCheckerAgent.run
FNF:5
FNH:1
end_of_record
SF:backend/services/blog_generator/agents/writer.py
DA:5,1
DA:6,1
DA:7,1
DA:8,1
DA:9,1
DA:11,1
DA:14,1
DA:16,1
DA:18,1
DA:19,1
DA:20,0
DA:22,1
DA:25,1
DA:27,1
DA:28,0
DA:29,0
DA:30,0
DA:31,0
DA:32,0
DA:33,0
DA:34,0
DA:35,1
DA:37,1
DA:39,1
DA:40,0
DA:41,0
DA:42,0
DA:43,0
DA:44,0
DA:46,1
DA:47,1
DA:48,1
DA:49,1
DA:50,1
DA:52,1
DA:53,1
DA:56,1
DA:61,1
DA:68,1
DA:69,1
DA:70,1
DA:73,1
DA:74,1
DA:75,1
DA:76,1
DA:77,1
DA:78,1
DA:79,1
DA:80,1
DA:81,1
DA:82,1
DA:83,0
DA:84,0
DA:86,1
DA:88,1
DA:89,0
DA:90,1
DA:91,1
DA:92,1
DA:93,1
DA:94,0
DA:95,0
DA:96,0
DA:97,0
DA:98,0
DA:105,1
DA:106,1
DA:139,1
DA:140,1
DA:141,1
DA:142,0
DA:143,0
DA:145,0
DA:146,0
DA:147,0
DA:148,0
DA:149,0
DA:150,0
DA:152,1
DA:153,1
DA:168,1
DA:171,1
DA:172,1
DA:173,1
DA:175,1
DA:177,1
DA:178,1
DA:179,0
DA:180,0
DA:181,0
DA:183,0
DA:184,0
DA:190,0
DA:195,1
DA:199,1
DA:207,1
DA:208,1
DA:209,1
DA:211,1
DA:212,1
DA:232,0
DA:233,0
DA:235,0
DA:236,0
DA:237,0
DA:239,0
DA:240,0
DA:246,0
DA:247,0
DA:248,0
DA:250,0
DA:251,0
DA:254,0
DA:256,0
DA:257,0
DA:258,0
DA:260,1
DA:261,1
DA:282,0
DA:283,0
DA:285,0
DA:286,0
DA:287,0
DA:289,0
DA:290,0
DA:297,0
DA:298,0
DA:299,0
DA:300,0
DA:302,0
DA:303,0
DA:308,0
DA:309,0
DA:310,0
DA:311,0
DA:313,0
DA:314,0
DA:316,0
DA:317,0
DA:318,0
DA:320,1
DA:321,1
DA:339,1
DA:340,1
DA:341,1
DA:342,1
DA:344,1
DA:349,1
DA:350,1
DA:357,1
DA:358,1
DA:361,1
DA:362,1
DA:365,1
DA:366,0
DA:367,1
DA:368,1
DA:369,1
DA:371,1
DA:372,1
DA:383,1
DA:384,0
DA:385,0
DA:387,1
DA:388,1
DA:389,0
DA:390,0
DA:391,0
DA:392,0
DA:394,1
DA:395,1
DA:396,1
DA:397,1
DA:398,1
DA:399,1
DA:400,1
DA:402,1
DA:403,0
DA:404,0
DA:405,0
DA:408,1
DA:409,1
DA:410,1
DA:411,1
DA:413,1
DA:414,0
DA:415,0
DA:417,1
DA:418,0
DA:419,0
DA:421,1
DA:438,1
DA:439,1
DA:441,1
DA:442,1
DA:443,0
DA:445,1
DA:448,1
DA:450,1
DA:452,0
DA:453,0
DA:467,0
DA:472,0
DA:473,0
DA:474,0
DA:481,1
DA:483,0
DA:484,0
DA:486,0
DA:487,0
DA:488,0
DA:489,0
DA:491,0
DA:492,0
DA:495,1
DA:496,1
DA:497,1
DA:511,1
DA:516,1
DA:517,1
DA:518,1
DA:519,1
DA:527,1
DA:528,1
DA:529,1
DA:530,1
DA:532,1
DA:533,1
DA:535,1
LF:229
LH:127
FN:16,20,_should_use_parallel
FNDA:1,_should_use_parallel
FN:25,35,_get_langfuse_client
FNDA:1,_get_langfuse_client
FN:37,50,_get_observe_decorator
FNDA:1,_get_observe_decorator
FN:46,49,_get_observe_decorator.noop_decorator
FNDA:1,_get_observe_decorator.noop_decorator
FN:47,48,_get_observe_decorator.noop_decorator.wrapper
FNDA:1,_get_observe_decorator.noop_decorator.wrapper
FN:61,84,WriterAgent.__init__
FNDA:1,WriterAgent.__init__
FN:86,103,WriterAgent._apply_template_and_style
FNDA:1,WriterAgent._apply_template_and_style
FN:106,209,WriterAgent.write_section
FNDA:1,WriterAgent.write_section
FN:181,188,WriterAgent.write_section.on_writing_chunk
FNDA:0,WriterAgent.write_section.on_writing_chunk
FN:212,258,WriterAgent.enhance_section
FNDA:0,WriterAgent.enhance_section
FN:261,318,WriterAgent.correct_section
FNDA:0,WriterAgent.correct_section
FN:321,369,WriterAgent.improve_section
FNDA:1,WriterAgent.improve_section
FN:372,535,WriterAgent.run
FNDA:1,WriterAgent.run
FN:450,479,WriterAgent.run.write_single_task
FNDA:0,WriterAgent.run.write_single_task
FNF:14
FNH:10
end_of_record
SF:backend/services/blog_generator/blog_service.py
DA:5,1
DA:6,1
DA:7,1
DA:8,1
DA:9,1
DA:10,1
DA:11,1
DA:13,1
DA:15,1
DA:16,1
DA:17,1
DA:18,1
DA:19,1
DA:20,1
DA:23,1
DA:25,1
DA:28,1
DA:31,1
DA:36,1
DA:45,1
DA:46,1
DA:51,1
DA:54,1
DA:56,1
DA:67,0
DA:85,0
DA:86,0
DA:87,0
DA:88,0
DA:89,0
DA:90,0
DA:91,0
DA:92,0
DA:93,0
DA:94,0
DA:95,0
DA:96,0
DA:97,0
DA:99,1
DA:101,0
DA:102,0
DA:103,0
DA:104,0
DA:105,0
DA:107,1
DA:119,1
DA:121,1
DA:135,1
DA:136,1
DA:137,1
DA:138,1
DA:141,1
DA:142,0
DA:144,1
DA:147,1
DA:148,0
DA:149,0
DA:150,0
DA:151,0
DA:152,0
DA:153,0
DA:155,0
DA:156,0
DA:157,0
DA:165,0
DA:173,0
DA:174,0
DA:176,1
DA:177,1
DA:178,1
DA:179,1
DA:181,1
DA:193,0
DA:196,0
DA:197,0
DA:198,0
DA:199,0
DA:201,0
DA:209,0
DA:210,0
DA:238,0
DA:239,0
DA:244,0
DA:245,0
DA:246,0
DA:247,0
DA:248,0
DA:249,0
DA:252,0
DA:264,1
DA:285,1
DA:293,1
DA:336,0
DA:338,0
DA:340,0
DA:341,0
DA:342,0
DA:343,0
DA:363,0
DA:384,0
DA:387,0
DA:388,0
DA:389,0
DA:391,1
DA:414,0
DA:415,0
DA:418,0
DA:419,0
DA:420,0
DA:421,0
DA:422,0
DA:424,0
DA:425,0
DA:427,0
DA:428,0
DA:429,0
DA:430,0
DA:431,0
DA:437,0
DA:439,0
DA:441,0
DA:442,0
DA:443,0
DA:445,0
DA:446,0
DA:447,0
DA:451,0
DA:453,0
DA:454,0
DA:455,0
DA:456,0
DA:457,0
DA:458,0
DA:462,0
DA:463,0
DA:464,0
DA:466,0
DA:467,0
DA:468,0
DA:472,0
DA:474,0
DA:475,0
DA:479,0
DA:480,0
DA:481,0
DA:484,0
DA:485,0
DA:499,0
DA:500,0
DA:501,0
DA:502,0
DA:505,0
DA:506,0
DA:509,0
DA:512,0
DA:513,0
DA:514,0
DA:515,0
DA:516,0
DA:517,0
DA:518,0
DA:521,0
DA:522,0
DA:523,0
DA:524,0
DA:525,0
DA:526,0
DA:527,0
DA:528,0
DA:529,0
DA:530,0
DA:531,0
DA:532,0
DA:533,0
DA:534,0
DA:535,0
DA:536,0
DA:539,0
DA:540,0
DA:541,0
DA:542,0
DA:543,0
DA:544,0
DA:545,0
DA:546,0
DA:549,0
DA:550,0
DA:551,0
DA:552,0
DA:553,0
DA:559,0
DA:560,0
DA:561,0
DA:563,0
DA:565,0
DA:566,0
DA:573,0
DA:574,0
DA:575,0
DA:581,0
DA:603,0
DA:604,0
DA:605,0
DA:606,0
DA:607,0
DA:608,0
DA:611,0
DA:612,0
DA:613,0
DA:614,0
DA:619,0
DA:622,0
DA:623,0
DA:624,0
DA:630,0
DA:633,0
DA:635,0
DA:639,0
DA:640,0
DA:641,0
DA:642,0
DA:643,0
DA:649,0
DA:650,0
DA:651,0
DA:654,0
DA:676,0
DA:679,0
DA:681,0
DA:682,0
DA:683,0
DA:684,0
DA:688,0
DA:690,0
DA:691,0
DA:693,0
DA:695,0
DA:701,0
DA:708,0
DA:710,0
DA:711,0
DA:712,0
DA:715,0
DA:716,0
DA:717,0
DA:718,0
DA:719,0
DA:720,0
DA:727,0
DA:728,0
DA:729,0
DA:730,0
DA:731,0
DA:732,0
DA:733,0
DA:734,0
DA:735,0
DA:736,0
DA:737,0
DA:738,0
DA:744,0
DA:752,0
DA:764,0
DA:766,0
DA:767,0
DA:768,0
DA:786,0
DA:788,0
DA:789,0
DA:790,0
DA:792,0
DA:793,0
DA:794,0
DA:805,0
DA:806,0
DA:807,0
DA:808,0
DA:809,0
DA:814,0
DA:816,0
DA:818,0
DA:819,0
DA:820,0
DA:821,0
DA:832,0
DA:834,0
DA:835,0
DA:836,0
DA:837,0
DA:838,0
DA:849,0
DA:851,0
DA:852,0
DA:860,0
DA:862,0
DA:863,0
DA:871,0
DA:873,0
DA:874,0
DA:875,0
DA:876,0
DA:877,0
DA:885,0
DA:887,0
DA:888,0
DA:896,0
DA:898,0
DA:899,0
DA:907,0
DA:909,0
DA:910,0
DA:911,0
DA:912,0
DA:913,0
DA:921,0
DA:923,0
DA:924,0
DA:925,0
DA:926,0
DA:927,0
DA:935,0
DA:937,0
DA:938,0
DA:939,0
DA:948,0
DA:950,0
DA:951,0
DA:960,0
DA:961,0
DA:962,0
DA:964,0
DA:965,0
DA:966,0
DA:967,0
DA:968,0
DA:969,0
DA:972,0
DA:973,0
DA:980,0
DA:997,0
DA:998,0
DA:1001,0
DA:1004,0
DA:1005,0
DA:1007,0
DA:1008,0
DA:1018,0
DA:1019,0
DA:1020,0
DA:1023,0
DA:1024,0
DA:1027,0
DA:1028,0
DA:1029,0
DA:1031,0
DA:1033,0
DA:1036,0
DA:1037,0
DA:1038,0
DA:1040,0
DA:1041,0
DA:1042,0
DA:1043,0
DA:1044,0
DA:1045,0
DA:1046,0
DA:1047,0
DA:1048,0
DA:1050,0
DA:1052,0
DA:1053,0
DA:1061,0
DA:1062,0
DA:1063,0
DA:1065,0
DA:1066,0
DA:1076,0
DA:1077,0
DA:1078,0
DA:1079,0
DA:1080,0
DA:1081,0
DA:1082,0
DA:1083,0
DA:1084,0
DA:1085,0
DA:1086,0
DA:1087,0
DA:1088,0
DA:1089,0
DA:1097,0
DA:1098,0
DA:1099,0
DA:1100,0
DA:1101,0
DA:1120,0
DA:1123,0
DA:1124,0
DA:1126,0
DA:1127,0
DA:1134,0
DA:1136,0
DA:1137,0
DA:1138,0
DA:1139,0
DA:1140,0
DA:1142,0
DA:1143,0
DA:1146,0
DA:1147,0
DA:1148,0
DA:1149,0
DA:1150,0
DA:1151,0
DA:1152,0
DA:1155,0
DA:1156,0
DA:1157,0
DA:1162,0
DA:1163,0
DA:1164,0
DA:1165,0
DA:1166,0
DA:1167,0
DA:1170,0
DA:1171,0
DA:1185,0
DA:1186,0
DA:1187,0
DA:1188,0
DA:1189,0
DA:1190,0
DA:1191,0
DA:1192,0
DA:1194,0
DA:1196,0
DA:1202,0
DA:1203,0
DA:1204,0
DA:1205,0
DA:1206,0
DA:1207,0
DA:1208,0
DA:1209,0
DA:1210,0
DA:1211,0
DA:1215,0
DA:1218,0
DA:1219,0
DA:1220,0
DA:1222,1
DA:1235,0
DA:1236,0
DA:1237,0
DA:1239,0
DA:1240,0
DA:1241,0
DA:1242,0
DA:1243,0
DA:1244,0
DA:1245,0
DA:1246,0
DA:1247,0
DA:1248,0
DA:1249,0
DA:1250,0
DA:1253,0
DA:1254,0
DA:1255,0
DA:1260,0
DA:1266,0
DA:1284,0
DA:1286,0
DA:1288,0
DA:1290,0
DA:1291,0
DA:1292,0
DA:1296,0
DA:1298,0
DA:1299,0
DA:1301,0
DA:1302,0
DA:1307,0
DA:1314,0
DA:1315,0
DA:1316,0
DA:1317,0
DA:1329,0
DA:1330,0
DA:1331,0
DA:1332,0
DA:1333,0
DA:1334,0
DA:1335,0
DA:1345,0
DA:1346,0
DA:1347,0
DA:1348,0
DA:1349,0
DA:1354,0
DA:1356,0
DA:1358,0
DA:1359,0
DA:1360,0
DA:1361,0
DA:1362,0
DA:1370,0
DA:1372,0
DA:1373,0
DA:1374,0
DA:1375,0
DA:1376,0
DA:1384,0
DA:1386,0
DA:1387,0
DA:1388,0
DA:1389,0
DA:1390,0
DA:1398,0
DA:1399,0
DA:1400,0
DA:1401,0
DA:1410,0
DA:1411,0
DA:1412,0
DA:1421,0
DA:1424,0
DA:1425,0
DA:1426,0
DA:1427,0
DA:1436,0
DA:1437,0
DA:1438,0
DA:1440,0
DA:1441,0
DA:1442,0
DA:1443,0
DA:1444,0
DA:1446,0
DA:1447,0
DA:1448,0
DA:1449,0
DA:1450,0
DA:1451,0
DA:1452,0
DA:1453,0
DA:1454,0
DA:1455,0
DA:1456,0
DA:1457,0
DA:1459,0
DA:1461,0
DA:1462,0
DA:1463,0
DA:1471,0
DA:1472,0
DA:1473,0
DA:1474,0
DA:1475,0
DA:1485,0
DA:1486,0
DA:1487,0
DA:1488,0
DA:1489,0
DA:1507,0
DA:1510,0
DA:1511,0
DA:1512,0
DA:1513,0
DA:1519,0
DA:1520,0
DA:1521,0
DA:1522,0
DA:1523,0
DA:1524,0
DA:1525,0
DA:1528,0
DA:1529,0
DA:1530,0
DA:1531,0
DA:1532,0
DA:1533,0
DA:1534,0
DA:1537,0
DA:1538,0
DA:1539,0
DA:1544,0
DA:1545,0
DA:1546,0
DA:1547,0
DA:1548,0
DA:1549,0
DA:1552,0
DA:1553,0
DA:1554,0
DA:1555,0
DA:1556,0
DA:1557,0
DA:1558,0
DA:1559,0
DA:1560,0
DA:1561,0
DA:1562,0
DA:1563,0
DA:1564,0
DA:1565,0
DA:1573,0
DA:1574,0
DA:1587,0
DA:1588,0
DA:1589,0
DA:1590,0
DA:1591,0
DA:1592,0
DA:1593,0
DA:1594,0
DA:1596,0
DA:1597,0
DA:1603,0
DA:1604,0
DA:1605,0
DA:1606,0
DA:1607,0
DA:1608,0
DA:1609,0
DA:1610,0
DA:1611,0
DA:1612,0
DA:1616,0
DA:1618,0
DA:1619,0
DA:1620,0
DA:1622,1
DA:1646,0
DA:1647,0
DA:1648,0
DA:1649,0
DA:1651,0
DA:1653,0
DA:1654,0
DA:1660,0
DA:1666,0
DA:1667,0
DA:1670,0
DA:1671,0
DA:1678,0
DA:1680,0
DA:1681,0
DA:1682,0
DA:1683,0
DA:1686,0
DA:1687,0
DA:1688,0
DA:1689,0
DA:1692,0
DA:1693,0
DA:1695,0
DA:1697,0
DA:1700,0
DA:1707,0
DA:1709,0
DA:1710,0
DA:1711,0
DA:1712,0
DA:1713,0
DA:1719,0
DA:1721,0
DA:1723,0
DA:1725,0
DA:1726,0
DA:1727,0
DA:1730,1
DA:1741,1
DA:1768,0
DA:1769,0
DA:1770,0
DA:1771,0
DA:1774,0
DA:1775,0
DA:1780,0
DA:1787,0
DA:1788,0
DA:1789,0
DA:1790,0
DA:1792,0
DA:1795,0
DA:1799,0
DA:1802,0
DA:1803,0
DA:1804,0
DA:1811,0
DA:1813,0
DA:1814,0
DA:1824,0
DA:1827,0
DA:1834,0
DA:1835,0
DA:1836,0
DA:1839,0
DA:1840,0
DA:1841,0
DA:1842,0
DA:1843,0
DA:1845,0
DA:1847,0
DA:1849,0
DA:1850,0
DA:1856,0
DA:1858,0
DA:1859,0
DA:1860,0
DA:1862,1
DA:1887,0
DA:1888,0
DA:1890,0
DA:1893,0
DA:1894,0
DA:1896,0
DA:1898,0
DA:1899,0
DA:1906,0
DA:1910,0
DA:1913,0
DA:1915,0
DA:1917,0
DA:1918,0
DA:1919,0
DA:1925,0
DA:1926,0
DA:1927,0
DA:1928,0
DA:1930,0
DA:1931,0
DA:1932,0
DA:1933,0
DA:1934,0
DA:1936,0
DA:1937,0
DA:1944,0
DA:1947,0
DA:1948,0
DA:1950,0
DA:1951,0
DA:1952,0
DA:1953,0
DA:1956,0
DA:1957,0
DA:1958,0
DA:1959,0
DA:1962,0
DA:1964,0
DA:1965,0
DA:1966,0
DA:1968,0
DA:1970,0
DA:1971,0
DA:1978,0
DA:1979,0
DA:1982,0
DA:1984,0
DA:1985,0
DA:1986,0
DA:1987,0
DA:1993,0
DA:1995,1
DA:2006,0
DA:2007,0
DA:2008,0
DA:2009,0
DA:2010,0
DA:2012,0
DA:2013,0
DA:2015,0
DA:2016,0
DA:2017,0
DA:2018,0
DA:2020,0
DA:2021,0
DA:2022,0
DA:2023,0
DA:2024,0
DA:2026,0
DA:2027,0
DA:2030,0
DA:2031,0
DA:2032,0
DA:2033,0
DA:2036,0
DA:2038,0
DA:2047,0
DA:2048,0
DA:2050,0
DA:2051,0
DA:2052,0
DA:2055,0
DA:2056,0
DA:2057,0
DA:2058,0
DA:2059,0
DA:2060,0
DA:2063,0
DA:2065,0
DA:2066,0
DA:2067,0
DA:2069,1
DA:2088,0
DA:2090,0
DA:2093,0
DA:2095,0
DA:2096,0
DA:2097,0
DA:2099,0
DA:2102,0
DA:2103,0
DA:2105,0
DA:2107,0
DA:2117,0
DA:2118,0
DA:2119,0
DA:2120,0
DA:2121,0
DA:2122,0
DA:2124,0
DA:2125,0
DA:2126,0
DA:2129,0
DA:2132,0
DA:2133,0
DA:2136,0
DA:2137,0
DA:2138,0
DA:2139,0
DA:2140,0
DA:2141,0
DA:2143,0
DA:2144,0
DA:2146,0
DA:2147,0
DA:2148,0
DA:2151,1
DA:2166,1
DA:2168,1
DA:2169,1
DA:2170,1
DA:2173,1
DA:2178,1
DA:2185,1
DA:2187,1
DA:2188,1
DA:2189,0
DA:2191,1
DA:2192,1
DA:2193,0
DA:2195,1
DA:2208,0
DA:2210,0
DA:2211,0
DA:2213,0
DA:2215,1
DA:2227,0
DA:2228,0
DA:2229,0
DA:2230,0
DA:2232,0
DA:2235,0
DA:2238,1
DA:2240,0
DA:2243,1
DA:2258,0
DA:2259,0
DA:2261,0
DA:2263,0
DA:2264,0
DA:2267,0
DA:2270,0
DA:2271,0
DA:2273,0
DA:2274,0
DA:2275,0
DA:2277,0
DA:2278,0
DA:2281,0
DA:2282,0
DA:2283,0
DA:2284,0
DA:2286,0
DA:2287,0
LF:887
LH:67
FN:36,54,BlogService.__init__
FNDA:1,BlogService.__init__
FN:56,97,BlogService.enhance_topic
FNDA:0,BlogService.enhance_topic
FN:99,105,BlogService._get_flask_app
FNDA:0,BlogService._get_flask_app
FN:107,119,BlogService.confirm_outline
FNDA:1,BlogService.confirm_outline
FN:121,179,BlogService.resume_generation
FNDA:1,BlogService.resume_generation
FN:147,174,BlogService.resume_generation.run_resume
FNDA:0,BlogService.resume_generation.run_resume
FN:181,262,BlogService.evaluate_article
FNDA:0,BlogService.evaluate_article
FN:264,291,BlogService.generate_sync
FNDA:1,BlogService.generate_sync
FN:293,389,BlogService.generate_async
FNDA:0,BlogService.generate_async
FN:336,384,BlogService.generate_async.run_in_thread
FNDA:0,BlogService.generate_async.run_in_thread
FN:391,1220,BlogService._run_generation
FNDA:0,BlogService._run_generation
FN:419,422,BlogService._run_generation.SSELogHandler.__init__
FNDA:0,BlogService._run_generation.SSELogHandler.__init__
FN:424,437,BlogService._run_generation.SSELogHandler.emit
FNDA:0,BlogService._run_generation.SSELogHandler.emit
FN:439,481,BlogService._run_generation.SSELogHandler._emit_structured_search_event
FNDA:0,BlogService._run_generation.SSELogHandler._emit_structured_search_event
FN:622,628,BlogService._run_generation.on_outline_stream
FNDA:0,BlogService._run_generation.on_outline_stream
FN:1222,1620,BlogService._run_resume
FNDA:0,BlogService._run_resume
FN:1622,1727,BlogService._generate_cover_image
FNDA:0,BlogService._generate_cover_image
FN:1741,1860,BlogService._generate_cover_video
FNDA:0,BlogService._generate_cover_video
FN:1802,1808,BlogService._generate_cover_video.progress_callback
FNDA:0,BlogService._generate_cover_video.progress_callback
FN:1862,1993,BlogService._generate_sequence_video
FNDA:0,BlogService._generate_sequence_video
FN:1915,1934,BlogService._generate_sequence_video.generate_veo3_video
FNDA:0,BlogService._generate_sequence_video.generate_veo3_video
FN:1995,2067,BlogService._merge_videos
FNDA:0,BlogService._merge_videos
FN:2069,2148,BlogService._save_markdown
FNDA:0,BlogService._save_markdown
FN:2151,2170,init_blog_service
FNDA:1,init_blog_service
FN:2178,2185,LLMClientAdapter.__init__
FNDA:1,LLMClientAdapter.__init__
FN:2188,2189,LLMClientAdapter.token_tracker
FNDA:0,LLMClientAdapter.token_tracker
FN:2192,2193,LLMClientAdapter.token_tracker
FNDA:0,LLMClientAdapter.token_tracker
FN:2195,2213,LLMClientAdapter.chat
FNDA:0,LLMClientAdapter.chat
FN:2215,2235,LLMClientAdapter.chat_stream
FNDA:0,LLMClientAdapter.chat_stream
FN:2238,2240,get_blog_service
FNDA:0,get_blog_service
FN:2243,2287,extract_article_summary
FNDA:0,extract_article_summary
FNF:31
FNH:6
end_of_record
SF:backend/services/blog_generator/generator.py
DA:5,1
DA:6,1
DA:7,1
DA:10,1
DA:12,0
DA:13,0
DA:14,0
DA:16,1
DA:17,1
DA:18,1
DA:20,1
DA:21,1
DA:22,1
DA:23,1
DA:24,1
DA:25,1
DA:26,1
DA:27,1
DA:28,1
DA:29,1
DA:30,1
DA:31,1
DA:32,1
DA:33,1
DA:34,1
DA:35,1
DA:36,1
DA:38,1
DA:41,1
DA:43,1
DA:44,1
DA:45,1
DA:46,1
DA:47,1
DA:48,1
DA:49,1
DA:52,1
DA:54,1
DA:55,1
DA:56,1
DA:58,1
DA:61,1
DA:68,1
DA:88,1
DA:89,1
DA:90,1
DA:91,1
DA:92,1
DA:95,1
DA:98,1
DA:99,1
DA:100,1
DA:101,1
DA:102,1
DA:103,1
DA:104,1
DA:105,1
DA:106,1
DA:109,1
DA:110,1
DA:111,1
DA:112,1
DA:113,1
DA:114,1
DA:117,1
DA:118,1
DA:119,1
DA:120,1
DA:123,1
DA:124,1
DA:127,1
DA:128,1
DA:129,1
DA:130,1
DA:131,1
DA:132,1
DA:133,0
DA:134,0
DA:137,1
DA:138,1
DA:140,1
DA:142,1
DA:143,1
DA:144,0
DA:145,0
DA:146,0
DA:147,0
DA:148,0
DA:149,0
DA:151,1
DA:158,1
DA:161,1
DA:162,1
DA:163,1
DA:165,1
DA:166,1
DA:167,1
DA:169,1
DA:170,1
DA:171,1
DA:172,1
DA:173,1
DA:174,1
DA:175,1
DA:176,1
DA:177,1
DA:178,1
DA:179,1
DA:180,1
DA:181,1
DA:184,1
DA:185,1
DA:186,1
DA:189,1
DA:192,1
DA:202,1
DA:203,1
DA:206,1
DA:214,1
DA:217,1
DA:225,1
DA:228,1
DA:229,1
DA:232,1
DA:240,1
DA:241,1
DA:242,1
DA:243,1
DA:244,1
DA:245,1
DA:247,1
DA:249,1
DA:251,0
DA:252,0
DA:253,0
DA:254,0
DA:255,0
DA:256,0
DA:258,1
DA:260,1
DA:261,1
DA:263,1
DA:264,1
DA:267,1
DA:268,1
DA:269,1
DA:270,1
DA:279,1
DA:282,1
DA:283,1
DA:284,1
DA:285,1
DA:286,1
DA:288,1
DA:290,1
DA:292,1
DA:294,0
DA:295,0
DA:296,0
DA:297,0
DA:298,0
DA:299,0
DA:301,0
DA:302,0
DA:303,0
DA:305,1
DA:307,0
DA:308,0
DA:309,0
DA:310,0
DA:312,1
DA:314,0
DA:315,0
DA:316,0
DA:318,0
DA:319,0
DA:321,0
DA:322,0
DA:324,0
DA:326,0
DA:328,1
DA:330,0
DA:331,0
DA:333,0
DA:335,0
DA:336,0
DA:337,0
DA:339,0
DA:340,0
DA:341,0
DA:343,0
DA:344,0
DA:347,0
DA:348,0
DA:349,0
DA:351,0
DA:352,0
DA:358,0
DA:359,0
DA:360,0
DA:361,0
DA:363,0
DA:364,0
DA:367,0
DA:369,0
DA:370,0
DA:371,0
DA:377,0
DA:380,0
DA:385,0
DA:386,0
DA:387,0
DA:393,0
DA:394,0
DA:396,0
DA:397,0
DA:398,0
DA:399,0
DA:400,0
DA:402,0
DA:403,0
DA:406,0
DA:408,0
DA:412,1
DA:414,0
DA:415,0
DA:417,1
DA:419,0
DA:420,0
DA:422,0
DA:423,0
DA:424,0
DA:427,0
DA:431,0
DA:433,0
DA:434,0
DA:435,0
DA:437,0
DA:438,0
DA:440,0
DA:441,0
DA:443,0
DA:446,0
DA:447,0
DA:448,0
DA:449,0
DA:452,0
DA:453,0
DA:454,0
DA:461,0
DA:464,0
DA:466,0
DA:467,0
DA:468,0
DA:469,0
DA:471,0
DA:478,0
DA:479,0
DA:481,0
DA:486,0
DA:487,0
DA:488,0
DA:494,0
DA:496,0
DA:497,0
DA:499,0
DA:500,0
DA:501,0
DA:502,0
DA:503,0
DA:504,0
DA:505,0
DA:508,0
DA:509,0
DA:510,0
DA:511,0
DA:512,0
DA:514,0
DA:521,0
DA:522,0
DA:524,0
DA:525,0
DA:526,0
DA:527,0
DA:528,0
DA:529,0
DA:531,0
DA:532,0
DA:535,0
DA:541,0
DA:545,1
DA:548,0
DA:549,0
DA:550,0
DA:551,0
DA:552,0
DA:553,0
DA:555,0
DA:556,0
DA:557,0
DA:558,0
DA:560,0
DA:561,0
DA:562,0
DA:564,0
DA:570,0
DA:571,0
DA:573,0
DA:574,0
DA:575,0
DA:580,0
DA:581,0
DA:583,0
DA:586,0
DA:589,0
DA:590,0
DA:596,0
DA:598,1
DA:600,1
DA:601,1
DA:603,1
DA:604,1
DA:605,1
DA:606,1
DA:609,1
DA:610,1
DA:613,1
DA:614,1
DA:615,1
DA:616,1
DA:618,1
DA:619,1
DA:621,1
DA:623,0
DA:624,0
DA:625,0
DA:626,0
DA:628,0
DA:629,0
DA:630,0
DA:631,0
DA:633,0
DA:634,0
DA:639,0
DA:640,0
DA:642,0
DA:643,0
DA:646,0
DA:649,0
DA:656,0
DA:658,1
DA:660,0
DA:662,0
DA:669,0
DA:670,0
DA:671,0
DA:673,0
DA:674,0
DA:675,0
DA:677,0
DA:678,0
DA:679,0
DA:682,0
DA:683,0
DA:686,0
DA:687,0
DA:688,0
DA:689,0
DA:690,0
DA:691,0
DA:693,0
DA:694,0
DA:695,0
DA:698,0
DA:699,0
DA:705,0
DA:707,1
DA:709,0
DA:710,0
DA:713,0
DA:714,0
DA:715,0
DA:716,0
DA:717,0
DA:720,0
DA:726,0
DA:728,1
DA:730,0
DA:731,0
DA:733,0
DA:734,0
DA:735,0
DA:738,0
DA:739,0
DA:740,0
DA:742,0
DA:743,0
DA:744,0
DA:746,0
DA:747,0
DA:750,0
DA:752,0
DA:753,0
DA:754,0
DA:755,0
DA:756,0
DA:757,0
DA:763,0
DA:764,0
DA:766,0
DA:769,0
DA:770,0
DA:771,0
DA:772,0
DA:773,0
DA:779,0
DA:782,0
DA:783,0
DA:784,0
DA:785,0
DA:786,0
DA:792,0
DA:797,0
DA:798,0
DA:799,0
DA:805,0
DA:806,0
DA:807,0
DA:808,0
DA:809,0
DA:810,0
DA:811,0
DA:812,0
DA:813,0
DA:814,0
DA:817,0
DA:818,0
DA:819,0
DA:820,0
DA:821,0
DA:827,0
DA:828,0
DA:829,0
DA:830,0
DA:831,0
DA:832,0
DA:835,0
DA:836,0
DA:838,0
DA:841,0
DA:842,0
DA:843,0
DA:844,0
DA:846,0
DA:847,0
DA:848,0
DA:855,0
DA:858,0
DA:859,0
DA:860,0
DA:861,0
DA:862,0
DA:873,0
DA:878,0
DA:879,0
DA:880,0
DA:886,0
DA:887,0
DA:888,0
DA:889,0
DA:890,0
DA:891,0
DA:892,0
DA:893,0
DA:894,0
DA:895,0
DA:898,0
DA:899,0
DA:900,0
DA:901,0
DA:902,0
DA:913,0
DA:914,0
DA:915,0
DA:916,0
DA:917,0
DA:918,0
DA:920,0
DA:921,0
DA:922,0
DA:924,1
DA:926,0
DA:928,0
DA:929,0
DA:930,0
DA:931,0
DA:932,0
DA:934,0
DA:935,0
DA:936,0
DA:938,0
DA:939,0
DA:940,0
DA:941,0
DA:943,0
DA:945,0
DA:947,0
DA:948,0
DA:949,0
DA:950,0
DA:951,0
DA:952,0
DA:953,0
DA:954,0
DA:955,0
DA:957,0
DA:958,0
DA:959,0
DA:960,0
DA:961,0
DA:962,0
DA:963,0
DA:964,0
DA:965,0
DA:966,0
DA:967,0
DA:968,0
DA:970,0
DA:971,0
DA:972,0
DA:973,0
DA:975,0
DA:976,0
DA:977,0
DA:978,0
DA:980,1
DA:982,1
DA:983,1
DA:984,1
DA:985,1
DA:987,1
DA:989,1
DA:991,1
DA:993,0
DA:994,0
DA:995,0
DA:996,0
DA:997,0
DA:998,0
DA:999,0
DA:1000,0
DA:1001,0
DA:1002,0
DA:1004,1
DA:1006,0
DA:1007,0
DA:1008,0
DA:1009,0
DA:1010,0
DA:1011,0
DA:1012,0
DA:1013,0
DA:1014,0
DA:1015,0
DA:1016,0
DA:1017,0
DA:1018,0
DA:1019,0
DA:1020,0
DA:1021,0
DA:1022,0
DA:1023,0
DA:1024,0
DA:1026,1
DA:1028,0
DA:1029,0
DA:1030,0
DA:1031,0
DA:1032,0
DA:1033,0
DA:1034,0
DA:1035,0
DA:1036,0
DA:1037,0
DA:1039,1
DA:1041,0
DA:1042,0
DA:1043,0
DA:1044,0
DA:1045,0
DA:1046,0
DA:1047,0
DA:1048,0
DA:1049,0
DA:1050,0
DA:1052,1
DA:1054,0
DA:1055,0
DA:1057,1
DA:1059,0
DA:1060,0
DA:1061,0
DA:1062,0
DA:1064,1
DA:1066,1
DA:1067,1
DA:1070,1
DA:1071,1
DA:1072,1
DA:1074,1
DA:1077,1
DA:1078,1
DA:1079,1
DA:1080,1
DA:1081,1
DA:1082,1
DA:1083,1
DA:1084,1
DA:1087,1
DA:1088,1
DA:1090,0
DA:1091,0
DA:1093,1
DA:1095,0
DA:1096,0
DA:1097,0
DA:1098,0
DA:1100,0
DA:1101,0
DA:1102,0
DA:1104,0
DA:1105,0
DA:1106,0
DA:1107,0
DA:1108,0
DA:1110,0
DA:1111,0
DA:1113,1
DA:1115,0
DA:1116,0
DA:1117,0
DA:1118,0
DA:1119,0
DA:1121,0
DA:1123,0
DA:1124,0
DA:1125,0
DA:1126,0
DA:1128,0
DA:1129,0
DA:1130,0
DA:1131,0
DA:1132,0
DA:1133,0
DA:1134,0
DA:1135,0
DA:1136,0
DA:1137,0
DA:1138,0
DA:1139,0
DA:1140,0
DA:1141,0
DA:1143,1
DA:1150,1
DA:1151,1
DA:1153,1
DA:1154,1
DA:1156,1
DA:1179,0
DA:1180,0
DA:1183,0
DA:1184,0
DA:1185,0
DA:1186,0
DA:1187,0
DA:1188,0
DA:1189,0
DA:1190,0
DA:1191,0
DA:1194,0
DA:1195,0
DA:1196,0
DA:1197,0
DA:1198,0
DA:1199,0
DA:1204,0
DA:1205,0
DA:1206,0
DA:1209,0
DA:1210,0
DA:1211,0
DA:1212,0
DA:1213,0
DA:1217,0
DA:1218,0
DA:1219,0
DA:1222,0
DA:1230,0
DA:1231,0
DA:1234,0
DA:1236,0
DA:1237,0
DA:1239,0
DA:1242,0
DA:1243,0
DA:1244,0
DA:1245,0
DA:1248,0
DA:1249,0
DA:1254,0
DA:1255,0
DA:1256,0
DA:1257,0
DA:1258,0
DA:1259,0
DA:1260,0
DA:1262,0
DA:1275,0
DA:1276,0
DA:1279,0
DA:1280,0
DA:1281,0
DA:1283,0
DA:1285,0
DA:1286,0
DA:1287,0
DA:1288,0
DA:1289,0
DA:1290,0
DA:1291,0
DA:1292,0
DA:1293,0
DA:1299,1
DA:1320,0
DA:1321,0
DA:1323,0
DA:1331,0
DA:1334,0
DA:1335,0
DA:1336,0
LF:740
LH:204
FN:10,14,_should_use_parallel
FNDA:0,_should_use_parallel
FN:41,49,_get_content_word_count
FNDA:1,_get_content_word_count
FN:52,58,_log_word_count_diff
FNDA:1,_log_word_count_diff
FN:68,138,BlogGenerator.__init__
FNDA:1,BlogGenerator.__init__
FN:140,149,BlogGenerator._validate_layer
FNDA:1,BlogGenerator._validate_layer
FN:151,247,BlogGenerator._build_workflow
FNDA:1,BlogGenerator._build_workflow
FN:249,256,BlogGenerator._researcher_node
FNDA:0,BlogGenerator._researcher_node
FN:258,290,BlogGenerator._planner_node
FNDA:1,BlogGenerator._planner_node
FN:292,303,BlogGenerator._writer_node
FNDA:0,BlogGenerator._writer_node
FN:305,310,BlogGenerator._check_knowledge_node
FNDA:0,BlogGenerator._check_knowledge_node
FN:312,326,BlogGenerator._refine_search_node
FNDA:0,BlogGenerator._refine_search_node
FN:328,408,BlogGenerator._enhance_with_knowledge_node
FNDA:0,BlogGenerator._enhance_with_knowledge_node
FN:367,391,BlogGenerator._enhance_with_knowledge_node.enhance_task
FNDA:0,BlogGenerator._enhance_with_knowledge_node.enhance_task
FN:412,415,BlogGenerator._questioner_node
FNDA:0,BlogGenerator._questioner_node
FN:417,541,BlogGenerator._deepen_content_node
FNDA:0,BlogGenerator._deepen_content_node
FN:464,492,BlogGenerator._deepen_content_node.enhance_single_task
FNDA:0,BlogGenerator._deepen_content_node.enhance_single_task
FN:545,596,BlogGenerator._section_evaluate_node
FNDA:0,BlogGenerator._section_evaluate_node
FN:598,619,BlogGenerator._should_improve_sections
FNDA:1,BlogGenerator._should_improve_sections
FN:621,656,BlogGenerator._section_improve_node
FNDA:0,BlogGenerator._section_improve_node
FN:658,705,BlogGenerator._coder_and_artist_node
FNDA:0,BlogGenerator._coder_and_artist_node
FN:669,671,BlogGenerator._coder_and_artist_node.run_coder
FNDA:0,BlogGenerator._coder_and_artist_node.run_coder
FN:673,675,BlogGenerator._coder_and_artist_node.run_artist
FNDA:0,BlogGenerator._coder_and_artist_node.run_artist
FN:707,726,BlogGenerator._reviewer_node
FNDA:0,BlogGenerator._reviewer_node
FN:728,922,BlogGenerator._revision_node
FNDA:0,BlogGenerator._revision_node
FN:782,803,BlogGenerator._revision_node.correct_single_task
FNDA:0,BlogGenerator._revision_node.correct_single_task
FN:924,978,BlogGenerator._consistency_check_node
FNDA:0,BlogGenerator._consistency_check_node
FN:980,985,BlogGenerator._get_style
FNDA:1,BlogGenerator._get_style
FN:987,989,BlogGenerator._is_enabled
FNDA:1,BlogGenerator._is_enabled
FN:991,1002,BlogGenerator._factcheck_node
FNDA:0,BlogGenerator._factcheck_node
FN:1004,1024,BlogGenerator._text_cleanup_node
FNDA:0,BlogGenerator._text_cleanup_node
FN:1026,1037,BlogGenerator._humanizer_node
FNDA:0,BlogGenerator._humanizer_node
FN:1039,1050,BlogGenerator._summary_generator_node
FNDA:0,BlogGenerator._summary_generator_node
FN:1052,1055,BlogGenerator._assembler_node
FNDA:0,BlogGenerator._assembler_node
FN:1057,1062,BlogGenerator._should_deepen
FNDA:0,BlogGenerator._should_deepen
FN:1064,1091,BlogGenerator._should_revise
FNDA:1,BlogGenerator._should_revise
FN:1093,1111,BlogGenerator._should_refine_search
FNDA:0,BlogGenerator._should_refine_search
FN:1113,1141,BlogGenerator._run_derivative_skills
FNDA:0,BlogGenerator._run_derivative_skills
FN:1143,1154,BlogGenerator.compile
FNDA:1,BlogGenerator.compile
FN:1156,1297,BlogGenerator.generate
FNDA:0,BlogGenerator.generate
FN:1299,1339,BlogGenerator.generate_stream
FNDA:0,BlogGenerator.generate_stream
FNF:40
FNH:11
end_of_record
SF:backend/services/blog_generator/image_enhancement.py
DA:11,1
DA:12,1
DA:13,1
DA:15,1
DA:17,1
DA:20,1
DA:23,1
DA:26,1
DA:28,1
DA:29,1
DA:30,1
DA:31,1
DA:32,1
DA:35,1
DA:38,1
DA:39,1
DA:41,1
DA:63,1
DA:64,1
DA:65,1
DA:66,1
DA:67,1
DA:70,1
DA:71,1
DA:72,1
DA:75,1
DA:81,1
DA:89,1
DA:91,1
DA:92,1
DA:99,1
DA:100,1
DA:101,1
DA:102,1
DA:103,1
DA:104,1
DA:105,1
DA:106,1
DA:107,1
DA:108,1
DA:109,1
DA:115,1
DA:122,1
DA:123,1
DA:124,1
DA:125,1
DA:127,1
DA:129,1
DA:130,0
DA:131,0
DA:135,1
DA:143,1
DA:150,1
DA:151,1
DA:152,1
DA:153,1
DA:155,0
DA:156,0
DA:158,0
DA:159,0
DA:160,0
LF:61
LH:54
FN:26,32,_get_mermaid_type
FNDA:1,_get_mermaid_type
FN:38,39,ImageEnhancementPipeline.__init__
FNDA:1,ImageEnhancementPipeline.__init__
FN:41,75,ImageEnhancementPipeline.enhance
FNDA:1,ImageEnhancementPipeline.enhance
FN:81,109,ImageEnhancementPipeline._code_to_prompt
FNDA:1,ImageEnhancementPipeline._code_to_prompt
FN:115,160,ImageEnhancementPipeline._generate_enhanced_image
FNDA:1,ImageEnhancementPipeline._generate_enhanced_image
FNF:5
FNH:5
end_of_record
SF:backend/services/blog_generator/orchestrator/__init__.py
end_of_record
SF:backend/services/blog_generator/orchestrator/declarative_engine.py
DA:8,1
DA:9,1
DA:11,1
DA:13,1
DA:16,1
DA:18,1
DA:19,1
DA:20,1
DA:21,1
DA:22,1
DA:23,1
DA:24,0
DA:25,1
DA:28,1
DA:31,1
DA:32,1
DA:34,1
DA:35,1
DA:37,1
DA:44,1
DA:45,1
DA:46,1
DA:48,1
DA:49,1
DA:50,0
DA:51,0
DA:54,1
DA:55,1
DA:57,1
DA:58,1
DA:59,1
DA:62,1
DA:68,1
DA:69,1
DA:70,1
DA:73,1
DA:74,1
DA:75,0
DA:77,1
LF:39
LH:35
FN:16,25,resolve_style_refs
FNDA:1,resolve_style_refs
FN:31,32,DeclarativeEngine.__init__
FNDA:1,DeclarativeEngine.__init__
[...]
FNDA:0,Veo3Service._get_result
FN:231,274,Veo3Service._wait_for_completion
FNDA:0,Veo3Service._wait_for_completion
FN:276,296,Veo3Service._upload_to_oss
FNDA:0,Veo3Service._upload_to_oss
FN:312,317,UnifiedVideoService.__init__
FNDA:1,UnifiedVideoService.__init__
FN:319,326,UnifiedVideoService.is_available
FNDA:1,UnifiedVideoService.is_available
FN:328,339,UnifiedVideoService._get_service_for_model
FNDA:0,UnifiedVideoService._get_service_for_model
FN:341,348,UnifiedVideoService._get_model_name
FNDA:0,UnifiedVideoService._get_model_name
FN:350,421,UnifiedVideoService.generate_from_image
FNDA:0,UnifiedVideoService.generate_from_image
FN:424,439,UnifiedVideoService.get_supported_models
FNDA:0,UnifiedVideoService.get_supported_models
FN:447,449,get_video_service
FNDA:1,get_video_service
FN:452,454,get_veo3_service
FNDA:0,get_veo3_service
FN:457,504,init_video_service
FNDA:1,init_video_service
FNF:17
FNH:6
end_of_record
SF:backend/services/xhs_service.py
DA:12,0
DA:13,0
DA:14,0
DA:15,0
DA:16,0
DA:17,0
DA:18,0
DA:20,0
DA:23,0
DA:24,0
DA:26,0
DA:27,0
DA:28,0
DA:31,0
DA:32,0
DA:34,0
DA:35,0
DA:36,0
DA:37,0
DA:38,0
DA:39,0
DA:40,0
DA:41,0
DA:42,0
DA:43,0
DA:46,0
DA:49,0
DA:65,0
DA:66,0
DA:67,0
DA:68,0
DA:71,0
DA:72,0
DA:75,0
DA:76,0
DA:77,0
DA:78,0
DA:79,0
DA:80,0
DA:82,0
DA:84,0
DA:108,0
DA:110,0
DA:113,0
DA:114,0
DA:115,0
DA:116,0
DA:117,0
DA:118,0
DA:119,0
DA:120,0
DA:123,0
DA:125,0
DA:126,0
DA:128,0
DA:129,0
DA:132,0
DA:135,0
DA:136,0
DA:138,0
DA:139,0
DA:144,0
DA:147,0
DA:150,0
DA:151,0
DA:153,0
DA:156,0
DA:157,0
DA:158,0
DA:159,0
DA:161,0
DA:162,0
DA:163,0
DA:164,0
DA:165,0
DA:167,0
DA:168,0
DA:170,0
DA:188,0
DA:190,0
DA:191,0
DA:192,0
DA:194,0
DA:195,0
DA:197,0
DA:199,0
DA:200,0
DA:201,0
DA:206,0
DA:208,0
DA:209,0
DA:210,0
DA:212,0
DA:214,0
DA:215,0
DA:216,0
DA:221,0
DA:222,0
DA:223,0
DA:224,0
DA:226,0
DA:228,0
DA:229,0
DA:232,0
DA:239,0
DA:240,0
DA:246,0
DA:249,0
DA:250,0
DA:252,0
DA:254,0
DA:264,0
DA:266,0
DA:267,0
DA:268,0
DA:269,0
DA:271,0
DA:272,0
DA:273,0
DA:274,0
DA:275,0
DA:276,0
DA:278,0
DA:280,0
DA:291,0
DA:292,0
DA:295,0
DA:296,0
DA:297,0
DA:298,0
DA:301,0
DA:302,0
DA:303,0
DA:304,0
DA:307,0
DA:308,0
DA:311,0
DA:313,0
DA:314,0
DA:315,0
DA:316,0
DA:317,0
DA:320,0
DA:321,0
DA:322,0
DA:323,0
DA:324,0
DA:329,0
DA:331,0
DA:337,0
DA:339,0
DA:359,0
DA:360,0
DA:361,0
DA:362,0
DA:365,0
DA:372,0
DA:373,0
DA:379,0
DA:381,0
DA:383,0
DA:394,0
DA:397,0
DA:399,0
DA:400,0
DA:402,0
DA:403,0
DA:405,0
DA:406,0
DA:409,0
DA:410,0
DA:412,0
DA:413,0
DA:415,0
DA:433,0
DA:434,0
DA:436,0
DA:438,0
DA:441,0
DA:443,0
DA:444,0
DA:447,0
DA:457,0
DA:458,0
DA:467,0
DA:468,0
DA:469,0
DA:470,0
DA:471,0
DA:473,0
DA:495,0
DA:496,0
DA:498,0
DA:500,0
DA:503,0
DA:516,0
DA:517,0
DA:519,0
DA:520,0
DA:524,0
DA:525,0
DA:527,0
DA:530,0
DA:531,0
DA:540,0
DA:541,0
DA:542,0
DA:543,0
DA:544,0
DA:546,0
DA:548,0
DA:549,0
DA:550,0
DA:552,0
DA:554,0
DA:557,0
DA:558,0
DA:566,0
DA:568,0
DA:569,0
DA:570,0
DA:571,0
DA:573,0
DA:575,0
DA:581,0
DA:582,0
DA:588,0
DA:590,0
DA:591,0
DA:592,0
DA:594,0
DA:596,0
DA:597,0
DA:598,0
DA:599,0
DA:600,0
DA:606,0
DA:614,0
DA:619,0
DA:620,0
DA:622,0
DA:626,0
DA:652,0
DA:653,0
DA:654,0
DA:655,0
DA:656,0
DA:667,0
DA:677,0
DA:678,0
DA:679,0
DA:680,0
DA:685,0
DA:686,0
DA:687,0
DA:689,0
DA:718,0
DA:720,0
DA:721,0
DA:723,0
DA:724,0
DA:727,0
DA:728,0
DA:731,0
DA:738,0
DA:739,0
DA:740,0
DA:743,0
DA:744,0
DA:745,0
DA:746,0
DA:747,0
DA:751,0
DA:752,0
DA:753,0
DA:754,0
DA:755,0
DA:756,0
DA:757,0
DA:758,0
DA:759,0
DA:762,0
DA:763,0
DA:764,0
DA:765,0
DA:767,0
DA:769,0
DA:775,0
DA:782,0
DA:788,0
DA:789,0
DA:790,0
DA:793,0
DA:794,0
DA:795,0
DA:796,0
DA:797,0
DA:798,0
DA:799,0
DA:800,0
DA:802,0
DA:803,0
DA:805,0
DA:806,0
DA:807,0
DA:808,0
DA:809,0
DA:812,0
DA:821,0
DA:828,0
DA:834,0
DA:835,0
DA:836,0
DA:838,0
DA:839,0
DA:840,0
DA:841,0
DA:844,0
DA:851,0
DA:858,0
DA:859,0
DA:860,0
DA:866,0
DA:867,0
DA:868,0
DA:870,0
DA:873,0
DA:885,0
DA:891,0
DA:898,0
DA:899,0
DA:900,0
DA:902,0
DA:910,0
DA:911,0
DA:914,0
DA:918,0
DA:925,0
DA:929,0
DA:930,0
DA:931,0
DA:934,0
DA:941,0
DA:942,0
DA:949,0
DA:956,0
DA:959,0
DA:960,0
DA:961,0
DA:962,0
DA:964,0
DA:967,0
DA:969,0
DA:976,0
DA:977,0
DA:978,0
DA:979,0
DA:980,0
DA:982,0
DA:988,0
DA:989,0
DA:991,0
DA:992,0
DA:994,0
DA:1000,0
DA:1007,0
DA:1008,0
DA:1009,0
DA:1010,0
DA:1011,0
DA:1021,0
DA:1022,0
DA:1023,0
DA:1026,0
DA:1032,0
DA:1048,0
DA:1050,0
DA:1051,0
DA:1052,0
DA:1058,0
DA:1083,0
DA:1085,0
DA:1088,0
DA:1097,0
DA:1107,0
DA:1108,0
DA:1110,0
DA:1112,0
DA:1116,0
DA:1119,0
DA:1127,0
DA:1133,0
DA:1136,0
DA:1138,0
LF:394
LH:0
FN:49,82,XHSService.__init__
FNDA:0,XHSService.__init__
FN:84,168,XHSService.generate_series
FNDA:0,XHSService.generate_series
FN:170,252,XHSService._generate_outline
FNDA:0,XHSService._generate_outline
FN:254,278,XHSService._format_search_results
FNDA:0,XHSService._format_search_results
FN:280,337,XHSService._parse_outline
FNDA:0,XHSService._parse_outline
FN:339,381,XHSService._generate_all_visual_prompts
FNDA:0,XHSService._generate_all_visual_prompts
FN:383,413,XHSService._parse_visual_prompts
FNDA:0,XHSService._parse_visual_prompts
FN:415,471,XHSService._generate_single_image_v2
FNDA:0,XHSService._generate_single_image_v2
FN:473,544,XHSService._generate_single_image
FNDA:0,XHSService._generate_single_image
FN:546,571,XHSService._generate_video
FNDA:0,XHSService._generate_video
FN:573,604,XHSService._generate_content
FNDA:0,XHSService._generate_content
FN:606,622,XHSService._call_llm_sync
FNDA:0,XHSService._call_llm_sync
FN:626,687,XHSService.generate_async
FNDA:0,XHSService.generate_async
FN:652,683,XHSService.generate_async.run_in_thread
FNDA:0,XHSService.generate_async.run_in_thread
FN:689,1055,XHSService._run_generation_with_sse
FNDA:0,XHSService._run_generation_with_sse
FN:718,721,XHSService._run_generation_with_sse.send_event
FNDA:0,XHSService._run_generation_with_sse.send_event
FN:727,728,XHSService._run_generation_with_sse.is_cancelled
FNDA:0,XHSService._run_generation_with_sse.is_cancelled
FN:914,956,XHSService._run_generation_with_sse.generate_image_with_progress
FNDA:0,XHSService._run_generation_with_sse.generate_image_with_progress
FN:1058,1112,XHSService.generate_explanation_video
FNDA:0,XHSService.generate_explanation_video
FN:1119,1133,init_xhs_service
FNDA:0,init_xhs_service
FN:1136,1138,get_xhs_service
FNDA:0,get_xhs_service
FNF:21
FNH:0
end_of_record
SF:backend/utils/__init__.py
end_of_record
SF:backend/utils/agent_runner.py
DA:15,1
DA:16,1
DA:17,1
DA:18,1
DA:20,1
DA:22,1
DA:25,1
DA:27,1
DA:28,1
DA:29,1
DA:30,1
DA:31,1
DA:32,1
DA:34,0
DA:35,1
DA:36,1
DA:37,1
DA:38,1
DA:39,1
DA:41,0
DA:42,1
DA:43,1
DA:44,1
DA:45,1
DA:48,1
DA:51,1
DA:52,1
DA:54,1
DA:60,1
DA:62,1
DA:81,1
DA:82,1
DA:84,1
DA:85,1
DA:86,1
DA:90,1
DA:91,0
DA:92,1
DA:93,1
DA:94,1
DA:95,1
DA:96,1
DA:100,0
DA:102,0
LF:44
LH:39
FN:25,45,extract_json
FNDA:1,extract_json
FN:51,52,AgentRunner.__init__
FNDA:1,AgentRunner.__init__
FN:54,60,AgentRunner.chat
FNDA:1,AgentRunner.chat
FN:62,102,AgentRunner.chat_json
FNDA:1,AgentRunner.chat_json
FNF:4
FNH:4
end_of_record
SF:backend/utils/context_compressor.py
DA:10,1
DA:11,1
DA:13,1
DA:16,1
DA:27,1
DA:28,1
DA:29,1
DA:33,1
DA:45,1
DA:46,1
DA:48,1
DA:53,1
DA:54,1
DA:55,1
DA:56,1
DA:58,1
DA:60,1
DA:61,1
DA:63,1
DA:65,1
DA:76,1
DA:77,1
DA:79,1
DA:80,1
DA:83,1
DA:85,1
DA:86,1
DA:87,1
DA:88,0
DA:90,1
DA:94,1
DA:100,1
DA:101,1
DA:102,1
DA:103,1
DA:104,1
DA:105,1
DA:106,1
DA:107,1
DA:113,1
DA:114,1
DA:115,1
DA:119,1
DA:123,1
DA:124,1
DA:125,1
DA:126,1
DA:127,1
DA:133,1
DA:134,1
DA:138,1
DA:140,1
DA:141,1
DA:142,1
DA:143,1
DA:144,1
DA:152,1
DA:154,0
DA:163,1
DA:164,1
DA:165,1
DA:166,1
DA:167,1
DA:168,1
DA:170,1
DA:171,1
DA:172,0
DA:173,1
DA:174,1
DA:175,1
DA:176,0
DA:177,1
DA:179,1
DA:180,1
DA:181,0
DA:182,1
DA:183,1
DA:185,1
DA:186,1
DA:187,1
DA:188,1
DA:189,0
DA:190,1
DA:191,1
DA:192,1
DA:193,1
DA:194,1
DA:195,1
DA:196,1
DA:197,1
DA:198,0
DA:199,1
DA:200,1
DA:201,1
DA:203,1
DA:204,0
DA:205,0
DA:206,0
DA:207,0
DA:208,0
DA:209,0
DA:211,1
DA:212,0
DA:213,0
DA:214,0
DA:215,0
DA:216,0
LF:107
LH:89
FN:27,29,ContextCompressor.__init__
FNDA:1,ContextCompressor.__init__
FN:33,63,ContextCompressor.filter_tool_results
FNDA:1,ContextCompressor.filter_tool_results
FN:65,90,ContextCompressor.apply_strategy
FNDA:1,ContextCompressor.apply_strategy
FN:94,115,ContextCompressor.compress_search_results
FNDA:1,ContextCompressor.compress_search_results
FN:119,134,ContextCompressor.compress_revision_history
FNDA:1,ContextCompressor.compress_revision_history
FN:138,150,ContextCompressor.compress_for_writer
FNDA:1,ContextCompressor.compress_for_writer
FN:152,159,ContextCompressor.compress_for_reviewer
FNDA:0,ContextCompressor.compress_for_reviewer
FN:163,168,ContextCompressor._compress_outline
FNDA:1,ContextCompressor._compress_outline
FN:170,177,ContextCompressor._get_section_summary
FNDA:1,ContextCompressor._get_section_summary
FN:179,183,ContextCompressor._get_section_preview
FNDA:1,ContextCompressor._get_section_preview
FN:185,201,ContextCompressor._filter_relevant_search
FNDA:1,ContextCompressor._filter_relevant_search
FN:203,209,ContextCompressor._generate_full_text_summary
FNDA:0,ContextCompressor._generate_full_text_summary
FN:211,216,ContextCompressor._compress_review_history
FNDA:0,ContextCompressor._compress_review_history
FNF:13
FNH:10
end_of_record
SF:backend/utils/context_guard.py
DA:9,1
DA:10,1
DA:11,1
DA:13,1
DA:16,1
DA:39,1
DA:41,1
DA:49,1
DA:50,1
DA:52,1
DA:53,1
DA:55,1
DA:56,1
DA:57,1
DA:58,1
DA:59,1
DA:60,1
DA:61,0
DA:62,0
DA:63,1
DA:64,1
DA:65,1
DA:66,0
DA:67,1
DA:68,0
DA:69,0
DA:70,0
DA:72,0
DA:75,1
DA:77,1
DA:78,1
DA:79,1
DA:82,1
DA:84,1
DA:85,1
DA:86,1
DA:87,1
DA:88,1
DA:89,1
DA:90,1
DA:93,1
DA:95,1
DA:96,1
DA:97,1
DA:100,1
DA:106,1
DA:107,1
DA:108,1
DA:109,1
DA:110,1
DA:112,1
DA:119,1
DA:120,1
DA:121,1
DA:122,1
DA:123,1
DA:124,1
DA:125,1
DA:127,1
DA:129,1
DA:130,1
DA:132,1
DA:141,1
DA:142,1
DA:147,1
DA:149,1
DA:164,1
DA:165,1
DA:167,1
DA:168,1
DA:169,1
DA:174,1
DA:175,1
DA:176,1
DA:177,1
DA:178,1
DA:179,1
DA:180,1
DA:183,1
DA:184,1
DA:186,1
DA:187,1
DA:188,1
DA:189,1
DA:190,0
DA:192,1
DA:193,1
DA:194,1
DA:195,0
DA:197,1
DA:198,1
DA:199,1
DA:200,1
DA:203,1
DA:205,1
DA:206,1
DA:207,1
DA:211,1
DA:212,1
DA:213,1
DA:217,1
DA:219,1
DA:220,1
DA:221,1
DA:223,1
DA:224,1
DA:225,1
DA:227,1
DA:228,1
LF:109
LH:100
FN:41,72,estimate_tokens
FNDA:1,estimate_tokens
FN:75,79,_estimate_by_chars
FNDA:1,_estimate_by_chars
FN:82,90,get_context_limit
FNDA:1,get_context_limit
FN:93,97,get_safe_input_limit
FNDA:1,get_safe_input_limit
FN:106,110,ContextGuard.__init__
FNDA:1,ContextGuard.__init__
FN:112,147,ContextGuard.check
FNDA:1,ContextGuard.check
FN:149,228,ContextGuard.trim_prompt
FNDA:1,ContextGuard.trim_prompt
FNF:7
FNH:7
end_of_record
SF:backend/utils/query_deduplicator.py
DA:6,1
DA:7,1
DA:8,1
DA:10,1
DA:12,1
DA:13,1
DA:16,1
DA:24,1
DA:29,1
DA:30,1
DA:31,1
DA:32,1
DA:33,1
DA:35,1
DA:36,1
DA:37,1
DA:39,1
DA:41,1
DA:42,1
DA:43,1
DA:44,1
DA:45,1
DA:46,1
DA:47,1
DA:49,1
DA:51,1
DA:52,1
DA:53,1
DA:54,1
DA:55,1
DA:56,1
DA:58,1
DA:59,1
DA:61,1
DA:69,1
DA:70,1
DA:73,1
DA:74,1
DA:75,1
DA:78,1
DA:80,1
DA:82,1
DA:83,1
DA:86,1
DA:88,1
DA:89,1
DA:90,1
DA:98,1
DA:100,1
DA:101,1
DA:102,1
LF:51
LH:51
FN:24,33,QueryDeduplicator.__init__
FNDA:1,QueryDeduplicator.__init__
FN:36,37,QueryDeduplicator._normalize
FNDA:1,QueryDeduplicator._normalize
FN:39,47,QueryDeduplicator.is_duplicate
FNDA:1,QueryDeduplicator.is_duplicate
FN:49,59,QueryDeduplicator.record
FNDA:1,QueryDeduplicator.record
FN:61,78,QueryDeduplicator.rollback
FNDA:1,QueryDeduplicator.rollback
FN:80,86,QueryDeduplicator.reset_rollback_count
FNDA:1,QueryDeduplicator.reset_rollback_count
FN:88,96,QueryDeduplicator.get_stats
FNDA:1,QueryDeduplicator.get_stats
FN:98,102,QueryDeduplicator.clear
FNDA:1,QueryDeduplicator.clear
FNF:8
FNH:8
end_of_record
SF:backend/utils/resilient_llm_caller.py
DA:12,1
DA:13,1
DA:14,1
DA:15,1
DA:16,1
DA:17,1
DA:18,1
DA:20,1
DA:23,1
DA:24,1
DA:25,1
DA:26,1
DA:27,1
DA:30,1
DA:31,1
DA:36,1
DA:38,1
DA:41,1
DA:43,1
DA:48,1
DA:54,1
DA:55,1
DA:56,1
DA:57,1
DA:58,1
DA:59,1
DA:60,1
DA:61,1
DA:64,1
DA:70,1
DA:71,1
DA:72,1
DA:73,1
DA:74,1
DA:77,1
DA:79,1
DA:80,1
DA:88,1
DA:91,1
DA:92,1
DA:98,1
DA:100,0
DA:101,0
DA:103,1
DA:105,0
DA:106,0
DA:108,1
DA:109,0
DA:111,1
DA:112,1
DA:113,1
DA:114,1
DA:116,1
DA:117,1
DA:120,1
DA:123,1
DA:124,1
DA:125,1
DA:126,1
DA:127,0
DA:130,1
DA:132,1
DA:133,1
DA:134,0
DA:135,0
DA:136,0
DA:139,1
DA:141,1
DA:142,1
DA:143,1
DA:144,0
DA:145,0
DA:148,1
DA:165,1
DA:166,1
DA:168,1
DA:169,1
DA:170,1
DA:171,1
DA:172,1
DA:173,1
DA:174,1
DA:176,1
DA:179,1
DA:182,1
DA:183,1
DA:184,1
DA:185,1
DA:186,1
DA:187,1
DA:191,1
DA:192,1
DA:194,1
DA:195,1
DA:198,1
DA:199,1
DA:200,1
DA:201,1
DA:202,1
DA:204,0
DA:207,1
DA:209,1
DA:210,0
DA:211,0
DA:212,0
DA:213,0
DA:214,0
DA:216,0
DA:217,0
DA:219,1
DA:221,1
DA:222,1
DA:223,1
DA:226,1
DA:227,1
DA:228,1
DA:229,1
DA:230,1
DA:231,1
DA:233,0
DA:234,0
DA:237,1
DA:238,1
DA:239,1
DA:240,1
DA:241,1
DA:243,1
DA:244,1
DA:246,0
DA:250,1
DA:252,0
DA:253,0
DA:254,0
DA:255,0
DA:256,0
LF:135
LH:108
FN:48,61,is_truncated
FNDA:1,is_truncated
FN:64,74,is_repeated
FNDA:1,is_repeated
FN:77,88,is_context_length_error
FNDA:1,is_context_length_error
FN:92,117,timeout_guard
FNDA:1,timeout_guard
FN:108,109,timeout_guard.handler
FNDA:0,timeout_guard.handler
FN:120,127,_get_max_tokens
FNDA:1,_get_max_tokens
FN:130,136,_set_max_tokens
FNDA:1,_set_max_tokens
FN:139,145,_extract_token_usage
FNDA:1,_extract_token_usage
FN:148,246,resilient_chat
FNDA:1,resilient_chat
FN:250,256,_rate_limit_hook
FNDA:0,_rate_limit_hook
FNF:10
FNH:8
end_of_record
SF:backend/utils/safe_run.py
DA:13,1
DA:14,1
DA:15,1
DA:17,1
DA:20,1
DA:34,1
DA:35,0
DA:37,1
DA:38,1
DA:39,1
DA:40,1
DA:41,1
DA:42,1
DA:43,1
DA:44,1
DA:45,1
DA:46,1
DA:47,1
DA:48,1
LF:19
LH:18
FN:20,48,safe_run
FNDA:1,safe_run
FN:37,47,safe_run.decorator
FNDA:1,safe_run.decorator
FN:39,46,safe_run.decorator.wrapper
FNDA:1,safe_run.decorator.wrapper
FNF:3
FNH:3
end_of_record
SF:backend/utils/session_tracker.py
DA:14,1
DA:15,1
DA:16,1
DA:17,1
DA:19,1
DA:22,1
DA:25,1
DA:27,1
DA:28,1
DA:29,0
DA:30,0
DA:31,0
DA:32,0
DA:33,0
DA:36,1
DA:39,1
DA:40,1
DA:41,1
DA:42,1
DA:44,1
DA:45,1
DA:46,1
DA:48,1
DA:50,1
DA:51,1
DA:52,1
DA:53,1
DA:54,1
DA:55,1
DA:56,1
DA:57,0
DA:58,1
DA:59,1
DA:60,1
DA:62,1
DA:64,1
DA:65,1
DA:66,1
DA:67,1
DA:71,0
DA:72,0
DA:78,1
DA:80,1
DA:86,1
DA:88,1
DA:94,1
DA:98,1
DA:104,1
DA:108,1
DA:114,1
DA:118,1
DA:128,1
DA:132,1
LF:53
LH:45
FN:25,33,_get_langfuse
FNDA:1,_get_langfuse
FN:39,42,SessionTracker.__init__
FNDA:1,SessionTracker.__init__
FN:45,46,SessionTracker.enabled
FNDA:1,SessionTracker.enabled
FN:48,60,SessionTracker.log_score
FNDA:1,SessionTracker.log_score
FN:62,72,SessionTracker.log_event
FNDA:1,SessionTracker.log_event
FN:78,84,SessionTracker.log_review_score
FNDA:1,SessionTracker.log_review_score
FN:86,92,SessionTracker.log_depth_score
FNDA:1,SessionTracker.log_depth_score
FN:94,102,SessionTracker.log_section_evaluation
FNDA:1,SessionTracker.log_section_evaluation
FN:104,112,SessionTracker.log_image_generation
FNDA:1,SessionTracker.log_image_generation
FN:114,126,SessionTracker.log_deepen_snapshot
FNDA:1,SessionTracker.log_deepen_snapshot
FN:128,142,SessionTracker.log_section_improve_snapshot
FNDA:1,SessionTracker.log_section_improve_snapshot
FNF:11
FNH:11
end_of_record
SF:backend/utils/text_cleanup.py
DA:24,1
DA:25,1
DA:26,1
DA:28,1
DA:33,1
DA:49,1
DA:60,1
DA:71,1
DA:81,1
DA:92,1
DA:106,1
DA:119,1
DA:135,1
DA:136,1
DA:137,1
DA:138,1
DA:139,1
DA:140,1
DA:141,1
DA:144,1
DA:145,1
DA:146,1
DA:147,1
DA:148,1
DA:149,1
DA:150,1
DA:153,1
DA:154,1
DA:155,1
DA:156,1
DA:157,1
DA:158,1
DA:159,1
DA:162,1
DA:163,1
DA:164,1
DA:165,1
DA:166,1
DA:167,1
DA:168,1
DA:171,1
DA:172,1
DA:173,1
DA:174,1
DA:175,1
DA:176,1
DA:177,1
DA:179,1
DA:180,1
DA:181,1
DA:182,1
DA:183,1
DA:184,1
DA:185,1
DA:188,1
DA:189,1
DA:190,1
DA:191,1
DA:192,1
DA:193,1
DA:195,0
DA:196,0
DA:197,0
DA:198,0
DA:199,1
DA:202,1
DA:203,1
DA:204,1
DA:205,1
DA:206,1
DA:207,1
DA:208,1
DA:211,1
DA:212,1
DA:214,1
DA:215,1
DA:216,1
DA:217,1
DA:219,1
DA:220,1
DA:221,1
DA:222,0
DA:223,1
DA:226,1
DA:227,1
DA:228,1
DA:229,1
DA:230,1
DA:231,1
DA:232,1
DA:233,1
DA:236,1
DA:243,1
DA:245,1
DA:246,1
DA:247,1
DA:248,1
DA:249,1
DA:250,1
DA:251,1
DA:252,1
DA:253,1
DA:254,1
DA:256,1
DA:257,1
LF:105
LH:100
FN:135,141,_step_fillers
FNDA:1,_step_fillers
FN:144,150,_step_intensifiers
FNDA:1,_step_intensifiers
FN:153,159,_step_synonyms
FNDA:1,_step_synonyms
FN:162,168,_step_meta
FNDA:1,_step_meta
FN:171,177,_step_verbose
FNDA:1,_step_verbose
FN:179,185,_step_claims
FNDA:1,_step_claims
FN:188,199,_step_vocab_diversity
FNDA:1,_step_vocab_diversity
FN:202,208,_step_time_hallucinations
FNDA:1,_step_time_hallucinations
FN:211,223,_step_markdown
FNDA:1,_step_markdown
FN:226,233,_step_whitespace
FNDA:1,_step_whitespace
FN:236,257,apply_full_cleanup
FNDA:1,apply_full_cleanup
FNF:11
FNH:11
end_of_record
SF:backend/utils/token_tracker.py
DA:9,1
DA:10,1
DA:11,1
DA:13,1
DA:18,1
DA:19,1
DA:21,1
DA:22,1
DA:23,1
DA:24,1
DA:25,1
DA:26,1
DA:28,1
DA:29,1
DA:30,1
DA:33,1
DA:34,1
DA:43,1
DA:44,1
DA:45,1
DA:46,1
DA:49,1
DA:52,1
DA:55,1
DA:57,1
DA:66,1
DA:67,1
DA:68,1
DA:69,1
DA:72,1
DA:73,1
DA:78,1
DA:79,1
DA:80,1
DA:81,1
DA:82,1
DA:83,1
DA:86,1
DA:87,1
DA:89,1
DA:95,1
DA:97,1
DA:107,1
DA:109,1
DA:121,1
DA:122,1
DA:123,1
DA:128,1
DA:129,1
DA:134,1
DA:139,1
DA:152,1
DA:154,1
DA:156,1
DA:157,1
DA:158,1
DA:159,1
DA:162,1
DA:163,1
DA:165,1
DA:166,1
DA:168,1
DA:169,1
DA:172,1
DA:173,1
DA:174,1
DA:175,1
DA:176,1
DA:177,1
DA:178,1
DA:180,1
DA:181,1
DA:183,1
DA:189,1
DA:199,1
DA:201,1
DA:202,1
DA:203,1
DA:204,1
DA:205,1
DA:206,1
DA:212,1
DA:215,1
DA:217,1
DA:218,1
DA:219,1
DA:220,1
DA:222,1
DA:223,1
DA:224,1
DA:225,1
LF:91
LH:91
FN:29,30,TokenUsage.total_tokens
FNDA:1,TokenUsage.total_tokens
FN:57,93,TokenTracker.record
FNDA:1,TokenTracker.record
FN:95,105,TokenTracker.get_summary
FNDA:1,TokenTracker.get_summary
FN:107,134,TokenTracker.format_summary
FNDA:1,TokenTracker.format_summary
FN:139,183,extract_token_usage_from_langchain
FNDA:1,extract_token_usage_from_langchain
FN:199,212,estimate_cost
FNDA:1,estimate_cost
FN:215,225,_match_pricing
FNDA:1,_match_pricing
FNF:7
FNH:7
end_of_record
SF:backend/utils/tool_manager.py
DA:9,1
DA:10,1
DA:11,1
DA:12,1
DA:13,1
DA:14,1
DA:16,1
DA:19,1
DA:20,1
DA:22,1
DA:23,1
DA:24,1
DA:25,1
DA:26,1
DA:29,1
DA:41,1
DA:46,1
DA:47,1
DA:48,1
DA:49,1
DA:52,1
DA:53,1
DA:54,0
DA:58,1
DA:67,1
DA:68,1
DA:75,1
DA:77,1
DA:79,1
DA:80,1
DA:81,1
DA:82,1
DA:86,1
DA:88,1
DA:97,1
DA:102,1
DA:108,1
DA:109,1
DA:110,1
DA:111,1
DA:112,1
DA:113,1
DA:114,1
DA:115,1
DA:116,1
DA:120,1
DA:127,1
DA:128,1
DA:130,1
DA:132,1
DA:133,1
DA:136,1
DA:138,1
DA:139,1
DA:140,1
DA:142,1
DA:143,1
DA:144,1
DA:145,1
DA:146,1
DA:148,1
DA:149,1
DA:150,1
DA:152,1
DA:154,1
DA:156,1
DA:157,1
DA:158,1
DA:160,1
DA:161,1
DA:162,1
DA:163,1
DA:164,1
DA:166,1
DA:167,1
DA:168,1
DA:172,1
DA:174,1
DA:176,1
DA:177,1
DA:178,1
DA:179,1
DA:183,0
DA:184,0
DA:186,1
DA:187,1
DA:195,1
DA:197,1
DA:198,1
DA:199,1
DA:200,1
DA:201,1
DA:202,1
DA:203,1
DA:204,1
DA:205,1
DA:207,1
DA:208,1
DA:209,1
DA:210,1
LF:100
LH:97
FN:41,54,BlogToolManager.__init__
FNDA:1,BlogToolManager.__init__
FN:58,75,BlogToolManager.register
FNDA:1,BlogToolManager.register
FN:77,82,BlogToolManager.register_decorator
FNDA:1,BlogToolManager.register_decorator
FN:79,81,BlogToolManager.register_decorator.decorator
FNDA:1,BlogToolManager.register_decorator.decorator
FN:86,92,BlogToolManager.get_all_tools
FNDA:1,BlogToolManager.get_all_tools
FN:102,116,BlogToolManager.fix_arguments
FNDA:1,BlogToolManager.fix_arguments
FN:120,168,BlogToolManager.execute_tool
FNDA:1,BlogToolManager.execute_tool
FN:142,146,BlogToolManager.execute_tool._run
FNDA:1,BlogToolManager.execute_tool._run
FN:172,174,BlogToolManager.set_task_log
FNDA:1,BlogToolManager.set_task_log
FN:176,184,BlogToolManager._log_to_task_log
FNDA:1,BlogToolManager._log_to_task_log
FN:186,193,BlogToolManager._record
FNDA:1,BlogToolManager._record
FN:195,210,BlogToolManager.get_execution_stats
FNDA:1,BlogToolManager.get_execution_stats
FNF:12
FNH:12
end_of_record
