SF:app.py
DA:5,1
DA:6,1
DA:7,1
DA:10,1
DA:12,1
DA:15,1
DA:18,1
DA:19,1
DA:20,1
DA:21,1
DA:23,1
DA:24,1
DA:27,0
DA:28,0
DA:29,0
DA:30,0
DA:33,1
DA:35,0
DA:38,1
DA:39,1
DA:41,1
DA:42,1
DA:43,1
DA:48,1
DA:49,1
DA:50,1
DA:51,1
DA:52,1
DA:55,1
DA:57,1
DA:60,1
DA:62,1
DA:65,1
DA:66,1
DA:67,1
DA:70,1
DA:71,1
DA:74,1
DA:77,1
DA:78,1
DA:79,1
DA:80,0
DA:81,0
DA:84,1
DA:87,1
DA:88,1
DA:91,1
DA:92,1
DA:93,1
DA:94,1
DA:96,0
DA:99,1
DA:100,1
DA:101,0
DA:102,0
DA:103,1
DA:104,1
DA:105,1
DA:106,1
DA:108,0
DA:111,1
DA:112,1
DA:117,1
DA:118,1
DA:119,1
DA:120,1
DA:121,1
DA:122,0
DA:123,0
DA:124,0
DA:125,0
DA:127,1
DA:133,1
DA:135,0
DA:138,1
DA:139,1
DA:142,1
DA:143,1
DA:146,1
DA:147,1
DA:148,0
DA:151,1
DA:152,1
DA:154,0
DA:155,0
DA:156,0
DA:158,0
DA:159,0
DA:160,0
DA:161,0
DA:162,0
DA:164,0
DA:165,0
DA:166,0
DA:167,0
DA:169,0
DA:174,0
DA:176,0
DA:177,0
DA:178,0
DA:180,1
DA:181,1
LF:102
LH:68
FN:33,35,get_langfuse_handler
FNDA:0,get_langfuse_handler
FN:60,181,create_app
FNDA:1,create_app
FN:147,148,create_app.health_check
FNDA:0,create_app.health_check
FNF:3
FNH:1
end_of_record
SF:routes/__init__.py
DA:4,1
DA:5,1
DA:6,1
DA:7,1
DA:8,1
DA:9,1
DA:10,1
DA:11,1
DA:14,1
DA:16,1
DA:17,1
DA:18,1
DA:19,1
DA:20,1
DA:21,1
DA:22,1
DA:23,1
LF:17
LH:17
FN:14,23,register_all_blueprints
FNDA:1,register_all_blueprints
FNF:1
FNH:1
end_of_record
SF:routes/blog_routes.py
DA:5,1
DA:6,1
DA:7,1
DA:8,1
DA:10,1
DA:12,1
DA:17,1
DA:18,1
DA:19,1
DA:21,1
DA:23,1
DA:26,1
DA:28,1
DA:29,1
DA:30,1
DA:31,1
DA:32,1
DA:34,0
DA:36,1
DA:37,1
DA:38,1
DA:39,1
DA:40,1
DA:41,0
DA:42,0
DA:45,1
DA:46,1
DA:48,1
DA:49,1
DA:50,1
DA:52,1
DA:53,1
DA:54,0
DA:56,1
DA:57,1
DA:58,1
DA:59,1
DA:61,1
DA:63,1
DA:64,1
DA:65,1
DA:66,1
DA:68,1
DA:69,1
DA:71,1
DA:72,0
DA:73,0
DA:74,0
DA:75,0
DA:76,0
DA:77,0
DA:82,1
DA:83,1
DA:91,1
DA:93,1
DA:94,1
DA:95,1
DA:96,1
DA:98,1
DA:99,1
DA:100,0
DA:101,0
DA:103,1
DA:105,1
DA:106,0
DA:107,0
DA:109,1
DA:110,1
DA:111,1
DA:113,1
DA:115,1
DA:116,1
DA:117,1
DA:118,1
DA:120,1
DA:121,1
DA:122,1
DA:123,1
DA:124,1
DA:126,1
DA:127,1
DA:128,1
DA:129,0
DA:130,0
DA:132,1
DA:134,0
DA:135,0
DA:136,0
DA:138,1
DA:139,1
DA:141,1
DA:148,0
DA:149,0
DA:150,0
DA:153,1
DA:154,1
DA:156,1
DA:157,1
DA:159,1
DA:160,1
DA:162,1
DA:163,1
DA:165,1
DA:180,1
DA:181,1
DA:183,1
DA:184,1
DA:186,1
DA:187,1
DA:189,1
DA:190,1
DA:191,1
DA:193,1
DA:195,1
DA:198,1
DA:199,1
DA:201,0
DA:202,0
DA:203,0
DA:205,0
DA:212,1
DA:213,1
DA:215,0
DA:216,0
DA:218,0
DA:219,0
DA:221,0
DA:222,0
DA:223,0
DA:225,0
DA:226,0
DA:227,0
DA:228,0
DA:229,0
DA:230,0
DA:231,0
DA:232,0
DA:233,0
DA:234,0
DA:236,0
DA:237,0
DA:238,0
DA:239,0
DA:240,0
DA:241,0
DA:242,0
DA:243,0
DA:245,0
DA:247,0
DA:248,0
DA:249,0
DA:251,0
DA:252,0
DA:253,0
DA:254,0
DA:255,0
DA:256,0
DA:257,0
DA:258,0
DA:259,0
DA:260,0
DA:261,0
DA:266,0
DA:268,0
DA:269,0
DA:271,0
DA:289,0
DA:296,0
DA:297,0
DA:298,0
DA:301,1
DA:302,1
DA:304,0
DA:305,0
DA:307,0
DA:308,0
DA:310,0
DA:311,0
DA:312,0
DA:314,0
DA:315,0
DA:316,0
DA:317,0
DA:318,0
DA:320,0
DA:322,0
DA:323,0
DA:324,0
DA:326,0
DA:327,0
DA:329,0
DA:347,0
DA:353,0
DA:354,0
DA:355,0
DA:358,1
DA:359,1
DA:361,1
DA:362,1
DA:364,1
DA:365,1
DA:367,1
DA:368,1
DA:369,1
DA:371,1
DA:372,1
DA:373,1
DA:374,1
DA:376,1
DA:377,1
DA:378,0
DA:380,1
DA:388,1
DA:390,1
DA:391,1
DA:392,1
LF:216
LH:118
FN:26,42,init_blog_services
FNDA:1,init_blog_services
FN:46,150,upload_document
FNDA:1,upload_document
FN:93,136,upload_document.parse_async
FNDA:1,upload_document.parse_async
FN:154,177,get_document_status
FNDA:1,get_document_status
FN:181,195,delete_document
FNDA:1,delete_document
FN:199,209,list_documents
FNDA:0,list_documents
FN:213,298,generate_blog
FNDA:0,generate_blog
FN:302,355,generate_blog_mini
FNDA:0,generate_blog_mini
FN:359,392,generate_blog_sync
FNDA:1,generate_blog_sync
FNF:9
FNH:6
end_of_record
SF:routes/book_routes.py
DA:5,1
DA:6,1
DA:8,1
DA:10,1
DA:11,1
DA:13,1
DA:15,1
DA:18,1
DA:19,1
DA:21,0
DA:22,0
DA:23,0
DA:24,0
DA:26,0
DA:28,0
DA:29,0
DA:30,0
DA:31,0
DA:32,0
DA:33,0
DA:35,0
DA:40,0
DA:41,0
DA:42,0
DA:45,1
DA:46,1
DA:48,0
DA:49,0
DA:50,0
DA:52,0
DA:53,0
DA:55,0
DA:56,0
DA:57,0
DA:58,0
DA:59,0
DA:61,0
DA:63,0
DA:64,0
DA:65,0
DA:66,0
DA:69,1
DA:70,1
DA:72,0
DA:73,0
DA:74,0
DA:76,0
DA:77,0
DA:79,0
DA:87,0
DA:88,0
DA:89,0
DA:92,1
DA:93,1
DA:95,0
DA:96,0
DA:98,0
DA:99,0
DA:101,0
DA:102,0
DA:104,0
DA:108,0
DA:109,0
DA:110,0
DA:113,1
DA:114,1
DA:116,0
DA:117,0
DA:119,0
DA:120,0
DA:122,0
DA:123,0
DA:125,0
DA:129,0
DA:130,0
DA:131,0
DA:134,1
DA:135,1
DA:137,0
DA:138,0
DA:140,0
DA:141,0
DA:143,0
DA:144,0
DA:146,0
DA:147,0
DA:152,0
DA:153,0
DA:154,0
DA:155,0
DA:158,1
DA:159,1
DA:161,0
DA:162,0
DA:164,0
DA:166,0
DA:167,0
DA:169,0
DA:170,0
DA:175,0
DA:176,0
DA:177,0
DA:178,0
DA:181,1
DA:182,1
DA:184,0
DA:185,0
DA:187,0
DA:189,0
DA:190,0
DA:192,0
DA:196,0
DA:197,0
DA:198,0
DA:201,1
DA:202,1
DA:204,0
DA:205,0
DA:206,0
DA:208,0
DA:209,0
DA:211,0
DA:212,0
DA:213,0
DA:214,0
DA:217,1
DA:218,1
DA:220,0
DA:221,0
DA:222,0
DA:224,0
DA:225,0
DA:226,0
DA:228,0
DA:229,0
DA:231,0
DA:233,0
DA:234,0
DA:239,0
DA:240,0
DA:241,0
DA:242,0
DA:245,1
DA:246,1
DA:248,0
DA:249,0
DA:251,0
DA:252,0
DA:253,0
DA:255,0
DA:257,0
DA:259,0
DA:260,0
DA:265,0
DA:266,0
DA:267,0
DA:268,0
DA:271,1
DA:272,1
DA:274,0
DA:275,0
DA:276,0
DA:277,0
DA:278,0
DA:280,0
DA:281,0
DA:283,0
DA:290,0
DA:291,0
DA:292,0
LF:170
LH:31
FN:19,42,list_books
FNDA:0,list_books
FN:46,66,get_book
FNDA:0,get_book
FN:70,89,get_book_chapter
FNDA:0,get_book_chapter
FN:93,110,regenerate_books
FNDA:0,regenerate_books
FN:114,131,rescan_book
FNDA:0,rescan_book
FN:135,155,generate_book_intro
FNDA:0,generate_book_intro
FN:159,178,generate_book_cover
FNDA:0,generate_book_cover
FN:182,198,generate_all_book_covers
FNDA:0,generate_all_book_covers
FN:202,214,delete_book
FNDA:0,delete_book
FN:218,242,generate_book_homepage
FNDA:0,generate_book_homepage
FN:246,268,expand_book_outline
FNDA:0,expand_book_outline
FN:272,292,list_blogs_with_book_info
FNDA:0,list_blogs_with_book_info
FNF:12
FNH:0
end_of_record
SF:routes/history_routes.py
DA:5,1
DA:6,1
DA:7,1
DA:8,1
DA:9,1
DA:11,1
DA:12,1
DA:13,1
DA:15,1
DA:16,1
DA:17,1
DA:19,1
DA:21,1
DA:24,1
DA:25,1
DA:27,1
DA:28,1
DA:29,1
DA:30,1
DA:31,1
DA:33,1
DA:35,1
DA:36,1
DA:41,1
DA:43,1
DA:52,0
DA:53,0
DA:54,0
DA:57,1
DA:58,1
DA:60,1
DA:61,1
DA:62,1
DA:63,1
DA:64,1
DA:66,1
DA:67,0
DA:68,0
DA:69,0
DA:72,1
DA:73,1
DA:75,1
DA:76,1
DA:77,1
DA:78,1
DA:79,1
DA:81,1
DA:82,1
DA:83,1
DA:84,1
DA:87,1
DA:88,1
DA:90,0
DA:91,0
DA:93,0
DA:94,0
DA:96,0
DA:97,0
DA:98,0
DA:99,0
DA:101,0
DA:102,0
DA:103,0
DA:105,0
DA:106,0
DA:107,0
DA:108,0
DA:109,0
DA:110,0
DA:111,0
DA:113,0
DA:114,0
DA:116,0
DA:117,0
DA:118,0
DA:120,0
DA:121,0
DA:122,0
DA:123,0
DA:125,0
DA:130,0
DA:131,0
DA:133,0
DA:134,0
DA:136,0
DA:138,0
DA:143,0
DA:144,0
DA:146,0
DA:147,0
DA:149,0
DA:150,0
DA:151,0
DA:153,0
DA:155,0
DA:161,0
DA:162,0
DA:163,0
DA:166,1
DA:168,0
DA:169,0
DA:170,0
DA:173,1
DA:175,0
DA:176,0
DA:178,0
DA:179,0
DA:180,0
DA:181,0
DA:183,0
DA:184,0
DA:185,0
DA:187,0
DA:188,0
DA:189,0
DA:190,0
DA:191,0
DA:192,0
DA:193,0
DA:196,1
DA:198,0
DA:199,0
DA:200,0
DA:201,0
DA:202,0
DA:205,1
DA:206,1
DA:208,0
DA:209,0
DA:210,0
DA:211,0
DA:213,0
DA:214,0
DA:216,0
DA:218,0
DA:220,0
DA:221,0
DA:222,0
DA:223,0
DA:224,0
DA:226,0
DA:227,0
DA:228,0
DA:229,0
DA:230,0
DA:231,0
DA:232,0
DA:233,0
DA:234,0
DA:235,0
DA:237,0
DA:238,0
DA:240,0
DA:241,0
DA:242,0
DA:244,0
DA:246,0
DA:247,0
DA:248,0
DA:250,0
DA:258,0
DA:259,0
DA:260,0
LF:163
LH:51
FN:25,54,list_history
FNDA:1,list_history
FN:58,69,get_history
FNDA:1,get_history
FN:73,84,delete_history
FNDA:1,delete_history
FN:88,163,generate_video
FNDA:0,generate_video
FN:166,170,_extract_image_urls
FNDA:0,_extract_image_urls
FN:173,193,_download_image
FNDA:0,_download_image
FN:196,202,_get_image_filename
FNDA:0,_get_image_filename
FN:206,260,export_markdown_with_images
FNDA:0,export_markdown_with_images
FNF:8
FNH:3
end_of_record
SF:routes/publish_routes.py
DA:5,1
DA:6,1
DA:7,1
DA:8,1
DA:10,1
DA:12,1
DA:13,1
DA:14,1
DA:15,1
DA:17,1
DA:19,1
DA:22,1
DA:23,1
DA:25,0
DA:26,0
DA:27,0
DA:28,0
DA:32,0
DA:33,0
DA:34,0
DA:37,1
DA:38,1
DA:40,0
DA:41,0
DA:42,0
DA:44,0
DA:45,0
DA:46,0
DA:47,0
DA:49,0
DA:50,0
DA:51,0
DA:52,0
DA:53,0
DA:54,0
DA:56,0
DA:57,0
DA:58,0
DA:60,0
DA:62,0
DA:63,0
DA:64,0
DA:65,0
DA:67,0
DA:79,0
DA:81,0
DA:83,0
DA:84,0
DA:85,0
DA:87,0
DA:90,1
DA:91,1
DA:93,0
DA:94,0
DA:95,0
DA:96,0
DA:98,0
DA:99,0
DA:100,0
DA:101,0
DA:103,0
DA:104,0
DA:105,0
DA:106,0
DA:107,0
DA:108,0
DA:110,0
DA:112,0
DA:113,0
DA:114,0
DA:115,0
DA:127,0
DA:129,0
DA:130,0
DA:132,0
DA:134,0
DA:135,0
DA:136,0
DA:139,1
DA:140,1
DA:142,0
DA:143,0
DA:144,0
DA:145,0
DA:147,0
DA:148,0
DA:150,0
DA:151,0
DA:152,0
DA:153,0
DA:155,0
DA:156,0
DA:158,0
DA:159,0
DA:161,0
DA:162,0
DA:164,0
DA:165,0
DA:167,0
DA:169,0
DA:170,0
DA:171,0
DA:172,0
DA:184,0
DA:186,0
DA:187,0
DA:189,0
DA:191,0
DA:192,0
DA:193,0
DA:196,1
DA:197,1
DA:199,0
DA:200,0
DA:201,0
DA:202,0
DA:203,0
DA:205,0
DA:206,0
DA:208,0
DA:209,0
DA:211,0
DA:212,0
DA:214,0
DA:215,0
DA:217,0
DA:218,0
DA:220,0
DA:221,0
DA:222,0
DA:224,0
DA:226,0
DA:228,0
DA:229,0
DA:230,0
DA:231,0
DA:239,0
DA:241,0
DA:243,0
DA:256,0
DA:258,0
DA:271,0
DA:272,0
DA:273,0
DA:276,1
DA:277,1
DA:279,0
DA:280,0
DA:281,0
DA:282,0
DA:283,0
DA:284,0
DA:285,0
DA:287,0
DA:288,0
DA:290,0
DA:291,0
DA:293,0
DA:294,0
DA:296,0
DA:301,0
DA:302,0
DA:304,0
DA:305,0
DA:306,0
DA:307,0
DA:308,0
DA:310,0
DA:311,0
DA:312,0
DA:313,0
DA:314,0
DA:321,0
DA:323,0
DA:324,0
DA:325,0
DA:331,0
DA:332,0
DA:333,0
DA:335,0
DA:336,0
DA:338,0
DA:339,0
DA:341,0
DA:342,0
DA:343,0
DA:344,0
DA:345,0
DA:347,0
DA:348,0
DA:349,0
DA:350,0
DA:358,0
DA:360,0
DA:361,0
DA:373,0
DA:383,0
DA:384,0
DA:385,0
DA:386,0
DA:387,0
DA:388,0
DA:398,0
DA:399,0
DA:400,0
DA:402,0
DA:403,0
DA:404,0
DA:406,0
DA:407,0
DA:409,0
DA:411,0
DA:416,0
DA:417,0
DA:418,0
LF:215
LH:23
FN:23,34,get_publish_platforms
FNDA:0,get_publish_platforms
FN:38,87,publish_article_stream
FNDA:0,publish_article_stream
FN:56,85,publish_article_stream.generate
FNDA:0,publish_article_stream.generate
FN:91,136,publish_article
FNDA:0,publish_article
FN:140,193,publish_blog_to_platform
FNDA:0,publish_blog_to_platform
FN:197,273,convert_blog_to_xhs
FNDA:0,convert_blog_to_xhs
FN:277,418,sync_publish
FNDA:0,sync_publish
FNF:7
FNH:0
end_of_record
SF:routes/static_routes.py
DA:5,1
DA:6,1
DA:7,1
DA:9,1
DA:11,1
DA:13,1
DA:15,1
DA:18,1
DA:19,1
DA:22,1
DA:23,1
DA:24,0
DA:27,1
DA:28,1
DA:29,0
DA:32,1
DA:33,1
DA:34,0
DA:35,0
DA:36,0
DA:39,1
DA:40,1
DA:41,0
DA:44,1
DA:45,1
DA:46,1
DA:47,0
DA:48,0
DA:49,0
DA:50,0
DA:51,0
DA:52,0
DA:53,0
DA:54,0
DA:55,0
DA:56,0
DA:57,0
DA:58,0
DA:59,0
DA:60,0
DA:61,0
DA:62,0
DA:63,0
DA:65,0
DA:66,0
DA:67,0
DA:68,0
DA:69,0
DA:70,0
DA:71,0
DA:73,0
DA:74,0
DA:75,0
DA:76,0
DA:77,0
DA:78,0
DA:79,0
DA:81,0
DA:82,0
DA:83,0
DA:84,0
DA:87,1
DA:88,1
DA:89,1
DA:90,1
DA:91,1
DA:92,0
DA:95,1
DA:96,1
DA:97,1
DA:98,0
DA:99,0
DA:102,1
DA:103,1
DA:104,0
DA:105,0
DA:108,1
DA:109,1
DA:110,0
DA:111,0
DA:114,1
DA:115,1
DA:116,0
DA:169,0
DA:172,1
DA:173,1
DA:175,0
LF:87
LH:36
FN:23,24,index
FNDA:0,index
FN:28,29,xhs_page
FNDA:0,xhs_page
FN:33,36,reviewer_page
FNDA:0,reviewer_page
FN:40,41,book_reader_home
FNDA:0,book_reader_home
FN:46,84,book_reader_sidebar
FNDA:0,book_reader_sidebar
FN:91,92,book_reader_chapter
FNDA:0,book_reader_chapter
FN:97,99,serve_output_image
FNDA:0,serve_output_image
FN:103,105,serve_output_cover
FNDA:0,serve_output_cover
FN:109,111,serve_output_video
FNDA:0,serve_output_video
FN:115,169,api_docs
FNDA:0,api_docs
FN:173,187,get_frontend_config
FNDA:0,get_frontend_config
FNF:11
FNH:0
end_of_record
SF:routes/task_routes.py
DA:5,1
DA:6,1
DA:7,1
DA:8,1
DA:10,1
DA:12,1
DA:17,1
DA:19,1
DA:22,1
DA:23,1
DA:25,0
DA:26,0
DA:28,0
DA:29,0
DA:31,0
DA:32,0
DA:33,0
DA:35,0
DA:36,0
DA:37,0
DA:38,0
DA:39,0
DA:40,0
DA:42,0
DA:43,0
DA:44,0
DA:46,0
DA:47,0
DA:49,0
DA:50,0
DA:56,0
DA:68,0
DA:74,0
DA:75,0
DA:76,0
DA:79,1
DA:80,1
DA:82,1
DA:83,1
DA:85,1
DA:87,1
DA:88,1
DA:89,1
DA:90,1
DA:92,1
DA:94,1
DA:95,1
DA:96,1
DA:97,1
DA:98,0
DA:99,0
DA:101,1
DA:102,1
DA:103,1
DA:104,1
DA:106,1
DA:107,1
DA:108,1
DA:109,0
DA:111,1
DA:112,0
DA:113,0
DA:115,0
DA:116,0
DA:117,0
DA:118,0
DA:119,0
DA:120,0
DA:122,1
DA:124,1
DA:136,1
DA:137,1
DA:139,0
DA:140,0
DA:142,0
DA:143,0
DA:145,0
DA:159,1
DA:160,1
DA:162,1
DA:164,1
DA:165,1
DA:171,1
DA:172,1
DA:173,0
DA:174,1
LF:86
LH:44
FN:23,76,generate_storybook
FNDA:0,generate_storybook
FN:80,133,stream_task_progress
FNDA:1,stream_task_progress
FN:82,122,stream_task_progress.generate
FNDA:1,stream_task_progress.generate
FN:137,156,get_task_status
FNDA:0,get_task_status
FN:160,177,cancel_task
FNDA:1,cancel_task
FNF:5
FNH:3
end_of_record
SF:routes/transform_routes.py
DA:5,1
DA:7,1
DA:9,1
DA:13,1
DA:15,1
DA:17,1
DA:20,1
DA:21,1
DA:23,0
DA:24,0
DA:26,0
DA:27,0
DA:29,0
DA:30,0
DA:31,0
DA:33,0
DA:34,0
DA:35,0
DA:36,0
DA:38,0
DA:39,0
DA:40,0
DA:42,0
DA:44,0
DA:52,0
DA:53,0
DA:55,0
DA:57,0
DA:58,0
DA:59,0
DA:62,1
DA:63,1
DA:65,0
DA:66,0
DA:67,0
DA:68,0
DA:73,0
DA:76,1
DA:77,1
DA:79,0
DA:80,0
DA:81,0
DA:82,0
DA:86,0
DA:87,0
DA:88,0
DA:91,1
DA:92,1
DA:94,0
DA:95,0
DA:97,0
DA:98,0
DA:100,0
DA:101,0
DA:102,0
DA:104,0
DA:105,0
DA:106,0
DA:108,0
DA:109,0
DA:110,0
DA:111,0
DA:112,0
DA:114,0
DA:115,0
DA:116,0
DA:117,0
DA:118,0
DA:120,0
DA:121,0
DA:122,0
DA:123,0
DA:124,0
DA:126,0
DA:127,0
DA:128,0
DA:129,0
DA:136,0
DA:137,0
DA:145,0
DA:146,0
DA:154,0
DA:156,0
DA:157,0
DA:158,0
DA:161,1
DA:162,1
DA:164,0
DA:165,0
DA:167,0
DA:168,0
DA:170,0
DA:171,0
DA:172,0
DA:174,0
DA:175,0
DA:176,0
DA:177,0
DA:178,0
DA:180,0
DA:181,0
DA:182,0
DA:184,0
DA:186,0
DA:194,0
DA:195,0
DA:197,0
DA:198,0
DA:199,0
DA:200,0
DA:201,0
DA:202,0
DA:203,0
DA:204,0
DA:205,0
DA:212,0
DA:213,0
DA:214,0
DA:216,0
DA:218,0
DA:220,0
DA:221,0
DA:222,0
LF:123
LH:16
FN:21,59,transform_content
FNDA:0,transform_content
FN:63,73,get_metaphors
FNDA:0,get_metaphors
FN:77,88,get_image_styles
FNDA:0,get_image_styles
FN:92,158,generate_image
FNDA:0,generate_image
FN:162,222,transform_with_images
FNDA:0,transform_with_images
FNF:5
FNH:0
end_of_record
SF:routes/xhs_routes.py
DA:5,1
DA:6,1
DA:7,1
DA:8,1
DA:9,1
DA:10,1
DA:11,1
DA:13,1
DA:15,1
DA:19,1
DA:20,1
DA:21,1
DA:23,1
DA:25,1
DA:28,1
DA:29,1
DA:31,0
DA:32,0
DA:33,0
DA:35,0
DA:36,0
DA:38,0
DA:39,0
DA:40,0
DA:41,0
DA:43,0
DA:45,0
DA:46,0
DA:48,0
DA:50,0
DA:57,0
DA:68,0
DA:70,0
DA:76,0
DA:77,0
DA:78,0
DA:81,1
DA:82,1
DA:84,0
DA:85,0
DA:87,0
DA:88,0
DA:90,0
DA:92,0
DA:93,0
DA:95,0
DA:96,0
DA:97,0
DA:98,0
DA:99,0
DA:100,0
DA:102,0
DA:103,0
DA:104,0
DA:105,0
DA:107,0
DA:108,0
DA:109,0
DA:110,0
DA:112,0
DA:113,0
DA:114,0
DA:116,0
DA:117,0
DA:118,0
DA:119,0
DA:120,0
DA:121,0
DA:123,0
DA:125,0
DA:137,1
DA:138,1
DA:140,0
DA:142,0
DA:143,0
DA:149,0
DA:150,0
DA:151,0
DA:152,0
DA:158,1
DA:159,1
DA:161,0
DA:162,0
DA:163,0
DA:164,0
DA:166,0
DA:167,0
DA:169,0
DA:170,0
DA:172,0
DA:173,0
DA:174,0
DA:175,0
DA:177,0
DA:178,0
DA:185,0
DA:186,0
DA:187,0
DA:188,0
DA:197,0
DA:199,0
DA:200,0
DA:207,0
DA:212,0
DA:213,0
DA:214,0
DA:217,1
DA:218,1
DA:220,0
DA:221,0
DA:222,0
DA:224,0
DA:225,0
DA:227,0
DA:228,0
DA:230,0
DA:232,0
DA:239,0
DA:240,0
DA:241,0
DA:242,0
DA:248,0
DA:250,0
DA:265,0
DA:266,0
DA:267,0
DA:270,1
DA:271,1
DA:273,0
DA:274,0
DA:275,0
DA:276,0
DA:277,0
DA:278,0
DA:279,0
DA:281,0
DA:282,0
DA:284,0
DA:285,0
DA:287,0
DA:288,0
DA:290,0
DA:291,0
DA:293,0
DA:294,0
DA:295,0
DA:296,0
DA:297,0
DA:298,0
DA:299,0
DA:300,0
DA:301,0
DA:302,0
DA:303,0
DA:304,0
DA:305,0
DA:306,0
DA:307,0
DA:309,0
DA:310,0
DA:312,0
DA:314,0
DA:316,0
DA:317,0
DA:318,0
DA:319,0
DA:329,0
DA:330,0
DA:331,0
DA:332,0
DA:333,0
DA:334,0
DA:336,0
DA:337,0
DA:339,0
DA:341,0
DA:342,0
DA:343,0
LF:178
LH:26
FN:29,78,xhs_generate
FNDA:0,xhs_generate
FN:82,134,xhs_stream
FNDA:0,xhs_stream
FN:92,123,xhs_stream.generate
FNDA:0,xhs_stream.generate
FN:138,155,cancel_xhs_task
FNDA:0,cancel_xhs_task
FN:159,214,xhs_explanation_video
FNDA:0,xhs_explanation_video
FN:218,267,xhs_outline
FNDA:0,xhs_outline
FN:271,343,xhs_publish
FNDA:0,xhs_publish
FNF:7
FNH:0
end_of_record
SF:services/__init__.py
DA:4,1
DA:5,1
DA:6,1
DA:14,1
DA:15,1
DA:16,1
DA:17,1
DA:19,1
LF:8
LH:8
end_of_record
SF:services/blog_generator/__init__.py
DA:15,1
DA:16,1
DA:18,1
LF:3
LH:3
end_of_record
SF:services/blog_generator/agents/__init__.py
DA:5,1
DA:6,1
DA:7,1
DA:8,1
DA:9,1
DA:10,1
DA:11,1
DA:12,1
DA:13,1
DA:15,1
LF:10
LH:10
end_of_record
SF:services/blog_generator/agents/artist.py
DA:5,1
DA:6,1
DA:7,1
DA:8,1
DA:9,1
DA:10,1
DA:12,1
DA:13,1
DA:16,1
DA:18,1
DA:20,0
DA:21,0
DA:22,0
DA:24,1
DA:27,1
DA:29,1
DA:30,1
DA:31,1
DA:32,1
DA:33,0
DA:34,0
DA:35,0
DA:36,0
DA:37,0
DA:39,1
DA:41,1
DA:42,1
DA:43,1
DA:44,1
DA:45,0
DA:46,0
DA:48,0
DA:49,0
DA:50,0
DA:51,0
DA:52,0
DA:54,1
DA:55,1
DA:58,1
DA:65,1
DA:71,1
DA:72,1
DA:75,1
DA:85,1
DA:90,1
DA:97,1
DA:99,1
DA:113,0
DA:114,0
DA:115,0
DA:118,0
DA:120,0
DA:122,0
DA:123,0
DA:125,0
DA:126,0
DA:133,0
DA:134,0
DA:137,0
DA:138,0
DA:141,0
DA:146,0
DA:148,0
DA:149,0
DA:150,0
DA:153,0
DA:154,0
DA:156,0
DA:157,0
DA:158,0
DA:159,0
DA:160,0
DA:162,0
DA:163,0
DA:167,0
DA:168,0
DA:175,0
DA:178,0
DA:179,0
DA:187,0
DA:189,1
DA:199,0
DA:201,0
DA:202,0
DA:203,0
DA:206,0
DA:208,0
DA:209,0
DA:211,0
DA:214,0
DA:217,0
DA:219,0
DA:220,0
DA:222,0
DA:225,0
DA:226,0
DA:228,0
DA:230,0
DA:231,0
DA:233,0
DA:235,1
DA:236,1
DA:260,0
DA:261,0
DA:271,0
DA:272,0
DA:274,0
DA:275,0
DA:280,0
DA:281,0
DA:284,0
DA:285,0
DA:286,0
DA:287,0
DA:288,0
DA:289,0
DA:290,0
DA:291,0
DA:292,0
DA:294,0
DA:300,0
DA:301,0
DA:302,0
DA:304,1
DA:325,0
DA:326,0
DA:327,0
DA:328,0
DA:330,0
DA:332,0
DA:334,0
DA:335,0
DA:336,0
DA:337,0
DA:338,0
DA:339,0
DA:342,0
DA:343,0
DA:344,0
DA:347,0
DA:348,0
DA:350,0
DA:357,0
DA:359,0
DA:360,0
DA:361,0
DA:363,0
DA:364,0
DA:366,0
DA:367,0
DA:368,0
DA:370,1
DA:381,0
DA:382,0
DA:384,0
DA:385,0
DA:386,0
DA:391,0
DA:393,1
DA:394,1
DA:408,0
DA:409,0
DA:411,0
DA:412,0
DA:413,0
DA:416,0
DA:417,0
DA:418,0
DA:421,0
DA:422,0
DA:424,0
DA:426,0
DA:431,0
DA:436,0
DA:437,0
DA:440,0
DA:441,0
DA:442,0
DA:448,0
DA:450,0
DA:451,0
DA:452,0
DA:454,0
DA:456,1
DA:457,1
DA:468,1
DA:469,0
DA:470,0
DA:471,0
DA:473,1
DA:474,1
DA:475,1
DA:476,1
DA:477,1
DA:480,1
DA:481,1
DA:482,1
DA:483,1
DA:487,0
DA:488,0
DA:492,0
DA:494,0
DA:495,0
DA:497,0
DA:498,0
DA:501,0
DA:502,0
DA:505,0
DA:506,0
DA:507,0
DA:508,0
DA:509,0
DA:511,0
DA:512,0
DA:514,0
DA:515,0
DA:516,0
DA:519,0
DA:520,0
DA:521,0
DA:522,0
DA:523,0
DA:525,0
DA:537,0
DA:540,0
DA:541,0
DA:542,0
DA:544,0
DA:546,0
DA:547,0
DA:548,0
DA:549,0
DA:550,0
DA:551,0
DA:552,0
DA:554,0
DA:557,0
DA:558,0
DA:560,0
DA:572,0
DA:575,0
DA:576,0
DA:577,0
DA:580,0
DA:581,0
DA:583,0
DA:595,0
DA:597,0
DA:598,0
DA:599,0
DA:600,0
DA:602,0
DA:605,0
DA:606,0
DA:608,0
DA:609,0
DA:610,0
DA:612,0
DA:615,0
DA:617,0
DA:619,0
DA:621,0
DA:630,0
DA:631,0
DA:634,0
DA:636,0
DA:641,0
DA:643,0
DA:644,0
DA:647,0
DA:650,0
DA:652,0
DA:659,0
DA:661,0
DA:662,0
DA:664,0
DA:677,0
DA:678,0
DA:679,0
DA:687,0
DA:689,0
DA:690,0
DA:692,0
DA:693,0
DA:694,0
DA:695,0
DA:697,0
DA:698,0
DA:699,0
DA:700,0
DA:701,0
DA:704,0
DA:705,0
DA:706,0
DA:714,0
DA:715,0
DA:717,0
DA:718,0
DA:719,0
DA:720,0
DA:722,0
DA:724,0
DA:725,0
DA:731,0
DA:732,0
DA:734,0
DA:747,0
DA:748,0
DA:749,0
DA:750,0
DA:759,0
DA:760,0
DA:762,0
DA:763,0
DA:764,0
DA:765,0
DA:767,0
DA:768,0
DA:771,0
DA:774,0
DA:775,0
DA:778,0
DA:779,0
DA:780,0
DA:781,0
DA:782,0
DA:784,0
DA:785,0
DA:787,0
DA:789,1
DA:808,1
DA:809,1
DA:811,1
DA:812,1
DA:813,0
DA:814,0
DA:815,0
DA:816,0
DA:818,1
DA:821,1
DA:822,1
DA:823,1
DA:826,1
DA:827,0
DA:829,1
DA:831,1
DA:832,1
DA:834,1
DA:836,1
DA:838,1
DA:839,1
DA:842,1
DA:844,1
DA:846,1
DA:847,0
DA:848,0
DA:850,0
DA:851,0
DA:854,1
DA:858,1
DA:860,1
DA:867,1
DA:868,1
DA:870,1
DA:884,0
DA:885,0
DA:887,0
DA:888,0
DA:889,0
DA:892,1
DA:894,1
DA:895,1
DA:896,1
DA:901,1
DA:902,1
DA:903,1
DA:904,1
DA:907,1
DA:908,1
DA:909,1
DA:910,1
DA:913,1
DA:914,1
DA:915,1
DA:916,1
DA:918,1
DA:921,0
DA:924,1
DA:926,1
DA:927,1
DA:928,1
DA:930,1
DA:932,1
LF:393
LH:100
FN:18,22,_should_use_parallel
FNDA:0,_should_use_parallel
FN:27,37,_get_langfuse_client
FNDA:1,_get_langfuse_client
FN:39,52,_get_observe_decorator
FNDA:1,_get_observe_decorator
FN:48,51,_get_observe_decorator.noop_decorator
FNDA:0,_get_observe_decorator.noop_decorator
FN:49,50,_get_observe_decorator.noop_decorator.wrapper
FNDA:0,_get_observe_decorator.noop_decorator.wrapper
FN:90,97,ArtistAgent.__init__
FNDA:1,ArtistAgent.__init__
FN:99,187,ArtistAgent.detect_ascii_flowcharts
FNDA:0,ArtistAgent.detect_ascii_flowcharts
FN:189,233,ArtistAgent.preprocess_ascii_flowcharts
FNDA:0,ArtistAgent.preprocess_ascii_flowcharts
FN:236,302,ArtistAgent.generate_image
FNDA:0,ArtistAgent.generate_image
FN:304,368,ArtistAgent._render_ai_image
FNDA:0,ArtistAgent._render_ai_image
FN:370,391,ArtistAgent.extract_image_placeholders
FNDA:0,ArtistAgent.extract_image_placeholders
FN:394,454,ArtistAgent.detect_missing_diagrams
FNDA:0,ArtistAgent.detect_missing_diagrams
FN:457,787,ArtistAgent.run
FNDA:1,ArtistAgent.run
FN:617,685,ArtistAgent.run.generate_single_task
FNDA:0,ArtistAgent.run.generate_single_task
FN:789,932,ArtistAgent._generate_mini_section_images
FNDA:1,ArtistAgent._generate_mini_section_images
FN:836,889,ArtistAgent._generate_mini_section_images.generate_section_image
FNDA:1,ArtistAgent._generate_mini_section_images.generate_section_image
FNF:16
FNH:6
end_of_record
SF:services/blog_generator/agents/assembler.py
DA:5,1
DA:6,1
DA:7,1
DA:9,1
DA:10,1
DA:15,1
DA:18,1
DA:26,0
DA:28,0
DA:29,0
DA:32,1
DA:37,1
DA:41,1
DA:43,1
DA:54,0
DA:55,0
DA:56,0
DA:58,1
DA:79,0
DA:82,0
DA:83,0
DA:84,0
DA:85,0
DA:86,0
DA:87,0
DA:93,0
DA:104,0
DA:105,0
DA:106,0
DA:109,0
DA:112,0
DA:114,0
DA:116,0
DA:119,0
DA:120,0
DA:128,0
DA:131,0
DA:134,0
DA:135,0
DA:136,0
DA:138,0
DA:145,1
DA:155,0
DA:156,0
DA:157,0
DA:158,0
DA:160,0
DA:161,0
DA:162,0
DA:163,0
DA:164,0
DA:165,0
DA:166,0
DA:167,0
DA:169,0
DA:170,0
DA:171,0
DA:173,0
DA:175,0
DA:183,0
DA:185,0
DA:189,0
LF:62
LH:13
FN:18,29,_fix_markdown_separators
FNDA:0,_fix_markdown_separators
FN:37,41,AssemblerAgent.__init__
FNDA:1,AssemblerAgent.__init__
FN:43,56,AssemblerAgent.extract_subheadings
FNDA:0,AssemblerAgent.extract_subheadings
FN:58,143,AssemblerAgent.assemble
FNDA:0,AssemblerAgent.assemble
FN:145,189,AssemblerAgent.run
FNDA:0,AssemblerAgent.run
FNF:5
FNH:1
end_of_record
SF:services/blog_generator/agents/coder.py
DA:5,1
DA:6,1
DA:7,1
DA:8,1
DA:9,1
DA:10,1
DA:12,1
DA:15,1
DA:17,1
DA:19,0
DA:20,0
DA:21,0
DA:23,1
DA:26,1
DA:28,1
DA:29,1
DA:30,1
DA:31,1
DA:32,0
DA:33,0
DA:34,0
DA:35,0
DA:36,0
DA:38,1
DA:40,1
DA:41,1
DA:42,1
DA:43,1
DA:44,0
DA:45,0
DA:47,0
DA:48,0
DA:49,0
DA:50,0
DA:51,0
DA:53,1
DA:54,1
DA:57,1
DA:62,1
DA:69,1
DA:71,1
DA:72,1
DA:92,0
DA:93,0
DA:100,0
DA:101,0
DA:106,0
DA:107,0
DA:114,0
DA:115,0
DA:116,0
DA:118,1
DA:129,0
DA:130,0
DA:132,0
DA:133,0
DA:134,0
DA:139,0
DA:141,1
DA:142,1
DA:153,0
DA:154,0
DA:155,0
DA:156,0
DA:158,0
DA:159,0
DA:160,0
DA:161,0
DA:162,0
DA:164,0
DA:167,0
DA:168,0
DA:169,0
DA:170,0
DA:172,0
DA:174,0
DA:175,0
DA:182,0
DA:183,0
DA:184,0
DA:185,0
DA:188,0
DA:189,0
DA:191,0
DA:192,0
DA:193,0
DA:195,0
DA:198,0
DA:200,0
DA:202,0
DA:203,0
DA:209,0
DA:221,0
DA:222,0
DA:223,0
DA:231,0
DA:233,0
DA:234,0
DA:236,0
DA:237,0
DA:238,0
DA:239,0
DA:241,0
DA:242,0
DA:245,0
DA:246,0
DA:247,0
DA:253,0
DA:265,0
DA:266,0
DA:267,0
DA:268,0
DA:277,0
DA:278,0
DA:280,0
DA:281,0
DA:282,0
DA:283,0
DA:286,0
DA:287,0
DA:288,0
DA:289,0
DA:290,0
DA:292,0
DA:293,0
DA:295,0
LF:126
LH:30
FN:17,21,_should_use_parallel
FNDA:0,_should_use_parallel
FN:26,36,_get_langfuse_client
FNDA:1,_get_langfuse_client
FN:38,51,_get_observe_decorator
FNDA:1,_get_observe_decorator
FN:47,50,_get_observe_decorator.noop_decorator
FNDA:0,_get_observe_decorator.noop_decorator
FN:48,49,_get_observe_decorator.noop_decorator.wrapper
FNDA:0,_get_observe_decorator.noop_decorator.wrapper
FN:62,69,CoderAgent.__init__
FNDA:1,CoderAgent.__init__
FN:72,116,CoderAgent.generate_code
FNDA:0,CoderAgent.generate_code
FN:118,139,CoderAgent.extract_code_placeholders
FNDA:0,CoderAgent.extract_code_placeholders
FN:142,295,CoderAgent.run
FNDA:0,CoderAgent.run
FN:200,229,CoderAgent.run.generate_single_task
FNDA:0,CoderAgent.run.generate_single_task
FNF:10
FNH:3
end_of_record
SF:services/blog_generator/agents/planner.py
DA:5,1
DA:6,1
DA:7,1
DA:9,1
DA:11,1
DA:14,1
DA:19,1
DA:26,1
DA:28,1
DA:67,0
DA:68,0
DA:70,0
DA:71,0
DA:87,0
DA:89,0
DA:91,0
DA:92,0
DA:93,0
DA:95,0
DA:96,0
DA:98,0
DA:103,0
DA:104,0
DA:110,0
DA:111,0
DA:112,0
DA:113,0
DA:114,0
DA:115,0
DA:116,0
DA:117,0
DA:118,0
DA:120,0
DA:123,0
DA:124,0
DA:125,0
DA:126,0
DA:129,0
DA:130,0
DA:131,0
DA:133,0
DA:135,0
DA:136,0
DA:137,0
DA:138,0
DA:139,0
DA:140,0
DA:142,1
DA:153,0
DA:155,0
DA:156,0
DA:173,0
DA:176,0
DA:177,0
DA:178,0
DA:179,0
DA:181,0
DA:183,0
DA:184,0
DA:185,0
DA:187,0
LF:61
LH:10
FN:19,26,PlannerAgent.__init__
FNDA:1,PlannerAgent.__init__
FN:28,140,PlannerAgent.generate_outline
FNDA:0,PlannerAgent.generate_outline
FN:93,96,PlannerAgent.generate_outline.on_chunk
FNDA:0,PlannerAgent.generate_outline.on_chunk
FN:142,187,PlannerAgent.run
FNDA:0,PlannerAgent.run
FNF:4
FNH:1
end_of_record
SF:services/blog_generator/agents/questioner.py
DA:5,1
DA:6,1
DA:7,1
DA:8,1
DA:9,1
DA:11,1
DA:14,1
DA:16,1
DA:18,0
DA:19,0
DA:20,0
DA:22,1
DA:25,1
DA:27,1
DA:28,1
DA:29,1
DA:30,1
DA:31,0
DA:32,0
DA:33,0
DA:34,0
DA:35,0
DA:37,1
DA:39,1
DA:40,1
DA:41,1
DA:42,1
DA:43,0
DA:44,0
DA:46,0
DA:47,0
DA:48,0
DA:49,0
DA:50,0
DA:52,1
DA:53,1
DA:56,1
DA:61,1
DA:68,1
DA:70,1
DA:71,1
DA:89,0
DA:90,0
DA:96,0
DA:97,0
DA:102,0
DA:103,0
DA:104,0
DA:110,0
DA:111,0
DA:117,0
DA:118,0
DA:119,0
DA:124,0
DA:125,0
DA:127,0
DA:133,1
DA:134,1
DA:145,0
DA:146,0
DA:147,0
DA:149,0
DA:150,0
DA:151,0
DA:152,0
DA:153,0
DA:154,0
DA:156,0
DA:157,0
DA:160,0
DA:161,0
DA:168,0
DA:171,0
DA:172,0
DA:174,0
DA:175,0
DA:176,0
DA:178,0
DA:181,0
DA:182,0
DA:183,0
DA:184,0
DA:192,0
DA:194,0
DA:196,0
DA:197,0
DA:202,0
DA:208,0
DA:209,0
DA:210,0
DA:221,0
DA:223,0
DA:224,0
DA:226,0
DA:227,0
DA:228,0
DA:229,0
DA:232,0
DA:233,0
DA:234,0
DA:239,0
DA:245,0
DA:246,0
DA:247,0
DA:259,0
DA:260,0
DA:262,0
DA:263,0
DA:264,0
DA:265,0
DA:267,0
DA:273,0
DA:275,0
DA:276,0
DA:277,0
DA:279,0
DA:280,0
DA:282,0
DA:284,0
LF:119
LH:28
FN:16,20,_should_use_parallel
FNDA:0,_should_use_parallel
FN:25,35,_get_langfuse_client
FNDA:1,_get_langfuse_client
FN:37,50,_get_observe_decorator
FNDA:1,_get_observe_decorator
FN:46,49,_get_observe_decorator.noop_decorator
FNDA:0,_get_observe_decorator.noop_decorator
FN:47,48,_get_observe_decorator.noop_decorator.wrapper
FNDA:0,_get_observe_decorator.noop_decorator.wrapper
FN:61,68,QuestionerAgent.__init__
FNDA:1,QuestionerAgent.__init__
FN:71,131,QuestionerAgent.check_depth
FNDA:0,QuestionerAgent.check_depth
FN:134,284,QuestionerAgent.run
FNDA:0,QuestionerAgent.run
FN:194,219,QuestionerAgent.run.check_single_task
FNDA:0,QuestionerAgent.run.check_single_task
FNF:9
FNH:3
end_of_record
SF:services/blog_generator/agents/researcher.py
DA:5,1
DA:6,1
DA:7,1
DA:8,1
DA:10,1
DA:11,1
DA:13,1
DA:16,1
DA:22,1
DA:31,1
DA:32,1
DA:33,1
DA:36,1
DA:37,1
DA:39,1
DA:40,1
DA:41,1
DA:42,1
DA:44,1
DA:56,0
DA:62,0
DA:63,0
DA:65,0
DA:66,0
DA:67,0
DA:72,0
DA:77,0
DA:78,0
DA:79,0
DA:80,0
DA:82,0
DA:83,0
DA:84,0
DA:86,1
DA:98,0
DA:99,0
DA:100,0
DA:102,0
DA:103,0
DA:105,0
DA:106,0
DA:107,0
DA:108,0
DA:109,0
DA:110,0
DA:111,0
DA:114,0
DA:115,0
DA:116,0
DA:117,0
DA:118,0
DA:119,0
DA:120,0
DA:122,0
DA:124,1
DA:136,0
DA:137,0
DA:138,0
DA:139,0
DA:141,0
DA:142,0
DA:148,0
DA:149,0
DA:150,0
DA:151,0
DA:153,0
DA:154,0
DA:156,0
DA:157,0
DA:158,0
DA:160,1
DA:179,0
DA:180,0
DA:186,0
DA:187,0
DA:194,0
DA:195,0
DA:200,0
DA:201,0
DA:202,0
DA:203,0
DA:204,0
DA:207,0
DA:208,0
DA:211,0
DA:214,0
DA:216,0
DA:217,0
DA:218,0
DA:219,0
DA:220,0
DA:222,0
DA:223,0
DA:226,0
DA:227,0
DA:228,0
DA:229,0
DA:230,0
DA:231,0
DA:234,0
DA:241,0
DA:242,0
DA:243,0
DA:244,0
DA:247,0
DA:258,1
DA:272,0
DA:273,0
DA:276,0
DA:277,0
DA:279,0
DA:282,0
DA:283,0
DA:284,0
DA:286,0
DA:288,0
DA:289,0
DA:292,0
DA:294,0
DA:295,0
DA:298,0
DA:299,0
DA:302,0
DA:304,0
DA:307,0
DA:313,0
DA:316,0
DA:322,0
DA:325,0
DA:330,0
DA:334,0
DA:335,0
DA:336,0
DA:341,0
DA:346,0
DA:349,0
DA:350,0
DA:351,0
DA:356,0
DA:362,0
DA:363,0
DA:364,0
DA:365,0
DA:367,0
DA:368,0
DA:372,0
DA:373,0
DA:376,0
LF:148
LH:23
FN:22,42,ResearcherAgent.__init__
FNDA:1,ResearcherAgent.__init__
FN:44,84,ResearcherAgent.generate_search_queries
FNDA:0,ResearcherAgent.generate_search_queries
FN:86,122,ResearcherAgent.search
FNDA:0,ResearcherAgent.search
FN:124,158,ResearcherAgent._smart_search
FNDA:0,ResearcherAgent._smart_search
FN:160,256,ResearcherAgent.summarize
FNDA:0,ResearcherAgent.summarize
FN:258,376,ResearcherAgent.run
FNDA:0,ResearcherAgent.run
FNF:6
FNH:1
end_of_record
SF:services/blog_generator/agents/reviewer.py
DA:5,1
DA:6,1
DA:7,1
DA:9,1
DA:11,1
DA:14,1
DA:19,1
DA:26,1
DA:28,1
DA:51,1
DA:52,1
DA:62,1
DA:63,1
DA:64,1
DA:66,1
DA:67,1
DA:72,1
DA:75,1
DA:76,1
DA:79,1
DA:92,1
DA:98,1
DA:105,0
DA:106,0
DA:108,0
DA:115,1
DA:125,1
DA:126,0
DA:127,0
DA:128,0
DA:129,0
DA:130,0
DA:132,1
DA:133,1
DA:134,1
DA:135,1
DA:136,1
DA:137,1
DA:138,1
DA:140,1
DA:143,1
DA:144,1
DA:145,1
DA:147,1
DA:149,1
DA:152,1
DA:153,1
DA:154,1
DA:155,1
DA:157,1
DA:158,0
DA:159,1
DA:160,0
DA:161,1
DA:162,0
DA:163,1
DA:164,0
DA:166,1
DA:175,1
DA:176,1
DA:177,1
DA:179,1
DA:181,1
DA:182,0
DA:183,0
DA:185,1
LF:66
LH:52
FN:19,26,ReviewerAgent.__init__
FNDA:1,ReviewerAgent.__init__
FN:28,113,ReviewerAgent.review
FNDA:1,ReviewerAgent.review
FN:115,185,ReviewerAgent.run
FNDA:1,ReviewerAgent.run
FNF:3
FNH:3
end_of_record
SF:services/blog_generator/agents/search_coordinator.py
DA:6,1
DA:7,1
DA:8,1
DA:10,1
DA:11,1
DA:13,1
DA:16,1
DA:27,1
DA:35,1
DA:36,1
DA:38,1
DA:40,0
DA:41,0
DA:42,0
DA:44,1
DA:66,0
DA:67,0
DA:74,0
DA:75,0
DA:80,0
DA:81,0
DA:83,0
DA:84,0
DA:85,0
DA:87,0
DA:89,0
DA:90,0
DA:91,0
DA:93,1
DA:111,0
DA:112,0
DA:113,0
DA:119,0
DA:120,0
DA:121,0
DA:127,0
DA:128,0
DA:129,0
DA:132,0
DA:133,0
DA:134,0
DA:135,0
DA:137,0
DA:138,0
DA:139,0
DA:141,0
DA:142,0
DA:143,0
DA:144,0
DA:145,0
DA:146,0
DA:149,0
DA:150,0
DA:153,0
DA:154,0
DA:160,0
DA:163,0
DA:166,0
DA:169,0
DA:170,0
DA:171,0
DA:173,0
DA:175,0
DA:181,1
DA:183,0
DA:184,0
DA:186,0
DA:187,0
DA:188,0
DA:189,0
DA:190,0
DA:192,0
DA:194,1
DA:209,0
DA:210,0
DA:213,0
DA:214,0
DA:216,0
DA:217,0
DA:220,0
DA:221,0
DA:222,0
DA:224,0
DA:226,1
DA:236,0
DA:237,0
DA:238,0
DA:240,0
DA:241,0
DA:242,0
DA:243,0
DA:244,0
DA:247,0
DA:252,0
DA:253,0
DA:255,0
DA:258,0
DA:265,0
DA:267,0
LF:99
LH:16
FN:27,36,SearchCoordinator.__init__
FNDA:1,SearchCoordinator.__init__
FN:38,42,SearchCoordinator.can_search
FNDA:0,SearchCoordinator.can_search
FN:44,91,SearchCoordinator.detect_knowledge_gaps
FNDA:0,SearchCoordinator.detect_knowledge_gaps
FN:93,179,SearchCoordinator.refine_search
FNDA:0,SearchCoordinator.refine_search
FN:181,192,SearchCoordinator._deduplicate_results
FNDA:0,SearchCoordinator._deduplicate_results
FN:194,224,SearchCoordinator._summarize_results
FNDA:0,SearchCoordinator._summarize_results
FN:226,267,SearchCoordinator.run
FNDA:0,SearchCoordinator.run
FNF:7
FNH:1
end_of_record
SF:services/blog_generator/agents/writer.py
DA:5,1
DA:6,1
DA:7,1
DA:8,1
DA:9,1
DA:11,1
DA:14,1
DA:16,1
DA:18,1
DA:19,1
DA:20,0
DA:22,1
DA:25,1
DA:27,1
DA:28,1
DA:29,1
DA:30,1
DA:31,0
DA:32,0
DA:33,0
DA:34,0
DA:35,0
DA:37,1
DA:39,1
DA:40,1
DA:41,1
DA:42,1
DA:43,0
DA:44,0
DA:46,0
DA:47,0
DA:48,0
DA:49,0
DA:50,0
DA:52,1
DA:53,1
DA:56,1
DA:61,1
DA:68,1
DA:70,1
DA:71,1
DA:103,1
DA:104,1
DA:118,1
DA:119,1
DA:120,1
DA:122,1
DA:123,1
DA:127,1
DA:135,1
DA:136,1
DA:137,1
DA:139,1
DA:140,1
DA:160,0
DA:161,0
DA:163,0
DA:164,0
DA:165,0
DA:167,0
DA:168,0
DA:174,0
DA:175,0
DA:176,0
DA:178,0
DA:179,0
DA:182,0
DA:184,0
DA:185,0
DA:186,0
DA:188,1
DA:189,1
DA:210,0
DA:211,0
DA:213,0
DA:214,0
DA:215,0
DA:217,0
DA:218,0
DA:225,0
DA:226,0
DA:227,0
DA:228,0
DA:230,0
DA:231,0
DA:236,0
DA:237,0
DA:238,0
DA:239,0
DA:241,0
DA:242,0
DA:244,0
DA:245,0
DA:246,0
DA:248,1
DA:249,1
DA:260,1
DA:261,0
DA:262,0
DA:264,1
DA:265,1
DA:266,0
DA:267,0
DA:268,0
DA:269,0
DA:271,1
DA:272,1
DA:273,1
DA:274,1
DA:275,1
DA:276,1
DA:277,1
DA:279,1
DA:280,0
DA:281,0
DA:282,0
DA:285,1
DA:286,1
DA:287,1
DA:288,1
DA:290,1
DA:291,0
DA:292,0
DA:294,1
DA:295,0
DA:296,0
DA:298,1
DA:313,1
DA:314,1
DA:316,1
DA:317,1
DA:318,0
DA:320,1
DA:323,1
DA:325,1
DA:327,0
DA:328,0
DA:340,0
DA:345,0
DA:346,0
DA:347,0
DA:354,1
DA:356,0
DA:357,0
DA:359,0
DA:360,0
DA:361,0
DA:362,0
DA:364,0
DA:365,0
DA:368,1
DA:369,1
DA:370,1
DA:382,1
DA:387,1
DA:388,1
DA:389,1
DA:390,1
DA:398,1
DA:399,1
DA:400,1
DA:401,1
DA:403,1
DA:404,1
DA:406,1
LF:165
LH:86
FN:16,20,_should_use_parallel
FNDA:1,_should_use_parallel
FN:25,35,_get_langfuse_client
FNDA:1,_get_langfuse_client
FN:37,50,_get_observe_decorator
FNDA:1,_get_observe_decorator
FN:46,49,_get_observe_decorator.noop_decorator
FNDA:0,_get_observe_decorator.noop_decorator
FN:47,48,_get_observe_decorator.noop_decorator.wrapper
FNDA:0,_get_observe_decorator.noop_decorator.wrapper
FN:61,68,WriterAgent.__init__
FNDA:1,WriterAgent.__init__
FN:71,137,WriterAgent.write_section
FNDA:1,WriterAgent.write_section
FN:140,186,WriterAgent.enhance_section
FNDA:0,WriterAgent.enhance_section
FN:189,246,WriterAgent.correct_section
FNDA:0,WriterAgent.correct_section
FN:249,406,WriterAgent.run
FNDA:1,WriterAgent.run
FN:325,352,WriterAgent.run.write_single_task
FNDA:0,WriterAgent.run.write_single_task
FNF:11
FNH:6
end_of_record
SF:services/blog_generator/blog_service.py
DA:5,1
DA:6,1
DA:7,1
DA:8,1
DA:9,1
DA:10,1
DA:11,1
DA:13,1
DA:15,1
DA:16,1
DA:17,1
DA:18,1
DA:19,1
DA:22,1
DA:24,1
DA:27,1
DA:30,1
DA:35,1
DA:44,1
DA:45,1
DA:50,1
DA:52,1
DA:73,1
DA:81,1
DA:118,0
DA:120,0
DA:122,0
DA:123,0
DA:124,0
DA:125,0
DA:142,0
DA:160,0
DA:163,0
DA:164,0
DA:165,0
DA:167,1
DA:187,0
DA:188,0
DA:191,0
DA:192,0
DA:193,0
DA:194,0
DA:195,0
DA:197,0
DA:198,0
DA:199,0
DA:200,0
DA:207,0
DA:208,0
DA:222,0
DA:223,0
DA:224,0
DA:225,0
DA:228,0
DA:229,0
DA:232,0
DA:234,0
DA:236,0
DA:237,0
DA:244,0
DA:245,0
DA:246,0
DA:252,0
DA:274,0
DA:275,0
DA:276,0
DA:282,0
DA:284,0
DA:287,0
DA:288,0
DA:289,0
DA:290,0
DA:291,0
DA:292,0
DA:293,0
DA:296,0
DA:315,0
DA:318,0
DA:320,0
DA:321,0
DA:322,0
DA:326,0
DA:328,0
DA:329,0
DA:331,0
DA:333,0
DA:340,0
DA:342,0
DA:343,0
DA:344,0
DA:347,0
DA:348,0
DA:349,0
DA:350,0
DA:351,0
DA:352,0
DA:358,0
DA:370,0
DA:372,0
DA:373,0
DA:374,0
DA:387,0
DA:389,0
DA:390,0
DA:391,0
DA:393,0
DA:394,0
DA:395,0
DA:404,0
DA:406,0
DA:408,0
DA:409,0
DA:410,0
DA:411,0
DA:422,0
DA:424,0
DA:425,0
DA:426,0
DA:427,0
DA:428,0
DA:439,0
DA:441,0
DA:442,0
DA:450,0
DA:452,0
DA:453,0
DA:461,0
DA:463,0
DA:464,0
DA:472,0
DA:474,0
DA:475,0
DA:483,0
DA:485,0
DA:486,0
DA:487,0
DA:496,0
DA:498,0
DA:499,0
DA:508,0
DA:511,0
DA:512,0
DA:514,0
DA:515,0
DA:525,0
DA:526,0
DA:527,0
DA:530,0
DA:531,0
DA:534,0
DA:535,0
DA:536,0
DA:538,0
DA:540,0
DA:543,0
DA:544,0
DA:545,0
DA:547,0
DA:548,0
DA:549,0
DA:550,0
DA:551,0
DA:552,0
DA:553,0
DA:554,0
DA:555,0
DA:557,0
DA:559,0
DA:560,0
DA:568,0
DA:569,0
DA:570,0
DA:572,0
DA:573,0
DA:583,0
DA:584,0
DA:585,0
DA:586,0
DA:587,0
DA:605,0
DA:608,0
DA:609,0
DA:611,0
DA:612,0
DA:619,0
DA:621,0
DA:622,0
DA:623,0
DA:624,0
DA:625,0
DA:627,0
DA:628,0
DA:631,0
DA:632,0
DA:645,0
DA:647,0
DA:648,0
DA:649,0
DA:650,0
DA:656,0
DA:657,0
DA:658,0
DA:660,1
DA:684,0
DA:685,0
DA:686,0
DA:687,0
DA:689,0
DA:691,0
DA:692,0
DA:698,0
DA:704,0
DA:705,0
DA:708,0
DA:709,0
DA:716,0
DA:718,0
DA:719,0
DA:720,0
DA:721,0
DA:724,0
DA:725,0
DA:726,0
DA:727,0
DA:730,0
DA:731,0
DA:733,0
DA:735,0
DA:738,0
DA:745,0
DA:747,0
DA:748,0
DA:749,0
DA:750,0
DA:751,0
DA:757,0
DA:759,0
DA:761,0
DA:763,0
DA:764,0
DA:765,0
DA:768,1
DA:779,1
DA:806,0
DA:807,0
DA:808,0
DA:809,0
DA:812,0
DA:813,0
DA:818,0
DA:825,0
DA:826,0
DA:827,0
DA:828,0
DA:830,0
DA:833,0
DA:837,0
DA:840,0
DA:841,0
DA:842,0
DA:849,0
DA:851,0
DA:852,0
DA:862,0
DA:865,0
DA:872,0
DA:873,0
DA:874,0
DA:877,0
DA:878,0
DA:879,0
DA:880,0
DA:881,0
DA:883,0
DA:885,0
DA:887,0
DA:888,0
DA:894,0
DA:896,0
DA:897,0
DA:898,0
DA:900,1
DA:925,0
DA:926,0
DA:928,0
DA:931,0
DA:932,0
DA:934,0
DA:936,0
DA:937,0
DA:944,0
DA:948,0
DA:951,0
DA:953,0
DA:955,0
DA:956,0
DA:957,0
DA:963,0
DA:964,0
DA:965,0
DA:966,0
DA:968,0
DA:969,0
DA:970,0
DA:971,0
DA:972,0
DA:974,0
DA:975,0
DA:982,0
DA:985,0
DA:986,0
DA:988,0
DA:989,0
DA:990,0
DA:991,0
DA:994,0
DA:995,0
DA:996,0
DA:997,0
DA:1000,0
DA:1002,0
DA:1003,0
DA:1004,0
DA:1006,0
DA:1008,0
DA:1009,0
DA:1016,0
DA:1017,0
DA:1020,0
DA:1022,0
DA:1023,0
DA:1024,0
DA:1025,0
DA:1031,0
DA:1033,1
DA:1044,0
DA:1045,0
DA:1046,0
DA:1047,0
DA:1048,0
DA:1050,0
DA:1051,0
DA:1053,0
DA:1054,0
DA:1055,0
DA:1056,0
DA:1058,0
DA:1059,0
DA:1060,0
DA:1061,0
DA:1062,0
DA:1064,0
DA:1065,0
DA:1068,0
DA:1069,0
DA:1070,0
DA:1071,0
DA:1074,0
DA:1076,0
DA:1085,0
DA:1086,0
DA:1088,0
DA:1089,0
DA:1090,0
DA:1093,0
DA:1094,0
DA:1095,0
DA:1096,0
DA:1097,0
DA:1098,0
DA:1101,0
DA:1103,0
DA:1104,0
DA:1105,0
DA:1107,1
DA:1126,0
DA:1128,0
DA:1131,0
DA:1133,0
DA:1134,0
DA:1135,0
DA:1137,0
DA:1140,0
DA:1141,0
DA:1143,0
DA:1145,0
DA:1155,0
DA:1156,0
DA:1157,0
DA:1158,0
DA:1159,0
DA:1160,0
DA:1162,0
DA:1163,0
DA:1164,0
DA:1167,0
DA:1170,0
DA:1171,0
DA:1174,0
DA:1175,0
DA:1176,0
DA:1177,0
DA:1178,0
DA:1179,0
DA:1181,0
DA:1182,0
DA:1184,0
DA:1185,0
DA:1186,0
DA:1189,1
DA:1204,1
DA:1206,1
DA:1207,1
DA:1208,1
DA:1211,1
DA:1216,1
DA:1223,1
DA:1225,1
DA:1237,0
DA:1239,0
DA:1240,0
DA:1242,0
DA:1244,1
DA:1255,0
DA:1256,0
DA:1257,0
DA:1258,0
DA:1260,0
DA:1263,0
DA:1266,1
DA:1268,0
DA:1271,1
DA:1286,0
DA:1287,0
DA:1289,0
DA:1291,0
DA:1292,0
DA:1295,0
DA:1298,0
DA:1299,0
DA:1301,0
DA:1302,0
DA:1303,0
DA:1305,0
DA:1306,0
DA:1309,0
DA:1310,0
DA:1311,0
DA:1312,0
DA:1314,0
DA:1315,0
LF:451
LH:43
FN:35,50,BlogService.__init__
FNDA:1,BlogService.__init__
FN:52,79,BlogService.generate_sync
FNDA:1,BlogService.generate_sync
FN:81,165,BlogService.generate_async
FNDA:0,BlogService.generate_async
FN:118,160,BlogService.generate_async.run_in_thread
FNDA:0,BlogService.generate_async.run_in_thread
FN:167,658,BlogService._run_generation
FNDA:0,BlogService._run_generation
FN:192,195,BlogService._run_generation.SSELogHandler.__init__
FNDA:0,BlogService._run_generation.SSELogHandler.__init__
FN:197,204,BlogService._run_generation.SSELogHandler.emit
FNDA:0,BlogService._run_generation.SSELogHandler.emit
FN:274,280,BlogService._run_generation.on_outline_stream
FNDA:0,BlogService._run_generation.on_outline_stream
FN:660,765,BlogService._generate_cover_image
FNDA:0,BlogService._generate_cover_image
FN:779,898,BlogService._generate_cover_video
FNDA:0,BlogService._generate_cover_video
FN:840,846,BlogService._generate_cover_video.progress_callback
FNDA:0,BlogService._generate_cover_video.progress_callback
FN:900,1031,BlogService._generate_sequence_video
FNDA:0,BlogService._generate_sequence_video
FN:953,972,BlogService._generate_sequence_video.generate_veo3_video
FNDA:0,BlogService._generate_sequence_video.generate_veo3_video
FN:1033,1105,BlogService._merge_videos
FNDA:0,BlogService._merge_videos
FN:1107,1186,BlogService._save_markdown
FNDA:0,BlogService._save_markdown
FN:1189,1208,init_blog_service
FNDA:1,init_blog_service
FN:1216,1223,LLMClientAdapter.__init__
FNDA:1,LLMClientAdapter.__init__
FN:1225,1242,LLMClientAdapter.chat
FNDA:0,LLMClientAdapter.chat
FN:1244,1263,LLMClientAdapter.chat_stream
FNDA:0,LLMClientAdapter.chat_stream
FN:1266,1268,get_blog_service
FNDA:0,get_blog_service
FN:1271,1315,extract_article_summary
FNDA:0,extract_article_summary
FNF:21
FNH:4
end_of_record
SF:services/blog_generator/generator.py
DA:5,1
DA:6,1
DA:7,1
DA:10,1
DA:12,0
DA:13,0
DA:14,0
DA:16,1
DA:17,1
DA:19,1
DA:20,1
DA:21,1
DA:22,1
DA:23,1
DA:24,1
DA:25,1
DA:26,1
DA:27,1
DA:28,1
DA:30,1
DA:33,1
DA:35,1
DA:36,1
DA:37,1
DA:38,1
DA:39,1
DA:40,1
DA:41,1
DA:44,1
DA:46,1
DA:47,1
DA:48,1
DA:50,1
DA:53,1
DA:60,1
DA:78,1
DA:79,1
DA:80,1
DA:81,1
DA:82,1
DA:85,1
DA:86,1
DA:87,1
DA:88,1
DA:89,1
DA:90,1
DA:91,1
DA:92,1
DA:93,1
DA:96,1
DA:97,1
DA:99,1
DA:106,1
DA:109,1
DA:110,1
DA:111,1
DA:113,1
DA:114,1
DA:115,1
DA:117,1
DA:118,1
DA:119,1
DA:120,1
DA:121,1
DA:122,1
DA:125,1
DA:126,1
DA:127,1
DA:130,1
DA:133,1
DA:143,1
DA:144,1
DA:147,1
DA:155,1
DA:158,1
DA:161,1
DA:169,1
DA:170,1
DA:172,1
DA:174,1
DA:176,0
DA:177,0
DA:179,1
DA:181,0
DA:183,0
DA:184,0
DA:186,1
DA:188,0
DA:189,0
DA:190,0
DA:191,0
DA:192,0
DA:194,0
DA:195,0
DA:196,0
DA:198,1
DA:200,0
DA:201,0
DA:202,0
DA:203,0
DA:205,1
DA:207,0
DA:208,0
DA:209,0
DA:211,0
DA:212,0
DA:214,0
DA:215,0
DA:217,0
DA:219,0
DA:221,1
DA:223,0
DA:224,0
DA:226,0
DA:228,0
DA:229,0
DA:230,0
DA:232,0
DA:233,0
DA:234,0
DA:236,0
DA:237,0
DA:240,0
DA:241,0
DA:242,0
DA:244,0
DA:245,0
DA:251,0
DA:252,0
DA:253,0
DA:254,0
DA:256,0
DA:257,0
DA:260,0
DA:262,0
DA:263,0
DA:264,0
DA:270,0
DA:273,0
DA:278,0
DA:279,0
DA:280,0
DA:286,0
DA:287,0
DA:289,0
DA:290,0
DA:291,0
DA:292,0
DA:293,0
DA:295,0
DA:296,0
DA:299,0
DA:301,0
DA:305,1
DA:307,0
DA:308,0
DA:310,1
DA:312,0
DA:313,0
DA:315,0
DA:316,0
DA:317,0
DA:320,0
DA:324,0
DA:326,0
DA:327,0
DA:328,0
DA:330,0
DA:331,0
DA:333,0
DA:334,0
DA:336,0
DA:339,0
DA:340,0
DA:341,0
DA:342,0
DA:345,0
DA:346,0
DA:347,0
DA:354,0
DA:357,0
DA:359,0
DA:360,0
DA:361,0
DA:362,0
DA:364,0
DA:371,0
DA:372,0
DA:374,0
DA:379,0
DA:380,0
DA:381,0
DA:387,0
DA:389,0
DA:390,0
DA:392,0
DA:393,0
DA:394,0
DA:395,0
DA:396,0
DA:397,0
DA:398,0
DA:401,0
DA:402,0
DA:403,0
DA:404,0
DA:405,0
DA:407,0
DA:414,0
DA:415,0
DA:417,0
DA:418,0
DA:419,0
DA:420,0
DA:421,0
DA:422,0
DA:424,0
DA:425,0
DA:426,0
DA:428,1
DA:430,0
DA:432,0
DA:439,0
DA:440,0
DA:441,0
DA:443,0
DA:444,0
DA:445,0
DA:447,0
DA:448,0
DA:449,0
DA:452,0
DA:453,0
DA:456,0
DA:457,0
DA:458,0
DA:459,0
DA:460,0
DA:461,0
DA:463,0
DA:464,0
DA:465,0
DA:467,0
DA:469,1
DA:471,0
DA:472,0
DA:474,1
DA:476,0
DA:477,0
DA:479,0
DA:480,0
DA:481,0
DA:484,0
DA:485,0
DA:486,0
DA:488,0
DA:489,0
DA:490,0
DA:492,0
DA:493,0
DA:496,0
DA:498,0
DA:499,0
DA:500,0
DA:501,0
DA:502,0
DA:503,0
DA:509,0
DA:510,0
DA:512,0
DA:515,0
DA:516,0
DA:517,0
DA:518,0
DA:519,0
DA:525,0
DA:528,0
DA:529,0
DA:530,0
DA:531,0
DA:532,0
DA:538,0
DA:543,0
DA:544,0
DA:545,0
DA:551,0
DA:552,0
DA:553,0
DA:554,0
DA:555,0
DA:556,0
DA:557,0
DA:558,0
DA:559,0
DA:560,0
DA:563,0
DA:564,0
DA:565,0
DA:566,0
DA:567,0
DA:573,0
DA:574,0
DA:575,0
DA:576,0
DA:577,0
DA:578,0
DA:581,0
DA:582,0
DA:584,0
DA:587,0
DA:588,0
DA:589,0
DA:590,0
DA:592,0
DA:593,0
DA:594,0
DA:601,0
DA:604,0
DA:605,0
DA:606,0
DA:607,0
DA:608,0
DA:619,0
DA:624,0
DA:625,0
DA:626,0
DA:632,0
DA:633,0
DA:634,0
DA:635,0
DA:636,0
DA:637,0
DA:638,0
DA:639,0
DA:640,0
DA:641,0
DA:644,0
DA:645,0
DA:646,0
DA:647,0
DA:648,0
DA:659,0
DA:660,0
DA:661,0
DA:662,0
DA:663,0
DA:664,0
DA:666,0
DA:667,0
DA:668,0
DA:670,1
DA:672,0
DA:673,0
DA:675,1
DA:677,0
DA:678,0
DA:679,0
DA:680,0
DA:682,1
DA:684,1
DA:687,1
DA:688,1
DA:690,1
DA:691,1
DA:692,1
DA:694,1
DA:695,1
DA:696,1
DA:697,1
DA:699,1
DA:700,1
DA:701,1
DA:702,1
DA:704,1
DA:705,1
DA:706,1
DA:708,1
DA:709,1
DA:711,1
DA:714,0
DA:715,0
DA:716,0
DA:717,0
DA:719,0
DA:720,0
DA:721,0
DA:724,0
DA:726,0
DA:727,0
DA:728,0
DA:729,0
DA:731,0
DA:732,0
DA:734,1
DA:741,1
DA:742,1
DA:744,1
DA:745,1
DA:747,1
DA:770,0
DA:771,0
DA:774,0
DA:782,0
DA:783,0
DA:786,0
DA:788,0
DA:789,0
DA:791,0
DA:793,0
DA:804,0
DA:805,0
DA:806,0
DA:812,1
DA:833,0
DA:834,0
DA:836,0
DA:844,0
DA:847,0
DA:848,0
DA:849,0
LF:420
LH:117
FN:10,14,_should_use_parallel
FNDA:0,_should_use_parallel
FN:33,41,_get_content_word_count
FNDA:1,_get_content_word_count
FN:44,50,_log_word_count_diff
FNDA:1,_log_word_count_diff
FN:60,97,BlogGenerator.__init__
FNDA:1,BlogGenerator.__init__
FN:99,172,BlogGenerator._build_workflow
FNDA:1,BlogGenerator._build_workflow
FN:174,177,BlogGenerator._researcher_node
FNDA:0,BlogGenerator._researcher_node
FN:179,184,BlogGenerator._planner_node
FNDA:0,BlogGenerator._planner_node
FN:186,196,BlogGenerator._writer_node
FNDA:0,BlogGenerator._writer_node
FN:198,203,BlogGenerator._check_knowledge_node
FNDA:0,BlogGenerator._check_knowledge_node
FN:205,219,BlogGenerator._refine_search_node
FNDA:0,BlogGenerator._refine_search_node
FN:221,301,BlogGenerator._enhance_with_knowledge_node
FNDA:0,BlogGenerator._enhance_with_knowledge_node
FN:260,284,BlogGenerator._enhance_with_knowledge_node.enhance_task
FNDA:0,BlogGenerator._enhance_with_knowledge_node.enhance_task
FN:305,308,BlogGenerator._questioner_node
FNDA:0,BlogGenerator._questioner_node
FN:310,426,BlogGenerator._deepen_content_node
FNDA:0,BlogGenerator._deepen_content_node
FN:357,385,BlogGenerator._deepen_content_node.enhance_single_task
FNDA:0,BlogGenerator._deepen_content_node.enhance_single_task
FN:428,467,BlogGenerator._coder_and_artist_node
FNDA:0,BlogGenerator._coder_and_artist_node
FN:439,441,BlogGenerator._coder_and_artist_node.run_coder
FNDA:0,BlogGenerator._coder_and_artist_node.run_coder
FN:443,445,BlogGenerator._coder_and_artist_node.run_artist
FNDA:0,BlogGenerator._coder_and_artist_node.run_artist
FN:469,472,BlogGenerator._reviewer_node
FNDA:0,BlogGenerator._reviewer_node
FN:474,668,BlogGenerator._revision_node
FNDA:0,BlogGenerator._revision_node
FN:528,549,BlogGenerator._revision_node.correct_single_task
FNDA:0,BlogGenerator._revision_node.correct_single_task
FN:670,673,BlogGenerator._assembler_node
FNDA:0,BlogGenerator._assembler_node
FN:675,680,BlogGenerator._should_deepen
FNDA:0,BlogGenerator._should_deepen
FN:682,709,BlogGenerator._should_revise
FNDA:1,BlogGenerator._should_revise
FN:711,732,BlogGenerator._should_refine_search
FNDA:0,BlogGenerator._should_refine_search
FN:734,745,BlogGenerator.compile
FNDA:1,BlogGenerator.compile
FN:747,810,BlogGenerator.generate
FNDA:0,BlogGenerator.generate
FN:812,852,BlogGenerator.generate_stream
FNDA:0,BlogGenerator.generate_stream
FNF:28
FNH:6
end_of_record
SF:services/blog_generator/post_processors/markdown_formatter.py
DA:8,1
DA:9,1
DA:10,1
DA:13,1
DA:18,1
DA:21,0
DA:27,0
DA:32,1
DA:46,0
DA:48,0
DA:49,0
DA:51,1
DA:64,0
DA:65,0
DA:68,0
DA:70,0
DA:72,1
DA:84,0
DA:92,0
DA:98,0
DA:100,1
DA:111,0
DA:114,0
DA:117,0
DA:120,0
DA:122,0
DA:124,1
DA:134,0
DA:136,0
DA:137,0
DA:138,0
DA:139,0
DA:142,0
DA:143,0
DA:146,0
DA:149,0
DA:150,0
DA:151,0
DA:152,0
DA:153,0
DA:155,0
DA:156,0
DA:158,0
DA:159,0
DA:160,0
DA:162,1
DA:173,0
DA:175,0
DA:176,0
DA:177,0
DA:178,0
DA:181,0
DA:182,0
DA:183,0
DA:184,0
DA:187,0
DA:188,0
DA:189,0
DA:190,0
DA:193,0
DA:194,0
DA:196,0
DA:197,0
DA:198,0
LF:64
LH:11
FN:18,30,MarkdownFormatter.__init__
FNDA:0,MarkdownFormatter.__init__
FN:32,49,MarkdownFormatter.fix_separator_spacing
FNDA:0,MarkdownFormatter.fix_separator_spacing
FN:51,70,MarkdownFormatter.fix_multiple_blank_lines
FNDA:0,MarkdownFormatter.fix_multiple_blank_lines
FN:72,98,MarkdownFormatter.fix_heading_spacing
FNDA:0,MarkdownFormatter.fix_heading_spacing
FN:100,122,MarkdownFormatter.format_content
FNDA:0,MarkdownFormatter.format_content
FN:124,160,MarkdownFormatter.process_file
FNDA:0,MarkdownFormatter.process_file
FN:162,198,MarkdownFormatter.process_directory
FNDA:0,MarkdownFormatter.process_directory
FNF:7
FNH:0
end_of_record
SF:services/blog_generator/prompts/__init__.py
DA:7,1
DA:9,1
LF:2
LH:2
end_of_record
SF:services/blog_generator/schemas/__init__.py
DA:5,1
DA:21,1
LF:2
LH:2
end_of_record
SF:services/blog_generator/schemas/state.py
DA:5,1
DA:6,1
DA:7,1
DA:10,1
DA:12,1
DA:13,1
DA:14,1
DA:15,1
DA:16,1
DA:17,1
DA:18,1
DA:19,1
DA:20,1
DA:23,1
DA:25,1
DA:26,1
DA:27,1
DA:28,1
DA:29,1
DA:30,1
DA:31,1
DA:32,1
DA:33,1
DA:34,1
DA:35,1
DA:38,1
DA:40,1
DA:41,1
DA:42,1
DA:43,1
DA:44,1
DA:47,1
DA:49,1
DA:50,1
DA:51,1
DA:52,1
DA:53,1
DA:56,1
DA:58,1
DA:59,1
DA:60,1
DA:61,1
DA:62,1
DA:65,1
DA:67,1
DA:68,1
DA:69,1
DA:70,1
DA:73,1
DA:75,1
DA:76,1
DA:77,1
DA:78,1
DA:81,1
DA:83,1
DA:84,1
DA:85,1
DA:86,1
DA:87,1
DA:88,1
DA:89,1
DA:92,1
DA:94,1
DA:95,1
DA:98,1
DA:100,1
DA:101,1
DA:102,1
DA:105,1
DA:107,1
DA:108,1
DA:109,1
DA:110,1
DA:111,1
DA:114,1
DA:116,1
DA:117,1
DA:118,1
DA:119,1
DA:122,1
DA:124,1
DA:125,1
DA:128,1
DA:130,1
DA:131,1
DA:132,1
DA:133,1
DA:134,1
DA:135,1
DA:138,1
DA:140,1
DA:141,1
DA:142,1
DA:143,1
DA:146,1
DA:148,1
DA:149,1
DA:150,1
DA:151,1
DA:154,1
DA:158,1
DA:159,1
DA:160,1
DA:161,1
DA:162,1
DA:163,1
DA:164,1
DA:165,1
DA:168,1
DA:169,1
DA:172,1
DA:173,1
DA:174,1
DA:175,1
DA:176,1
DA:177,1
DA:180,1
DA:181,1
DA:182,1
DA:185,1
DA:188,1
DA:189,1
DA:190,1
DA:191,1
DA:192,1
DA:195,1
DA:198,1
DA:201,1
DA:204,1
DA:207,1
DA:208,1
DA:209,1
DA:212,1
DA:213,1
DA:214,1
DA:215,1
DA:218,1
DA:219,1
DA:220,1
DA:223,1
DA:224,1
DA:225,1
DA:226,1
DA:227,1
DA:230,1
DA:233,1
DA:244,1
DA:251,1
DA:254,1
DA:273,1
LF:150
LH:150
FN:233,251,get_max_search_count
FNDA:1,get_max_search_count
FN:254,326,create_initial_state
FNDA:1,create_initial_state
FNF:2
FNH:2
end_of_record
SF:services/blog_generator/services/__init__.py
DA:5,1
DA:7,1
LF:2
LH:2
end_of_record
SF:services/blog_generator/services/arxiv_service.py
DA:5,1
DA:6,1
DA:7,1
DA:8,1
DA:9,1
DA:11,1
DA:14,1
DA:17,1
DA:23,1
DA:25,1
DA:27,0
DA:29,1
DA:31,0
DA:33,1
DA:49,0
DA:50,0
DA:53,0
DA:61,0
DA:62,0
DA:65,0
DA:67,0
DA:69,0
DA:77,0
DA:78,0
DA:79,0
DA:87,1
DA:89,0
DA:92,0
DA:95,0
DA:100,0
DA:101,0
DA:103,0
DA:104,0
DA:105,0
DA:106,0
DA:107,0
DA:108,0
DA:111,0
DA:112,0
DA:113,0
DA:114,0
DA:115,0
DA:118,0
DA:119,0
DA:120,0
DA:122,0
DA:124,0
DA:134,0
DA:135,0
DA:136,0
DA:138,0
DA:140,1
DA:142,0
DA:143,0
DA:145,0
DA:146,0
DA:147,0
DA:148,0
DA:149,0
DA:150,0
DA:152,0
DA:158,0
DA:161,1
DA:164,0
DA:165,0
DA:166,0
DA:169,1
DA:172,0
DA:173,0
DA:174,0
LF:70
LH:16
FN:25,27,ArxivService.__init__
FNDA:0,ArxivService.__init__
FN:29,31,ArxivService.is_available
FNDA:0,ArxivService.is_available
FN:33,85,ArxivService.search
FNDA:0,ArxivService.search
FN:87,138,ArxivService._parse_response
FNDA:0,ArxivService._parse_response
FN:140,158,ArxivService._generate_summary
FNDA:0,ArxivService._generate_summary
FN:161,166,init_arxiv_service
FNDA:0,init_arxiv_service
FN:169,174,get_arxiv_service
FNDA:0,get_arxiv_service
FNF:7
FNH:0
end_of_record
SF:services/blog_generator/services/search_service.py
DA:6,1
DA:7,1
DA:8,1
DA:9,1
DA:10,1
DA:12,1
DA:15,1
DA:18,1
DA:23,1
DA:31,1
DA:32,1
DA:34,1
DA:36,1
DA:38,1
DA:54,0
DA:55,0
DA:56,0
DA:63,0
DA:64,0
DA:65,0
DA:67,0
DA:68,0
DA:69,0
DA:76,1
DA:78,0
DA:80,0
DA:84,0
DA:85,0
DA:86,0
DA:87,0
DA:89,0
DA:94,0
DA:103,0
DA:104,0
DA:105,0
DA:107,0
DA:108,0
DA:109,0
DA:111,0
DA:112,0
DA:115,0
DA:116,0
DA:117,0
DA:119,0
DA:120,0
DA:129,0
DA:131,0
DA:133,0
DA:140,0
DA:141,0
DA:142,0
DA:149,1
DA:151,0
DA:152,0
DA:154,0
DA:155,0
DA:156,0
DA:157,0
DA:159,0
DA:161,1
DA:174,0
DA:176,0
DA:177,0
DA:178,0
DA:179,0
DA:180,0
DA:181,0
DA:183,0
DA:184,0
DA:185,0
DA:186,0
DA:188,0
DA:189,0
DA:192,1
DA:201,1
DA:204,1
DA:206,1
DA:207,1
DA:208,1
DA:210,0
DA:211,0
DA:213,1
DA:216,1
DA:218,1
LF:84
LH:26
FN:23,32,SearchService.__init__
FNDA:1,SearchService.__init__
FN:34,36,SearchService.is_available
FNDA:1,SearchService.is_available
FN:38,74,SearchService.search
FNDA:0,SearchService.search
FN:76,147,SearchService._search_zai
FNDA:0,SearchService._search_zai
FN:149,159,SearchService._generate_summary
FNDA:0,SearchService._generate_summary
FN:161,189,SearchService.search_for_topic
FNDA:0,SearchService.search_for_topic
FN:192,213,init_search_service
FNDA:1,init_search_service
FN:216,218,get_search_service
FNDA:1,get_search_service
FNF:8
FNH:4
end_of_record
SF:services/blog_generator/services/smart_search_service.py
DA:5,1
DA:6,1
DA:7,1
DA:8,1
DA:9,1
DA:11,1
DA:12,1
DA:14,1
DA:17,1
DA:41,1
DA:44,1
DA:49,1
DA:56,1
DA:57,1
DA:59,1
DA:71,0
DA:74,0
DA:76,0
DA:77,0
DA:78,0
DA:80,0
DA:83,0
DA:84,0
DA:87,0
DA:88,0
DA:91,0
DA:92,0
DA:93,0
DA:96,0
DA:97,0
DA:100,0
DA:101,0
DA:103,0
DA:104,0
DA:105,0
DA:106,0
DA:107,0
DA:108,0
DA:109,0
DA:110,0
DA:111,0
DA:112,0
DA:114,0
DA:115,0
DA:116,0
DA:117,0
DA:118,0
DA:119,0
DA:120,0
DA:121,0
DA:122,0
DA:125,0
DA:127,0
DA:129,0
DA:137,1
DA:139,0
DA:141,0
DA:143,0
DA:144,0
DA:146,0
DA:147,0
DA:152,0
DA:155,0
DA:156,0
DA:158,0
DA:160,0
DA:161,0
DA:162,0
DA:164,1
DA:166,0
DA:167,0
DA:170,0
DA:171,0
DA:172,0
DA:175,0
DA:176,0
DA:177,0
DA:179,0
DA:185,1
DA:187,0
DA:188,0
DA:189,0
DA:190,0
DA:192,1
DA:194,0
DA:195,0
DA:196,0
DA:198,0
DA:199,0
DA:200,0
DA:203,0
DA:204,0
DA:206,0
DA:209,0
DA:210,0
DA:211,0
DA:213,0
DA:215,1
DA:217,0
DA:218,0
DA:219,0
DA:221,0
DA:222,0
DA:223,0
DA:224,0
DA:225,0
DA:226,0
DA:228,1
DA:230,0
DA:231,0
DA:233,0
DA:234,0
DA:235,0
DA:236,0
DA:237,0
DA:238,0
DA:240,0
DA:242,0
DA:244,1
DA:246,0
DA:247,0
DA:249,0
DA:250,0
DA:251,0
DA:252,0
DA:253,0
DA:255,0
DA:257,0
DA:260,1
DA:263,1
DA:264,1
DA:265,1
DA:268,1
DA:270,1
LF:134
LH:28
FN:49,57,SmartSearchService.__init__
FNDA:1,SmartSearchService.__init__
FN:59,135,SmartSearchService.search
FNDA:0,SmartSearchService.search
FN:137,162,SmartSearchService._route_search_sources
FNDA:0,SmartSearchService._route_search_sources
FN:164,183,SmartSearchService._rule_based_routing
FNDA:0,SmartSearchService._rule_based_routing
FN:185,190,SmartSearchService._search_arxiv
FNDA:0,SmartSearchService._search_arxiv
FN:192,213,SmartSearchService._search_blog
FNDA:0,SmartSearchService._search_blog
FN:215,226,SmartSearchService._search_general
FNDA:0,SmartSearchService._search_general
FN:228,242,SmartSearchService._merge_and_dedupe
FNDA:0,SmartSearchService._merge_and_dedupe
FN:244,257,SmartSearchService._generate_summary
FNDA:0,SmartSearchService._generate_summary
FN:260,265,init_smart_search_service
FNDA:1,init_smart_search_service
FN:268,270,get_smart_search_service
FNDA:1,get_smart_search_service
FNF:11
FNH:3
end_of_record
SF:services/blog_generator/utils/__init__.py
DA:5,1
DA:12,1
LF:2
LH:2
end_of_record
SF:services/blog_generator/utils/helpers.py
DA:5,1
DA:6,1
DA:7,1
DA:8,1
DA:11,1
DA:21,1
DA:22,1
DA:24,1
DA:25,1
DA:26,1
DA:27,1
DA:28,1
DA:30,1
DA:33,1
DA:46,0
DA:52,0
DA:53,0
DA:54,0
DA:55,0
DA:56,0
DA:59,0
DA:60,0
DA:63,1
DA:74,1
DA:75,1
DA:76,1
DA:79,1
DA:91,1
DA:92,1
DA:95,1
DA:96,1
DA:98,1
DA:101,1
DA:111,0
DA:112,0
DA:113,0
DA:114,0
DA:115,0
DA:117,0
DA:120,1
DA:138,0
DA:141,0
DA:142,0
DA:143,0
DA:145,0
DA:146,0
DA:150,0
DA:151,0
DA:152,0
DA:154,0
DA:155,0
DA:156,0
DA:157,0
DA:159,0
DA:161,0
DA:162,0
DA:164,0
DA:166,0
DA:168,0
DA:169,0
DA:170,0
DA:171,0
DA:173,0
DA:174,0
DA:175,0
DA:176,0
DA:178,0
DA:180,0
DA:183,0
DA:184,0
DA:187,0
DA:188,0
DA:191,0
DA:194,0
DA:196,0
DA:199,0
DA:202,0
DA:203,0
DA:204,0
DA:205,0
DA:206,0
DA:207,0
DA:208,0
DA:210,0
DA:211,0
DA:213,0
DA:214,0
DA:215,0
DA:216,0
DA:218,0
DA:219,0
DA:220,0
DA:222,0
DA:223,0
DA:224,0
DA:225,0
DA:226,0
DA:228,0
DA:229,0
DA:231,0
DA:233,0
DA:236,1
DA:246,0
DA:247,0
DA:249,0
DA:250,0
DA:251,0
DA:253,0
DA:256,1
DA:266,0
DA:267,0
DA:269,0
DA:270,0
DA:271,0
DA:273,0
LF:115
LH:28
FN:11,30,deduplicate_by_url
FNDA:1,deduplicate_by_url
FN:33,60,extract_key_concepts
FNDA:0,extract_key_concepts
FN:63,76,generate_anchor_id
FNDA:1,generate_anchor_id
FN:79,98,estimate_reading_time
FNDA:1,estimate_reading_time
FN:101,117,generate_table_of_contents
FNDA:0,generate_table_of_contents
FN:120,233,replace_placeholders
FNDA:0,replace_placeholders
FN:236,253,format_reference_links
FNDA:0,format_reference_links
FN:256,273,format_summary_points
FNDA:0,format_summary_points
FNF:8
FNH:3
end_of_record
SF:services/book_scanner_service.py
DA:4,0
DA:5,0
DA:6,0
DA:7,0
DA:8,0
DA:10,0
DA:11,0
DA:13,0
DA:16,0
DA:26,0
DA:29,0
DA:37,0
DA:38,0
DA:40,0
DA:54,0
DA:57,0
DA:58,0
DA:59,0
DA:60,0
DA:62,0
DA:63,0
DA:64,0
DA:65,0
DA:66,0
DA:67,0
DA:69,0
DA:76,0
DA:79,0
DA:80,0
DA:83,0
DA:84,0
DA:87,0
DA:88,0
DA:90,0
DA:91,0
DA:93,0
DA:95,0
DA:105,0
DA:108,0
DA:109,0
DA:111,0
DA:112,0
DA:122,0
DA:123,0
DA:124,0
DA:127,0
DA:128,0
DA:131,0
DA:132,0
DA:136,0
DA:137,0
DA:138,0
DA:140,0
DA:142,0
DA:143,0
DA:145,0
DA:146,0
DA:147,0
DA:149,0
DA:150,0
DA:151,0
DA:152,0
DA:153,0
DA:154,0
DA:156,0
DA:165,0
DA:169,0
DA:171,0
DA:186,0
DA:187,0
DA:189,0
DA:190,0
DA:193,0
DA:194,0
DA:195,0
DA:196,0
DA:198,0
DA:199,0
DA:202,0
DA:204,0
DA:205,0
DA:207,0
DA:209,0
DA:224,0
DA:225,0
DA:226,0
DA:229,0
DA:230,0
DA:231,0
DA:232,0
DA:233,0
DA:240,0
DA:241,0
DA:242,0
DA:243,0
DA:244,0
DA:247,0
DA:249,0
DA:250,0
DA:256,0
DA:257,0
DA:258,0
DA:261,0
DA:262,0
DA:263,0
DA:264,0
DA:266,0
DA:268,0
DA:270,0
DA:272,0
DA:273,0
DA:274,0
DA:276,0
DA:286,0
DA:287,0
DA:288,0
DA:289,0
DA:290,0
DA:291,0
DA:292,0
DA:293,0
DA:294,0
DA:295,0
DA:297,0
DA:307,0
DA:309,0
DA:311,0
DA:313,0
DA:314,0
DA:316,0
DA:329,0
DA:330,0
DA:333,0
DA:334,0
DA:335,0
DA:338,0
DA:340,0
DA:350,0
DA:351,0
DA:353,0
DA:355,0
DA:356,0
DA:358,0
DA:359,0
DA:362,0
DA:363,0
DA:366,0
DA:368,0
DA:375,0
DA:376,0
DA:377,0
DA:378,0
DA:379,0
DA:380,0
DA:381,0
DA:383,0
DA:385,0
DA:387,0
DA:389,0
DA:391,0
DA:393,0
DA:395,0
DA:396,0
DA:397,0
DA:398,0
DA:399,0
DA:401,0
DA:405,0
DA:420,0
DA:421,0
DA:422,0
DA:425,0
DA:426,0
DA:427,0
DA:428,0
DA:431,0
DA:432,0
DA:433,0
DA:435,0
DA:436,0
DA:441,0
DA:442,0
DA:443,0
DA:446,0
DA:447,0
DA:448,0
DA:449,0
DA:451,0
DA:453,0
DA:455,0
DA:457,0
DA:458,0
DA:459,0
DA:461,0
DA:467,0
DA:468,0
DA:471,0
DA:489,0
DA:501,0
DA:507,0
DA:508,0
DA:509,0
DA:512,0
DA:513,0
DA:514,0
DA:515,0
DA:517,0
DA:518,0
DA:519,0
DA:521,0
DA:522,0
DA:524,0
DA:525,0
DA:526,0
DA:529,0
DA:531,0
DA:532,0
DA:533,0
DA:536,0
DA:537,0
DA:539,0
DA:540,0
DA:541,0
DA:542,0
DA:543,0
DA:544,0
DA:545,0
DA:546,0
DA:547,0
DA:548,0
DA:549,0
DA:550,0
DA:551,0
DA:554,0
DA:556,0
DA:558,0
DA:559,0
DA:560,0
DA:561,0
DA:563,0
DA:565,0
DA:566,0
DA:567,0
DA:568,0
DA:569,0
DA:570,0
DA:573,0
DA:574,0
DA:575,0
DA:576,0
DA:579,0
DA:580,0
DA:581,0
DA:582,0
DA:585,0
DA:586,0
DA:587,0
DA:588,0
DA:589,0
DA:599,0
DA:602,0
DA:603,0
DA:605,0
DA:609,0
DA:620,0
DA:621,0
DA:622,0
DA:623,0
DA:626,0
DA:627,0
DA:628,0
DA:629,0
DA:631,0
DA:632,0
DA:633,0
DA:636,0
DA:637,0
DA:639,0
DA:640,0
DA:641,0
DA:649,0
DA:650,0
DA:651,0
DA:652,0
DA:653,0
DA:654,0
DA:655,0
DA:656,0
DA:658,0
DA:659,0
DA:666,0
DA:667,0
DA:668,0
DA:671,0
DA:672,0
DA:673,0
DA:674,0
DA:676,0
DA:678,0
DA:681,0
DA:687,0
DA:690,0
DA:691,0
DA:694,0
DA:702,0
DA:703,0
DA:704,0
DA:707,0
DA:708,0
DA:709,0
DA:710,0
DA:711,0
DA:712,0
DA:714,0
DA:715,0
DA:717,0
DA:718,0
DA:719,0
DA:721,0
DA:732,0
DA:733,0
DA:734,0
DA:736,0
DA:737,0
DA:738,0
DA:740,0
DA:741,0
DA:743,0
DA:745,0
DA:746,0
DA:748,0
DA:749,0
DA:750,0
DA:751,0
DA:752,0
DA:755,0
DA:757,0
DA:770,0
DA:772,0
DA:773,0
DA:774,0
DA:775,0
DA:776,0
DA:779,0
DA:781,0
DA:790,0
DA:792,0
DA:802,0
DA:803,0
DA:804,0
DA:807,0
DA:809,0
DA:810,0
DA:813,0
DA:814,0
DA:815,0
DA:817,0
DA:820,0
DA:823,0
DA:824,0
DA:825,0
DA:828,0
DA:829,0
DA:830,0
DA:832,0
DA:839,0
DA:842,0
DA:843,0
DA:844,0
DA:846,0
DA:847,0
DA:848,0
DA:849,0
DA:850,0
DA:851,0
DA:853,0
DA:859,0
DA:861,0
DA:862,0
DA:864,0
DA:865,0
DA:866,0
DA:869,0
DA:872,0
DA:873,0
DA:874,0
DA:875,0
DA:876,0
DA:877,0
DA:878,0
DA:879,0
DA:880,0
DA:883,0
DA:884,0
DA:886,0
DA:891,0
DA:893,0
DA:930,0
DA:931,0
DA:932,0
DA:934,0
DA:935,0
DA:936,0
DA:937,0
DA:938,0
DA:939,0
DA:941,0
DA:943,0
DA:953,0
DA:954,0
DA:955,0
DA:958,0
DA:960,0
DA:961,0
DA:964,0
DA:965,0
DA:966,0
DA:967,0
DA:968,0
DA:969,0
DA:974,0
DA:979,0
DA:982,0
DA:983,0
DA:990,0
DA:991,0
DA:992,0
DA:995,0
DA:996,0
DA:998,0
DA:999,0
DA:1000,0
DA:1001,0
DA:1003,0
DA:1013,0
DA:1014,0
DA:1015,0
DA:1016,0
DA:1019,0
DA:1020,0
DA:1021,0
DA:1023,0
DA:1025,0
DA:1028,0
DA:1029,0
DA:1030,0
DA:1032,0
DA:1033,0
DA:1034,0
DA:1036,0
DA:1044,0
DA:1045,0
DA:1048,0
DA:1056,0
DA:1058,0
DA:1072,0
DA:1075,0
DA:1082,0
DA:1085,0
DA:1086,0
DA:1087,0
DA:1088,0
DA:1090,0
DA:1091,0
DA:1093,0
DA:1094,0
DA:1095,0
DA:1097,0
DA:1104,0
DA:1106,0
DA:1114,0
DA:1115,0
DA:1116,0
DA:1117,0
DA:1123,0
DA:1125,0
DA:1127,0
DA:1128,0
DA:1129,0
DA:1136,0
DA:1137,0
DA:1143,0
DA:1144,0
LF:483
LH:0
FN:29,38,BookScannerService.__init__
FNDA:0,BookScannerService.__init__
FN:40,93,BookScannerService.regenerate_all_books
FNDA:0,BookScannerService.regenerate_all_books
FN:95,169,BookScannerService._scan_with_reference
FNDA:0,BookScannerService._scan_with_reference
FN:171,207,BookScannerService._find_similar_old_outline
FNDA:0,BookScannerService._find_similar_old_outline
FN:209,274,BookScannerService._classify_blogs_with_reference
FNDA:0,BookScannerService._classify_blogs_with_reference
FN:276,295,BookScannerService._refresh_existing_books
FNDA:0,BookScannerService._refresh_existing_books
FN:297,314,BookScannerService._remove_code_blocks
FNDA:0,BookScannerService._remove_code_blocks
FN:316,338,BookScannerService._extract_blog_title
FNDA:0,BookScannerService._extract_blog_title
FN:340,383,BookScannerService._ensure_blog_summaries
FNDA:0,BookScannerService._ensure_blog_summaries
FN:385,401,BookScannerService._get_existing_books_with_details
FNDA:0,BookScannerService._get_existing_books_with_details
FN:405,459,BookScannerService._classify_blogs
FNDA:0,BookScannerService._classify_blogs
FN:461,487,BookScannerService._default_classification
FNDA:0,BookScannerService._default_classification
FN:489,605,BookScannerService._apply_classification
FNDA:0,BookScannerService._apply_classification
FN:609,719,BookScannerService._generate_book_outline
FNDA:0,BookScannerService._generate_book_outline
FN:721,790,BookScannerService._outline_to_chapters
FNDA:0,BookScannerService._outline_to_chapters
FN:792,857,BookScannerService.rescan_book
FNDA:0,BookScannerService.rescan_book
FN:859,941,BookScannerService._regenerate_outline
FNDA:0,BookScannerService._regenerate_outline
FN:943,1001,BookScannerService.generate_book_introduction
FNDA:0,BookScannerService.generate_book_introduction
FN:1003,1095,BookScannerService.generate_book_cover
FNDA:0,BookScannerService.generate_book_cover
FN:1097,1144,BookScannerService.generate_covers_for_all_books
FNDA:0,BookScannerService.generate_covers_for_all_books
FNF:20
FNH:0
end_of_record
SF:services/database_service.py
DA:5,1
DA:6,1
DA:7,1
DA:8,1
DA:9,1
DA:10,1
DA:11,1
DA:12,1
DA:14,1
DA:17,1
DA:20,1
DA:28,1
DA:30,1
DA:31,1
DA:33,1
DA:36,1
DA:37,1
DA:38,0
DA:40,0
DA:41,0
DA:44,1
DA:45,1
DA:47,1
DA:48,1
DA:50,1
DA:51,1
DA:52,1
DA:53,1
DA:54,1
DA:55,0
DA:56,0
DA:57,0
DA:59,1
DA:61,1
DA:63,1
DA:64,1
DA:174,1
DA:177,1
DA:179,1
DA:181,1
DA:183,1
DA:184,1
DA:186,1
DA:195,1
DA:196,1
DA:197,1
DA:198,1
DA:201,1
DA:202,1
DA:204,1
DA:212,1
DA:213,1
DA:214,1
DA:215,1
DA:218,1
DA:221,1
DA:241,1
DA:242,1
DA:243,1
DA:244,1
DA:247,1
DA:248,1
DA:252,1
DA:273,1
DA:274,1
DA:279,1
DA:280,1
DA:282,1
DA:292,1
DA:293,1
DA:297,1
DA:298,1
DA:299,1
DA:300,1
DA:302,1
DA:316,1
DA:317,1
DA:323,1
DA:325,1
DA:339,1
DA:340,1
DA:351,1
DA:353,1
DA:363,1
DA:364,1
DA:366,1
DA:367,1
DA:368,1
DA:372,1
DA:374,1
DA:384,1
DA:385,1
DA:389,1
DA:391,1
DA:392,1
DA:393,1
DA:395,1
DA:410,1
DA:411,1
DA:412,1
DA:417,1
DA:421,1
DA:423,1
DA:431,1
DA:432,1
DA:437,1
DA:441,1
DA:449,1
DA:451,1
DA:454,1
DA:455,1
DA:456,1
DA:471,1
DA:473,1
DA:483,1
DA:484,1
DA:488,1
DA:490,1
DA:500,1
DA:501,1
DA:503,1
DA:504,1
DA:505,1
DA:509,1
DA:513,1
DA:521,1
DA:523,1
DA:526,1
DA:527,1
DA:528,1
DA:541,1
DA:543,1
DA:553,1
DA:554,1
DA:558,1
DA:562,1
DA:582,1
DA:583,1
DA:595,1
DA:596,1
DA:598,1
DA:600,1
DA:601,1
DA:605,1
DA:606,1
DA:607,1
DA:608,1
DA:610,1
DA:612,1
DA:613,1
DA:626,1
DA:628,1
DA:630,1
DA:631,1
DA:632,1
DA:634,1
DA:636,1
DA:637,1
DA:642,1
DA:644,1
DA:645,1
DA:646,1
DA:648,1
DA:650,1
DA:651,1
DA:655,1
DA:657,1
DA:658,1
DA:659,1
DA:663,1
DA:680,1
DA:681,1
DA:682,1
DA:699,1
DA:714,1
DA:716,1
DA:726,0
DA:727,0
DA:728,0
DA:734,0
DA:735,0
DA:737,1
DA:768,0
DA:769,0
DA:770,0
DA:786,0
DA:787,0
DA:789,0
DA:790,0
DA:792,1
DA:794,0
DA:795,0
DA:796,0
DA:797,0
DA:798,0
DA:799,0
DA:800,0
DA:801,0
DA:807,1
DA:819,0
DA:820,0
DA:821,0
DA:822,0
DA:823,0
DA:824,0
DA:825,0
DA:830,0
DA:831,0
DA:833,1
DA:835,0
DA:836,0
DA:841,0
DA:843,1
DA:851,0
DA:852,0
DA:857,0
DA:859,0
DA:860,0
DA:861,0
DA:863,1
DA:871,0
DA:872,0
DA:877,0
DA:881,1
DA:900,0
DA:901,0
DA:906,0
DA:907,0
DA:909,1
DA:911,0
DA:912,0
DA:916,0
DA:917,0
DA:918,0
DA:919,0
DA:921,1
DA:923,0
DA:924,0
DA:925,0
DA:930,0
DA:934,0
DA:936,1
DA:950,0
DA:951,0
DA:953,0
DA:954,0
DA:955,0
DA:956,0
DA:957,0
DA:958,0
DA:959,0
DA:960,0
DA:961,0
DA:962,0
DA:963,0
DA:964,0
DA:965,0
DA:966,0
DA:967,0
DA:968,0
DA:969,0
DA:970,0
DA:971,0
DA:972,0
DA:973,0
DA:974,0
DA:975,0
DA:976,0
DA:977,0
DA:978,0
DA:979,0
DA:981,0
DA:982,0
DA:984,0
DA:985,0
DA:987,0
DA:988,0
DA:992,0
DA:994,0
DA:995,0
DA:996,0
DA:998,1
DA:1000,0
DA:1001,0
DA:1005,0
DA:1007,0
DA:1008,0
DA:1009,0
DA:1011,1
DA:1019,0
DA:1021,0
DA:1022,0
DA:1038,0
DA:1040,0
DA:1041,0
DA:1042,0
DA:1044,1
DA:1052,0
DA:1054,0
DA:1055,0
DA:1062,0
DA:1064,0
DA:1065,0
DA:1066,0
DA:1070,1
DA:1078,0
DA:1080,0
DA:1083,0
DA:1084,0
DA:1085,0
DA:1101,0
DA:1103,1
DA:1105,0
DA:1106,0
DA:1110,0
DA:1112,1
DA:1114,0
DA:1115,0
DA:1121,0
DA:1122,0
DA:1123,0
DA:1124,0
DA:1126,1
DA:1128,0
DA:1129,0
DA:1135,0
DA:1137,1
DA:1139,0
DA:1140,0
DA:1145,0
DA:1147,1
DA:1149,0
DA:1150,0
DA:1164,0
DA:1167,1
DA:1173,0
DA:1174,0
DA:1175,0
DA:1176,0
DA:1178,1
DA:1182,0
DA:1183,0
DA:1184,0
DA:1188,1
DA:1191,1
DA:1194,0
DA:1195,0
DA:1196,0
DA:1199,1
DA:1202,1
DA:1203,1
LF:351
LH:196
FN:20,45,DatabaseService.__init__
FNDA:1,DatabaseService.__init__
FN:48,59,DatabaseService.get_connection
FNDA:1,DatabaseService.get_connection
FN:61,177,DatabaseService._init_tables
FNDA:1,DatabaseService._init_tables
FN:179,248,DatabaseService._migrate_tables
FNDA:1,DatabaseService._migrate_tables
FN:252,280,DatabaseService.create_document
FNDA:1,DatabaseService.create_document
FN:282,300,DatabaseService.get_document
FNDA:1,DatabaseService.get_document
FN:302,323,DatabaseService.update_document_status
FNDA:1,DatabaseService.update_document_status
FN:325,351,DatabaseService.save_parse_result
FNDA:1,DatabaseService.save_parse_result
FN:353,372,DatabaseService.get_documents_by_ids
FNDA:1,DatabaseService.get_documents_by_ids
FN:374,393,DatabaseService.delete_document
FNDA:1,DatabaseService.delete_document
FN:395,421,DatabaseService.list_documents
FNDA:1,DatabaseService.list_documents
FN:423,437,DatabaseService.update_document_summary
FNDA:1,DatabaseService.update_document_summary
FN:441,471,DatabaseService.save_chunks
FNDA:1,DatabaseService.save_chunks
FN:473,488,DatabaseService.get_chunks_by_document
FNDA:1,DatabaseService.get_chunks_by_document
FN:490,509,DatabaseService.get_chunks_by_documents
FNDA:1,DatabaseService.get_chunks_by_documents
FN:513,541,DatabaseService.save_images
FNDA:1,DatabaseService.save_images
FN:543,558,DatabaseService.get_images_by_document
FNDA:1,DatabaseService.get_images_by_document
FN:562,596,DatabaseService.save_history
FNDA:1,DatabaseService.save_history
FN:598,608,DatabaseService.get_history
FNDA:1,DatabaseService.get_history
FN:610,626,DatabaseService.list_history
FNDA:1,DatabaseService.list_history
FN:628,632,DatabaseService.count_history
FNDA:1,DatabaseService.count_history
FN:634,646,DatabaseService.update_history_video
FNDA:1,DatabaseService.update_history_video
FN:648,659,DatabaseService.delete_history
FNDA:1,DatabaseService.delete_history
FN:663,714,DatabaseService.list_history_by_type
FNDA:1,DatabaseService.list_history_by_type
FN:716,735,DatabaseService.count_history_by_type
FNDA:0,DatabaseService.count_history_by_type
FN:737,790,DatabaseService.save_xhs_record
FNDA:0,DatabaseService.save_xhs_record
FN:792,805,DatabaseService._add_derived_id
FNDA:0,DatabaseService._add_derived_id
FN:807,831,DatabaseService.update_publish_platforms
FNDA:0,DatabaseService.update_publish_platforms
FN:833,841,DatabaseService.update_xhs_publish_url
FNDA:0,DatabaseService.update_xhs_publish_url
FN:843,861,DatabaseService.update_history_summary
FNDA:0,DatabaseService.update_history_summary
FN:863,877,DatabaseService.update_history_book_id
FNDA:0,DatabaseService.update_history_book_id
FN:881,907,DatabaseService.create_book
FNDA:0,DatabaseService.create_book
FN:909,919,DatabaseService.get_book
FNDA:0,DatabaseService.get_book
FN:921,934,DatabaseService.list_books
FNDA:0,DatabaseService.list_books
FN:936,996,DatabaseService.update_book
FNDA:0,DatabaseService.update_book
FN:998,1009,DatabaseService.delete_book
FNDA:0,DatabaseService.delete_book
FN:1011,1042,DatabaseService.update_book_homepage
FNDA:0,DatabaseService.update_book_homepage
FN:1044,1066,DatabaseService.update_book_full_outline
FNDA:0,DatabaseService.update_book_full_outline
FN:1070,1101,DatabaseService.save_book_chapters
FNDA:0,DatabaseService.save_book_chapters
FN:1103,1110,DatabaseService.get_book_chapters
FNDA:0,DatabaseService.get_book_chapters
FN:1112,1124,DatabaseService.get_chapter_with_content
FNDA:0,DatabaseService.get_chapter_with_content
FN:1126,1135,DatabaseService.get_blogs_by_book
FNDA:0,DatabaseService.get_blogs_by_book
FN:1137,1145,DatabaseService.get_unassigned_blogs
FNDA:0,DatabaseService.get_unassigned_blogs
FN:1147,1164,DatabaseService.get_all_blogs_with_book_info
FNDA:0,DatabaseService.get_all_blogs_with_book_info
FN:1167,1176,DatabaseService.clear_all_books
FNDA:0,DatabaseService.clear_all_books
FN:1178,1184,DatabaseService.reset_all_blog_book_ids
FNDA:0,DatabaseService.reset_all_blog_book_ids
FN:1191,1196,get_db_service
FNDA:0,get_db_service
FN:1199,1203,init_db_service
FNDA:1,init_db_service
FNF:48
FNH:25
end_of_record
SF:services/file_parser_service.py
DA:8,1
DA:9,1
DA:10,1
DA:11,1
DA:12,1
DA:13,1
DA:14,1
DA:15,1
DA:16,1
DA:17,1
DA:19,1
DA:20,1
DA:22,1
DA:25,1
DA:26,1
DA:29,1
DA:32,1
DA:48,1
DA:49,1
DA:50,1
DA:51,1
DA:53,1
DA:54,1
DA:56,1
DA:58,1
DA:82,0
DA:83,0
DA:86,0
DA:87,0
DA:88,0
DA:89,0
DA:90,0
DA:93,0
DA:94,0
DA:95,0
DA:96,0
DA:97,0
DA:105,0
DA:108,0
DA:109,0
DA:111,0
DA:112,0
DA:113,0
DA:122,1
DA:124,0
DA:125,0
DA:126,0
DA:130,0
DA:131,0
DA:132,0
DA:134,0
DA:135,0
DA:136,0
DA:137,0
DA:138,0
DA:139,0
DA:140,0
DA:141,0
DA:143,1
DA:145,0
DA:147,0
DA:148,0
DA:149,0
DA:150,0
DA:152,0
DA:153,0
DA:155,0
DA:157,0
DA:165,0
DA:166,0
DA:175,1
DA:183,0
DA:184,0
DA:185,0
DA:186,0
DA:187,0
DA:188,0
DA:198,0
DA:199,0
DA:200,0
DA:201,0
DA:202,0
DA:203,0
DA:213,0
DA:214,0
DA:215,0
DA:216,0
DA:217,0
DA:220,0
DA:221,0
DA:230,0
DA:239,1
DA:241,0
DA:246,0
DA:251,0
DA:252,0
DA:253,0
DA:259,0
DA:260,0
DA:262,0
DA:264,0
DA:265,0
DA:266,0
DA:267,0
DA:269,0
DA:270,0
DA:271,0
DA:272,0
DA:274,0
DA:275,0
DA:276,0
DA:277,0
DA:278,0
DA:279,0
DA:280,0
DA:281,0
DA:283,1
DA:285,0
DA:286,0
DA:287,0
DA:292,0
DA:293,0
DA:294,0
DA:295,0
DA:296,0
DA:297,0
DA:299,1
DA:307,0
DA:312,0
DA:313,0
DA:314,0
DA:316,0
DA:317,0
DA:318,0
DA:320,0
DA:321,0
DA:322,0
DA:323,0
DA:325,0
DA:326,0
DA:328,0
DA:330,0
DA:331,0
DA:332,0
DA:333,0
DA:334,0
DA:335,0
DA:336,0
DA:337,0
DA:338,0
DA:340,0
DA:341,0
DA:342,0
DA:343,0
DA:344,0
DA:345,0
DA:347,0
DA:348,0
DA:349,0
DA:351,1
DA:357,0
DA:358,0
DA:359,0
DA:362,0
DA:363,0
DA:365,0
DA:366,0
DA:368,0
DA:369,0
DA:370,0
DA:373,0
DA:374,0
DA:375,0
DA:376,0
DA:377,0
DA:378,0
DA:379,0
DA:382,0
DA:383,0
DA:384,0
DA:386,0
DA:389,0
DA:391,0
DA:398,0
DA:399,0
DA:401,0
DA:402,0
DA:405,0
DA:407,0
DA:409,0
DA:410,0
DA:411,0
DA:412,0
DA:413,0
DA:414,0
DA:416,1
DA:431,0
DA:434,0
DA:441,0
DA:442,0
DA:443,0
DA:444,0
DA:447,0
DA:448,0
DA:449,0
DA:450,0
DA:452,0
DA:454,1
DA:456,0
DA:457,0
DA:458,0
DA:461,0
DA:462,0
DA:465,0
DA:466,0
DA:468,0
DA:471,0
DA:472,0
DA:473,0
DA:474,0
DA:476,0
DA:477,0
DA:479,0
DA:480,0
DA:484,1
DA:506,0
DA:509,0
DA:511,0
DA:512,0
DA:513,0
DA:514,0
DA:516,0
DA:518,0
DA:527,0
DA:530,0
DA:532,0
DA:533,0
DA:535,1
DA:537,0
DA:540,0
DA:541,0
DA:543,0
DA:544,0
DA:546,0
DA:547,0
DA:548,0
DA:550,0
DA:551,0
DA:554,0
DA:560,0
DA:562,0
DA:565,0
DA:566,0
DA:569,0
DA:570,0
DA:576,0
DA:578,1
DA:587,0
DA:590,0
DA:592,0
DA:593,0
DA:594,0
DA:596,0
DA:597,0
DA:598,0
DA:599,0
DA:601,0
DA:602,0
DA:605,0
DA:606,0
DA:613,0
DA:616,0
DA:617,0
DA:618,0
DA:621,0
DA:622,0
DA:630,0
DA:634,1
DA:651,0
DA:652,0
DA:653,0
DA:655,0
DA:656,0
DA:658,0
DA:659,0
DA:661,0
DA:662,0
DA:664,0
DA:665,0
DA:666,0
DA:667,0
DA:669,0
DA:671,0
DA:672,0
DA:673,0
DA:676,0
DA:677,0
DA:684,0
DA:687,0
DA:688,0
DA:689,0
DA:691,0
DA:692,0
DA:693,0
DA:694,0
DA:696,0
DA:697,0
DA:699,0
DA:701,0
DA:702,0
DA:704,1
DA:721,0
DA:722,0
DA:723,0
DA:725,0
DA:727,0
DA:729,0
DA:730,0
DA:732,0
DA:734,0
DA:736,0
DA:737,0
DA:738,0
DA:739,0
DA:741,0
DA:742,0
DA:744,0
DA:748,1
DA:751,1
DA:753,0
DA:756,1
DA:764,1
DA:770,1
DA:773,1
DA:775,0
LF:335
LH:45
FN:32,56,FileParserService.__init__
FNDA:1,FileParserService.__init__
FN:58,120,FileParserService.parse_file
FNDA:0,FileParserService.parse_file
FN:122,141,FileParserService._get_pdf_page_count
FNDA:0,FileParserService._get_pdf_page_count
FN:143,173,FileParserService._parse_text_file
FNDA:0,FileParserService._parse_text_file
FN:175,237,FileParserService._parse_with_mineru
FNDA:0,FileParserService._parse_with_mineru
FN:239,281,FileParserService._get_upload_url
FNDA:0,FileParserService._get_upload_url
FN:283,297,FileParserService._upload_file
FNDA:0,FileParserService._upload_file
FN:299,349,FileParserService._poll_and_download
FNDA:0,FileParserService._poll_and_download
FN:351,414,FileParserService._download_and_extract
FNDA:0,FileParserService._download_and_extract
FN:416,452,FileParserService._extract_page_num_from_filename
FNDA:0,FileParserService._extract_page_num_from_filename
FN:454,480,FileParserService._replace_image_paths
FNDA:0,FileParserService._replace_image_paths
FN:456,477,FileParserService._replace_image_paths.replace_match
FNDA:0,FileParserService._replace_image_paths.replace_match
FN:484,533,FileParserService.chunk_markdown
FNDA:0,FileParserService.chunk_markdown
FN:535,576,FileParserService._split_by_headers
FNDA:0,FileParserService._split_by_headers
FN:578,630,FileParserService._split_by_paragraphs
FNDA:0,FileParserService._split_by_paragraphs
FN:634,702,FileParserService.generate_image_captions
FNDA:0,FileParserService.generate_image_captions
FN:704,744,FileParserService.generate_document_summary
FNDA:0,FileParserService.generate_document_summary
FN:751,753,get_file_parser
FNDA:0,get_file_parser
FN:756,770,init_file_parser
FNDA:1,init_file_parser
FN:773,779,create_file_parser_from_config
FNDA:0,create_file_parser_from_config
FNF:20
FNH:2
end_of_record
SF:services/homepage_generator_service.py
DA:4,0
DA:5,0
DA:6,0
DA:8,0
DA:9,0
DA:10,0
DA:12,0
DA:15,0
DA:18,0
DA:32,0
DA:33,0
DA:34,0
DA:35,0
DA:37,0
DA:47,0
DA:48,0
DA:49,0
DA:50,0
DA:52,0
DA:55,0
DA:56,0
DA:57,0
DA:58,0
DA:59,0
DA:60,0
DA:63,0
DA:64,0
DA:67,0
DA:70,0
DA:71,0
DA:72,0
DA:74,0
DA:76,0
DA:79,0
DA:80,0
DA:81,0
DA:82,0
DA:83,0
DA:84,0
DA:85,0
DA:88,0
DA:89,0
DA:90,0
DA:91,0
DA:92,0
DA:93,0
DA:94,0
DA:96,0
DA:98,0
DA:104,0
DA:106,0
DA:108,0
DA:113,0
DA:114,0
DA:115,0
DA:118,0
DA:119,0
DA:120,0
DA:121,0
DA:123,0
DA:124,0
DA:125,0
DA:126,0
DA:129,0
DA:131,0
DA:137,0
DA:138,0
DA:146,0
DA:148,0
LF:69
LH:0
FN:18,35,HomepageGeneratorService.__init__
FNDA:0,HomepageGeneratorService.__init__
FN:37,74,HomepageGeneratorService.generate_homepage
FNDA:0,HomepageGeneratorService.generate_homepage
FN:76,96,HomepageGeneratorService._get_existing_outline
FNDA:0,HomepageGeneratorService._get_existing_outline
FN:98,129,HomepageGeneratorService._generate_homepage_content
FNDA:0,HomepageGeneratorService._generate_homepage_content
FN:131,166,HomepageGeneratorService._generate_default_homepage
FNDA:0,HomepageGeneratorService._generate_default_homepage
FNF:5
FNH:0
end_of_record
SF:services/image_service.py
DA:4,1
DA:5,1
DA:6,1
DA:7,1
DA:8,1
DA:9,1
DA:10,1
DA:11,1
DA:12,1
DA:14,1
DA:17,1
DA:19,1
DA:20,1
DA:21,1
DA:22,1
DA:23,1
DA:24,1
DA:25,1
DA:26,1
DA:27,1
DA:28,1
DA:29,1
DA:32,1
DA:34,1
DA:35,1
DA:36,1
DA:39,1
DA:41,1
DA:42,1
DA:43,1
DA:46,1
DA:47,1
DA:49,1
DA:50,1
DA:51,1
DA:54,1
DA:57,1
DA:67,1
DA:83,1
DA:84,1
DA:85,1
DA:86,1
DA:88,1
DA:89,1
DA:95,1
DA:97,1
DA:99,1
DA:101,1
DA:128,1
DA:129,1
DA:131,1
DA:132,1
DA:133,1
DA:134,1
DA:135,0
DA:137,1
DA:140,1
DA:148,1
DA:149,0
DA:150,0
DA:151,0
DA:153,1
DA:154,1
DA:155,1
DA:156,0
DA:157,0
DA:158,0
DA:160,1
DA:163,1
DA:166,1
DA:167,1
DA:168,0
DA:169,0
DA:170,0
DA:172,1
DA:173,1
DA:174,0
DA:175,0
DA:176,0
DA:178,1
DA:181,1
DA:182,1
DA:183,1
DA:184,1
DA:186,1
DA:188,0
DA:189,0
DA:190,0
DA:191,0
DA:193,0
DA:194,0
DA:196,1
DA:217,0
DA:218,0
DA:219,0
DA:220,0
DA:227,0
DA:228,0
DA:230,1
DA:239,1
DA:240,0
DA:242,1
DA:251,1
DA:252,0
DA:254,1
DA:255,1
DA:256,1
DA:257,1
DA:258,1
DA:259,1
DA:260,0
DA:261,0
DA:262,1
DA:263,0
DA:264,0
DA:265,0
DA:266,0
DA:267,0
DA:268,0
DA:270,1
DA:272,1
DA:273,1
DA:274,1
DA:275,1
DA:277,1
DA:284,1
DA:285,1
DA:287,1
DA:288,1
DA:289,1
DA:290,0
DA:292,1
DA:294,1
DA:295,1
DA:296,1
DA:297,1
DA:299,1
DA:300,1
DA:301,1
DA:303,1
DA:304,1
DA:305,1
DA:306,0
DA:310,1
DA:312,1
DA:319,1
DA:320,1
DA:322,1
DA:323,1
DA:324,1
DA:325,1
DA:326,1
DA:327,1
DA:329,0
DA:332,0
DA:336,1
DA:339,1
DA:341,1
DA:344,1
DA:356,1
DA:357,1
DA:358,0
DA:359,0
DA:361,1
DA:368,1
DA:369,1
DA:373,1
LF:167
LH:126
FN:67,95,NanoBananaService.__init__
FNDA:1,NanoBananaService.__init__
FN:97,99,NanoBananaService.is_available
FNDA:1,NanoBananaService.is_available
FN:101,194,NanoBananaService.generate
FNDA:1,NanoBananaService.generate
FN:196,228,NanoBananaService.generate_batch
FNDA:0,NanoBananaService.generate_batch
FN:230,268,NanoBananaService._draw
FNDA:1,NanoBananaService._draw
FN:270,275,NanoBananaService._get_result
FNDA:1,NanoBananaService._get_result
FN:277,310,NanoBananaService._wait_for_completion
FNDA:1,NanoBananaService._wait_for_completion
FN:312,332,NanoBananaService._upload_to_oss
FNDA:1,NanoBananaService._upload_to_oss
FN:339,341,get_image_service
FNDA:1,get_image_service
FN:344,369,init_image_service
FNDA:1,init_image_service
FNF:10
FNH:9
end_of_record
SF:services/image_styles/__init__.py
DA:12,1
DA:13,1
DA:15,1
LF:3
LH:3
end_of_record
SF:services/image_styles/manager.py
DA:9,1
DA:10,1
DA:11,1
DA:13,1
DA:14,1
DA:16,1
DA:19,1
DA:20,1
DA:21,1
DA:24,1
DA:27,1
DA:28,1
DA:29,1
DA:30,1
DA:31,1
DA:33,1
DA:34,0
DA:35,0
DA:36,0
DA:37,0
DA:39,1
DA:41,0
DA:43,0
DA:44,0
DA:45,0
DA:46,0
DA:47,0
DA:50,0
DA:56,0
DA:57,0
DA:58,0
DA:59,0
DA:60,0
DA:61,0
DA:63,1
DA:65,0
DA:66,0
DA:68,1
DA:70,0
DA:71,0
DA:72,0
DA:73,0
DA:75,1
DA:77,0
DA:78,0
DA:79,0
DA:80,0
DA:82,1
DA:84,0
DA:96,1
DA:111,0
DA:112,0
DA:117,0
DA:118,0
DA:119,0
DA:120,0
DA:121,0
DA:122,0
DA:123,0
DA:124,0
DA:125,0
DA:126,0
DA:129,0
DA:130,0
DA:131,0
DA:132,0
DA:133,0
DA:135,0
DA:136,0
DA:137,0
DA:139,0
DA:141,0
DA:142,0
DA:143,0
DA:144,0
DA:145,0
DA:146,0
DA:148,1
DA:150,0
DA:152,1
DA:154,0
DA:156,1
DA:158,0
DA:168,1
DA:175,0
DA:176,0
DA:178,1
DA:195,0
DA:197,0
DA:198,0
DA:201,0
DA:206,0
DA:207,0
DA:208,0
DA:209,0
DA:210,0
DA:213,0
DA:216,0
DA:219,0
DA:221,1
DA:231,0
DA:232,0
DA:236,1
DA:239,1
DA:242,0
DA:243,0
DA:244,0
LF:107
LH:30
FN:33,37,ImageStyleManager.__new__
FNDA:0,ImageStyleManager.__new__
FN:39,61,ImageStyleManager._load_config
FNDA:0,ImageStyleManager._load_config
FN:63,66,ImageStyleManager.reload
FNDA:0,ImageStyleManager.reload
FN:68,73,ImageStyleManager.get_style
FNDA:0,ImageStyleManager.get_style
FN:75,80,ImageStyleManager.get_default_style_id
FNDA:0,ImageStyleManager.get_default_style_id
FN:82,94,ImageStyleManager.get_all_styles
FNDA:0,ImageStyleManager.get_all_styles
FN:96,146,ImageStyleManager.render_prompt
FNDA:0,ImageStyleManager.render_prompt
FN:148,150,ImageStyleManager.is_valid_style
FNDA:0,ImageStyleManager.is_valid_style
FN:152,154,ImageStyleManager.is_valid_type
FNDA:0,ImageStyleManager.is_valid_type
FN:156,166,ImageStyleManager.get_all_types
FNDA:0,ImageStyleManager.get_all_types
FN:168,176,ImageStyleManager.get_compatibility
FNDA:0,ImageStyleManager.get_compatibility
FN:178,219,ImageStyleManager.resolve_compatibility
FNDA:0,ImageStyleManager.resolve_compatibility
FN:221,232,ImageStyleManager.auto_recommend_type
FNDA:0,ImageStyleManager.auto_recommend_type
FN:239,244,get_style_manager
FNDA:0,get_style_manager
FNF:14
FNH:0
end_of_record
SF:services/image_styles/type_signals.py
DA:7,1
DA:8,1
DA:9,1
DA:11,1
DA:15,1
DA:107,1
DA:110,1
DA:120,0
DA:121,0
DA:123,0
DA:124,0
DA:126,0
DA:127,0
DA:130,0
DA:131,0
DA:132,0
DA:135,0
DA:136,0
DA:137,0
DA:138,0
DA:139,0
DA:140,0
DA:142,0
DA:145,0
DA:146,0
DA:147,0
DA:149,0
DA:150,0
DA:151,0
DA:154,1
DA:156,0
LF:31
LH:8
FN:110,151,auto_recommend_type
FNDA:0,auto_recommend_type
FN:154,156,get_type_signals
FNDA:0,get_type_signals
FNF:2
FNH:0
end_of_record
SF:services/knowledge_service.py
DA:14,1
DA:15,1
DA:16,1
DA:17,1
DA:18,1
DA:20,1
DA:23,1
DA:24,1
DA:26,1
DA:27,1
DA:28,1
DA:29,1
DA:30,1
DA:31,1
DA:33,1
DA:35,0
DA:44,1
DA:45,1
DA:47,0
DA:57,1
DA:67,1
DA:74,1
DA:75,1
DA:77,1
DA:90,0
DA:92,0
DA:93,0
DA:94,0
DA:96,0
DA:97,0
DA:98,0
DA:101,0
DA:104,0
DA:106,0
DA:113,0
DA:115,0
DA:117,0
DA:119,1
DA:132,0
DA:134,0
DA:135,0
DA:136,0
DA:137,0
DA:139,0
DA:140,0
DA:142,0
DA:149,0
DA:151,0
DA:153,1
DA:175,0
DA:178,0
DA:179,0
DA:180,0
DA:181,0
DA:184,0
DA:185,0
DA:186,0
DA:187,0
DA:189,0
DA:190,0
DA:191,0
DA:193,0
DA:194,0
DA:196,0
DA:198,1
DA:217,0
DA:218,0
DA:219,0
DA:220,0
DA:222,0
DA:224,0
DA:226,0
DA:227,0
DA:228,0
DA:229,0
DA:230,0
[...]
FN:343,358,WorkflowEngine.execute_workflow
FNDA:0,WorkflowEngine.execute_workflow
FN:360,381,WorkflowEngine.upload_content
FNDA:0,WorkflowEngine.upload_content
FN:383,404,WorkflowEngine._upload_via_file
FNDA:0,WorkflowEngine._upload_via_file
FN:406,420,WorkflowEngine._upload_via_codemirror
FNDA:0,WorkflowEngine._upload_via_codemirror
FN:422,440,WorkflowEngine._upload_via_import
FNDA:0,WorkflowEngine._upload_via_import
FN:442,453,WorkflowEngine._upload_via_direct
FNDA:0,WorkflowEngine._upload_via_direct
FN:455,520,WorkflowEngine._upload_xhs_images
FNDA:0,WorkflowEngine._upload_xhs_images
FN:522,549,WorkflowEngine.get_result_url
FNDA:0,WorkflowEngine.get_result_url
FNF:28
FNH:0
end_of_record
SF:services/sora2_service.py
DA:5,1
DA:6,1
DA:7,1
DA:8,1
DA:9,1
DA:10,1
DA:12,1
DA:15,1
DA:17,1
DA:18,1
DA:21,1
DA:23,1
DA:24,1
DA:27,1
DA:29,1
DA:30,1
DA:33,1
DA:35,1
DA:36,1
DA:37,1
DA:40,1
DA:41,1
DA:43,1
DA:44,1
DA:45,1
DA:46,1
DA:47,1
DA:50,1
DA:51,1
DA:53,1
DA:54,1
DA:57,1
DA:60,1
DA:76,1
DA:77,1
DA:78,1
DA:79,1
DA:81,1
DA:82,1
DA:87,1
DA:89,1
DA:91,0
DA:93,1
DA:120,0
DA:121,0
DA:123,0
DA:125,0
DA:127,0
DA:137,0
DA:138,0
DA:140,0
DA:141,0
DA:144,0
DA:145,0
DA:146,0
DA:147,0
DA:149,0
DA:150,0
DA:151,0
DA:153,0
DA:154,0
DA:155,0
DA:156,0
DA:158,0
DA:161,0
DA:168,0
DA:169,0
DA:171,0
DA:172,0
DA:173,0
DA:175,0
DA:176,0
DA:178,0
DA:179,0
DA:180,0
DA:182,0
DA:185,0
DA:186,0
DA:187,0
DA:189,0
DA:197,0
DA:198,0
DA:199,0
DA:201,1
DA:231,0
DA:232,0
DA:233,0
DA:235,0
DA:236,0
DA:238,0
DA:239,0
DA:240,0
DA:241,0
DA:242,0
DA:244,0
DA:255,0
DA:256,0
DA:258,0
DA:259,0
DA:260,0
DA:261,0
DA:263,0
DA:264,0
DA:266,1
DA:285,0
DA:287,0
DA:288,0
DA:295,0
DA:296,0
DA:297,0
DA:298,0
DA:300,0
DA:301,0
DA:302,0
DA:304,0
DA:305,0
DA:306,0
DA:307,0
DA:310,0
DA:317,0
DA:318,0
DA:320,0
DA:321,0
DA:322,0
DA:324,0
DA:325,0
DA:326,0
DA:327,0
DA:329,0
DA:331,0
DA:336,0
DA:337,0
DA:338,0
DA:340,1
DA:359,0
DA:361,0
DA:362,0
DA:369,0
DA:370,0
DA:371,0
DA:372,0
DA:374,0
DA:375,0
DA:376,0
DA:378,0
DA:379,0
DA:380,0
DA:383,0
DA:389,0
DA:390,0
DA:392,0
DA:393,0
DA:395,0
DA:396,0
DA:397,0
DA:399,0
DA:401,0
DA:406,0
DA:407,0
DA:408,0
DA:410,1
DA:418,0
DA:419,0
DA:421,0
DA:422,0
DA:423,0
DA:424,0
DA:426,0
DA:428,0
DA:429,0
DA:430,0
DA:431,0
DA:433,0
DA:434,0
DA:435,0
DA:437,0
DA:438,0
DA:439,0
DA:440,0
DA:441,0
DA:443,0
DA:444,0
DA:445,0
DA:446,0
DA:449,0
DA:450,0
DA:452,0
DA:454,1
DA:456,0
DA:457,0
DA:458,0
DA:459,0
DA:461,1
DA:463,0
DA:464,0
DA:466,0
DA:467,0
DA:468,0
DA:469,0
DA:470,0
DA:471,0
DA:473,0
DA:475,0
DA:479,1
DA:482,1
DA:484,0
DA:487,1
DA:499,0
DA:500,0
DA:501,0
DA:502,0
DA:504,0
DA:511,0
DA:512,0
LF:214
LH:51
FN:60,87,Sora2Service.__init__
FNDA:1,Sora2Service.__init__
FN:89,91,Sora2Service.is_available
FNDA:0,Sora2Service.is_available
FN:93,199,Sora2Service.generate_video
FNDA:0,Sora2Service.generate_video
FN:201,264,Sora2Service.generate_from_image
FNDA:0,Sora2Service.generate_from_image
FN:266,338,Sora2Service.upload_character
FNDA:0,Sora2Service.upload_character
FN:340,408,Sora2Service.create_character_from_video
FNDA:0,Sora2Service.create_character_from_video
FN:410,452,Sora2Service._wait_for_completion
FNDA:0,Sora2Service._wait_for_completion
FN:454,459,Sora2Service._get_result
FNDA:0,Sora2Service._get_result
FN:461,475,Sora2Service._upload_to_oss
FNDA:0,Sora2Service._upload_to_oss
FN:482,484,get_sora2_service
FNDA:0,get_sora2_service
FN:487,512,init_sora2_service
FNDA:0,init_sora2_service
FNF:11
FNH:1
end_of_record
SF:services/task_service.py
DA:5,1
DA:6,1
DA:7,1
DA:8,1
DA:9,1
DA:10,1
DA:11,1
DA:12,1
DA:13,1
DA:15,1
DA:18,1
DA:19,1
DA:21,1
DA:22,1
DA:23,1
DA:24,1
DA:25,1
DA:26,1
DA:27,1
DA:28,1
DA:29,1
DA:30,1
DA:31,1
DA:34,1
DA:37,1
DA:38,1
DA:40,1
DA:41,0
DA:42,0
DA:43,0
DA:44,0
DA:45,0
DA:46,0
DA:48,1
DA:49,0
DA:50,0
DA:51,0
DA:52,0
DA:53,0
DA:54,0
DA:55,0
DA:57,1
DA:64,0
DA:65,0
DA:66,0
DA:67,0
DA:71,0
DA:72,0
DA:73,0
DA:75,1
DA:77,0
DA:79,1
DA:81,0
DA:83,1
DA:85,0
DA:86,0
DA:87,0
DA:88,0
DA:90,0
DA:92,1
DA:94,0
DA:95,0
DA:96,0
DA:97,0
DA:98,0
DA:99,0
DA:102,0
DA:109,0
DA:113,0
DA:114,0
DA:116,0
DA:124,1
DA:126,0
DA:132,1
DA:134,0
DA:135,0
DA:136,0
DA:137,0
DA:138,0
DA:139,0
DA:140,0
DA:142,0
DA:148,1
DA:150,0
DA:151,0
DA:152,0
DA:153,0
DA:154,0
DA:155,0
DA:157,0
DA:163,1
DA:165,0
DA:166,0
DA:167,0
DA:168,0
DA:169,0
DA:170,0
DA:172,0
DA:179,1
DA:181,0
DA:182,0
DA:183,0
DA:184,0
DA:186,1
DA:188,0
DA:189,0
DA:190,0
DA:191,0
DA:192,0
DA:193,0
DA:194,0
DA:195,0
DA:197,1
DA:199,0
DA:200,0
DA:202,1
DA:204,0
DA:205,0
DA:206,0
DA:207,0
DA:208,0
DA:209,0
DA:211,0
DA:215,1
DA:218,1
DA:221,0
DA:222,0
DA:223,0
LF:128
LH:43
FN:40,46,TaskManager.__new__
FNDA:0,TaskManager.__new__
FN:48,55,TaskManager.__init__
FNDA:0,TaskManager.__init__
FN:57,73,TaskManager.create_task
FNDA:0,TaskManager.create_task
FN:75,77,TaskManager.get_task
FNDA:0,TaskManager.get_task
FN:79,81,TaskManager.get_queue
FNDA:0,TaskManager.get_queue
FN:83,90,TaskManager.send_event
FNDA:0,TaskManager.send_event
FN:92,122,TaskManager.send_progress
FNDA:0,TaskManager.send_progress
FN:124,130,TaskManager.send_stream
FNDA:0,TaskManager.send_stream
FN:132,146,TaskManager.send_result
FNDA:0,TaskManager.send_result
FN:148,161,TaskManager.send_complete
FNDA:0,TaskManager.send_complete
FN:163,177,TaskManager.send_error
FNDA:0,TaskManager.send_error
FN:179,184,TaskManager.set_running
FNDA:0,TaskManager.set_running
FN:186,195,TaskManager.cancel_task
FNDA:0,TaskManager.cancel_task
FN:197,200,TaskManager.is_cancelled
FNDA:0,TaskManager.is_cancelled
FN:202,211,TaskManager.cleanup_task
FNDA:0,TaskManager.cleanup_task
FN:204,209,TaskManager.cleanup_task._cleanup
FNDA:0,TaskManager.cleanup_task._cleanup
FN:218,223,get_task_manager
FNDA:0,get_task_manager
FNF:17
FNH:0
end_of_record
SF:services/transform_service.py
DA:4,1
DA:5,1
DA:6,1
DA:7,1
DA:8,1
DA:10,1
DA:13,1
DA:14,1
DA:16,1
DA:17,1
DA:18,1
DA:19,1
DA:20,1
DA:21,1
DA:22,1
DA:25,1
DA:26,1
DA:28,1
DA:29,1
DA:30,1
DA:31,1
DA:32,1
DA:33,1
DA:34,1
DA:37,1
DA:41,1
DA:83,1
DA:90,0
DA:92,1
DA:115,0
DA:116,0
DA:117,0
DA:118,0
DA:119,0
DA:122,0
DA:123,0
DA:126,0
DA:127,0
DA:130,0
DA:141,0
DA:142,0
DA:143,0
DA:145,0
DA:151,0
DA:152,0
DA:153,0
DA:159,1
DA:161,0
DA:162,0
DA:165,0
DA:166,0
DA:167,0
DA:170,0
DA:171,0
DA:177,0
DA:181,0
DA:182,0
DA:184,0
DA:186,1
DA:188,0
DA:189,0
DA:190,0
DA:191,0
DA:192,0
DA:193,0
DA:195,1
DA:209,0
DA:210,0
DA:211,0
DA:212,0
DA:213,0
DA:215,0
DA:249,0
DA:270,0
DA:276,0
DA:277,0
DA:283,0
DA:288,0
DA:289,0
DA:292,0
DA:295,0
DA:296,0
DA:297,0
DA:298,0
DA:299,0
DA:300,0
DA:301,0
DA:303,0
DA:305,1
DA:308,0
DA:309,0
DA:310,0
DA:313,0
DA:315,0
DA:317,0
DA:318,0
DA:319,0
DA:321,0
DA:322,0
DA:323,0
DA:324,0
DA:325,0
DA:327,0
DA:333,1
DA:335,0
DA:337,1
DA:339,0
DA:342,1
DA:344,0
LF:109
LH:35
FN:83,90,TransformService.__init__
FNDA:0,TransformService.__init__
FN:92,157,TransformService.transform
FNDA:0,TransformService.transform
FN:159,184,TransformService._extract_tech_concepts
FNDA:0,TransformService._extract_tech_concepts
FN:186,193,TransformService._find_metaphors
FNDA:0,TransformService._find_metaphors
FN:195,303,TransformService._generate_storybook
FNDA:0,TransformService._generate_storybook
FN:305,331,TransformService._parse_json_response
FNDA:0,TransformService._parse_json_response
FN:333,335,TransformService.get_metaphor
FNDA:0,TransformService.get_metaphor
FN:337,339,TransformService.add_metaphor
FNDA:0,TransformService.add_metaphor
FN:342,344,create_transform_service
FNDA:0,create_transform_service
FNF:9
FNH:0
end_of_record
SF:services/video_sequence_service.py
DA:13,0
DA:14,0
DA:15,0
DA:16,0
DA:17,0
DA:18,0
DA:19,0
DA:20,0
DA:21,0
DA:23,0
DA:26,0
DA:28,0
DA:29,0
DA:30,0
DA:31,0
DA:32,0
DA:33,0
DA:36,0
DA:37,0
DA:39,0
DA:40,0
DA:41,0
DA:42,0
DA:45,0
DA:48,0
DA:49,0
DA:52,0
DA:53,0
DA:54,0
DA:57,0
DA:60,0
DA:61,0
DA:63,0
DA:64,0
DA:65,0
DA:66,0
DA:68,0
DA:71,0
DA:72,0
DA:75,0
DA:78,0
DA:90,0
DA:98,0
DA:99,0
DA:100,0
DA:101,0
DA:102,0
DA:105,0
DA:107,0
DA:109,0
DA:133,0
DA:134,0
DA:135,0
DA:137,0
DA:138,0
DA:139,0
DA:142,0
DA:143,0
DA:145,0
DA:147,0
DA:148,0
DA:151,0
DA:152,0
DA:155,0
DA:156,0
DA:159,0
DA:160,0
DA:163,0
DA:164,0
DA:165,0
DA:167,0
DA:169,0
DA:170,0
DA:172,0
DA:173,0
DA:174,0
DA:176,0
DA:183,0
DA:184,0
DA:185,0
DA:186,0
DA:187,0
DA:188,0
DA:190,0
DA:202,0
DA:208,0
DA:209,0
DA:210,0
DA:213,0
DA:214,0
DA:217,0
DA:218,0
DA:220,0
DA:222,0
DA:223,0
DA:224,0
DA:227,0
DA:229,0
DA:240,0
DA:243,0
DA:245,0
DA:246,0
DA:248,0
DA:257,0
DA:258,0
DA:260,0
DA:262,0
DA:263,0
DA:265,0
DA:267,0
DA:269,0
DA:280,0
DA:343,0
DA:345,0
DA:356,0
DA:358,0
DA:360,0
DA:361,0
DA:364,0
DA:373,0
DA:375,0
DA:377,0
DA:390,0
DA:408,0
DA:409,0
DA:410,0
DA:411,0
DA:412,0
DA:415,0
DA:416,0
DA:417,0
DA:418,0
DA:419,0
DA:421,0
DA:422,0
DA:424,0
DA:426,0
DA:438,0
DA:439,0
DA:440,0
DA:442,0
DA:443,0
DA:445,0
DA:446,0
DA:448,0
DA:450,0
DA:451,0
DA:453,0
DA:454,0
DA:457,0
DA:459,0
DA:462,0
DA:463,0
DA:471,0
DA:473,0
DA:474,0
DA:476,0
DA:477,0
DA:478,0
DA:480,0
DA:481,0
DA:482,0
DA:483,0
DA:484,0
DA:485,0
DA:487,0
DA:489,0
DA:491,0
DA:492,0
DA:493,0
DA:496,0
DA:497,0
DA:504,0
DA:505,0
DA:507,0
DA:514,0
DA:516,0
DA:517,0
DA:518,0
DA:520,0
DA:523,0
DA:524,0
DA:525,0
DA:527,0
DA:529,0
DA:531,0
DA:532,0
DA:533,0
DA:534,0
DA:535,0
DA:537,0
DA:539,0
DA:540,0
DA:541,0
DA:544,0
DA:545,0
DA:548,0
DA:550,0
DA:551,0
DA:554,0
DA:556,0
DA:559,0
DA:560,0
DA:562,0
DA:563,0
DA:564,0
DA:565,0
DA:566,0
DA:567,0
DA:568,0
DA:569,0
DA:571,0
DA:574,0
DA:575,0
DA:576,0
DA:578,0
DA:579,0
DA:580,0
DA:582,0
DA:584,0
DA:586,0
DA:587,0
DA:588,0
DA:590,0
DA:591,0
DA:592,0
DA:594,0
DA:595,0
DA:596,0
DA:597,0
DA:599,0
DA:611,0
DA:612,0
DA:613,0
DA:614,0
DA:618,0
DA:632,0
DA:635,0
DA:636,0
DA:641,0
DA:642,0
DA:643,0
DA:645,0
DA:648,0
DA:652,0
DA:655,0
DA:657,0
DA:660,0
DA:680,0
DA:687,0
DA:688,0
LF:251
LH:0
FN:90,107,VideoSequenceOrchestrator.__init__
FNDA:0,VideoSequenceOrchestrator.__init__
FN:109,174,VideoSequenceOrchestrator.orchestrate
FNDA:0,VideoSequenceOrchestrator.orchestrate
FN:176,188,VideoSequenceOrchestrator._report_progress
FNDA:0,VideoSequenceOrchestrator._report_progress
FN:190,246,VideoSequenceOrchestrator._create_timeline
FNDA:0,VideoSequenceOrchestrator._create_timeline
FN:248,267,VideoSequenceOrchestrator._select_transitions
FNDA:0,VideoSequenceOrchestrator._select_transitions
FN:269,343,VideoSequenceOrchestrator._generate_global_style_guide
FNDA:0,VideoSequenceOrchestrator._generate_global_style_guide
FN:345,375,VideoSequenceOrchestrator._generate_animation_prompts
FNDA:0,VideoSequenceOrchestrator._generate_animation_prompts
FN:377,424,VideoSequenceOrchestrator._build_animation_prompt
FNDA:0,VideoSequenceOrchestrator._build_animation_prompt
FN:426,505,VideoSequenceOrchestrator._generate_video_segments
FNDA:0,VideoSequenceOrchestrator._generate_video_segments
FN:462,469,VideoSequenceOrchestrator._generate_video_segments.generate_video
FNDA:0,VideoSequenceOrchestrator._generate_video_segments.generate_video
FN:507,580,VideoSequenceOrchestrator._compose_final_video
FNDA:0,VideoSequenceOrchestrator._compose_final_video
FN:582,597,VideoSequenceOrchestrator._download_video
FNDA:0,VideoSequenceOrchestrator._download_video
FN:599,648,VideoSequenceOrchestrator._ffmpeg_concat
FNDA:0,VideoSequenceOrchestrator._ffmpeg_concat
FN:655,657,get_video_sequence_service
FNDA:0,get_video_sequence_service
FN:660,688,init_video_sequence_service
FNDA:0,init_video_sequence_service
FNF:15
FNH:0
end_of_record
SF:services/video_service.py
DA:6,1
DA:7,1
DA:8,1
DA:9,1
DA:10,1
DA:11,1
DA:12,1
DA:13,1
DA:15,1
DA:18,1
DA:20,1
DA:21,1
DA:24,1
DA:26,1
DA:27,1
DA:28,1
DA:31,1
DA:32,1
DA:34,1
DA:35,1
DA:36,1
DA:37,1
DA:38,1
DA:41,1
DA:44,1
DA:49,1
DA:50,1
DA:52,0
DA:53,0
DA:55,1
DA:71,1
DA:72,1
DA:73,1
DA:74,1
DA:76,1
DA:77,1
DA:83,1
DA:85,1
DA:87,1
DA:89,1
DA:116,0
DA:117,0
DA:119,0
DA:120,0
DA:121,0
DA:122,0
DA:123,0
DA:125,0
DA:128,0
DA:136,0
DA:137,0
DA:138,0
DA:139,0
DA:141,0
DA:142,0
DA:143,0
DA:144,0
DA:145,0
DA:146,0
DA:148,0
DA:151,0
DA:158,0
DA:159,0
DA:160,0
DA:161,0
DA:162,0
DA:163,0
DA:165,0
DA:168,0
DA:169,0
DA:170,0
DA:171,0
DA:173,0
DA:180,0
DA:181,0
DA:182,0
DA:183,0
DA:185,0
DA:186,0
DA:188,1
DA:196,0
DA:197,0
DA:199,0
DA:208,0
DA:209,0
DA:210,0
DA:211,0
DA:212,0
DA:213,0
DA:214,0
DA:215,0
DA:216,0
DA:217,0
DA:218,0
DA:219,0
DA:220,0
DA:221,0
DA:222,0
DA:224,1
DA:226,0
DA:227,0
DA:228,0
DA:229,0
DA:231,1
DA:239,0
DA:240,0
DA:242,0
DA:243,0
DA:244,0
DA:245,0
DA:247,0
DA:249,0
DA:250,0
DA:251,0
DA:252,0
DA:254,0
DA:255,0
DA:256,0
DA:259,0
DA:260,0
DA:261,0
DA:262,0
DA:263,0
DA:265,0
DA:266,0
DA:267,0
DA:268,0
DA:271,0
DA:272,0
DA:274,0
DA:276,1
DA:283,0
DA:284,0
DA:286,0
DA:287,0
DA:288,0
DA:289,0
DA:290,0
DA:291,0
DA:293,0
DA:296,0
DA:299,1
DA:309,1
DA:310,1
DA:312,1
DA:313,1
DA:314,1
DA:315,1
DA:317,1
DA:319,1
DA:321,1
DA:322,0
DA:323,0
DA:325,1
DA:328,1
DA:330,0
DA:332,0
DA:333,0
DA:334,0
DA:335,0
DA:338,0
DA:339,0
DA:341,1
DA:343,0
DA:344,0
DA:345,0
DA:346,0
DA:347,0
DA:348,0
DA:350,1
DA:379,0
DA:380,0
DA:381,0
DA:383,0
DA:384,0
DA:385,0
DA:387,0
DA:388,0
DA:390,0
DA:393,0
DA:403,0
DA:404,0
DA:406,0
DA:409,0
DA:411,0
DA:413,0
DA:421,0
DA:423,1
DA:424,1
DA:426,0
DA:443,1
DA:444,1
DA:447,1
DA:449,1
DA:452,1
DA:454,0
DA:457,1
DA:469,1
DA:470,1
DA:471,0
DA:472,0
DA:475,1
DA:476,1
DA:477,1
DA:478,1
DA:481,1
DA:489,1
DA:490,1
DA:498,1
DA:503,1
DA:504,1
LF:211
LH:76
FN:50,53,Veo3Service.get_default_animation_prompt
FNDA:0,Veo3Service.get_default_animation_prompt
FN:55,83,Veo3Service.__init__
FNDA:1,Veo3Service.__init__
FN:85,87,Veo3Service.is_available
FNDA:1,Veo3Service.is_available
FN:89,186,Veo3Service.generate_from_image
FNDA:0,Veo3Service.generate_from_image
FN:188,222,Veo3Service._create_video_task
FNDA:0,Veo3Service._create_video_task
FN:224,229,Veo3Service._get_result
FNDA:0,Veo3Service._get_result
FN:231,274,Veo3Service._wait_for_completion
FNDA:0,Veo3Service._wait_for_completion
FN:276,296,Veo3Service._upload_to_oss
FNDA:0,Veo3Service._upload_to_oss
FN:312,317,UnifiedVideoService.__init__
FNDA:1,UnifiedVideoService.__init__
FN:319,326,UnifiedVideoService.is_available
FNDA:1,UnifiedVideoService.is_available
FN:328,339,UnifiedVideoService._get_service_for_model
FNDA:0,UnifiedVideoService._get_service_for_model
FN:341,348,UnifiedVideoService._get_model_name
FNDA:0,UnifiedVideoService._get_model_name
FN:350,421,UnifiedVideoService.generate_from_image
FNDA:0,UnifiedVideoService.generate_from_image
FN:424,439,UnifiedVideoService.get_supported_models
FNDA:0,UnifiedVideoService.get_supported_models
FN:447,449,get_video_service
FNDA:1,get_video_service
FN:452,454,get_veo3_service
FNDA:0,get_veo3_service
FN:457,504,init_video_service
FNDA:1,init_video_service
FNF:17
FNH:6
end_of_record
SF:services/xhs_service.py
DA:12,0
DA:13,0
DA:14,0
DA:15,0
DA:16,0
DA:17,0
DA:18,0
DA:20,0
DA:23,0
DA:24,0
DA:26,0
DA:27,0
DA:28,0
DA:31,0
DA:32,0
DA:34,0
DA:35,0
DA:36,0
DA:37,0
DA:38,0
DA:39,0
DA:40,0
DA:41,0
DA:42,0
DA:43,0
DA:46,0
DA:49,0
DA:65,0
DA:66,0
DA:67,0
DA:68,0
DA:71,0
DA:72,0
DA:75,0
DA:76,0
DA:77,0
DA:78,0
DA:79,0
DA:80,0
DA:82,0
DA:84,0
DA:108,0
DA:110,0
DA:113,0
DA:114,0
DA:115,0
DA:116,0
DA:117,0
DA:118,0
DA:119,0
DA:120,0
DA:123,0
DA:125,0
DA:126,0
DA:128,0
DA:129,0
DA:132,0
DA:135,0
DA:136,0
DA:138,0
DA:139,0
DA:144,0
DA:147,0
DA:150,0
DA:151,0
DA:153,0
DA:156,0
DA:157,0
DA:158,0
DA:159,0
DA:161,0
DA:162,0
DA:163,0
DA:164,0
DA:165,0
DA:167,0
DA:168,0
DA:170,0
DA:188,0
DA:190,0
DA:191,0
DA:192,0
DA:194,0
DA:195,0
DA:197,0
DA:199,0
DA:200,0
DA:201,0
DA:206,0
DA:208,0
DA:209,0
DA:210,0
DA:212,0
DA:214,0
DA:215,0
DA:216,0
DA:221,0
DA:222,0
DA:223,0
DA:224,0
DA:226,0
DA:228,0
DA:229,0
DA:232,0
DA:239,0
DA:240,0
DA:246,0
DA:249,0
DA:250,0
DA:252,0
DA:254,0
DA:264,0
DA:266,0
DA:267,0
DA:268,0
DA:269,0
DA:271,0
DA:272,0
DA:273,0
DA:274,0
DA:275,0
DA:276,0
DA:278,0
DA:280,0
DA:291,0
DA:292,0
DA:295,0
DA:296,0
DA:297,0
DA:298,0
DA:301,0
DA:302,0
DA:303,0
DA:304,0
DA:307,0
DA:308,0
DA:311,0
DA:313,0
DA:314,0
DA:315,0
DA:316,0
DA:317,0
DA:320,0
DA:321,0
DA:322,0
DA:323,0
DA:324,0
DA:329,0
DA:331,0
DA:337,0
DA:339,0
DA:359,0
DA:360,0
DA:361,0
DA:362,0
DA:365,0
DA:372,0
DA:373,0
DA:379,0
DA:381,0
DA:383,0
DA:394,0
DA:397,0
DA:399,0
DA:400,0
DA:402,0
DA:403,0
DA:405,0
DA:406,0
DA:409,0
DA:410,0
DA:412,0
DA:413,0
DA:415,0
DA:433,0
DA:434,0
DA:436,0
DA:438,0
DA:441,0
DA:443,0
DA:444,0
DA:447,0
DA:457,0
DA:458,0
DA:467,0
DA:468,0
DA:469,0
DA:470,0
DA:471,0
DA:473,0
DA:495,0
DA:496,0
DA:498,0
DA:500,0
DA:503,0
DA:516,0
DA:517,0
DA:519,0
DA:520,0
DA:524,0
DA:525,0
DA:527,0
DA:530,0
DA:531,0
DA:540,0
DA:541,0
DA:542,0
DA:543,0
DA:544,0
DA:546,0
DA:548,0
DA:549,0
DA:550,0
DA:552,0
DA:554,0
DA:557,0
DA:558,0
DA:566,0
DA:568,0
DA:569,0
DA:570,0
DA:571,0
DA:573,0
DA:575,0
DA:581,0
DA:582,0
DA:588,0
DA:590,0
DA:591,0
DA:592,0
DA:594,0
DA:596,0
DA:597,0
DA:598,0
DA:599,0
DA:600,0
DA:606,0
DA:614,0
DA:619,0
DA:620,0
DA:622,0
DA:626,0
DA:652,0
DA:653,0
DA:654,0
DA:655,0
DA:656,0
DA:667,0
DA:677,0
DA:678,0
DA:679,0
DA:680,0
DA:685,0
DA:686,0
DA:687,0
DA:689,0
DA:718,0
DA:720,0
DA:721,0
DA:723,0
DA:724,0
DA:727,0
DA:728,0
DA:731,0
DA:738,0
DA:739,0
DA:740,0
DA:743,0
DA:744,0
DA:745,0
DA:746,0
DA:747,0
DA:751,0
DA:752,0
DA:753,0
DA:754,0
DA:755,0
DA:756,0
DA:757,0
DA:758,0
DA:759,0
DA:762,0
DA:763,0
DA:764,0
DA:765,0
DA:767,0
DA:769,0
DA:775,0
DA:782,0
DA:788,0
DA:789,0
DA:790,0
DA:793,0
DA:794,0
DA:795,0
DA:796,0
DA:797,0
DA:798,0
DA:799,0
DA:800,0
DA:802,0
DA:803,0
DA:805,0
DA:806,0
DA:807,0
DA:808,0
DA:809,0
DA:812,0
DA:821,0
DA:828,0
DA:834,0
DA:835,0
DA:836,0
DA:838,0
DA:839,0
DA:840,0
DA:841,0
DA:844,0
DA:851,0
DA:858,0
DA:859,0
DA:860,0
DA:866,0
DA:867,0
DA:868,0
DA:870,0
DA:873,0
DA:885,0
DA:891,0
DA:898,0
DA:899,0
DA:900,0
DA:902,0
DA:910,0
DA:911,0
DA:914,0
DA:918,0
DA:925,0
DA:929,0
DA:930,0
DA:931,0
DA:934,0
DA:941,0
DA:942,0
DA:949,0
DA:956,0
DA:959,0
DA:960,0
DA:961,0
DA:962,0
DA:964,0
DA:967,0
DA:969,0
DA:976,0
DA:977,0
DA:978,0
DA:979,0
DA:980,0
DA:982,0
DA:988,0
DA:989,0
DA:991,0
DA:992,0
DA:994,0
DA:1000,0
DA:1007,0
DA:1008,0
DA:1009,0
DA:1010,0
DA:1011,0
DA:1021,0
DA:1022,0
DA:1023,0
DA:1026,0
DA:1032,0
DA:1048,0
DA:1050,0
DA:1051,0
DA:1052,0
DA:1058,0
DA:1083,0
DA:1085,0
DA:1088,0
DA:1097,0
DA:1107,0
DA:1108,0
DA:1110,0
DA:1112,0
DA:1116,0
DA:1119,0
DA:1127,0
DA:1133,0
DA:1136,0
DA:1138,0
LF:394
LH:0
FN:49,82,XHSService.__init__
FNDA:0,XHSService.__init__
FN:84,168,XHSService.generate_series
FNDA:0,XHSService.generate_series
FN:170,252,XHSService._generate_outline
FNDA:0,XHSService._generate_outline
FN:254,278,XHSService._format_search_results
FNDA:0,XHSService._format_search_results
FN:280,337,XHSService._parse_outline
FNDA:0,XHSService._parse_outline
FN:339,381,XHSService._generate_all_visual_prompts
FNDA:0,XHSService._generate_all_visual_prompts
FN:383,413,XHSService._parse_visual_prompts
FNDA:0,XHSService._parse_visual_prompts
FN:415,471,XHSService._generate_single_image_v2
FNDA:0,XHSService._generate_single_image_v2
FN:473,544,XHSService._generate_single_image
FNDA:0,XHSService._generate_single_image
FN:546,571,XHSService._generate_video
FNDA:0,XHSService._generate_video
FN:573,604,XHSService._generate_content
FNDA:0,XHSService._generate_content
FN:606,622,XHSService._call_llm_sync
FNDA:0,XHSService._call_llm_sync
FN:626,687,XHSService.generate_async
FNDA:0,XHSService.generate_async
FN:652,683,XHSService.generate_async.run_in_thread
FNDA:0,XHSService.generate_async.run_in_thread
FN:689,1055,XHSService._run_generation_with_sse
FNDA:0,XHSService._run_generation_with_sse
FN:718,721,XHSService._run_generation_with_sse.send_event
FNDA:0,XHSService._run_generation_with_sse.send_event
FN:727,728,XHSService._run_generation_with_sse.is_cancelled
FNDA:0,XHSService._run_generation_with_sse.is_cancelled
FN:914,956,XHSService._run_generation_with_sse.generate_image_with_progress
FNDA:0,XHSService._run_generation_with_sse.generate_image_with_progress
FN:1058,1112,XHSService.generate_explanation_video
FNDA:0,XHSService.generate_explanation_video
FN:1119,1133,init_xhs_service
FNDA:0,init_xhs_service
FN:1136,1138,get_xhs_service
FNDA:0,get_xhs_service
FNF:21
FNH:0
end_of_record
