{"/Users/coyote-ll/Documents/git/AiSlide/vibe-blog/frontend/src/components/home/BlogHistoryList.vue": {"path":"/Users/coyote-ll/Documents/git/AiSlide/vibe-blog/frontend/src/components/home/BlogHistoryList.vue","statementMap":{"0":{"start":{"line":230,"column":14},"end":{"line":230,"column":null}},"1":{"start":{"line":233,"column":27},"end":{"line":243,"column":null}},"2":{"start":{"line":234,"column":2},"end":{"line":234,"column":null}},"3":{"start":{"line":234,"column":16},"end":{"line":234,"column":null}},"4":{"start":{"line":235,"column":15},"end":{"line":235,"column":null}},"5":{"start":{"line":236,"column":14},"end":{"line":236,"column":null}},"6":{"start":{"line":237,"column":15},"end":{"line":237,"column":null}},"7":{"start":{"line":238,"column":2},"end":{"line":238,"column":null}},"8":{"start":{"line":238,"column":20},"end":{"line":238,"column":null}},"9":{"start":{"line":239,"column":2},"end":{"line":239,"column":null}},"10":{"start":{"line":239,"column":22},"end":{"line":239,"column":null}},"11":{"start":{"line":240,"column":2},"end":{"line":240,"column":null}},"12":{"start":{"line":240,"column":23},"end":{"line":240,"column":null}},"13":{"start":{"line":241,"column":2},"end":{"line":241,"column":null}},"14":{"start":{"line":241,"column":24},"end":{"line":241,"column":null}},"15":{"start":{"line":242,"column":2},"end":{"line":242,"column":null}},"16":{"start":{"line":2,"column":7},"end":{"line":2,"column":null}},"17":{"start":{"line":4,"column":9},"end":{"line":4,"column":null}},"18":{"start":{"line":6,"column":11},"end":{"line":6,"column":null}},"19":{"start":{"line":12,"column":14},"end":{"line":12,"column":35}},"20":{"start":{"line":21,"column":11},"end":{"line":21,"column":null}},"21":{"start":{"line":23,"column":13},"end":{"line":23,"column":null}},"22":{"start":{"line":69,"column":53},"end":{"line":69,"column":null}},"23":{"start":{"line":103,"column":15},"end":{"line":103,"column":null}},"24":{"start":{"line":104,"column":18},"end":{"line":104,"column":41}},"25":{"start":{"line":109,"column":13},"end":{"line":109,"column":null}},"26":{"start":{"line":110,"column":15},"end":{"line":110,"column":null}},"27":{"start":{"line":114,"column":18},"end":{"line":114,"column":51}},"28":{"start":{"line":123,"column":13},"end":{"line":123,"column":null}},"29":{"start":{"line":124,"column":15},"end":{"line":124,"column":null}},"30":{"start":{"line":126,"column":17},"end":{"line":126,"column":null}},"31":{"start":{"line":131,"column":15},"end":{"line":131,"column":null}},"32":{"start":{"line":133,"column":17},"end":{"line":133,"column":null}},"33":{"start":{"line":136,"column":20},"end":{"line":136,"column":40}},"34":{"start":{"line":139,"column":15},"end":{"line":139,"column":null}},"35":{"start":{"line":141,"column":17},"end":{"line":141,"column":null}},"36":{"start":{"line":142,"column":20},"end":{"line":142,"column":41}},"37":{"start":{"line":145,"column":15},"end":{"line":145,"column":null}},"38":{"start":{"line":147,"column":18},"end":{"line":147,"column":39}},"39":{"start":{"line":152,"column":13},"end":{"line":152,"column":null}},"40":{"start":{"line":153,"column":15},"end":{"line":153,"column":null}},"41":{"start":{"line":156,"column":20},"end":{"line":156,"column":46}},"42":{"start":{"line":160,"column":20},"end":{"line":160,"column":46}},"43":{"start":{"line":161,"column":20},"end":{"line":161,"column":46}},"44":{"start":{"line":165,"column":16},"end":{"line":165,"column":42}},"45":{"start":{"line":178,"column":81},"end":{"line":178,"column":null}},"46":{"start":{"line":2,"column":2},"end":{"line":178,"column":81}},"47":{"start":{"line":7,"column":43},"end":{"line":7,"column":null}},"48":{"start":{"line":27,"column":20},"end":{"line":27,"column":null}},"49":{"start":{"line":35,"column":20},"end":{"line":35,"column":null}},"50":{"start":{"line":44,"column":10},"end":{"line":51,"column":null}},"51":{"start":{"line":49,"column":20},"end":{"line":49,"column":null}},"52":{"start":{"line":60,"column":18},"end":{"line":60,"column":null}},"53":{"start":{"line":73,"column":6},"end":{"line":171,"column":45}},"54":{"start":{"line":83,"column":16},"end":{"line":83,"column":null}},"55":{"start":{"line":179,"column":44},"end":{"line":179,"column":null}}},"fnMap":{"0":{"name":"(anonymous_0)","decl":{"start":{"line":233,"column":27},"end":{"line":233,"column":28}},"loc":{"start":{"line":233,"column":48},"end":{"line":243,"column":null}},"line":233},"1":{"name":"(anonymous_1)","decl":{"start":{"line":7,"column":41},"end":{"line":7,"column":43}},"loc":{"start":{"line":7,"column":43},"end":{"line":7,"column":null}},"line":7},"2":{"name":"(anonymous_2)","decl":{"start":{"line":27,"column":18},"end":{"line":27,"column":20}},"loc":{"start":{"line":27,"column":20},"end":{"line":27,"column":null}},"line":27},"3":{"name":"(anonymous_3)","decl":{"start":{"line":35,"column":18},"end":{"line":35,"column":20}},"loc":{"start":{"line":35,"column":20},"end":{"line":35,"column":null}},"line":35},"4":{"name":"(anonymous_4)","decl":{"start":{"line":45,"column":47},"end":{"line":45,"column":null}},"loc":{"start":{"line":45,"column":25},"end":{"line":51,"column":null}},"line":45},"5":{"name":"(anonymous_5)","decl":{"start":{"line":49,"column":18},"end":{"line":49,"column":20}},"loc":{"start":{"line":49,"column":20},"end":{"line":49,"column":null}},"line":49},"6":{"name":"(anonymous_6)","decl":{"start":{"line":60,"column":16},"end":{"line":60,"column":18}},"loc":{"start":{"line":60,"column":18},"end":{"line":60,"column":null}},"line":60},"7":{"name":"(anonymous_7)","decl":{"start":{"line":74,"column":41},"end":{"line":74,"column":null}},"loc":{"start":{"line":74,"column":29},"end":{"line":171,"column":45}},"line":74},"8":{"name":"(anonymous_8)","decl":{"start":{"line":83,"column":14},"end":{"line":83,"column":16}},"loc":{"start":{"line":83,"column":16},"end":{"line":83,"column":null}},"line":83},"9":{"name":"(anonymous_9)","decl":{"start":{"line":179,"column":42},"end":{"line":179,"column":44}},"loc":{"start":{"line":179,"column":44},"end":{"line":179,"column":null}},"line":179}},"branchMap":{"0":{"loc":{"start":{"line":234,"column":2},"end":{"line":234,"column":null}},"type":"if","locations":[{"start":{"line":234,"column":2},"end":{"line":234,"column":null}},{"start":{},"end":{}}],"line":234},"1":{"loc":{"start":{"line":238,"column":2},"end":{"line":238,"column":null}},"type":"if","locations":[{"start":{"line":238,"column":2},"end":{"line":238,"column":null}},{"start":{},"end":{}}],"line":238},"2":{"loc":{"start":{"line":239,"column":2},"end":{"line":239,"column":null}},"type":"if","locations":[{"start":{"line":239,"column":2},"end":{"line":239,"column":null}},{"start":{},"end":{}}],"line":239},"3":{"loc":{"start":{"line":240,"column":2},"end":{"line":240,"column":null}},"type":"if","locations":[{"start":{"line":240,"column":2},"end":{"line":240,"column":null}},{"start":{},"end":{}}],"line":240},"4":{"loc":{"start":{"line":241,"column":2},"end":{"line":241,"column":null}},"type":"if","locations":[{"start":{"line":241,"column":2},"end":{"line":241,"column":null}},{"start":{},"end":{}}],"line":241},"5":{"loc":{"start":{"line":7,"column":41},"end":{"line":7,"column":null}},"type":"binary-expr","locations":[{"start":{"line":7,"column":41},"end":{"line":7,"column":43}},{"start":{"line":7,"column":41},"end":{"line":7,"column":null}}],"line":7},"6":{"loc":{"start":{"line":10,"column":8},"end":{"line":10,"column":56}},"type":"binary-expr","locations":[{"start":{"line":10,"column":8},"end":{"line":10,"column":14}},{"start":{"line":10,"column":8},"end":{"line":10,"column":56}}],"line":10},"7":{"loc":{"start":{"line":10,"column":49},"end":{"line":11,"column":45}},"type":"binary-expr","locations":[{"start":{"line":10,"column":49},"end":{"line":10,"column":56}},{"start":{"line":10,"column":49},"end":{"line":11,"column":45}}],"line":10},"8":{"loc":{"start":{"line":12,"column":45},"end":{"line":12,"column":58}},"type":"binary-expr","locations":[{"start":{"line":12,"column":45},"end":{"line":12,"column":50}},{"start":{"line":12,"column":50},"end":{"line":12,"column":58}}],"line":12},"9":{"loc":{"start":{"line":12,"column":64},"end":{"line":13,"column":50}},"type":"binary-expr","locations":[{"start":{"line":12,"column":64},"end":{"line":12,"column":71}},{"start":{"line":12,"column":64},"end":{"line":13,"column":50}}],"line":12},"10":{"loc":{"start":{"line":15,"column":8},"end":{"line":15,"column":44}},"type":"binary-expr","locations":[{"start":{"line":15,"column":8},"end":{"line":15,"column":14}},{"start":{"line":15,"column":8},"end":{"line":15,"column":44}}],"line":15},"11":{"loc":{"start":{"line":17,"column":8},"end":{"line":17,"column":45}},"type":"binary-expr","locations":[{"start":{"line":17,"column":8},"end":{"line":17,"column":14}},{"start":{"line":17,"column":8},"end":{"line":17,"column":45}}],"line":17},"12":{"loc":{"start":{"line":27,"column":18},"end":{"line":27,"column":null}},"type":"binary-expr","locations":[{"start":{"line":27,"column":18},"end":{"line":27,"column":20}},{"start":{"line":27,"column":18},"end":{"line":27,"column":null}}],"line":27},"13":{"loc":{"start":{"line":29,"column":31},"end":{"line":30,"column":27}},"type":"binary-expr","locations":[{"start":{"line":29,"column":31},"end":{"line":29,"column":35}},{"start":{"line":29,"column":31},"end":{"line":30,"column":27}}],"line":29},"14":{"loc":{"start":{"line":35,"column":18},"end":{"line":35,"column":null}},"type":"binary-expr","locations":[{"start":{"line":35,"column":18},"end":{"line":35,"column":20}},{"start":{"line":35,"column":18},"end":{"line":35,"column":null}}],"line":35},"15":{"loc":{"start":{"line":37,"column":27},"end":{"line":38,"column":27}},"type":"binary-expr","locations":[{"start":{"line":37,"column":27},"end":{"line":37,"column":31}},{"start":{"line":37,"column":27},"end":{"line":38,"column":27}}],"line":37},"16":{"loc":{"start":{"line":43,"column":19},"end":{"line":51,"column":null}},"type":"cond-expr","locations":[{"start":{"line":43,"column":29},"end":{"line":51,"column":null}}],"line":43},"17":{"loc":{"start":{"line":57,"column":16},"end":{"line":63,"column":43}},"type":"cond-expr","locations":[{"start":{"line":57,"column":26},"end":{"line":63,"column":43}}],"line":57},"18":{"loc":{"start":{"line":60,"column":16},"end":{"line":60,"column":null}},"type":"binary-expr","locations":[{"start":{"line":60,"column":16},"end":{"line":60,"column":18}},{"start":{"line":60,"column":16},"end":{"line":60,"column":null}}],"line":60},"19":{"loc":{"start":{"line":62,"column":30},"end":{"line":63,"column":43}},"type":"binary-expr","locations":[{"start":{"line":62,"column":30},"end":{"line":62,"column":34}},{"start":{"line":62,"column":30},"end":{"line":63,"column":43}}],"line":62},"20":{"loc":{"start":{"line":70,"column":17},"end":{"line":71,"column":null}},"type":"cond-expr","locations":[{"start":{"line":70,"column":31},"end":{"line":71,"column":null}},{"start":{"line":71,"column":22},"end":{"line":71,"column":null}}],"line":70},"21":{"loc":{"start":{"line":71,"column":11},"end":{"line":71,"column":null}},"type":"cond-expr","locations":[{"start":{"line":71,"column":22},"end":{"line":71,"column":null}},{"start":{"line":71,"column":22},"end":{"line":71,"column":null}}],"line":71},"22":{"loc":{"start":{"line":77,"column":95},"end":{"line":77,"column":185}},"type":"binary-expr","locations":[{"start":{"line":77,"column":95},"end":{"line":77,"column":116}},{"start":{"line":77,"column":116},"end":{"line":77,"column":138}},{"start":{"line":77,"column":138},"end":{"line":77,"column":185}}],"line":77},"23":{"loc":{"start":{"line":82,"column":16},"end":{"line":82,"column":null}},"type":"cond-expr","locations":[{"start":{"line":82,"column":24},"end":{"line":82,"column":null}},{"start":{"line":82,"column":59},"end":{"line":82,"column":null}}],"line":82},"24":{"loc":{"start":{"line":86,"column":19},"end":{"line":104,"column":89}},"type":"cond-expr","locations":[{"start":{"line":86,"column":69},"end":{"line":104,"column":89}}],"line":86},"25":{"loc":{"start":{"line":86,"column":19},"end":{"line":86,"column":83}},"type":"binary-expr","locations":[{"start":{"line":86,"column":19},"end":{"line":86,"column":40}},{"start":{"line":86,"column":40},"end":{"line":86,"column":62}},{"start":{"line":86,"column":62},"end":{"line":86,"column":83}}],"line":86},"26":{"loc":{"start":{"line":88,"column":18},"end":{"line":101,"column":null}},"type":"cond-expr","locations":[{"start":{"line":88,"column":25},"end":{"line":95,"column":null}},{"start":{"line":98,"column":23},"end":{"line":101,"column":null}}],"line":88},"27":{"loc":{"start":{"line":98,"column":23},"end":{"line":101,"column":null}},"type":"cond-expr","locations":[{"start":{"line":98,"column":30},"end":{"line":101,"column":null}},{"start":{"line":101,"column":20},"end":{"line":101,"column":null}}],"line":98},"28":{"loc":{"start":{"line":104,"column":41},"end":{"line":104,"column":89}},"type":"cond-expr","locations":[{"start":{"line":104,"column":59},"end":{"line":104,"column":89}},{"start":{"line":104,"column":59},"end":{"line":104,"column":89}}],"line":104},"29":{"loc":{"start":{"line":115,"column":16},"end":{"line":112,"column":101}},"type":"binary-expr","locations":[{"start":{"line":115,"column":16},"end":{"line":115,"column":null}},{"start":{"line":115,"column":16},"end":{"line":112,"column":101}}],"line":115},"30":{"loc":{"start":{"line":114,"column":51},"end":{"line":114,"column":119}},"type":"cond-expr","locations":[{"start":{"line":114,"column":70},"end":{"line":114,"column":119}},{"start":{"line":114,"column":70},"end":{"line":114,"column":119}}],"line":114},"31":{"loc":{"start":{"line":116,"column":10},"end":{"line":118,"column":61}},"type":"binary-expr","locations":[{"start":{"line":116,"column":10},"end":{"line":116,"column":15}},{"start":{"line":116,"column":10},"end":{"line":118,"column":61}}],"line":116},"32":{"loc":{"start":{"line":130,"column":16},"end":{"line":125,"column":51}},"type":"binary-expr","locations":[{"start":{"line":130,"column":16},"end":{"line":130,"column":null}},{"start":{"line":130,"column":16},"end":{"line":125,"column":51}}],"line":130},"33":{"loc":{"start":{"line":129,"column":18},"end":{"line":127,"column":54}},"type":"binary-expr","locations":[{"start":{"line":129,"column":18},"end":{"line":129,"column":null}},{"start":{"line":129,"column":18},"end":{"line":127,"column":54}}],"line":129},"34":{"loc":{"start":{"line":138,"column":16},"end":{"line":132,"column":51}},"type":"binary-expr","locations":[{"start":{"line":138,"column":16},"end":{"line":138,"column":null}},{"start":{"line":138,"column":16},"end":{"line":132,"column":51}}],"line":138},"35":{"loc":{"start":{"line":137,"column":18},"end":{"line":134,"column":50}},"type":"binary-expr","locations":[{"start":{"line":137,"column":18},"end":{"line":137,"column":null}},{"start":{"line":137,"column":18},"end":{"line":134,"column":50}}],"line":137},"36":{"loc":{"start":{"line":134,"column":43},"end":{"line":135,"column":52}},"type":"binary-expr","locations":[{"start":{"line":134,"column":43},"end":{"line":134,"column":50}},{"start":{"line":134,"column":43},"end":{"line":135,"column":52}}],"line":134},"37":{"loc":{"start":{"line":136,"column":44},"end":{"line":136,"column":111}},"type":"cond-expr","locations":[{"start":{"line":136,"column":63},"end":{"line":136,"column":111}},{"start":{"line":136,"column":63},"end":{"line":136,"column":111}}],"line":136},"38":{"loc":{"start":{"line":144,"column":16},"end":{"line":140,"column":51}},"type":"binary-expr","locations":[{"start":{"line":144,"column":16},"end":{"line":144,"column":null}},{"start":{"line":144,"column":16},"end":{"line":140,"column":51}}],"line":144},"39":{"loc":{"start":{"line":142,"column":47},"end":{"line":142,"column":109}},"type":"cond-expr","locations":[{"start":{"line":142,"column":66},"end":{"line":142,"column":109}},{"start":{"line":142,"column":66},"end":{"line":142,"column":109}}],"line":142},"40":{"loc":{"start":{"line":148,"column":16},"end":{"line":146,"column":47}},"type":"binary-expr","locations":[{"start":{"line":148,"column":16},"end":{"line":148,"column":null}},{"start":{"line":148,"column":16},"end":{"line":146,"column":47}}],"line":148},"41":{"loc":{"start":{"line":147,"column":46},"end":{"line":147,"column":100}},"type":"cond-expr","locations":[{"start":{"line":147,"column":65},"end":{"line":147,"column":100}},{"start":{"line":147,"column":65},"end":{"line":147,"column":100}}],"line":147},"42":{"loc":{"start":{"line":154,"column":28},"end":{"line":161,"column":108}},"type":"cond-expr","locations":[{"start":{"line":154,"column":47},"end":{"line":158,"column":null}},{"start":{"line":158,"column":12},"end":{"line":161,"column":108}}],"line":154},"43":{"loc":{"start":{"line":157,"column":23},"end":{"line":155,"column":55}},"type":"binary-expr","locations":[{"start":{"line":157,"column":23},"end":{"line":157,"column":null}},{"start":{"line":157,"column":23},"end":{"line":155,"column":55}}],"line":157},"44":{"loc":{"start":{"line":156,"column":74},"end":{"line":156,"column":108}},"type":"binary-expr","locations":[{"start":{"line":156,"column":74},"end":{"line":156,"column":93}},{"start":{"line":156,"column":93},"end":{"line":156,"column":108}}],"line":156},"45":{"loc":{"start":{"line":162,"column":23},"end":{"line":159,"column":57}},"type":"binary-expr","locations":[{"start":{"line":162,"column":23},"end":{"line":162,"column":null}},{"start":{"line":162,"column":23},"end":{"line":159,"column":57}}],"line":162},"46":{"loc":{"start":{"line":160,"column":73},"end":{"line":160,"column":109}},"type":"binary-expr","locations":[{"start":{"line":160,"column":73},"end":{"line":160,"column":94}},{"start":{"line":160,"column":94},"end":{"line":160,"column":109}}],"line":160},"47":{"loc":{"start":{"line":161,"column":69},"end":{"line":161,"column":108}},"type":"binary-expr","locations":[{"start":{"line":161,"column":69},"end":{"line":161,"column":93}},{"start":{"line":161,"column":93},"end":{"line":161,"column":108}}],"line":161},"48":{"loc":{"start":{"line":163,"column":24},"end":{"line":163,"column":91}},"type":"cond-expr","locations":[{"start":{"line":163,"column":31},"end":{"line":163,"column":91}},{"start":{"line":163,"column":87},"end":{"line":163,"column":91}}],"line":163},"49":{"loc":{"start":{"line":168,"column":8},"end":{"line":171,"column":45}},"type":"binary-expr","locations":[{"start":{"line":168,"column":8},"end":{"line":168,"column":null}},{"start":{"line":168,"column":8},"end":{"line":171,"column":45}}],"line":168},"50":{"loc":{"start":{"line":69,"column":17},"end":{"line":69,"column":53}},"type":"binary-expr","locations":[{"start":{"line":69,"column":17},"end":{"line":69,"column":29}},{"start":{"line":69,"column":29},"end":{"line":69,"column":53}}],"line":69},"51":{"loc":{"start":{"line":179,"column":42},"end":{"line":179,"column":null}},"type":"binary-expr","locations":[{"start":{"line":179,"column":42},"end":{"line":179,"column":44}},{"start":{"line":179,"column":42},"end":{"line":179,"column":null}}],"line":179},"52":{"loc":{"start":{"line":179,"column":49},"end":{"line":181,"column":45}},"type":"binary-expr","locations":[{"start":{"line":179,"column":49},"end":{"line":179,"column":null}},{"start":{"line":179,"column":49},"end":{"line":181,"column":45}}],"line":179},"53":{"loc":{"start":{"line":178,"column":17},"end":{"line":178,"column":79}},"type":"binary-expr","locations":[{"start":{"line":178,"column":17},"end":{"line":178,"column":29}},{"start":{"line":178,"column":29},"end":{"line":178,"column":55}},{"start":{"line":178,"column":55},"end":{"line":178,"column":79}}],"line":178}},"s":{"0":43,"1":43,"2":113,"3":0,"4":113,"5":113,"6":113,"7":113,"8":1,"9":112,"10":112,"11":75,"12":75,"13":38,"14":38,"15":1,"16":1,"17":1,"18":1,"19":1,"20":1,"21":1,"22":1,"23":1,"24":1,"25":1,"26":1,"27":1,"28":1,"29":1,"30":1,"31":1,"32":1,"33":1,"34":1,"35":1,"36":1,"37":1,"38":1,"39":1,"40":1,"41":1,"42":1,"43":1,"44":1,"45":1,"46":43,"47":1,"48":0,"49":1,"50":123,"51":1,"52":1,"53":113,"54":1,"55":1},"f":{"0":113,"1":1,"2":0,"3":1,"4":123,"5":1,"6":1,"7":113,"8":1,"9":1},"b":{"0":[0,113],"1":[1,112],"2":[37,75],"3":[37,38],"4":[37,1],"5":[43,43],"6":[43,43],"7":[43,43],"8":[43,1],"9":[43,43],"10":[43,43],"11":[43,43],"12":[43,43],"13":[43,43],"14":[43,43],"15":[43,43],"16":[41,null],"17":[41,null],"18":[41,41],"19":[41,41],"20":[2,41],"21":[1,1],"22":[113,12,8],"23":[3,110],"24":[8,null],"25":[113,12,8],"26":[4,4],"27":[4,0],"28":[4,4],"29":[113,41],"30":[36,77],"31":[113,41],"32":[113,41],"33":[113,41],"34":[113,41],"35":[113,41],"36":[113,41],"37":[36,77],"38":[113,41],"39":[36,77],"40":[113,41],"41":[36,77],"42":[36,77],"43":[36,36],"44":[36,0],"45":[77,41],"46":[77,0],"47":[77,0],"48":[36,77],"49":[113,41],"50":[43,40],"51":[43,43],"52":[43,43],"53":[43,40,38]},"meta":{"lastBranch":0,"lastFunction":0,"lastStatement":0,"seen":{}}}
,"/Users/coyote-ll/Documents/git/AiSlide/vibe-blog/frontend/src/components/home/BlogInputCard.vue": {"path":"/Users/coyote-ll/Documents/git/AiSlide/vibe-blog/frontend/src/components/home/BlogInputCard.vue","statementMap":{"0":{"start":{"line":139,"column":14},"end":{"line":139,"column":null}},"1":{"start":{"line":140,"column":13},"end":{"line":140,"column":null}},"2":{"start":{"line":142,"column":6},"end":{"line":142,"column":null}},"3":{"start":{"line":144,"column":6},"end":{"line":147,"column":null}},"4":{"start":{"line":145,"column":13},"end":{"line":145,"column":null}},"5":{"start":{"line":146,"column":18},"end":{"line":146,"column":null}},"6":{"start":{"line":149,"column":23},"end":{"line":152,"column":null}},"7":{"start":{"line":150,"column":2},"end":{"line":150,"column":null}},"8":{"start":{"line":150,"column":46},"end":{"line":150,"column":null}},"9":{"start":{"line":151,"column":2},"end":{"line":151,"column":null}},"10":{"start":{"line":154,"column":25},"end":{"line":160,"column":null}},"11":{"start":{"line":155,"column":16},"end":{"line":155,"column":null}},"12":{"start":{"line":156,"column":16},"end":{"line":156,"column":null}},"13":{"start":{"line":157,"column":2},"end":{"line":157,"column":null}},"14":{"start":{"line":157,"column":22},"end":{"line":157,"column":null}},"15":{"start":{"line":158,"column":2},"end":{"line":158,"column":null}},"16":{"start":{"line":159,"column":2},"end":{"line":159,"column":null}},"17":{"start":{"line":162,"column":25},"end":{"line":164,"column":null}},"18":{"start":{"line":163,"column":2},"end":{"line":163,"column":null}},"19":{"start":{"line":166,"column":25},"end":{"line":168,"column":null}},"20":{"start":{"line":167,"column":2},"end":{"line":167,"column":null}},"21":{"start":{"line":2,"column":7},"end":{"line":2,"column":null}},"22":{"start":{"line":27,"column":9},"end":{"line":27,"column":null}},"23":{"start":{"line":46,"column":14},"end":{"line":46,"column":34}},"24":{"start":{"line":62,"column":14},"end":{"line":62,"column":34}},"25":{"start":{"line":72,"column":9},"end":{"line":72,"column":null}},"26":{"start":{"line":73,"column":11},"end":{"line":73,"column":null}},"27":{"start":{"line":2,"column":2},"end":{"line":106,"column":50}},"28":{"start":{"line":33,"column":17},"end":{"line":33,"column":null}},"29":{"start":{"line":52,"column":6},"end":{"line":66,"column":26}},"30":{"start":{"line":65,"column":43},"end":{"line":65,"column":null}},"31":{"start":{"line":76,"column":23},"end":{"line":76,"column":null}},"32":{"start":{"line":77,"column":23},"end":{"line":77,"column":null}},"33":{"start":{"line":97,"column":18},"end":{"line":97,"column":null}}},"fnMap":{"0":{"name":"(anonymous_0)","decl":{"start":{"line":145,"column":7},"end":{"line":145,"column":13}},"loc":{"start":{"line":145,"column":13},"end":{"line":145,"column":null}},"line":145},"1":{"name":"(anonymous_1)","decl":{"start":{"line":146,"column":7},"end":{"line":146,"column":8}},"loc":{"start":{"line":146,"column":18},"end":{"line":146,"column":null}},"line":146},"2":{"name":"(anonymous_2)","decl":{"start":{"line":149,"column":23},"end":{"line":149,"column":29}},"loc":{"start":{"line":149,"column":29},"end":{"line":152,"column":null}},"line":149},"3":{"name":"(anonymous_3)","decl":{"start":{"line":154,"column":25},"end":{"line":154,"column":26}},"loc":{"start":{"line":154,"column":39},"end":{"line":160,"column":null}},"line":154},"4":{"name":"(anonymous_4)","decl":{"start":{"line":162,"column":25},"end":{"line":162,"column":26}},"loc":{"start":{"line":162,"column":43},"end":{"line":164,"column":null}},"line":162},"5":{"name":"(anonymous_5)","decl":{"start":{"line":166,"column":25},"end":{"line":166,"column":26}},"loc":{"start":{"line":166,"column":45},"end":{"line":168,"column":null}},"line":166},"6":{"name":"(anonymous_6)","decl":{"start":{"line":37,"column":18},"end":{"line":37,"column":null}},"loc":{"start":{"line":33,"column":17},"end":{"line":33,"column":null}},"line":33},"7":{"name":"(anonymous_7)","decl":{"start":{"line":53,"column":39},"end":{"line":53,"column":null}},"loc":{"start":{"line":53,"column":18},"end":{"line":66,"column":26}},"line":53},"8":{"name":"(anonymous_8)","decl":{"start":{"line":65,"column":41},"end":{"line":65,"column":43}},"loc":{"start":{"line":65,"column":43},"end":{"line":65,"column":null}},"line":65},"9":{"name":"(anonymous_9)","decl":{"start":{"line":76,"column":21},"end":{"line":76,"column":23}},"loc":{"start":{"line":76,"column":23},"end":{"line":76,"column":null}},"line":76},"10":{"name":"(anonymous_10)","decl":{"start":{"line":77,"column":21},"end":{"line":77,"column":23}},"loc":{"start":{"line":77,"column":23},"end":{"line":77,"column":null}},"line":77},"11":{"name":"(anonymous_11)","decl":{"start":{"line":97,"column":16},"end":{"line":97,"column":18}},"loc":{"start":{"line":97,"column":18},"end":{"line":97,"column":null}},"line":97}},"branchMap":{"0":{"loc":{"start":{"line":150,"column":2},"end":{"line":150,"column":null}},"type":"if","locations":[{"start":{"line":150,"column":2},"end":{"line":150,"column":null}},{"start":{},"end":{}}],"line":150},"1":{"loc":{"start":{"line":150,"column":6},"end":{"line":150,"column":46}},"type":"binary-expr","locations":[{"start":{"line":150,"column":6},"end":{"line":150,"column":29}},{"start":{"line":150,"column":29},"end":{"line":150,"column":46}}],"line":150},"2":{"loc":{"start":{"line":157,"column":2},"end":{"line":157,"column":null}},"type":"if","locations":[{"start":{"line":157,"column":2},"end":{"line":157,"column":null}},{"start":{},"end":{}}],"line":157},"3":{"loc":{"start":{"line":163,"column":9},"end":{"line":163,"column":null}},"type":"cond-expr","locations":[{"start":{"line":163,"column":28},"end":{"line":163,"column":60}},{"start":{"line":163,"column":60},"end":{"line":163,"column":null}}],"line":163},"4":{"loc":{"start":{"line":3,"column":4},"end":{"line":3,"column":null}},"type":"binary-expr","locations":[{"start":{"line":3,"column":4},"end":{"line":3,"column":null}},{"start":{"line":3,"column":4},"end":{"line":3,"column":null}}],"line":3},"5":{"loc":{"start":{"line":16,"column":4},"end":{"line":16,"column":null}},"type":"binary-expr","locations":[{"start":{"line":16,"column":4},"end":{"line":16,"column":null}},{"start":{"line":16,"column":4},"end":{"line":16,"column":null}}],"line":16},"6":{"loc":{"start":{"line":48,"column":10},"end":{"line":30,"column":46}},"type":"binary-expr","locations":[{"start":{"line":48,"column":10},"end":{"line":48,"column":null}},{"start":{"line":48,"column":10},"end":{"line":30,"column":46}}],"line":48},"7":{"loc":{"start":{"line":37,"column":18},"end":{"line":33,"column":null}},"type":"binary-expr","locations":[{"start":{"line":37,"column":18},"end":{"line":37,"column":null}},{"start":{"line":37,"column":18},"end":{"line":33,"column":null}}],"line":37},"8":{"loc":{"start":{"line":40,"column":19},"end":{"line":40,"column":null}},"type":"binary-expr","locations":[{"start":{"line":40,"column":19},"end":{"line":40,"column":28}},{"start":{"line":40,"column":28},"end":{"line":40,"column":null}}],"line":40},"9":{"loc":{"start":{"line":42,"column":16},"end":{"line":42,"column":null}},"type":"cond-expr","locations":[{"start":{"line":42,"column":25},"end":{"line":42,"column":null}},{"start":{"line":42,"column":25},"end":{"line":42,"column":null}}],"line":42},"10":{"loc":{"start":{"line":44,"column":20},"end":{"line":45,"column":36}},"type":"cond-expr","locations":[{"start":{"line":44,"column":20},"end":{"line":44,"column":null}},{"start":{"line":44,"column":62},"end":{"line":45,"column":36}}],"line":44},"11":{"loc":{"start":{"line":46,"column":34},"end":{"line":46,"column":73}},"type":"cond-expr","locations":[{"start":{"line":46,"column":43},"end":{"line":46,"column":73}},{"start":{"line":46,"column":43},"end":{"line":46,"column":73}}],"line":46},"12":{"loc":{"start":{"line":51,"column":15},"end":{"line":66,"column":26}},"type":"cond-expr","locations":[{"start":{"line":51,"column":39},"end":{"line":66,"column":26}}],"line":51},"13":{"loc":{"start":{"line":63,"column":25},"end":{"line":64,"column":97}},"type":"cond-expr","locations":[{"start":{"line":63,"column":35},"end":{"line":63,"column":81}},{"start":{"line":64,"column":27},"end":{"line":64,"column":97}}],"line":63},"14":{"loc":{"start":{"line":64,"column":27},"end":{"line":64,"column":97}},"type":"cond-expr","locations":[{"start":{"line":64,"column":54},"end":{"line":64,"column":97}},{"start":{"line":64,"column":74},"end":{"line":64,"column":97}}],"line":64},"15":{"loc":{"start":{"line":76,"column":21},"end":{"line":76,"column":null}},"type":"binary-expr","locations":[{"start":{"line":76,"column":21},"end":{"line":76,"column":23}},{"start":{"line":76,"column":21},"end":{"line":76,"column":null}}],"line":76},"16":{"loc":{"start":{"line":77,"column":21},"end":{"line":77,"column":null}},"type":"binary-expr","locations":[{"start":{"line":77,"column":21},"end":{"line":77,"column":23}},{"start":{"line":77,"column":21},"end":{"line":77,"column":null}}],"line":77},"17":{"loc":{"start":{"line":79,"column":10},"end":{"line":80,"column":137}},"type":"binary-expr","locations":[{"start":{"line":79,"column":10},"end":{"line":79,"column":15}},{"start":{"line":79,"column":10},"end":{"line":80,"column":137}}],"line":79},"18":{"loc":{"start":{"line":82,"column":10},"end":{"line":82,"column":25}},"type":"binary-expr","locations":[{"start":{"line":82,"column":10},"end":{"line":82,"column":16}},{"start":{"line":82,"column":10},"end":{"line":82,"column":25}}],"line":82},"19":{"loc":{"start":{"line":90,"column":19},"end":{"line":93,"column":14}},"type":"cond-expr","locations":[{"start":{"line":90,"column":19},"end":{"line":93,"column":14}},{"start":{"line":93,"column":8},"end":{"line":93,"column":14}}],"line":90},"20":{"loc":{"start":{"line":93,"column":14},"end":{"line":93,"column":14}},"type":"binary-expr","locations":[{"start":{"line":93,"column":14},"end":{"line":93,"column":null}},{"start":{"line":93,"column":14},"end":{"line":93,"column":14}}],"line":93},"21":{"loc":{"start":{"line":97,"column":16},"end":{"line":97,"column":null}},"type":"binary-expr","locations":[{"start":{"line":97,"column":16},"end":{"line":97,"column":18}},{"start":{"line":97,"column":16},"end":{"line":97,"column":null}}],"line":97},"22":{"loc":{"start":{"line":106,"column":6},"end":{"line":106,"column":50}},"type":"binary-expr","locations":[{"start":{"line":106,"column":6},"end":{"line":106,"column":11}},{"start":{"line":106,"column":6},"end":{"line":106,"column":50}}],"line":106}},"s":{"0":27,"1":27,"2":27,"3":27,"4":27,"5":1,"6":27,"7":2,"8":0,"9":2,"10":27,"11":1,"12":1,"13":1,"14":0,"15":1,"16":1,"17":27,"18":13,"19":27,"20":8,"21":1,"22":1,"23":1,"24":1,"25":1,"26":1,"27":30,"28":1,"29":13,"30":1,"31":2,"32":1,"33":1},"f":{"0":27,"1":1,"2":2,"3":1,"4":13,"5":8,"6":1,"7":13,"8":1,"9":2,"10":1,"11":1},"b":{"0":[0,2],"1":[2,2],"2":[0,1],"3":[1,12],"4":[30,27],"5":[30,27],"6":[30,27],"7":[30,27],"8":[30,28],"9":[2,28],"10":[2,28],"11":[2,28],"12":[5,null],"13":[5,8],"14":[4,4],"15":[30,27],"16":[30,27],"17":[30,27],"18":[30,27],"19":[2,28],"20":[2,2],"21":[30,27],"22":[30,27]},"meta":{"lastBranch":0,"lastFunction":0,"lastStatement":0,"seen":{}}}
,"/Users/coyote-ll/Documents/git/AiSlide/vibe-blog/frontend/src/components/home/ProgressDrawer.vue": {"path":"/Users/coyote-ll/Documents/git/AiSlide/vibe-blog/frontend/src/components/home/ProgressDrawer.vue","statementMap":{"0":{"start":{"line":109,"column":14},"end":{"line":109,"column":null}},"1":{"start":{"line":110,"column":13},"end":{"line":110,"column":null}},"2":{"start":{"line":112,"column":6},"end":{"line":112,"column":null}},"3":{"start":{"line":113,"column":6},"end":{"line":113,"column":null}},"4":{"start":{"line":116,"column":0},"end":{"line":124,"column":null}},"5":{"start":{"line":117,"column":8},"end":{"line":117,"column":null}},"6":{"start":{"line":119,"column":4},"end":{"line":119,"column":null}},"7":{"start":{"line":120,"column":4},"end":{"line":122,"column":null}},"8":{"start":{"line":121,"column":6},"end":{"line":121,"column":null}},"9":{"start":{"line":126,"column":19},"end":{"line":135,"column":null}},"10":{"start":{"line":127,"column":40},"end":{"line":133,"column":null}},"11":{"start":{"line":134,"column":2},"end":{"line":134,"column":null}},"12":{"start":{"line":9,"column":11},"end":{"line":9,"column":null}},"13":{"start":{"line":11,"column":14},"end":{"line":11,"column":41}},"14":{"start":{"line":12,"column":14},"end":{"line":12,"column":39}},"15":{"start":{"line":14,"column":11},"end":{"line":14,"column":null}},"16":{"start":{"line":15,"column":14},"end":{"line":15,"column":39}},"17":{"start":{"line":41,"column":13},"end":{"line":41,"column":null}},"18":{"start":{"line":45,"column":16},"end":{"line":45,"column":42}},"19":{"start":{"line":47,"column":16},"end":{"line":47,"column":42}},"20":{"start":{"line":52,"column":13},"end":{"line":52,"column":null}},"21":{"start":{"line":59,"column":18},"end":{"line":59,"column":47}},"22":{"start":{"line":72,"column":18},"end":{"line":72,"column":51}},"23":{"start":{"line":3,"column":10},"end":{"line":34,"column":null}},"24":{"start":{"line":8,"column":43},"end":{"line":8,"column":null}},"25":{"start":{"line":19,"column":23},"end":{"line":19,"column":null}},"26":{"start":{"line":23,"column":57},"end":{"line":23,"column":null}},"27":{"start":{"line":26,"column":56},"end":{"line":26,"column":null}},"28":{"start":{"line":53,"column":10},"end":{"line":65,"column":42}}},"fnMap":{"0":{"name":"(anonymous_0)","decl":{"start":{"line":117,"column":2},"end":{"line":117,"column":8}},"loc":{"start":{"line":117,"column":8},"end":{"line":117,"column":null}},"line":117},"1":{"name":"(anonymous_1)","decl":{"start":{"line":118,"column":2},"end":{"line":118,"column":14}},"loc":{"start":{"line":118,"column":14},"end":{"line":123,"column":null}},"line":118},"2":{"name":"(anonymous_2)","decl":{"start":{"line":126,"column":19},"end":{"line":126,"column":20}},"loc":{"start":{"line":126,"column":37},"end":{"line":135,"column":null}},"line":126},"3":{"name":"(anonymous_3)","decl":{"start":{"line":8,"column":41},"end":{"line":8,"column":43}},"loc":{"start":{"line":8,"column":43},"end":{"line":8,"column":null}},"line":8},"4":{"name":"(anonymous_4)","decl":{"start":{"line":19,"column":16},"end":{"line":19,"column":23}},"loc":{"start":{"line":19,"column":23},"end":{"line":19,"column":null}},"line":19},"5":{"name":"(anonymous_5)","decl":{"start":{"line":23,"column":50},"end":{"line":23,"column":57}},"loc":{"start":{"line":23,"column":57},"end":{"line":23,"column":null}},"line":23},"6":{"name":"(anonymous_6)","decl":{"start":{"line":26,"column":49},"end":{"line":26,"column":56}},"loc":{"start":{"line":26,"column":56},"end":{"line":26,"column":null}},"line":26},"7":{"name":"(anonymous_7)","decl":{"start":{"line":54,"column":49},"end":{"line":54,"column":null}},"loc":{"start":{"line":54,"column":31},"end":{"line":65,"column":42}},"line":54}},"branchMap":{"0":{"loc":{"start":{"line":120,"column":4},"end":{"line":122,"column":null}},"type":"if","locations":[{"start":{"line":120,"column":4},"end":{"line":122,"column":null}},{"start":{},"end":{}}],"line":120},"1":{"loc":{"start":{"line":134,"column":9},"end":{"line":134,"column":null}},"type":"binary-expr","locations":[{"start":{"line":134,"column":9},"end":{"line":134,"column":24}},{"start":{"line":134,"column":24},"end":{"line":134,"column":null}}],"line":134},"2":{"loc":{"start":{"line":3,"column":10},"end":{"line":34,"column":null}},"type":"cond-expr","locations":[{"start":{"line":3,"column":10},"end":{"line":34,"column":null}}],"line":3},"3":{"loc":{"start":{"line":8,"column":41},"end":{"line":8,"column":null}},"type":"binary-expr","locations":[{"start":{"line":8,"column":41},"end":{"line":8,"column":43}},{"start":{"line":8,"column":41},"end":{"line":8,"column":null}}],"line":8},"4":{"loc":{"start":{"line":17,"column":16},"end":{"line":22,"column":17}},"type":"cond-expr","locations":[{"start":{"line":17,"column":16},"end":{"line":22,"column":17}},{"start":{"line":22,"column":8},"end":{"line":22,"column":17}}],"line":17},"5":{"loc":{"start":{"line":19,"column":16},"end":{"line":19,"column":null}},"type":"binary-expr","locations":[{"start":{"line":19,"column":16},"end":{"line":19,"column":23}},{"start":{"line":19,"column":16},"end":{"line":19,"column":null}}],"line":19},"6":{"loc":{"start":{"line":21,"column":27},"end":{"line":22,"column":17}},"type":"binary-expr","locations":[{"start":{"line":21,"column":27},"end":{"line":21,"column":31}},{"start":{"line":21,"column":27},"end":{"line":22,"column":17}}],"line":21},"7":{"loc":{"start":{"line":23,"column":50},"end":{"line":23,"column":null}},"type":"binary-expr","locations":[{"start":{"line":23,"column":50},"end":{"line":23,"column":57}},{"start":{"line":23,"column":50},"end":{"line":23,"column":null}}],"line":23},"8":{"loc":{"start":{"line":26,"column":49},"end":{"line":26,"column":null}},"type":"binary-expr","locations":[{"start":{"line":26,"column":49},"end":{"line":26,"column":56}},{"start":{"line":26,"column":49},"end":{"line":26,"column":null}}],"line":26},"9":{"loc":{"start":{"line":49,"column":14},"end":{"line":42,"column":48}},"type":"binary-expr","locations":[{"start":{"line":49,"column":14},"end":{"line":49,"column":null}},{"start":{"line":49,"column":14},"end":{"line":42,"column":48}}],"line":49},"10":{"loc":{"start":{"line":42,"column":41},"end":{"line":43,"column":56}},"type":"binary-expr","locations":[{"start":{"line":42,"column":41},"end":{"line":42,"column":48}},{"start":{"line":42,"column":41},"end":{"line":43,"column":56}}],"line":42},"11":{"loc":{"start":{"line":43,"column":49},"end":{"line":44,"column":50}},"type":"binary-expr","locations":[{"start":{"line":43,"column":49},"end":{"line":43,"column":56}},{"start":{"line":43,"column":49},"end":{"line":44,"column":50}}],"line":43},"12":{"loc":{"start":{"line":45,"column":53},"end":{"line":46,"column":52}},"type":"binary-expr","locations":[{"start":{"line":45,"column":53},"end":{"line":45,"column":63}},{"start":{"line":45,"column":53},"end":{"line":46,"column":52}}],"line":45},"13":{"loc":{"start":{"line":48,"column":22},"end":{"line":48,"column":74}},"type":"cond-expr","locations":[{"start":{"line":48,"column":22},"end":{"line":48,"column":74}},{"start":{"line":48,"column":64},"end":{"line":48,"column":74}}],"line":48},"14":{"loc":{"start":{"line":64,"column":23},"end":{"line":65,"column":42}},"type":"cond-expr","locations":[{"start":{"line":64,"column":28},"end":{"line":65,"column":42}},{"start":{"line":65,"column":33},"end":{"line":65,"column":42}}],"line":64},"15":{"loc":{"start":{"line":70,"column":21},"end":{"line":72,"column":73}},"type":"cond-expr","locations":[{"start":{"line":70,"column":21},"end":{"line":72,"column":73}},{"start":{"line":72,"column":63},"end":{"line":72,"column":73}}],"line":70},"16":{"loc":{"start":{"line":73,"column":16},"end":{"line":71,"column":50}},"type":"binary-expr","locations":[{"start":{"line":73,"column":16},"end":{"line":73,"column":null}},{"start":{"line":73,"column":16},"end":{"line":71,"column":50}}],"line":73}},"s":{"0":34,"1":34,"2":34,"3":34,"4":34,"5":35,"6":1,"7":1,"8":1,"9":34,"10":24,"11":24,"12":1,"13":1,"14":1,"15":1,"16":1,"17":1,"18":1,"19":1,"20":1,"21":1,"22":1,"23":35,"24":1,"25":2,"26":2,"27":2,"28":24},"f":{"0":35,"1":1,"2":24,"3":1,"4":2,"5":2,"6":2,"7":24},"b":{"0":[1,0],"1":[24,0],"2":[34,null],"3":[34,33],"4":[5,29],"5":[5,5],"6":[5,5],"7":[34,33],"8":[34,33],"9":[34,33],"10":[34,33],"11":[34,33],"12":[34,33],"13":[1,33],"14":[1,23],"15":[5,29],"16":[5,5]},"meta":{"lastBranch":0,"lastFunction":0,"lastStatement":0,"seen":{}}}
,"/Users/coyote-ll/Documents/git/AiSlide/vibe-blog/frontend/src/components/home/PublishModal.vue": {"path":"/Users/coyote-ll/Documents/git/AiSlide/vibe-blog/frontend/src/components/home/PublishModal.vue","statementMap":{"0":{"start":{"line":78,"column":14},"end":{"line":78,"column":null}},"1":{"start":{"line":79,"column":13},"end":{"line":79,"column":null}},"2":{"start":{"line":81,"column":6},"end":{"line":81,"column":null}},"3":{"start":{"line":83,"column":6},"end":{"line":86,"column":null}},"4":{"start":{"line":84,"column":13},"end":{"line":84,"column":null}},"5":{"start":{"line":85,"column":18},"end":{"line":85,"column":null}},"6":{"start":{"line":88,"column":6},"end":{"line":91,"column":null}},"7":{"start":{"line":89,"column":13},"end":{"line":89,"column":null}},"8":{"start":{"line":90,"column":18},"end":{"line":90,"column":null}},"9":{"start":{"line":93,"column":22},"end":{"line":96,"column":null}},"10":{"start":{"line":94,"column":2},"end":{"line":94,"column":null}},"11":{"start":{"line":94,"column":50},"end":{"line":94,"column":null}},"12":{"start":{"line":95,"column":2},"end":{"line":95,"column":null}},"13":{"start":{"line":3,"column":9},"end":{"line":3,"column":null}},"14":{"start":{"line":4,"column":11},"end":{"line":4,"column":null}},"15":{"start":{"line":12,"column":11},"end":{"line":12,"column":null}},"16":{"start":{"line":13,"column":13},"end":{"line":13,"column":null}},"17":{"start":{"line":21,"column":13},"end":{"line":21,"column":null}},"18":{"start":{"line":2,"column":13},"end":{"line":51,"column":null}},"19":{"start":{"line":2,"column":57},"end":{"line":2,"column":null}},"20":{"start":{"line":8,"column":24},"end":{"line":8,"column":null}},"21":{"start":{"line":15,"column":27},"end":{"line":15,"column":null}},"22":{"start":{"line":24,"column":49},"end":{"line":24,"column":71}},"23":{"start":{"line":27,"column":21},"end":{"line":27,"column":null}}},"fnMap":{"0":{"name":"(anonymous_0)","decl":{"start":{"line":84,"column":7},"end":{"line":84,"column":13}},"loc":{"start":{"line":84,"column":13},"end":{"line":84,"column":null}},"line":84},"1":{"name":"(anonymous_1)","decl":{"start":{"line":85,"column":7},"end":{"line":85,"column":8}},"loc":{"start":{"line":85,"column":18},"end":{"line":85,"column":null}},"line":85},"2":{"name":"(anonymous_2)","decl":{"start":{"line":89,"column":7},"end":{"line":89,"column":13}},"loc":{"start":{"line":89,"column":13},"end":{"line":89,"column":null}},"line":89},"3":{"name":"(anonymous_3)","decl":{"start":{"line":90,"column":7},"end":{"line":90,"column":8}},"loc":{"start":{"line":90,"column":18},"end":{"line":90,"column":null}},"line":90},"4":{"name":"(anonymous_4)","decl":{"start":{"line":93,"column":22},"end":{"line":93,"column":28}},"loc":{"start":{"line":93,"column":28},"end":{"line":96,"column":null}},"line":93},"5":{"name":"(anonymous_5)","decl":{"start":{"line":2,"column":50},"end":{"line":2,"column":57}},"loc":{"start":{"line":2,"column":57},"end":{"line":2,"column":null}},"line":2},"6":{"name":"(anonymous_6)","decl":{"start":{"line":8,"column":22},"end":{"line":8,"column":24}},"loc":{"start":{"line":8,"column":24},"end":{"line":8,"column":null}},"line":8},"7":{"name":"(anonymous_7)","decl":{"start":{"line":19,"column":19},"end":{"line":19,"column":null}},"loc":{"start":{"line":15,"column":27},"end":{"line":15,"column":null}},"line":15},"8":{"name":"(anonymous_8)","decl":{"start":{"line":24,"column":47},"end":{"line":24,"column":49}},"loc":{"start":{"line":24,"column":49},"end":{"line":24,"column":71}},"line":24},"9":{"name":"(anonymous_9)","decl":{"start":{"line":29,"column":22},"end":{"line":29,"column":null}},"loc":{"start":{"line":27,"column":21},"end":{"line":27,"column":null}},"line":27}},"branchMap":{"0":{"loc":{"start":{"line":94,"column":2},"end":{"line":94,"column":null}},"type":"if","locations":[{"start":{"line":94,"column":2},"end":{"line":94,"column":null}},{"start":{},"end":{}}],"line":94},"1":{"loc":{"start":{"line":94,"column":6},"end":{"line":94,"column":50}},"type":"binary-expr","locations":[{"start":{"line":94,"column":6},"end":{"line":94,"column":30}},{"start":{"line":94,"column":30},"end":{"line":94,"column":50}}],"line":94},"2":{"loc":{"start":{"line":2,"column":13},"end":{"line":51,"column":null}},"type":"cond-expr","locations":[{"start":{"line":2,"column":13},"end":{"line":51,"column":null}}],"line":2},"3":{"loc":{"start":{"line":2,"column":50},"end":{"line":2,"column":null}},"type":"binary-expr","locations":[{"start":{"line":2,"column":50},"end":{"line":2,"column":57}},{"start":{"line":2,"column":50},"end":{"line":2,"column":null}}],"line":2},"4":{"loc":{"start":{"line":6,"column":27},"end":{"line":7,"column":13}},"type":"binary-expr","locations":[{"start":{"line":6,"column":27},"end":{"line":6,"column":31}},{"start":{"line":6,"column":27},"end":{"line":7,"column":13}}],"line":6},"5":{"loc":{"start":{"line":8,"column":22},"end":{"line":8,"column":null}},"type":"binary-expr","locations":[{"start":{"line":8,"column":22},"end":{"line":8,"column":24}},{"start":{"line":8,"column":22},"end":{"line":8,"column":null}}],"line":8},"6":{"loc":{"start":{"line":20,"column":14},"end":{"line":14,"column":29}},"type":"binary-expr","locations":[{"start":{"line":20,"column":14},"end":{"line":20,"column":null}},{"start":{"line":20,"column":14},"end":{"line":14,"column":29}}],"line":20},"7":{"loc":{"start":{"line":19,"column":19},"end":{"line":15,"column":null}},"type":"binary-expr","locations":[{"start":{"line":19,"column":19},"end":{"line":19,"column":null}},{"start":{"line":19,"column":19},"end":{"line":15,"column":null}}],"line":19},"8":{"loc":{"start":{"line":25,"column":18},"end":{"line":24,"column":15}},"type":"binary-expr","locations":[{"start":{"line":25,"column":18},"end":{"line":25,"column":null}},{"start":{"line":25,"column":18},"end":{"line":24,"column":15}}],"line":25},"9":{"loc":{"start":{"line":24,"column":47},"end":{"line":24,"column":71}},"type":"binary-expr","locations":[{"start":{"line":24,"column":47},"end":{"line":24,"column":49}},{"start":{"line":24,"column":47},"end":{"line":24,"column":71}}],"line":24},"10":{"loc":{"start":{"line":29,"column":22},"end":{"line":27,"column":null}},"type":"binary-expr","locations":[{"start":{"line":29,"column":22},"end":{"line":29,"column":null}},{"start":{"line":29,"column":22},"end":{"line":27,"column":null}}],"line":29},"11":{"loc":{"start":{"line":30,"column":10},"end":{"line":32,"column":16}},"type":"binary-expr","locations":[{"start":{"line":30,"column":10},"end":{"line":30,"column":15}},{"start":{"line":30,"column":10},"end":{"line":32,"column":16}}],"line":30},"12":{"loc":{"start":{"line":34,"column":19},"end":{"line":40,"column":14}},"type":"cond-expr","locations":[{"start":{"line":34,"column":19},"end":{"line":40,"column":14}},{"start":{"line":40,"column":8},"end":{"line":40,"column":14}}],"line":34},"13":{"loc":{"start":{"line":40,"column":14},"end":{"line":40,"column":14}},"type":"binary-expr","locations":[{"start":{"line":40,"column":14},"end":{"line":40,"column":null}},{"start":{"line":40,"column":14},"end":{"line":40,"column":14}}],"line":40},"14":{"loc":{"start":{"line":43,"column":21},"end":{"line":43,"column":null}},"type":"binary-expr","locations":[{"start":{"line":43,"column":21},"end":{"line":43,"column":33}},{"start":{"line":43,"column":33},"end":{"line":43,"column":null}}],"line":43},"15":{"loc":{"start":{"line":46,"column":24},"end":{"line":47,"column":38}},"type":"cond-expr","locations":[{"start":{"line":46,"column":24},"end":{"line":46,"column":64}},{"start":{"line":46,"column":55},"end":{"line":47,"column":38}}],"line":46},"16":{"loc":{"start":{"line":48,"column":13},"end":{"line":48,"column":null}},"type":"cond-expr","locations":[{"start":{"line":48,"column":25},"end":{"line":48,"column":null}},{"start":{"line":48,"column":25},"end":{"line":48,"column":null}}],"line":48},"17":{"loc":{"start":{"line":50,"column":19},"end":{"line":51,"column":null}},"type":"cond-expr","locations":[{"start":{"line":50,"column":19},"end":{"line":51,"column":null}},{"start":{"line":51,"column":19},"end":{"line":51,"column":null}}],"line":50}},"s":{"0":30,"1":30,"2":30,"3":30,"4":29,"5":1,"6":30,"7":29,"8":1,"9":30,"10":1,"11":0,"12":1,"13":1,"14":1,"15":1,"16":1,"17":1,"18":33,"19":1,"20":1,"21":1,"22":3,"23":1},"f":{"0":29,"1":1,"2":29,"3":1,"4":1,"5":1,"6":1,"7":1,"8":3,"9":1},"b":{"0":[0,1],"1":[1,1],"2":[32,null],"3":[32,29],"4":[32,29],"5":[32,29],"6":[32,29],"7":[32,29],"8":[32,29],"9":[32,29],"10":[32,29],"11":[32,29],"12":[2,30],"13":[2,2],"14":[32,28],"15":[4,28],"16":[4,28],"17":[3,29]},"meta":{"lastBranch":0,"lastFunction":0,"lastStatement":0,"seen":{}}}
,"/Users/coyote-ll/Documents/git/AiSlide/vibe-blog/frontend/src/composables/useBlogDetail.ts": {"path":"/Users/coyote-ll/Documents/git/AiSlide/vibe-blog/frontend/src/composables/useBlogDetail.ts","statementMap":{"0":{"start":{"line":51,"column":8},"end":{"line":51,"column":null}},"1":{"start":{"line":52,"column":8},"end":{"line":52,"column":null}},"2":{"start":{"line":53,"column":8},"end":{"line":53,"column":null}},"3":{"start":{"line":54,"column":8},"end":{"line":54,"column":null}},"4":{"start":{"line":55,"column":8},"end":{"line":55,"column":null}},"5":{"start":{"line":60,"column":20},"end":{"line":65,"column":null}},"6":{"start":{"line":61,"column":4},"end":{"line":61,"column":null}},"7":{"start":{"line":62,"column":4},"end":{"line":64,"column":null}},"8":{"start":{"line":63,"column":6},"end":{"line":63,"column":null}},"9":{"start":{"line":70,"column":21},"end":{"line":80,"column":null}},"10":{"start":{"line":71,"column":4},"end":{"line":71,"column":null}},"11":{"start":{"line":71,"column":18},"end":{"line":71,"column":null}},"12":{"start":{"line":72,"column":17},"end":{"line":72,"column":null}},"13":{"start":{"line":73,"column":4},"end":{"line":79,"column":null}},"14":{"start":{"line":85,"column":26},"end":{"line":92,"column":null}},"15":{"start":{"line":86,"column":4},"end":{"line":90,"column":null}},"16":{"start":{"line":87,"column":6},"end":{"line":87,"column":null}},"17":{"start":{"line":88,"column":4},"end":{"line":90,"column":null}},"18":{"start":{"line":89,"column":6},"end":{"line":89,"column":null}},"19":{"start":{"line":91,"column":4},"end":{"line":91,"column":null}},"20":{"start":{"line":97,"column":25},"end":{"line":100,"column":null}},"21":{"start":{"line":98,"column":4},"end":{"line":98,"column":null}},"22":{"start":{"line":99,"column":4},"end":{"line":99,"column":null}},"23":{"start":{"line":105,"column":19},"end":{"line":193,"column":null}},"24":{"start":{"line":106,"column":4},"end":{"line":106,"column":null}},"25":{"start":{"line":107,"column":4},"end":{"line":192,"column":null}},"26":{"start":{"line":109,"column":23},"end":{"line":109,"column":null}},"27":{"start":{"line":110,"column":21},"end":{"line":110,"column":null}},"28":{"start":{"line":112,"column":6},"end":{"line":186,"column":null}},"29":{"start":{"line":113,"column":23},"end":{"line":113,"column":null}},"30":{"start":{"line":115,"column":27},"end":{"line":115,"column":null}},"31":{"start":{"line":116,"column":8},"end":{"line":120,"column":null}},"32":{"start":{"line":117,"column":10},"end":{"line":117,"column":null}},"33":{"start":{"line":123,"column":24},"end":{"line":123,"column":null}},"34":{"start":{"line":124,"column":8},"end":{"line":130,"column":null}},"35":{"start":{"line":126,"column":29},"end":{"line":126,"column":null}},"36":{"start":{"line":127,"column":10},"end":{"line":129,"column":null}},"37":{"start":{"line":128,"column":12},"end":{"line":128,"column":null}},"38":{"start":{"line":132,"column":8},"end":{"line":137,"column":null}},"39":{"start":{"line":133,"column":10},"end":{"line":133,"column":null}},"40":{"start":{"line":134,"column":10},"end":{"line":136,"column":null}},"41":{"start":{"line":135,"column":12},"end":{"line":135,"column":null}},"42":{"start":{"line":140,"column":14},"end":{"line":140,"column":null}},"43":{"start":{"line":143,"column":14},"end":{"line":143,"column":null}},"44":{"start":{"line":144,"column":28},"end":{"line":144,"column":null}},"45":{"start":{"line":147,"column":14},"end":{"line":147,"column":null}},"46":{"start":{"line":148,"column":32},"end":{"line":148,"column":null}},"47":{"start":{"line":151,"column":55},"end":{"line":157,"column":null}},"48":{"start":{"line":159,"column":8},"end":{"line":182,"column":null}},"49":{"start":{"line":184,"column":8},"end":{"line":184,"column":null}},"50":{"start":{"line":185,"column":8},"end":{"line":185,"column":null}},"51":{"start":{"line":188,"column":6},"end":{"line":188,"column":null}},"52":{"start":{"line":189,"column":6},"end":{"line":189,"column":null}},"53":{"start":{"line":191,"column":6},"end":{"line":191,"column":null}},"54":{"start":{"line":195,"column":2},"end":{"line":207,"column":null}}},"fnMap":{"0":{"name":"useBlogDetail","decl":{"start":{"line":50,"column":16},"end":{"line":50,"column":32}},"loc":{"start":{"line":50,"column":32},"end":{"line":208,"column":null}},"line":50},"1":{"name":"(anonymous_1)","decl":{"start":{"line":60,"column":20},"end":{"line":60,"column":21}},"loc":{"start":{"line":60,"column":86},"end":{"line":65,"column":null}},"line":60},"2":{"name":"(anonymous_2)","decl":{"start":{"line":62,"column":15},"end":{"line":62,"column":21}},"loc":{"start":{"line":62,"column":21},"end":{"line":64,"column":7}},"line":62},"3":{"name":"(anonymous_3)","decl":{"start":{"line":70,"column":21},"end":{"line":70,"column":22}},"loc":{"start":{"line":70,"column":43},"end":{"line":80,"column":null}},"line":70},"4":{"name":"(anonymous_4)","decl":{"start":{"line":85,"column":26},"end":{"line":85,"column":27}},"loc":{"start":{"line":85,"column":45},"end":{"line":92,"column":null}},"line":85},"5":{"name":"(anonymous_5)","decl":{"start":{"line":97,"column":25},"end":{"line":97,"column":31}},"loc":{"start":{"line":97,"column":31},"end":{"line":100,"column":null}},"line":97},"6":{"name":"(anonymous_6)","decl":{"start":{"line":105,"column":19},"end":{"line":105,"column":26}},"loc":{"start":{"line":105,"column":41},"end":{"line":193,"column":null}},"line":105}},"branchMap":{"0":{"loc":{"start":{"line":60,"column":38},"end":{"line":60,"column":86}},"type":"default-arg","locations":[{"start":{"line":60,"column":75},"end":{"line":60,"column":86}}],"line":60},"1":{"loc":{"start":{"line":71,"column":4},"end":{"line":71,"column":null}},"type":"if","locations":[{"start":{"line":71,"column":4},"end":{"line":71,"column":null}},{"start":{},"end":{}}],"line":71},"2":{"loc":{"start":{"line":86,"column":4},"end":{"line":90,"column":null}},"type":"if","locations":[{"start":{"line":86,"column":4},"end":{"line":90,"column":null}},{"start":{"line":88,"column":4},"end":{"line":90,"column":null}}],"line":86},"3":{"loc":{"start":{"line":88,"column":4},"end":{"line":90,"column":null}},"type":"if","locations":[{"start":{"line":88,"column":4},"end":{"line":90,"column":null}},{"start":{},"end":{}}],"line":88},"4":{"loc":{"start":{"line":99,"column":14},"end":{"line":99,"column":53}},"type":"cond-expr","locations":[{"start":{"line":99,"column":33},"end":{"line":99,"column":44}},{"start":{"line":99,"column":44},"end":{"line":99,"column":53}}],"line":99},"5":{"loc":{"start":{"line":112,"column":6},"end":{"line":186,"column":null}},"type":"if","locations":[{"start":{"line":112,"column":6},"end":{"line":186,"column":null}},{"start":{"line":183,"column":13},"end":{"line":186,"column":null}}],"line":112},"6":{"loc":{"start":{"line":112,"column":10},"end":{"line":112,"column":43}},"type":"binary-expr","locations":[{"start":{"line":112,"column":10},"end":{"line":112,"column":28}},{"start":{"line":112,"column":28},"end":{"line":112,"column":43}}],"line":112},"7":{"loc":{"start":{"line":117,"column":31},"end":{"line":117,"column":53}},"type":"binary-expr","locations":[{"start":{"line":117,"column":31},"end":{"line":117,"column":49}},{"start":{"line":117,"column":49},"end":{"line":117,"column":53}}],"line":117},"8":{"loc":{"start":{"line":123,"column":24},"end":{"line":123,"column":null}},"type":"binary-expr","locations":[{"start":{"line":123,"column":24},"end":{"line":123,"column":41}},{"start":{"line":123,"column":41},"end":{"line":123,"column":null}}],"line":123},"9":{"loc":{"start":{"line":124,"column":8},"end":{"line":130,"column":null}},"type":"if","locations":[{"start":{"line":124,"column":8},"end":{"line":130,"column":null}},{"start":{},"end":{}}],"line":124},"10":{"loc":{"start":{"line":124,"column":12},"end":{"line":124,"column":51}},"type":"binary-expr","locations":[{"start":{"line":124,"column":12},"end":{"line":124,"column":26}},{"start":{"line":124,"column":26},"end":{"line":124,"column":51}}],"line":124},"11":{"loc":{"start":{"line":127,"column":10},"end":{"line":129,"column":null}},"type":"if","locations":[{"start":{"line":127,"column":10},"end":{"line":129,"column":null}},{"start":{},"end":{}}],"line":127},"12":{"loc":{"start":{"line":132,"column":8},"end":{"line":137,"column":null}},"type":"if","locations":[{"start":{"line":132,"column":8},"end":{"line":137,"column":null}},{"start":{},"end":{}}],"line":132},"13":{"loc":{"start":{"line":133,"column":23},"end":{"line":133,"column":48}},"type":"binary-expr","locations":[{"start":{"line":133,"column":23},"end":{"line":133,"column":39}},{"start":{"line":133,"column":39},"end":{"line":133,"column":48}}],"line":133},"14":{"loc":{"start":{"line":134,"column":10},"end":{"line":136,"column":null}},"type":"if","locations":[{"start":{"line":134,"column":10},"end":{"line":136,"column":null}},{"start":{},"end":{}}],"line":134},"15":{"loc":{"start":{"line":134,"column":14},"end":{"line":134,"column":56}},"type":"binary-expr","locations":[{"start":{"line":134,"column":14},"end":{"line":134,"column":30}},{"start":{"line":134,"column":30},"end":{"line":134,"column":56}}],"line":134},"16":{"loc":{"start":{"line":140,"column":27},"end":{"line":140,"column":58}},"type":"binary-expr","locations":[{"start":{"line":140,"column":27},"end":{"line":140,"column":54}},{"start":{"line":140,"column":54},"end":{"line":140,"column":58}}],"line":140},"17":{"loc":{"start":{"line":143,"column":30},"end":{"line":143,"column":61}},"type":"binary-expr","locations":[{"start":{"line":143,"column":30},"end":{"line":143,"column":57}},{"start":{"line":143,"column":57},"end":{"line":143,"column":61}}],"line":143},"18":{"loc":{"start":{"line":144,"column":28},"end":{"line":144,"column":null}},"type":"cond-expr","locations":[{"start":{"line":144,"column":43},"end":{"line":144,"column":66}},{"start":{"line":144,"column":66},"end":{"line":144,"column":null}}],"line":144},"19":{"loc":{"start":{"line":144,"column":66},"end":{"line":144,"column":null}},"type":"binary-expr","locations":[{"start":{"line":144,"column":66},"end":{"line":144,"column":89}},{"start":{"line":144,"column":89},"end":{"line":144,"column":null}}],"line":144},"20":{"loc":{"start":{"line":147,"column":29},"end":{"line":147,"column":60}},"type":"binary-expr","locations":[{"start":{"line":147,"column":29},"end":{"line":147,"column":56}},{"start":{"line":147,"column":56},"end":{"line":147,"column":60}}],"line":147},"21":{"loc":{"start":{"line":148,"column":32},"end":{"line":148,"column":null}},"type":"cond-expr","locations":[{"start":{"line":148,"column":46},"end":{"line":148,"column":68}},{"start":{"line":148,"column":68},"end":{"line":148,"column":null}}],"line":148},"22":{"loc":{"start":{"line":148,"column":68},"end":{"line":148,"column":null}},"type":"binary-expr","locations":[{"start":{"line":148,"column":68},"end":{"line":148,"column":96}},{"start":{"line":148,"column":96},"end":{"line":148,"column":null}}],"line":148},"23":{"loc":{"start":{"line":162,"column":23},"end":{"line":162,"column":null}},"type":"binary-expr","locations":[{"start":{"line":162,"column":23},"end":{"line":162,"column":42}},{"start":{"line":162,"column":42},"end":{"line":162,"column":null}}],"line":162},"24":{"loc":{"start":{"line":163,"column":19},"end":{"line":163,"column":null}},"type":"binary-expr","locations":[{"start":{"line":163,"column":19},"end":{"line":163,"column":46}},{"start":{"line":163,"column":46},"end":{"line":163,"column":null}}],"line":163},"25":{"loc":{"start":{"line":164,"column":20},"end":{"line":164,"column":null}},"type":"binary-expr","locations":[{"start":{"line":164,"column":20},"end":{"line":164,"column":43}},{"start":{"line":164,"column":43},"end":{"line":164,"column":null}}],"line":164},"26":{"loc":{"start":{"line":166,"column":16},"end":{"line":166,"column":null}},"type":"binary-expr","locations":[{"start":{"line":166,"column":16},"end":{"line":166,"column":36}},{"start":{"line":166,"column":36},"end":{"line":166,"column":null}}],"line":166},"27":{"loc":{"start":{"line":175,"column":23},"end":{"line":175,"column":null}},"type":"binary-expr","locations":[{"start":{"line":175,"column":23},"end":{"line":175,"column":62}},{"start":{"line":175,"column":62},"end":{"line":175,"column":85}},{"start":{"line":175,"column":85},"end":{"line":175,"column":null}}],"line":175},"28":{"loc":{"start":{"line":176,"column":25},"end":{"line":176,"column":null}},"type":"binary-expr","locations":[{"start":{"line":176,"column":25},"end":{"line":176,"column":50}},{"start":{"line":176,"column":50},"end":{"line":176,"column":78}},{"start":{"line":176,"column":78},"end":{"line":176,"column":null}}],"line":176},"29":{"loc":{"start":{"line":181,"column":22},"end":{"line":181,"column":null}},"type":"binary-expr","locations":[{"start":{"line":181,"column":22},"end":{"line":181,"column":44}},{"start":{"line":181,"column":44},"end":{"line":181,"column":null}}],"line":181},"30":{"loc":{"start":{"line":184,"column":30},"end":{"line":184,"column":56}},"type":"binary-expr","locations":[{"start":{"line":184,"column":30},"end":{"line":184,"column":46}},{"start":{"line":184,"column":46},"end":{"line":184,"column":56}}],"line":184}},"s":{"0":26,"1":26,"2":26,"3":26,"4":26,"5":26,"6":10,"7":10,"8":1,"9":26,"10":3,"11":2,"12":1,"13":1,"14":26,"15":6,"16":2,"17":4,"18":2,"19":2,"20":26,"21":5,"22":5,"23":26,"24":15,"25":15,"26":15,"27":14,"28":14,"29":13,"30":13,"31":13,"32":13,"33":13,"34":13,"35":2,"36":2,"37":1,"38":13,"39":2,"40":2,"41":1,"42":13,"43":13,"44":13,"45":13,"46":13,"47":13,"48":13,"49":1,"50":1,"51":1,"52":1,"53":15,"54":26},"f":{"0":26,"1":10,"2":1,"3":3,"4":6,"5":5,"6":15},"b":{"0":[10],"1":[2,1],"2":[2,4],"3":[2,2],"4":[3,2],"5":[13,1],"6":[14,13],"7":[13,0],"8":[13,3],"9":[2,11],"10":[13,3],"11":[1,1],"12":[2,11],"13":[2,0],"14":[1,1],"15":[2,2],"16":[13,1],"17":[13,1],"18":[9,4],"19":[4,0],"20":[13,1],"21":[9,4],"22":[4,0],"23":[13,3],"24":[13,1],"25":[13,0],"26":[13,3],"27":[13,1,0],"28":[13,0,0],"29":[13,0],"30":[1,0]},"meta":{"lastBranch":31,"lastFunction":7,"lastStatement":55,"seen":{"f:50:16:50:32":0,"s:51:8:51:Infinity":0,"s:52:8:52:Infinity":1,"s:53:8:53:Infinity":2,"s:54:8:54:Infinity":3,"s:55:8:55:Infinity":4,"s:60:20:65:Infinity":5,"f:60:20:60:21":1,"b:60:75:60:86":0,"s:61:4:61:Infinity":6,"s:62:4:64:Infinity":7,"f:62:15:62:21":2,"s:63:6:63:Infinity":8,"s:70:21:80:Infinity":9,"f:70:21:70:22":3,"b:71:4:71:Infinity:undefined:undefined:undefined:undefined":1,"s:71:4:71:Infinity":10,"s:71:18:71:Infinity":11,"s:72:17:72:Infinity":12,"s:73:4:79:Infinity":13,"s:85:26:92:Infinity":14,"f:85:26:85:27":4,"b:86:4:90:Infinity:88:4:90:Infinity":2,"s:86:4:90:Infinity":15,"s:87:6:87:Infinity":16,"b:88:4:90:Infinity:undefined:undefined:undefined:undefined":3,"s:88:4:90:Infinity":17,"s:89:6:89:Infinity":18,"s:91:4:91:Infinity":19,"s:97:25:100:Infinity":20,"f:97:25:97:31":5,"s:98:4:98:Infinity":21,"s:99:4:99:Infinity":22,"b:99:33:99:44:99:44:99:53":4,"s:105:19:193:Infinity":23,"f:105:19:105:26":6,"s:106:4:106:Infinity":24,"s:107:4:192:Infinity":25,"s:109:23:109:Infinity":26,"s:110:21:110:Infinity":27,"b:112:6:186:Infinity:183:13:186:Infinity":5,"s:112:6:186:Infinity":28,"b:112:10:112:28:112:28:112:43":6,"s:113:23:113:Infinity":29,"s:115:27:115:Infinity":30,"s:116:8:120:Infinity":31,"s:117:10:117:Infinity":32,"b:117:31:117:49:117:49:117:53":7,"s:123:24:123:Infinity":33,"b:123:24:123:41:123:41:123:Infinity":8,"b:124:8:130:Infinity:undefined:undefined:undefined:undefined":9,"s:124:8:130:Infinity":34,"b:124:12:124:26:124:26:124:51":10,"s:126:29:126:Infinity":35,"b:127:10:129:Infinity:undefined:undefined:undefined:undefined":11,"s:127:10:129:Infinity":36,"s:128:12:128:Infinity":37,"b:132:8:137:Infinity:undefined:undefined:undefined:undefined":12,"s:132:8:137:Infinity":38,"s:133:10:133:Infinity":39,"b:133:23:133:39:133:39:133:48":13,"b:134:10:136:Infinity:undefined:undefined:undefined:undefined":14,"s:134:10:136:Infinity":40,"b:134:14:134:30:134:30:134:56":15,"s:135:12:135:Infinity":41,"s:140:14:140:Infinity":42,"b:140:27:140:54:140:54:140:58":16,"s:143:14:143:Infinity":43,"b:143:30:143:57:143:57:143:61":17,"s:144:28:144:Infinity":44,"b:144:43:144:66:144:66:144:Infinity":18,"b:144:66:144:89:144:89:144:Infinity":19,"s:147:14:147:Infinity":45,"b:147:29:147:56:147:56:147:60":20,"s:148:32:148:Infinity":46,"b:148:46:148:68:148:68:148:Infinity":21,"b:148:68:148:96:148:96:148:Infinity":22,"s:151:55:157:Infinity":47,"s:159:8:182:Infinity":48,"b:162:23:162:42:162:42:162:Infinity":23,"b:163:19:163:46:163:46:163:Infinity":24,"b:164:20:164:43:164:43:164:Infinity":25,"b:166:16:166:36:166:36:166:Infinity":26,"b:175:23:175:62:175:62:175:85:175:85:175:Infinity":27,"b:176:25:176:50:176:50:176:78:176:78:176:Infinity":28,"b:181:22:181:44:181:44:181:Infinity":29,"s:184:8:184:Infinity":49,"b:184:30:184:46:184:46:184:56":30,"s:185:8:185:Infinity":50,"s:188:6:188:Infinity":51,"s:189:6:189:Infinity":52,"s:191:6:191:Infinity":53,"s:195:2:207:Infinity":54}}}
,"/Users/coyote-ll/Documents/git/AiSlide/vibe-blog/frontend/src/services/api.ts": {"path":"/Users/coyote-ll/Documents/git/AiSlide/vibe-blog/frontend/src/services/api.ts","statementMap":{"0":{"start":{"line":3,"column":17},"end":{"line":3,"column":null}},"1":{"start":{"line":52,"column":19},"end":{"line":56,"column":null}},"2":{"start":{"line":57,"column":2},"end":{"line":57,"column":null}},"3":{"start":{"line":62,"column":19},"end":{"line":66,"column":null}},"4":{"start":{"line":67,"column":2},"end":{"line":67,"column":null}},"5":{"start":{"line":78,"column":19},"end":{"line":82,"column":null}},"6":{"start":{"line":83,"column":2},"end":{"line":83,"column":null}},"7":{"start":{"line":88,"column":19},"end":{"line":90,"column":null}},"8":{"start":{"line":91,"column":2},"end":{"line":91,"column":null}},"9":{"start":{"line":96,"column":2},"end":{"line":96,"column":null}},"10":{"start":{"line":105,"column":16},"end":{"line":105,"column":null}},"11":{"start":{"line":106,"column":2},"end":{"line":106,"column":null}},"12":{"start":{"line":106,"column":19},"end":{"line":106,"column":null}},"13":{"start":{"line":107,"column":2},"end":{"line":107,"column":null}},"14":{"start":{"line":107,"column":24},"end":{"line":107,"column":null}},"15":{"start":{"line":108,"column":2},"end":{"line":108,"column":null}},"16":{"start":{"line":108,"column":60},"end":{"line":108,"column":null}},"17":{"start":{"line":110,"column":19},"end":{"line":110,"column":null}},"18":{"start":{"line":111,"column":2},"end":{"line":111,"column":null}},"19":{"start":{"line":116,"column":19},"end":{"line":116,"column":null}},"20":{"start":{"line":117,"column":2},"end":{"line":117,"column":null}},"21":{"start":{"line":122,"column":19},"end":{"line":124,"column":null}},"22":{"start":{"line":125,"column":2},"end":{"line":125,"column":null}},"23":{"start":{"line":147,"column":19},"end":{"line":147,"column":null}},"24":{"start":{"line":148,"column":2},"end":{"line":148,"column":null}},"25":{"start":{"line":150,"column":19},"end":{"line":153,"column":null}},"26":{"start":{"line":154,"column":2},"end":{"line":154,"column":null}},"27":{"start":{"line":159,"column":19},"end":{"line":159,"column":null}},"28":{"start":{"line":160,"column":2},"end":{"line":160,"column":null}},"29":{"start":{"line":176,"column":19},"end":{"line":176,"column":null}},"30":{"start":{"line":177,"column":2},"end":{"line":177,"column":null}},"31":{"start":{"line":182,"column":19},"end":{"line":182,"column":null}},"32":{"start":{"line":183,"column":2},"end":{"line":183,"column":null}},"33":{"start":{"line":200,"column":19},"end":{"line":200,"column":null}},"34":{"start":{"line":201,"column":2},"end":{"line":201,"column":null}},"35":{"start":{"line":206,"column":19},"end":{"line":208,"column":null}},"36":{"start":{"line":209,"column":2},"end":{"line":209,"column":null}},"37":{"start":{"line":214,"column":19},"end":{"line":214,"column":null}},"38":{"start":{"line":215,"column":2},"end":{"line":215,"column":null}},"39":{"start":{"line":220,"column":19},"end":{"line":220,"column":null}},"40":{"start":{"line":221,"column":2},"end":{"line":221,"column":null}},"41":{"start":{"line":235,"column":19},"end":{"line":239,"column":null}},"42":{"start":{"line":240,"column":2},"end":{"line":240,"column":null}},"43":{"start":{"line":245,"column":2},"end":{"line":245,"column":null}},"44":{"start":{"line":250,"column":19},"end":{"line":252,"column":null}},"45":{"start":{"line":253,"column":2},"end":{"line":253,"column":null}},"46":{"start":{"line":264,"column":19},"end":{"line":268,"column":null}},"47":{"start":{"line":269,"column":2},"end":{"line":269,"column":null}},"48":{"start":{"line":280,"column":19},"end":{"line":284,"column":null}},"49":{"start":{"line":285,"column":2},"end":{"line":285,"column":null}},"50":{"start":{"line":297,"column":19},"end":{"line":301,"column":null}},"51":{"start":{"line":302,"column":2},"end":{"line":302,"column":null}},"52":{"start":{"line":307,"column":2},"end":{"line":307,"column":null}},"53":{"start":{"line":312,"column":19},"end":{"line":312,"column":null}},"54":{"start":{"line":313,"column":2},"end":{"line":313,"column":null}},"55":{"start":{"line":318,"column":19},"end":{"line":318,"column":null}},"56":{"start":{"line":319,"column":2},"end":{"line":319,"column":null}}},"fnMap":{"0":{"name":"createBlogTask","decl":{"start":{"line":51,"column":22},"end":{"line":51,"column":37}},"loc":{"start":{"line":51,"column":130},"end":{"line":58,"column":null}},"line":51},"1":{"name":"createMiniBlogTask","decl":{"start":{"line":61,"column":22},"end":{"line":61,"column":41}},"loc":{"start":{"line":61,"column":134},"end":{"line":68,"column":null}},"line":61},"2":{"name":"createStorybookTask","decl":{"start":{"line":71,"column":22},"end":{"line":71,"column":42}},"loc":{"start":{"line":77,"column":68},"end":{"line":84,"column":null}},"line":77},"3":{"name":"cancelTask","decl":{"start":{"line":87,"column":22},"end":{"line":87,"column":33}},"loc":{"start":{"line":87,"column":96},"end":{"line":92,"column":null}},"line":87},"4":{"name":"createTaskStream","decl":{"start":{"line":95,"column":16},"end":{"line":95,"column":33}},"loc":{"start":{"line":95,"column":62},"end":{"line":97,"column":null}},"line":95},"5":{"name":"getHistory","decl":{"start":{"line":100,"column":22},"end":{"line":100,"column":33}},"loc":{"start":{"line":104,"column":29},"end":{"line":112,"column":null}},"line":104},"6":{"name":"getHistoryRecord","decl":{"start":{"line":115,"column":22},"end":{"line":115,"column":39}},"loc":{"start":{"line":115,"column":122},"end":{"line":118,"column":null}},"line":115},"7":{"name":"deleteHistory","decl":{"start":{"line":121,"column":22},"end":{"line":121,"column":36}},"loc":{"start":{"line":121,"column":95},"end":{"line":126,"column":null}},"line":121},"8":{"name":"uploadDocument","decl":{"start":{"line":146,"column":22},"end":{"line":146,"column":37}},"loc":{"start":{"line":146,"column":74},"end":{"line":155,"column":null}},"line":146},"9":{"name":"getDocumentStatus","decl":{"start":{"line":158,"column":22},"end":{"line":158,"column":40}},"loc":{"start":{"line":158,"column":80},"end":{"line":161,"column":null}},"line":158},"10":{"name":"getFrontendConfig","decl":{"start":{"line":175,"column":22},"end":{"line":175,"column":98}},"loc":{"start":{"line":175,"column":98},"end":{"line":178,"column":null}},"line":175},"11":{"name":"getImageStyles","decl":{"start":{"line":181,"column":22},"end":{"line":181,"column":120}},"loc":{"start":{"line":181,"column":120},"end":{"line":184,"column":null}},"line":181},"12":{"name":"getBooks","decl":{"start":{"line":199,"column":22},"end":{"line":199,"column":80}},"loc":{"start":{"line":199,"column":80},"end":{"line":202,"column":null}},"line":199},"13":{"name":"regenerateBooks","decl":{"start":{"line":205,"column":22},"end":{"line":205,"column":87}},"loc":{"start":{"line":205,"column":87},"end":{"line":210,"column":null}},"line":205},"14":{"name":"getBook","decl":{"start":{"line":213,"column":22},"end":{"line":213,"column":30}},"loc":{"start":{"line":213,"column":108},"end":{"line":216,"column":null}},"line":213},"15":{"name":"getChapterContent","decl":{"start":{"line":219,"column":22},"end":{"line":219,"column":40}},"loc":{"start":{"line":219,"column":126},"end":{"line":222,"column":null}},"line":219},"16":{"name":"createXhsTask","decl":{"start":{"line":234,"column":22},"end":{"line":234,"column":36}},"loc":{"start":{"line":234,"column":128},"end":{"line":241,"column":null}},"line":234},"17":{"name":"createXhsStream","decl":{"start":{"line":244,"column":16},"end":{"line":244,"column":32}},"loc":{"start":{"line":244,"column":61},"end":{"line":246,"column":null}},"line":244},"18":{"name":"cancelXhsTask","decl":{"start":{"line":249,"column":22},"end":{"line":249,"column":36}},"loc":{"start":{"line":249,"column":83},"end":{"line":254,"column":null}},"line":249},"19":{"name":"publishToXhs","decl":{"start":{"line":257,"column":22},"end":{"line":257,"column":35}},"loc":{"start":{"line":263,"column":82},"end":{"line":270,"column":null}},"line":263},"20":{"name":"generateExplanationVideo","decl":{"start":{"line":273,"column":22},"end":{"line":273,"column":47}},"loc":{"start":{"line":279,"column":70},"end":{"line":286,"column":null}},"line":279},"21":{"name":"createReviewTask","decl":{"start":{"line":296,"column":22},"end":{"line":296,"column":39}},"loc":{"start":{"line":296,"column":128},"end":{"line":303,"column":null}},"line":296},"22":{"name":"createReviewStream","decl":{"start":{"line":306,"column":16},"end":{"line":306,"column":35}},"loc":{"start":{"line":306,"column":64},"end":{"line":308,"column":null}},"line":306},"23":{"name":"getReviewList","decl":{"start":{"line":311,"column":22},"end":{"line":311,"column":86}},"loc":{"start":{"line":311,"column":86},"end":{"line":314,"column":null}},"line":311},"24":{"name":"getReviewDetail","decl":{"start":{"line":317,"column":22},"end":{"line":317,"column":38}},"loc":{"start":{"line":317,"column":101},"end":{"line":320,"column":null}},"line":317}},"branchMap":{"0":{"loc":{"start":{"line":106,"column":2},"end":{"line":106,"column":null}},"type":"if","locations":[{"start":{"line":106,"column":2},"end":{"line":106,"column":null}},{"start":{},"end":{}}],"line":106},"1":{"loc":{"start":{"line":107,"column":2},"end":{"line":107,"column":null}},"type":"if","locations":[{"start":{"line":107,"column":2},"end":{"line":107,"column":null}},{"start":{},"end":{}}],"line":107},"2":{"loc":{"start":{"line":108,"column":2},"end":{"line":108,"column":null}},"type":"if","locations":[{"start":{"line":108,"column":2},"end":{"line":108,"column":null}},{"start":{},"end":{}}],"line":108},"3":{"loc":{"start":{"line":108,"column":6},"end":{"line":108,"column":60}},"type":"binary-expr","locations":[{"start":{"line":108,"column":6},"end":{"line":108,"column":29}},{"start":{"line":108,"column":29},"end":{"line":108,"column":60}}],"line":108}},"s":{"0":1,"1":2,"2":2,"3":1,"4":1,"5":1,"6":1,"7":1,"8":1,"9":0,"10":4,"11":4,"12":1,"13":4,"14":1,"15":4,"16":1,"17":4,"18":3,"19":1,"20":1,"21":1,"22":1,"23":1,"24":1,"25":1,"26":1,"27":1,"28":1,"29":1,"30":1,"31":1,"32":1,"33":1,"34":1,"35":1,"36":1,"37":1,"38":1,"39":2,"40":2,"41":1,"42":1,"43":0,"44":1,"45":1,"46":1,"47":1,"48":1,"49":1,"50":1,"51":1,"52":0,"53":1,"54":1,"55":1,"56":1},"f":{"0":2,"1":1,"2":1,"3":1,"4":0,"5":4,"6":1,"7":1,"8":1,"9":1,"10":1,"11":1,"12":1,"13":1,"14":1,"15":2,"16":1,"17":0,"18":1,"19":1,"20":1,"21":1,"22":0,"23":1,"24":1},"b":{"0":[1,3],"1":[1,3],"2":[1,3],"3":[4,2]},"meta":{"lastBranch":4,"lastFunction":25,"lastStatement":57,"seen":{"s:3:17:3:Infinity":0,"f:51:22:51:37":0,"s:52:19:56:Infinity":1,"s:57:2:57:Infinity":2,"f:61:22:61:41":1,"s:62:19:66:Infinity":3,"s:67:2:67:Infinity":4,"f:71:22:71:42":2,"s:78:19:82:Infinity":5,"s:83:2:83:Infinity":6,"f:87:22:87:33":3,"s:88:19:90:Infinity":7,"s:91:2:91:Infinity":8,"f:95:16:95:33":4,"s:96:2:96:Infinity":9,"f:100:22:100:33":5,"s:105:16:105:Infinity":10,"b:106:2:106:Infinity:undefined:undefined:undefined:undefined":0,"s:106:2:106:Infinity":11,"s:106:19:106:Infinity":12,"b:107:2:107:Infinity:undefined:undefined:undefined:undefined":1,"s:107:2:107:Infinity":13,"s:107:24:107:Infinity":14,"b:108:2:108:Infinity:undefined:undefined:undefined:undefined":2,"s:108:2:108:Infinity":15,"b:108:6:108:29:108:29:108:60":3,"s:108:60:108:Infinity":16,"s:110:19:110:Infinity":17,"s:111:2:111:Infinity":18,"f:115:22:115:39":6,"s:116:19:116:Infinity":19,"s:117:2:117:Infinity":20,"f:121:22:121:36":7,"s:122:19:124:Infinity":21,"s:125:2:125:Infinity":22,"f:146:22:146:37":8,"s:147:19:147:Infinity":23,"s:148:2:148:Infinity":24,"s:150:19:153:Infinity":25,"s:154:2:154:Infinity":26,"f:158:22:158:40":9,"s:159:19:159:Infinity":27,"s:160:2:160:Infinity":28,"f:175:22:175:98":10,"s:176:19:176:Infinity":29,"s:177:2:177:Infinity":30,"f:181:22:181:120":11,"s:182:19:182:Infinity":31,"s:183:2:183:Infinity":32,"f:199:22:199:80":12,"s:200:19:200:Infinity":33,"s:201:2:201:Infinity":34,"f:205:22:205:87":13,"s:206:19:208:Infinity":35,"s:209:2:209:Infinity":36,"f:213:22:213:30":14,"s:214:19:214:Infinity":37,"s:215:2:215:Infinity":38,"f:219:22:219:40":15,"s:220:19:220:Infinity":39,"s:221:2:221:Infinity":40,"f:234:22:234:36":16,"s:235:19:239:Infinity":41,"s:240:2:240:Infinity":42,"f:244:16:244:32":17,"s:245:2:245:Infinity":43,"f:249:22:249:36":18,"s:250:19:252:Infinity":44,"s:253:2:253:Infinity":45,"f:257:22:257:35":19,"s:264:19:268:Infinity":46,"s:269:2:269:Infinity":47,"f:273:22:273:47":20,"s:280:19:284:Infinity":48,"s:285:2:285:Infinity":49,"f:296:22:296:39":21,"s:297:19:301:Infinity":50,"s:302:2:302:Infinity":51,"f:306:16:306:35":22,"s:307:2:307:Infinity":52,"f:311:22:311:86":23,"s:312:19:312:Infinity":53,"s:313:2:313:Infinity":54,"f:317:22:317:38":24,"s:318:19:318:Infinity":55,"s:319:2:319:Infinity":56}}}
[...]
:83,"column":null}},"21":{"start":{"line":86,"column":27},"end":{"line":88,"column":null}},"22":{"start":{"line":87,"column":4},"end":{"line":87,"column":null}},"23":{"start":{"line":90,"column":22},"end":{"line":92,"column":null}},"24":{"start":{"line":91,"column":4},"end":{"line":91,"column":null}},"25":{"start":{"line":94,"column":19},"end":{"line":96,"column":null}},"26":{"start":{"line":95,"column":4},"end":{"line":95,"column":null}},"27":{"start":{"line":98,"column":22},"end":{"line":100,"column":null}},"28":{"start":{"line":99,"column":4},"end":{"line":99,"column":null}},"29":{"start":{"line":102,"column":28},"end":{"line":104,"column":null}},"30":{"start":{"line":103,"column":4},"end":{"line":103,"column":null}},"31":{"start":{"line":106,"column":30},"end":{"line":108,"column":null}},"32":{"start":{"line":107,"column":4},"end":{"line":107,"column":null}},"33":{"start":{"line":110,"column":18},"end":{"line":112,"column":null}},"34":{"start":{"line":111,"column":4},"end":{"line":111,"column":null}},"35":{"start":{"line":115,"column":20},"end":{"line":115,"column":null}},"36":{"start":{"line":115,"column":26},"end":{"line":115,"column":null}},"37":{"start":{"line":117,"column":26},"end":{"line":126,"column":null}},"38":{"start":{"line":117,"column":33},"end":{"line":126,"column":null}},"39":{"start":{"line":128,"column":2},"end":{"line":147,"column":null}}},"fnMap":{"0":{"name":"(anonymous_0)","decl":{"start":{"line":42,"column":52},"end":{"line":42,"column":58}},"loc":{"start":{"line":42,"column":58},"end":{"line":148,"column":1}},"line":42},"1":{"name":"(anonymous_1)","decl":{"start":{"line":44,"column":21},"end":{"line":44,"column":42}},"loc":{"start":{"line":44,"column":42},"end":{"line":55,"column":null}},"line":44},"2":{"name":"(anonymous_2)","decl":{"start":{"line":63,"column":4},"end":{"line":63,"column":5}},"loc":{"start":{"line":63,"column":19},"end":{"line":69,"column":null}},"line":63},"3":{"name":"(anonymous_3)","decl":{"start":{"line":74,"column":23},"end":{"line":74,"column":24}},"loc":{"start":{"line":74,"column":60},"end":{"line":76,"column":null}},"line":74},"4":{"name":"(anonymous_4)","decl":{"start":{"line":78,"column":22},"end":{"line":78,"column":28}},"loc":{"start":{"line":78,"column":28},"end":{"line":80,"column":null}},"line":78},"5":{"name":"(anonymous_5)","decl":{"start":{"line":82,"column":25},"end":{"line":82,"column":26}},"loc":{"start":{"line":82,"column":48},"end":{"line":84,"column":null}},"line":82},"6":{"name":"(anonymous_6)","decl":{"start":{"line":86,"column":27},"end":{"line":86,"column":28}},"loc":{"start":{"line":86,"column":54},"end":{"line":88,"column":null}},"line":86},"7":{"name":"(anonymous_7)","decl":{"start":{"line":90,"column":22},"end":{"line":90,"column":23}},"loc":{"start":{"line":90,"column":51},"end":{"line":92,"column":null}},"line":90},"8":{"name":"(anonymous_8)","decl":{"start":{"line":94,"column":19},"end":{"line":94,"column":20}},"loc":{"start":{"line":94,"column":44},"end":{"line":96,"column":null}},"line":94},"9":{"name":"(anonymous_9)","decl":{"start":{"line":98,"column":22},"end":{"line":98,"column":23}},"loc":{"start":{"line":98,"column":44},"end":{"line":100,"column":null}},"line":98},"10":{"name":"(anonymous_10)","decl":{"start":{"line":102,"column":28},"end":{"line":102,"column":34}},"loc":{"start":{"line":102,"column":34},"end":{"line":104,"column":null}},"line":102},"11":{"name":"(anonymous_11)","decl":{"start":{"line":106,"column":30},"end":{"line":106,"column":36}},"loc":{"start":{"line":106,"column":36},"end":{"line":108,"column":null}},"line":106},"12":{"name":"(anonymous_12)","decl":{"start":{"line":110,"column":18},"end":{"line":110,"column":19}},"loc":{"start":{"line":110,"column":38},"end":{"line":112,"column":null}},"line":110},"13":{"name":"(anonymous_13)","decl":{"start":{"line":115,"column":20},"end":{"line":115,"column":26}},"loc":{"start":{"line":115,"column":26},"end":{"line":115,"column":null}},"line":115},"14":{"name":"(anonymous_14)","decl":{"start":{"line":117,"column":26},"end":{"line":117,"column":33}},"loc":{"start":{"line":117,"column":33},"end":{"line":126,"column":null}},"line":117}},"branchMap":{"0":{"loc":{"start":{"line":47,"column":6},"end":{"line":50,"column":null}},"type":"if","locations":[{"start":{"line":47,"column":6},"end":{"line":50,"column":null}},{"start":{},"end":{}}],"line":47}},"s":{"0":1,"1":1,"2":18,"3":18,"4":18,"5":18,"6":2,"7":2,"8":1,"9":17,"10":18,"11":18,"12":15,"13":15,"14":0,"15":18,"16":5,"17":18,"18":1,"19":18,"20":2,"21":18,"22":2,"23":18,"24":1,"25":18,"26":1,"27":18,"28":1,"29":18,"30":2,"31":18,"32":2,"33":18,"34":1,"35":18,"36":1,"37":18,"38":1,"39":18},"f":{"0":18,"1":18,"2":15,"3":5,"4":1,"5":2,"6":2,"7":1,"8":1,"9":1,"10":2,"11":2,"12":1,"13":1,"14":1},"b":{"0":[2,16]},"meta":{"lastBranch":1,"lastFunction":15,"lastStatement":40,"seen":{"s:27:38:36:Infinity":0,"s:42:13:148:Infinity":1,"f:42:52:42:58":0,"s:44:21:55:Infinity":2,"f:44:21:44:42":1,"s:45:4:53:Infinity":3,"s:46:21:46:Infinity":4,"b:47:6:50:Infinity:undefined:undefined:undefined:undefined":0,"s:47:6:50:Infinity":5,"s:48:23:48:Infinity":6,"s:49:8:49:Infinity":7,"s:52:6:52:Infinity":8,"s:54:4:54:Infinity":9,"s:58:8:58:Infinity":10,"s:61:2:71:Infinity":11,"f:63:4:63:5":2,"s:64:6:68:Infinity":12,"s:65:8:65:Infinity":13,"s:67:8:67:Infinity":14,"s:74:23:76:Infinity":15,"f:74:23:74:24":3,"s:75:4:75:Infinity":16,"s:78:22:80:Infinity":17,"f:78:22:78:28":4,"s:79:4:79:Infinity":18,"s:82:25:84:Infinity":19,"f:82:25:82:26":5,"s:83:4:83:Infinity":20,"s:86:27:88:Infinity":21,"f:86:27:86:28":6,"s:87:4:87:Infinity":22,"s:90:22:92:Infinity":23,"f:90:22:90:23":7,"s:91:4:91:Infinity":24,"s:94:19:96:Infinity":25,"f:94:19:94:20":8,"s:95:4:95:Infinity":26,"s:98:22:100:Infinity":27,"f:98:22:98:23":9,"s:99:4:99:Infinity":28,"s:102:28:104:Infinity":29,"f:102:28:102:34":10,"s:103:4:103:Infinity":30,"s:106:30:108:Infinity":31,"f:106:30:106:36":11,"s:107:4:107:Infinity":32,"s:110:18:112:Infinity":33,"f:110:18:110:19":12,"s:111:4:111:Infinity":34,"s:115:20:115:Infinity":35,"f:115:20:115:26":13,"s:115:26:115:Infinity":36,"s:117:26:126:Infinity":37,"f:117:26:117:33":14,"s:117:33:126:Infinity":38,"s:128:2:147:Infinity":39}}}
,"/Users/coyote-ll/Documents/git/AiSlide/vibe-blog/frontend/src/stores/theme.ts": {"path":"/Users/coyote-ll/Documents/git/AiSlide/vibe-blog/frontend/src/stores/theme.ts","statementMap":{"0":{"start":{"line":4,"column":13},"end":{"line":41,"column":null}},"1":{"start":{"line":6,"column":21},"end":{"line":6,"column":null}},"2":{"start":{"line":7,"column":8},"end":{"line":7,"column":null}},"3":{"start":{"line":10,"column":21},"end":{"line":18,"column":null}},"4":{"start":{"line":11,"column":17},"end":{"line":11,"column":null}},"5":{"start":{"line":12,"column":4},"end":{"line":16,"column":null}},"6":{"start":{"line":13,"column":6},"end":{"line":13,"column":null}},"7":{"start":{"line":15,"column":6},"end":{"line":15,"column":null}},"8":{"start":{"line":17,"column":4},"end":{"line":17,"column":null}},"9":{"start":{"line":21,"column":2},"end":{"line":21,"column":null}},"10":{"start":{"line":24,"column":2},"end":{"line":26,"column":null}},"11":{"start":{"line":25,"column":4},"end":{"line":25,"column":null}},"12":{"start":{"line":28,"column":22},"end":{"line":30,"column":null}},"13":{"start":{"line":29,"column":4},"end":{"line":29,"column":null}},"14":{"start":{"line":32,"column":18},"end":{"line":34,"column":null}},"15":{"start":{"line":33,"column":4},"end":{"line":33,"column":null}},"16":{"start":{"line":36,"column":2},"end":{"line":40,"column":null}}},"fnMap":{"0":{"name":"(anonymous_0)","decl":{"start":{"line":4,"column":50},"end":{"line":4,"column":56}},"loc":{"start":{"line":4,"column":56},"end":{"line":41,"column":1}},"line":4},"1":{"name":"(anonymous_1)","decl":{"start":{"line":10,"column":21},"end":{"line":10,"column":22}},"loc":{"start":{"line":10,"column":40},"end":{"line":18,"column":null}},"line":10},"2":{"name":"(anonymous_2)","decl":{"start":{"line":24,"column":16},"end":{"line":24,"column":17}},"loc":{"start":{"line":24,"column":30},"end":{"line":26,"column":3}},"line":24},"3":{"name":"(anonymous_3)","decl":{"start":{"line":28,"column":22},"end":{"line":28,"column":28}},"loc":{"start":{"line":28,"column":28},"end":{"line":30,"column":null}},"line":28},"4":{"name":"(anonymous_4)","decl":{"start":{"line":32,"column":18},"end":{"line":32,"column":19}},"loc":{"start":{"line":32,"column":38},"end":{"line":34,"column":null}},"line":32}},"branchMap":{"0":{"loc":{"start":{"line":12,"column":4},"end":{"line":16,"column":null}},"type":"if","locations":[{"start":{"line":12,"column":4},"end":{"line":16,"column":null}},{"start":{"line":14,"column":11},"end":{"line":16,"column":null}}],"line":12},"1":{"loc":{"start":{"line":17,"column":44},"end":{"line":17,"column":67}},"type":"cond-expr","locations":[{"start":{"line":17,"column":51},"end":{"line":17,"column":60}},{"start":{"line":17,"column":60},"end":{"line":17,"column":67}}],"line":17}},"s":{"0":1,"1":12,"2":12,"3":12,"4":23,"5":23,"6":11,"7":12,"8":23,"9":12,"10":12,"11":11,"12":12,"13":4,"14":12,"15":6,"16":12},"f":{"0":12,"1":23,"2":11,"3":4,"4":6},"b":{"0":[11,12],"1":[11,12]},"meta":{"lastBranch":2,"lastFunction":5,"lastStatement":17,"seen":{"s:4:13:41:Infinity":0,"f:4:50:4:56":0,"s:6:21:6:Infinity":1,"s:7:8:7:Infinity":2,"s:10:21:18:Infinity":3,"f:10:21:10:22":1,"s:11:17:11:Infinity":4,"b:12:4:16:Infinity:14:11:16:Infinity":0,"s:12:4:16:Infinity":5,"s:13:6:13:Infinity":6,"s:15:6:15:Infinity":7,"s:17:4:17:Infinity":8,"b:17:51:17:60:17:60:17:67":1,"s:21:2:21:Infinity":9,"s:24:2:26:Infinity":10,"f:24:16:24:17":2,"s:25:4:25:Infinity":11,"s:28:22:30:Infinity":12,"f:28:22:28:28":3,"s:29:4:29:Infinity":13,"s:32:18:34:Infinity":14,"f:32:18:32:19":4,"s:33:4:33:Infinity":15,"s:36:2:40:Infinity":16}}}
,"/Users/coyote-ll/Documents/git/AiSlide/vibe-blog/frontend/src/utils/helpers.ts": {"path":"/Users/coyote-ll/Documents/git/AiSlide/vibe-blog/frontend/src/utils/helpers.ts","statementMap":{"0":{"start":{"line":5,"column":2},"end":{"line":5,"column":null}},"1":{"start":{"line":5,"column":20},"end":{"line":5,"column":null}},"2":{"start":{"line":6,"column":2},"end":{"line":6,"column":null}},"3":{"start":{"line":6,"column":27},"end":{"line":6,"column":null}},"4":{"start":{"line":7,"column":2},"end":{"line":7,"column":null}},"5":{"start":{"line":12,"column":2},"end":{"line":16,"column":null}},"6":{"start":{"line":13,"column":4},"end":{"line":13,"column":null}},"7":{"start":{"line":14,"column":2},"end":{"line":16,"column":null}},"8":{"start":{"line":15,"column":4},"end":{"line":15,"column":null}},"9":{"start":{"line":17,"column":2},"end":{"line":17,"column":null}},"10":{"start":{"line":22,"column":40},"end":{"line":29,"column":null}},"11":{"start":{"line":30,"column":2},"end":{"line":30,"column":null}},"12":{"start":{"line":35,"column":40},"end":{"line":42,"column":null}},"13":{"start":{"line":43,"column":2},"end":{"line":43,"column":null}},"14":{"start":{"line":48,"column":2},"end":{"line":48,"column":null}},"15":{"start":{"line":53,"column":40},"end":{"line":68,"column":null}},"16":{"start":{"line":69,"column":2},"end":{"line":69,"column":null}},"17":{"start":{"line":75,"column":2},"end":{"line":80,"column":null}},"18":{"start":{"line":76,"column":19},"end":{"line":76,"column":null}},"19":{"start":{"line":77,"column":4},"end":{"line":77,"column":null}},"20":{"start":{"line":77,"column":31},"end":{"line":77,"column":null}},"21":{"start":{"line":83,"column":88},"end":{"line":83,"column":null}},"22":{"start":{"line":84,"column":16},"end":{"line":84,"column":null}},"23":{"start":{"line":85,"column":2},"end":{"line":97,"column":null}},"24":{"start":{"line":86,"column":20},"end":{"line":86,"column":null}},"25":{"start":{"line":87,"column":4},"end":{"line":87,"column":null}},"26":{"start":{"line":87,"column":18},"end":{"line":87,"column":null}},"27":{"start":{"line":88,"column":20},"end":{"line":88,"column":null}},"28":{"start":{"line":89,"column":4},"end":{"line":96,"column":null}},"29":{"start":{"line":90,"column":6},"end":{"line":95,"column":null}},"30":{"start":{"line":98,"column":2},"end":{"line":98,"column":null}},"31":{"start":{"line":103,"column":14},"end":{"line":103,"column":null}},"32":{"start":{"line":104,"column":2},"end":{"line":104,"column":null}},"33":{"start":{"line":105,"column":2},"end":{"line":105,"column":null}},"34":{"start":{"line":110,"column":2},"end":{"line":110,"column":null}},"35":{"start":{"line":115,"column":12},"end":{"line":115,"column":null}},"36":{"start":{"line":116,"column":2},"end":{"line":116,"column":null}},"37":{"start":{"line":117,"column":2},"end":{"line":117,"column":null}},"38":{"start":{"line":118,"column":2},"end":{"line":118,"column":null}},"39":{"start":{"line":119,"column":2},"end":{"line":119,"column":null}},"40":{"start":{"line":120,"column":2},"end":{"line":120,"column":null}},"41":{"start":{"line":121,"column":2},"end":{"line":121,"column":null}},"42":{"start":{"line":126,"column":2},"end":{"line":132,"column":null}},"43":{"start":{"line":127,"column":4},"end":{"line":127,"column":null}},"44":{"start":{"line":128,"column":4},"end":{"line":128,"column":null}},"45":{"start":{"line":130,"column":4},"end":{"line":130,"column":null}},"46":{"start":{"line":131,"column":4},"end":{"line":131,"column":null}}},"fnMap":{"0":{"name":"formatFileSize","decl":{"start":{"line":4,"column":16},"end":{"line":4,"column":31}},"loc":{"start":{"line":4,"column":54},"end":{"line":8,"column":null}},"line":4},"1":{"name":"formatWordCount","decl":{"start":{"line":11,"column":16},"end":{"line":11,"column":32}},"loc":{"start":{"line":11,"column":55},"end":{"line":18,"column":null}},"line":11},"2":{"name":"getStatusText","decl":{"start":{"line":21,"column":16},"end":{"line":21,"column":30}},"loc":{"start":{"line":21,"column":54},"end":{"line":31,"column":null}},"line":21},"3":{"name":"getStatusIcon","decl":{"start":{"line":34,"column":16},"end":{"line":34,"column":30}},"loc":{"start":{"line":34,"column":54},"end":{"line":44,"column":null}},"line":34},"4":{"name":"isSpinningStatus","decl":{"start":{"line":47,"column":16},"end":{"line":47,"column":33}},"loc":{"start":{"line":47,"column":58},"end":{"line":49,"column":null}},"line":47},"5":{"name":"getStageIcon","decl":{"start":{"line":52,"column":16},"end":{"line":52,"column":29}},"loc":{"start":{"line":52,"column":52},"end":{"line":70,"column":null}},"line":52},"6":{"name":"parseCookies","decl":{"start":{"line":73,"column":16},"end":{"line":73,"column":29}},"loc":{"start":{"line":73,"column":119},"end":{"line":99,"column":null}},"line":73},"7":{"name":"escapeHtml","decl":{"start":{"line":102,"column":16},"end":{"line":102,"column":27}},"loc":{"start":{"line":102,"column":49},"end":{"line":106,"column":null}},"line":102},"8":{"name":"formatTime","decl":{"start":{"line":109,"column":16},"end":{"line":109,"column":37}},"loc":{"start":{"line":109,"column":37},"end":{"line":111,"column":null}},"line":109},"9":{"name":"downloadFile","decl":{"start":{"line":114,"column":16},"end":{"line":114,"column":29}},"loc":{"start":{"line":114,"column":66},"end":{"line":122,"column":null}},"line":114},"10":{"name":"copyToClipboard","decl":{"start":{"line":125,"column":22},"end":{"line":125,"column":38}},"loc":{"start":{"line":125,"column":70},"end":{"line":133,"column":null}},"line":125}},"branchMap":{"0":{"loc":{"start":{"line":5,"column":2},"end":{"line":5,"column":null}},"type":"if","locations":[{"start":{"line":5,"column":2},"end":{"line":5,"column":null}},{"start":{},"end":{}}],"line":5},"1":{"loc":{"start":{"line":6,"column":2},"end":{"line":6,"column":null}},"type":"if","locations":[{"start":{"line":6,"column":2},"end":{"line":6,"column":null}},{"start":{},"end":{}}],"line":6},"2":{"loc":{"start":{"line":12,"column":2},"end":{"line":16,"column":null}},"type":"if","locations":[{"start":{"line":12,"column":2},"end":{"line":16,"column":null}},{"start":{"line":14,"column":2},"end":{"line":16,"column":null}}],"line":12},"3":{"loc":{"start":{"line":14,"column":2},"end":{"line":16,"column":null}},"type":"if","locations":[{"start":{"line":14,"column":2},"end":{"line":16,"column":null}},{"start":{},"end":{}}],"line":14},"4":{"loc":{"start":{"line":30,"column":9},"end":{"line":30,"column":null}},"type":"binary-expr","locations":[{"start":{"line":30,"column":9},"end":{"line":30,"column":26}},{"start":{"line":30,"column":26},"end":{"line":30,"column":null}}],"line":30},"5":{"loc":{"start":{"line":43,"column":9},"end":{"line":43,"column":null}},"type":"binary-expr","locations":[{"start":{"line":43,"column":9},"end":{"line":43,"column":26}},{"start":{"line":43,"column":26},"end":{"line":43,"column":null}}],"line":43},"6":{"loc":{"start":{"line":69,"column":9},"end":{"line":69,"column":null}},"type":"binary-expr","locations":[{"start":{"line":69,"column":9},"end":{"line":69,"column":25}},{"start":{"line":69,"column":25},"end":{"line":69,"column":null}}],"line":69},"7":{"loc":{"start":{"line":77,"column":4},"end":{"line":77,"column":null}},"type":"if","locations":[{"start":{"line":77,"column":4},"end":{"line":77,"column":null}},{"start":{},"end":{}}],"line":77},"8":{"loc":{"start":{"line":87,"column":4},"end":{"line":87,"column":null}},"type":"if","locations":[{"start":{"line":87,"column":4},"end":{"line":87,"column":null}},{"start":{},"end":{}}],"line":87},"9":{"loc":{"start":{"line":89,"column":4},"end":{"line":96,"column":null}},"type":"if","locations":[{"start":{"line":89,"column":4},"end":{"line":96,"column":null}},{"start":{},"end":{}}],"line":89}},"s":{"0":10,"1":3,"2":7,"3":7,"4":3,"5":9,"6":3,"7":6,"8":3,"9":3,"10":8,"11":8,"12":8,"13":8,"14":7,"15":8,"16":8,"17":5,"18":5,"19":5,"20":1,"21":4,"22":4,"23":4,"24":9,"25":9,"26":2,"27":7,"28":7,"29":6,"30":4,"31":7,"32":7,"33":7,"34":1,"35":1,"36":1,"37":1,"38":1,"39":1,"40":1,"41":1,"42":2,"43":2,"44":1,"45":1,"46":1},"f":{"0":10,"1":9,"2":8,"3":8,"4":7,"5":8,"6":5,"7":7,"8":1,"9":1,"10":2},"b":{"0":[3,7],"1":[4,3],"2":[3,6],"3":[3,3],"4":[8,2],"5":[8,2],"6":[8,2],"7":[1,4],"8":[2,7],"9":[6,1]},"meta":{"lastBranch":10,"lastFunction":11,"lastStatement":47,"seen":{"f:4:16:4:31":0,"b:5:2:5:Infinity:undefined:undefined:undefined:undefined":0,"s:5:2:5:Infinity":0,"s:5:20:5:Infinity":1,"b:6:2:6:Infinity:undefined:undefined:undefined:undefined":1,"s:6:2:6:Infinity":2,"s:6:27:6:Infinity":3,"s:7:2:7:Infinity":4,"f:11:16:11:32":1,"b:12:2:16:Infinity:14:2:16:Infinity":2,"s:12:2:16:Infinity":5,"s:13:4:13:Infinity":6,"b:14:2:16:Infinity:undefined:undefined:undefined:undefined":3,"s:14:2:16:Infinity":7,"s:15:4:15:Infinity":8,"s:17:2:17:Infinity":9,"f:21:16:21:30":2,"s:22:40:29:Infinity":10,"s:30:2:30:Infinity":11,"b:30:9:30:26:30:26:30:Infinity":4,"f:34:16:34:30":3,"s:35:40:42:Infinity":12,"s:43:2:43:Infinity":13,"b:43:9:43:26:43:26:43:Infinity":5,"f:47:16:47:33":4,"s:48:2:48:Infinity":14,"f:52:16:52:29":5,"s:53:40:68:Infinity":15,"s:69:2:69:Infinity":16,"b:69:9:69:25:69:25:69:Infinity":6,"f:73:16:73:29":6,"s:75:2:80:Infinity":17,"s:76:19:76:Infinity":18,"b:77:4:77:Infinity:undefined:undefined:undefined:undefined":7,"s:77:4:77:Infinity":19,"s:77:31:77:Infinity":20,"s:83:88:83:Infinity":21,"s:84:16:84:Infinity":22,"s:85:2:97:Infinity":23,"s:86:20:86:Infinity":24,"b:87:4:87:Infinity:undefined:undefined:undefined:undefined":8,"s:87:4:87:Infinity":25,"s:87:18:87:Infinity":26,"s:88:20:88:Infinity":27,"b:89:4:96:Infinity:undefined:undefined:undefined:undefined":9,"s:89:4:96:Infinity":28,"s:90:6:95:Infinity":29,"s:98:2:98:Infinity":30,"f:102:16:102:27":7,"s:103:14:103:Infinity":31,"s:104:2:104:Infinity":32,"s:105:2:105:Infinity":33,"f:109:16:109:37":8,"s:110:2:110:Infinity":34,"f:114:16:114:29":9,"s:115:12:115:Infinity":35,"s:116:2:116:Infinity":36,"s:117:2:117:Infinity":37,"s:118:2:118:Infinity":38,"s:119:2:119:Infinity":39,"s:120:2:120:Infinity":40,"s:121:2:121:Infinity":41,"f:125:22:125:38":10,"s:126:2:132:Infinity":42,"s:127:4:127:Infinity":43,"s:128:4:128:Infinity":44,"s:130:4:130:Infinity":45,"s:131:4:131:Infinity":46}}}
}
