TN:
SF:src/components/home/BlogHistoryList.vue
FN:233,(anonymous_0)
FN:7,(anonymous_1)
FN:27,(anonymous_2)
FN:35,(anonymous_3)
FN:45,(anonymous_4)
FN:49,(anonymous_5)
FN:60,(anonymous_6)
FN:74,(anonymous_7)
FN:83,(anonymous_8)
FN:179,(anonymous_9)
FNF:10
FNH:9
FNDA:113,(anonymous_0)
FNDA:1,(anonymous_1)
FNDA:0,(anonymous_2)
FNDA:1,(anonymous_3)
FNDA:123,(anonymous_4)
FNDA:1,(anonymous_5)
FNDA:1,(anonymous_6)
FNDA:113,(anonymous_7)
FNDA:1,(anonymous_8)
FNDA:1,(anonymous_9)
DA:2,43
DA:4,1
DA:6,1
DA:7,1
DA:12,1
DA:21,1
DA:23,1
DA:27,0
DA:35,1
DA:44,123
DA:49,1
DA:60,1
DA:69,1
DA:73,113
DA:83,1
DA:103,1
DA:104,1
DA:109,1
DA:110,1
DA:114,1
DA:123,1
DA:124,1
DA:126,1
DA:131,1
DA:133,1
DA:136,1
DA:139,1
DA:141,1
DA:142,1
DA:145,1
DA:147,1
DA:152,1
DA:153,1
DA:156,1
DA:160,1
DA:161,1
DA:165,1
DA:178,1
DA:179,1
DA:230,43
DA:233,43
DA:234,113
DA:235,113
DA:236,113
DA:237,113
DA:238,113
DA:239,112
DA:240,75
DA:241,38
DA:242,1
LF:50
LH:49
BRDA:234,0,0,0
BRDA:234,0,1,113
BRDA:238,1,0,1
BRDA:238,1,1,112
BRDA:239,2,0,37
BRDA:239,2,1,75
BRDA:240,3,0,37
BRDA:240,3,1,38
BRDA:241,4,0,37
BRDA:241,4,1,1
BRDA:7,5,0,43
BRDA:7,5,1,43
BRDA:10,6,0,43
BRDA:10,6,1,43
BRDA:10,7,0,43
BRDA:10,7,1,43
BRDA:12,8,0,43
BRDA:12,8,1,1
BRDA:12,9,0,43
BRDA:12,9,1,43
BRDA:15,10,0,43
BRDA:15,10,1,43
BRDA:17,11,0,43
BRDA:17,11,1,43
BRDA:27,12,0,43
BRDA:27,12,1,43
BRDA:29,13,0,43
BRDA:29,13,1,43
BRDA:35,14,0,43
BRDA:35,14,1,43
BRDA:37,15,0,43
BRDA:37,15,1,43
BRDA:43,16,0,41
BRDA:43,16,1,NaN
BRDA:57,17,0,41
BRDA:57,17,1,NaN
BRDA:60,18,0,41
BRDA:60,18,1,41
BRDA:62,19,0,41
BRDA:62,19,1,41
BRDA:70,20,0,2
BRDA:70,20,1,41
BRDA:71,21,0,1
BRDA:71,21,1,1
BRDA:77,22,0,113
BRDA:77,22,1,12
BRDA:77,22,2,8
BRDA:82,23,0,3
BRDA:82,23,1,110
BRDA:86,24,0,8
BRDA:86,24,1,NaN
BRDA:86,25,0,113
BRDA:86,25,1,12
BRDA:86,25,2,8
BRDA:88,26,0,4
BRDA:88,26,1,4
BRDA:98,27,0,4
BRDA:98,27,1,0
BRDA:104,28,0,4
BRDA:104,28,1,4
BRDA:115,29,0,113
BRDA:115,29,1,41
BRDA:114,30,0,36
BRDA:114,30,1,77
BRDA:116,31,0,113
BRDA:116,31,1,41
BRDA:130,32,0,113
BRDA:130,32,1,41
BRDA:129,33,0,113
BRDA:129,33,1,41
BRDA:138,34,0,113
BRDA:138,34,1,41
BRDA:137,35,0,113
BRDA:137,35,1,41
BRDA:134,36,0,113
BRDA:134,36,1,41
BRDA:136,37,0,36
BRDA:136,37,1,77
BRDA:144,38,0,113
BRDA:144,38,1,41
BRDA:142,39,0,36
BRDA:142,39,1,77
BRDA:148,40,0,113
BRDA:148,40,1,41
BRDA:147,41,0,36
BRDA:147,41,1,77
BRDA:154,42,0,36
BRDA:154,42,1,77
BRDA:157,43,0,36
BRDA:157,43,1,36
BRDA:156,44,0,36
BRDA:156,44,1,0
BRDA:162,45,0,77
BRDA:162,45,1,41
BRDA:160,46,0,77
BRDA:160,46,1,0
BRDA:161,47,0,77
BRDA:161,47,1,0
BRDA:163,48,0,36
BRDA:163,48,1,77
BRDA:168,49,0,113
BRDA:168,49,1,41
BRDA:69,50,0,43
BRDA:69,50,1,40
BRDA:179,51,0,43
BRDA:179,51,1,43
BRDA:179,52,0,43
BRDA:179,52,1,43
BRDA:178,53,0,43
BRDA:178,53,1,40
BRDA:178,53,2,38
BRF:111
BRH:103
end_of_record
TN:
SF:src/components/home/BlogInputCard.vue
FN:145,(anonymous_0)
FN:146,(anonymous_1)
FN:149,(anonymous_2)
FN:154,(anonymous_3)
FN:162,(anonymous_4)
FN:166,(anonymous_5)
FN:37,(anonymous_6)
FN:53,(anonymous_7)
FN:65,(anonymous_8)
FN:76,(anonymous_9)
FN:77,(anonymous_10)
FN:97,(anonymous_11)
FNF:12
FNH:12
FNDA:27,(anonymous_0)
FNDA:1,(anonymous_1)
FNDA:2,(anonymous_2)
FNDA:1,(anonymous_3)
FNDA:13,(anonymous_4)
FNDA:8,(anonymous_5)
FNDA:1,(anonymous_6)
FNDA:13,(anonymous_7)
FNDA:1,(anonymous_8)
FNDA:2,(anonymous_9)
FNDA:1,(anonymous_10)
FNDA:1,(anonymous_11)
DA:2,30
DA:27,1
DA:33,1
DA:46,1
DA:52,13
DA:62,1
DA:65,1
DA:72,1
DA:73,1
DA:76,2
DA:77,1
DA:97,1
DA:139,27
DA:140,27
DA:142,27
DA:144,27
DA:145,27
DA:146,1
DA:149,27
DA:150,2
DA:151,2
DA:154,27
DA:155,1
DA:156,1
DA:157,1
DA:158,1
DA:159,1
DA:162,27
DA:163,13
DA:166,27
DA:167,8
LF:31
LH:31
BRDA:150,0,0,0
BRDA:150,0,1,2
BRDA:150,1,0,2
BRDA:150,1,1,2
BRDA:157,2,0,0
BRDA:157,2,1,1
BRDA:163,3,0,1
BRDA:163,3,1,12
BRDA:3,4,0,30
BRDA:3,4,1,27
BRDA:16,5,0,30
BRDA:16,5,1,27
BRDA:48,6,0,30
BRDA:48,6,1,27
BRDA:37,7,0,30
BRDA:37,7,1,27
BRDA:40,8,0,30
BRDA:40,8,1,28
BRDA:42,9,0,2
BRDA:42,9,1,28
BRDA:44,10,0,2
BRDA:44,10,1,28
BRDA:46,11,0,2
BRDA:46,11,1,28
BRDA:51,12,0,5
BRDA:51,12,1,NaN
BRDA:63,13,0,5
BRDA:63,13,1,8
BRDA:64,14,0,4
BRDA:64,14,1,4
BRDA:76,15,0,30
BRDA:76,15,1,27
BRDA:77,16,0,30
BRDA:77,16,1,27
BRDA:79,17,0,30
BRDA:79,17,1,27
BRDA:82,18,0,30
BRDA:82,18,1,27
BRDA:90,19,0,2
BRDA:90,19,1,28
BRDA:93,20,0,2
BRDA:93,20,1,2
BRDA:97,21,0,30
BRDA:97,21,1,27
BRDA:106,22,0,30
BRDA:106,22,1,27
BRF:46
BRH:43
end_of_record
TN:
SF:src/components/home/ProgressDrawer.vue
FN:117,(anonymous_0)
FN:118,(anonymous_1)
FN:126,(anonymous_2)
FN:8,(anonymous_3)
FN:19,(anonymous_4)
FN:23,(anonymous_5)
FN:26,(anonymous_6)
FN:54,(anonymous_7)
FNF:8
FNH:8
FNDA:35,(anonymous_0)
FNDA:1,(anonymous_1)
FNDA:24,(anonymous_2)
FNDA:1,(anonymous_3)
FNDA:2,(anonymous_4)
FNDA:2,(anonymous_5)
FNDA:2,(anonymous_6)
FNDA:24,(anonymous_7)
DA:3,35
DA:8,1
DA:9,1
DA:11,1
DA:12,1
DA:14,1
DA:15,1
DA:19,2
DA:23,2
DA:26,2
DA:41,1
DA:45,1
DA:47,1
DA:52,1
DA:53,24
DA:59,1
DA:72,1
DA:109,34
DA:110,34
DA:112,34
DA:113,34
DA:116,34
DA:117,35
DA:119,1
DA:120,1
DA:121,1
DA:126,34
DA:127,24
DA:134,24
LF:29
LH:29
BRDA:120,0,0,1
BRDA:120,0,1,0
BRDA:134,1,0,24
BRDA:134,1,1,0
BRDA:3,2,0,34
BRDA:3,2,1,NaN
BRDA:8,3,0,34
BRDA:8,3,1,33
BRDA:17,4,0,5
BRDA:17,4,1,29
BRDA:19,5,0,5
BRDA:19,5,1,5
BRDA:21,6,0,5
BRDA:21,6,1,5
BRDA:23,7,0,34
BRDA:23,7,1,33
BRDA:26,8,0,34
BRDA:26,8,1,33
BRDA:49,9,0,34
BRDA:49,9,1,33
BRDA:42,10,0,34
BRDA:42,10,1,33
BRDA:43,11,0,34
BRDA:43,11,1,33
BRDA:45,12,0,34
BRDA:45,12,1,33
BRDA:48,13,0,1
BRDA:48,13,1,33
BRDA:64,14,0,1
BRDA:64,14,1,23
BRDA:70,15,0,5
BRDA:70,15,1,29
BRDA:73,16,0,5
BRDA:73,16,1,5
BRF:34
BRH:31
end_of_record
TN:
SF:src/components/home/PublishModal.vue
FN:84,(anonymous_0)
FN:85,(anonymous_1)
FN:89,(anonymous_2)
FN:90,(anonymous_3)
FN:93,(anonymous_4)
FN:2,(anonymous_5)
FN:8,(anonymous_6)
FN:19,(anonymous_7)
FN:24,(anonymous_8)
FN:29,(anonymous_9)
FNF:10
FNH:10
FNDA:29,(anonymous_0)
FNDA:1,(anonymous_1)
FNDA:29,(anonymous_2)
FNDA:1,(anonymous_3)
FNDA:1,(anonymous_4)
FNDA:1,(anonymous_5)
FNDA:1,(anonymous_6)
FNDA:1,(anonymous_7)
FNDA:3,(anonymous_8)
FNDA:1,(anonymous_9)
DA:2,33
DA:3,1
DA:4,1
DA:8,1
DA:12,1
DA:13,1
DA:15,1
DA:21,1
DA:24,3
DA:27,1
DA:78,30
DA:79,30
DA:81,30
DA:83,30
DA:84,29
DA:85,1
DA:88,30
DA:89,29
DA:90,1
DA:93,30
DA:94,1
DA:95,1
LF:22
LH:22
BRDA:94,0,0,0
BRDA:94,0,1,1
BRDA:94,1,0,1
BRDA:94,1,1,1
BRDA:2,2,0,32
BRDA:2,2,1,NaN
BRDA:2,3,0,32
BRDA:2,3,1,29
BRDA:6,4,0,32
BRDA:6,4,1,29
BRDA:8,5,0,32
BRDA:8,5,1,29
BRDA:20,6,0,32
BRDA:20,6,1,29
BRDA:19,7,0,32
BRDA:19,7,1,29
BRDA:25,8,0,32
BRDA:25,8,1,29
BRDA:24,9,0,32
BRDA:24,9,1,29
BRDA:29,10,0,32
BRDA:29,10,1,29
BRDA:30,11,0,32
BRDA:30,11,1,29
BRDA:34,12,0,2
BRDA:34,12,1,30
BRDA:40,13,0,2
BRDA:40,13,1,2
BRDA:43,14,0,32
BRDA:43,14,1,28
BRDA:46,15,0,4
BRDA:46,15,1,28
BRDA:48,16,0,4
BRDA:48,16,1,28
BRDA:50,17,0,3
BRDA:50,17,1,29
BRF:36
BRH:34
end_of_record
TN:
SF:src/composables/useBlogDetail.ts
FN:50,useBlogDetail
FN:60,(anonymous_1)
FN:62,(anonymous_2)
FN:70,(anonymous_3)
FN:85,(anonymous_4)
FN:97,(anonymous_5)
FN:105,(anonymous_6)
FNF:7
FNH:7
FNDA:26,useBlogDetail
FNDA:10,(anonymous_1)
FNDA:1,(anonymous_2)
FNDA:3,(anonymous_3)
FNDA:6,(anonymous_4)
FNDA:5,(anonymous_5)
FNDA:15,(anonymous_6)
DA:51,26
DA:52,26
DA:53,26
DA:54,26
DA:55,26
DA:60,26
DA:61,10
DA:62,10
DA:63,1
DA:70,26
DA:71,3
DA:72,1
DA:73,1
DA:85,26
DA:86,6
DA:87,2
DA:88,4
DA:89,2
DA:91,2
DA:97,26
DA:98,5
DA:99,5
DA:105,26
DA:106,15
DA:107,15
DA:109,15
DA:110,14
DA:112,14
DA:113,13
DA:115,13
DA:116,13
DA:117,13
DA:123,13
DA:124,13
DA:126,2
DA:127,2
DA:128,1
DA:132,13
DA:133,2
DA:134,2
DA:135,1
DA:140,13
DA:143,13
DA:144,13
DA:147,13
DA:148,13
DA:151,13
DA:159,13
DA:184,1
DA:185,1
DA:188,1
DA:189,1
DA:191,15
DA:195,26
LF:54
LH:54
BRDA:60,0,0,10
BRDA:71,1,0,2
BRDA:71,1,1,1
BRDA:86,2,0,2
BRDA:86,2,1,4
BRDA:88,3,0,2
BRDA:88,3,1,2
BRDA:99,4,0,3
BRDA:99,4,1,2
BRDA:112,5,0,13
BRDA:112,5,1,1
BRDA:112,6,0,14
BRDA:112,6,1,13
BRDA:117,7,0,13
BRDA:117,7,1,0
BRDA:123,8,0,13
BRDA:123,8,1,3
BRDA:124,9,0,2
BRDA:124,9,1,11
BRDA:124,10,0,13
BRDA:124,10,1,3
BRDA:127,11,0,1
BRDA:127,11,1,1
BRDA:132,12,0,2
BRDA:132,12,1,11
BRDA:133,13,0,2
BRDA:133,13,1,0
BRDA:134,14,0,1
BRDA:134,14,1,1
BRDA:134,15,0,2
BRDA:134,15,1,2
BRDA:140,16,0,13
BRDA:140,16,1,1
BRDA:143,17,0,13
BRDA:143,17,1,1
BRDA:144,18,0,9
BRDA:144,18,1,4
BRDA:144,19,0,4
BRDA:144,19,1,0
BRDA:147,20,0,13
BRDA:147,20,1,1
BRDA:148,21,0,9
BRDA:148,21,1,4
BRDA:148,22,0,4
BRDA:148,22,1,0
BRDA:162,23,0,13
BRDA:162,23,1,3
BRDA:163,24,0,13
BRDA:163,24,1,1
BRDA:164,25,0,13
BRDA:164,25,1,0
BRDA:166,26,0,13
BRDA:166,26,1,3
BRDA:175,27,0,13
BRDA:175,27,1,1
BRDA:175,27,2,0
BRDA:176,28,0,13
BRDA:176,28,1,0
BRDA:176,28,2,0
BRDA:181,29,0,13
BRDA:181,29,1,0
BRDA:184,30,0,1
BRDA:184,30,1,0
BRF:63
BRH:53
end_of_record
TN:
SF:src/services/api.ts
FN:51,createBlogTask
FN:61,createMiniBlogTask
FN:71,createStorybookTask
FN:87,cancelTask
FN:95,createTaskStream
FN:100,getHistory
FN:115,getHistoryRecord
FN:121,deleteHistory
FN:146,uploadDocument
FN:158,getDocumentStatus
FN:175,getFrontendConfig
FN:181,getImageStyles
FN:199,getBooks
FN:205,regenerateBooks
FN:213,getBook
FN:219,getChapterContent
FN:234,createXhsTask
FN:244,createXhsStream
FN:249,cancelXhsTask
FN:257,publishToXhs
FN:273,generateExplanationVideo
FN:296,createReviewTask
FN:306,createReviewStream
FN:311,getReviewList
FN:317,getReviewDetail
FNF:25
FNH:22
FNDA:2,createBlogTask
FNDA:1,createMiniBlogTask
FNDA:1,createStorybookTask
FNDA:1,cancelTask
FNDA:0,createTaskStream
FNDA:4,getHistory
FNDA:1,getHistoryRecord
FNDA:1,deleteHistory
FNDA:1,uploadDocument
FNDA:1,getDocumentStatus
FNDA:1,getFrontendConfig
FNDA:1,getImageStyles
FNDA:1,getBooks
FNDA:1,regenerateBooks
FNDA:1,getBook
FNDA:2,getChapterContent
FNDA:1,createXhsTask
FNDA:0,createXhsStream
FNDA:1,cancelXhsTask
FNDA:1,publishToXhs
FNDA:1,generateExplanationVideo
FNDA:1,createReviewTask
FNDA:0,createReviewStream
FNDA:1,getReviewList
FNDA:1,getReviewDetail
DA:3,1
DA:52,2
DA:57,2
DA:62,1
DA:67,1
DA:78,1
DA:83,1
DA:88,1
DA:91,1
DA:96,0
DA:105,4
DA:106,4
DA:107,4
DA:108,4
DA:110,4
DA:111,3
DA:116,1
DA:117,1
DA:122,1
DA:125,1
DA:147,1
DA:148,1
DA:150,1
DA:154,1
DA:159,1
DA:160,1
DA:176,1
DA:177,1
DA:182,1
DA:183,1
DA:200,1
DA:201,1
DA:206,1
DA:209,1
DA:214,1
DA:215,1
DA:220,2
DA:221,2
DA:235,1
DA:240,1
DA:245,0
DA:250,1
DA:253,1
DA:264,1
DA:269,1
DA:280,1
DA:285,1
DA:297,1
DA:302,1
DA:307,0
DA:312,1
DA:313,1
DA:318,1
DA:319,1
LF:54
LH:51
BRDA:106,0,0,1
BRDA:106,0,1,3
BRDA:107,1,0,1
BRDA:107,1,1,3
BRDA:108,2,0,1
BRDA:108,2,1,3
BRDA:108,3,0,4
BRDA:108,3,1,2
BRF:8
BRH:8
end_of_record
TN:
SF:src/stores/blog.ts
FN:5,(anonymous_0)
FN:15,(anonymous_1)
FN:70,(anonymous_2)
FNF:3
FNH:3
FNDA:7,(anonymous_0)
FNDA:4,(anonymous_1)
FNDA:2,(anonymous_2)
DA:5,1
DA:6,7
DA:7,7
DA:8,7
DA:9,7
DA:15,7
DA:16,4
DA:17,4
DA:18,4
DA:19,4
DA:21,4
DA:22,4
DA:31,0
DA:32,0
DA:34,0
DA:35,0
DA:36,0
DA:38,0
DA:39,0
DA:41,0
DA:42,0
DA:43,0
DA:44,0
DA:45,0
DA:57,0
DA:59,1
DA:60,1
DA:66,1
DA:70,7
DA:71,2
DA:72,2
DA:73,1
DA:75,1
DA:79,7
LF:34
LH:21
BRDA:36,0,0,0
BRDA:36,0,1,0
BRDA:42,1,0,0
BRDA:42,1,1,0
BRF:4
BRH:0
end_of_record
TN:
SF:src/stores/config.ts
FN:42,(anonymous_0)
FN:44,(anonymous_1)
FN:63,(anonymous_2)
FN:74,(anonymous_3)
FN:78,(anonymous_4)
FN:82,(anonymous_5)
FN:86,(anonymous_6)
FN:90,(anonymous_7)
FN:94,(anonymous_8)
FN:98,(anonymous_9)
FN:102,(anonymous_10)
FN:106,(anonymous_11)
FN:110,(anonymous_12)
FN:115,(anonymous_13)
FN:117,(anonymous_14)
FNF:15
FNH:15
FNDA:18,(anonymous_0)
FNDA:18,(anonymous_1)
FNDA:15,(anonymous_2)
FNDA:5,(anonymous_3)
FNDA:1,(anonymous_4)
FNDA:2,(anonymous_5)
FNDA:2,(anonymous_6)
FNDA:1,(anonymous_7)
FNDA:1,(anonymous_8)
FNDA:1,(anonymous_9)
FNDA:2,(anonymous_10)
FNDA:2,(anonymous_11)
FNDA:1,(anonymous_12)
FNDA:1,(anonymous_13)
FNDA:1,(anonymous_14)
DA:27,1
DA:42,1
DA:44,18
DA:45,18
DA:46,18
DA:47,18
DA:48,2
DA:49,2
DA:52,1
DA:54,17
DA:58,18
DA:61,18
DA:64,15
DA:65,15
DA:67,0
DA:74,18
DA:75,5
DA:78,18
DA:79,1
DA:82,18
DA:83,2
DA:86,18
DA:87,2
DA:90,18
DA:91,1
DA:94,18
DA:95,1
DA:98,18
DA:99,1
DA:102,18
DA:103,2
DA:106,18
DA:107,2
DA:110,18
DA:111,1
DA:115,18
DA:117,18
DA:128,18
LF:38
LH:37
BRDA:47,0,0,2
BRDA:47,0,1,16
BRF:2
BRH:2
end_of_record
TN:
SF:src/stores/theme.ts
FN:4,(anonymous_0)
FN:10,(anonymous_1)
FN:24,(anonymous_2)
FN:28,(anonymous_3)
FN:32,(anonymous_4)
FNF:5
FNH:5
FNDA:12,(anonymous_0)
FNDA:23,(anonymous_1)
FNDA:11,(anonymous_2)
FNDA:4,(anonymous_3)
FNDA:6,(anonymous_4)
DA:4,1
DA:6,12
DA:7,12
DA:10,12
DA:11,23
DA:12,23
DA:13,11
DA:15,12
DA:17,23
DA:21,12
DA:24,12
DA:25,11
DA:28,12
DA:29,4
DA:32,12
DA:33,6
DA:36,12
LF:17
LH:17
BRDA:12,0,0,11
BRDA:12,0,1,12
BRDA:17,1,0,11
BRDA:17,1,1,12
BRF:4
BRH:4
end_of_record
TN:
SF:src/utils/helpers.ts
FN:4,formatFileSize
FN:11,formatWordCount
FN:21,getStatusText
FN:34,getStatusIcon
FN:47,isSpinningStatus
FN:52,getStageIcon
FN:73,parseCookies
FN:102,escapeHtml
FN:109,formatTime
FN:114,downloadFile
FN:125,copyToClipboard
FNF:11
FNH:11
FNDA:10,formatFileSize
FNDA:9,formatWordCount
FNDA:8,getStatusText
FNDA:8,getStatusIcon
FNDA:7,isSpinningStatus
FNDA:8,getStageIcon
FNDA:5,parseCookies
FNDA:7,escapeHtml
FNDA:1,formatTime
FNDA:1,downloadFile
FNDA:2,copyToClipboard
DA:5,10
DA:6,7
DA:7,3
DA:12,9
DA:13,3
DA:14,6
DA:15,3
DA:17,3
DA:22,8
DA:30,8
DA:35,8
DA:43,8
DA:48,7
DA:53,8
DA:69,8
DA:75,5
DA:76,5
DA:77,5
DA:83,4
DA:84,4
DA:85,4
DA:86,9
DA:87,9
DA:88,7
DA:89,7
DA:90,6
DA:98,4
DA:103,7
DA:104,7
DA:105,7
DA:110,1
DA:115,1
DA:116,1
DA:117,1
DA:118,1
DA:119,1
DA:120,1
DA:121,1
DA:126,2
DA:127,2
DA:128,1
DA:130,1
DA:131,1
LF:43
LH:43
BRDA:5,0,0,3
BRDA:5,0,1,7
BRDA:6,1,0,4
BRDA:6,1,1,3
BRDA:12,2,0,3
BRDA:12,2,1,6
BRDA:14,3,0,3
BRDA:14,3,1,3
BRDA:30,4,0,8
BRDA:30,4,1,2
BRDA:43,5,0,8
BRDA:43,5,1,2
BRDA:69,6,0,8
BRDA:69,6,1,2
BRDA:77,7,0,1
BRDA:77,7,1,4
BRDA:87,8,0,2
BRDA:87,8,1,7
BRDA:89,9,0,6
BRDA:89,9,1,1
BRF:20
BRH:20
end_of_record
